02:55:19.849 [Expansion Quests] Quest configuration with ID=133 is set to inactive. Skip adding config to quest system..
02:55:19.915 [Expansion Quests] Quest configuration with ID=310 is set to inactive. Skip adding config to quest system..
02:55:20.072 [Expansion Quests] Quest configuration with ID=800 is set to inactive. Skip adding config to quest system..
02:57:10.148 [VehicleDestroyed] ExpansionMerlin_Ion (id=47E5D73E654FEEA8CC8BF8BDD238712E pos=<4673.1, 343.64, 10360.2>)
02:57:11.683 [VehicleDeleted] ExpansionMerlin_Ion (id=32C108A2894F0512A6C9DDB1F7AEB66C pos=<4673.1, 343.64, 10360.2> lifetime=-1)
03:02:45.994 [MissionAirdrop] An airdrop is heading towards "Balota" (pos=<5043.000000, 0.000000, 2505.000000> type=Random_Balota) with a ExpansionAirdropContainer
03:22:33.873 [Party] Player "Juts" (id=ANwBQqVVStKCILjNoABDu3SscjO3bFF-nGQjnjwyOUM=) joined the party "Ratas de laboratiorio" (id=0 ownerUID=ANwBQqVVStKCILjNoABDu3SscjO3bFF-nGQjnjwyOUM= ownerName=Juto)
03:22:33.896 [Expansion Quests] Initialize quest system on the connected client with UID=ANwBQqVVStKCILjNoABDu3SscjO3bFF-nGQjnjwyOUM=
03:22:33.946 [Expansion Quests] Loaded existing player quest data for player with UID=ANwBQqVVStKCILjNoABDu3SscjO3bFF-nGQjnjwyOUM=
03:22:33.954 [Expansion Quests] Loaded existing group quest data for group with ID=0
03:22:33.958 [Expansion Quests] Check quest initialization for quest with ID=14 | State=COMPLETED | Player UID=ANwBQqVVStKCILjNoABDu3SscjO3bFF-nGQjnjwyOUM=
03:22:33.962 [Expansion Quests] Check quest initialization for quest with ID=50 | State=COMPLETED | Player UID=ANwBQqVVStKCILjNoABDu3SscjO3bFF-nGQjnjwyOUM=
03:22:33.967 [Expansion Quests] Check quest initialization for quest with ID=51 | State=STARTED | Player UID=ANwBQqVVStKCILjNoABDu3SscjO3bFF-nGQjnjwyOUM=
03:22:33.971 [Expansion Quests] Create new quest instance for quest with ID=51 | Player UID=ANwBQqVVStKCILjNoABDu3SscjO3bFF-nGQjnjwyOUM=
03:22:33.976 [Expansion Quests] Check quest initialization for quest with ID=52 | State=STARTED | Player UID=ANwBQqVVStKCILjNoABDu3SscjO3bFF-nGQjnjwyOUM=
03:22:33.980 [Expansion Quests] Create new quest instance for quest with ID=52 | Player UID=ANwBQqVVStKCILjNoABDu3SscjO3bFF-nGQjnjwyOUM=
03:22:33.985 [Expansion Quests] Check quest initialization for quest with ID=53 | State=COMPLETED | Player UID=ANwBQqVVStKCILjNoABDu3SscjO3bFF-nGQjnjwyOUM=
03:22:33.990 [Expansion Quests] Check quest initialization for quest with ID=54 | State=STARTED | Player UID=ANwBQqVVStKCILjNoABDu3SscjO3bFF-nGQjnjwyOUM=
03:22:33.995 [Expansion Quests] Create new quest instance for quest with ID=54 | Player UID=ANwBQqVVStKCILjNoABDu3SscjO3bFF-nGQjnjwyOUM=
03:22:33.999 [Expansion Quests] Check quest initialization for quest with ID=55 | State=STARTED | Player UID=ANwBQqVVStKCILjNoABDu3SscjO3bFF-nGQjnjwyOUM=
03:22:34.004 [Expansion Quests] Create new quest instance for quest with ID=55 | Player UID=ANwBQqVVStKCILjNoABDu3SscjO3bFF-nGQjnjwyOUM=
03:22:34.009 [Expansion Quests] Check quest initialization for quest with ID=56 | State=STARTED | Player UID=ANwBQqVVStKCILjNoABDu3SscjO3bFF-nGQjnjwyOUM=
03:22:34.013 [Expansion Quests] Create new quest instance for quest with ID=56 | Player UID=ANwBQqVVStKCILjNoABDu3SscjO3bFF-nGQjnjwyOUM=
03:22:34.017 [Expansion Quests] Check quest initialization for quest with ID=57 | State=STARTED | Player UID=ANwBQqVVStKCILjNoABDu3SscjO3bFF-nGQjnjwyOUM=
03:22:34.021 [Expansion Quests] Create new quest instance for quest with ID=57 | Player UID=ANwBQqVVStKCILjNoABDu3SscjO3bFF-nGQjnjwyOUM=
03:22:34.026 [Expansion Quests] Check quest initialization for quest with ID=58 | State=STARTED | Player UID=ANwBQqVVStKCILjNoABDu3SscjO3bFF-nGQjnjwyOUM=
03:22:34.030 [Expansion Quests] Create new quest instance for quest with ID=58 | Player UID=ANwBQqVVStKCILjNoABDu3SscjO3bFF-nGQjnjwyOUM=
03:22:34.034 [Expansion Quests] Check quest initialization for quest with ID=59 | State=STARTED | Player UID=ANwBQqVVStKCILjNoABDu3SscjO3bFF-nGQjnjwyOUM=
03:22:34.039 [Expansion Quests] Create new quest instance for quest with ID=59 | Player UID=ANwBQqVVStKCILjNoABDu3SscjO3bFF-nGQjnjwyOUM=
03:22:34.043 [Expansion Quests] Check quest initialization for quest with ID=60 | State=STARTED | Player UID=ANwBQqVVStKCILjNoABDu3SscjO3bFF-nGQjnjwyOUM=
03:22:34.047 [Expansion Quests] Create new quest instance for quest with ID=60 | Player UID=ANwBQqVVStKCILjNoABDu3SscjO3bFF-nGQjnjwyOUM=
03:22:34.052 [Expansion Quests] Check quest initialization for quest with ID=61 | State=STARTED | Player UID=ANwBQqVVStKCILjNoABDu3SscjO3bFF-nGQjnjwyOUM=
03:22:34.056 [Expansion Quests] Create new quest instance for quest with ID=61 | Player UID=ANwBQqVVStKCILjNoABDu3SscjO3bFF-nGQjnjwyOUM=
03:22:34.151 [Expansion Quests] Sending ANwBQqVVStKCILjNoABDu3SscjO3bFF-nGQjnjwyOUM= quest configs to client for player with UID=ANwBQqVVStKCILjNoABDu3SscjO3bFF-nGQjnjwyOUM=
03:22:34.156 [Expansion Quests] Sending player quest data for 13 quests to player with UID=ANwBQqVVStKCILjNoABDu3SscjO3bFF-nGQjnjwyOUM=
03:22:34.272 [AI Patrol 00019] Loaded 1 persistent Kamyshovo (Shamans) bots at <7518.801758, 214.004608, 5163.919434>
03:22:34.276 [AI Patrol 00019] Global patrol count: 1
03:22:34.280 [AI Patrol 00019] Global Expansion AI count: 7 alive, 0 deceased
03:22:34.284 [AI Patrol 00019] Survivor category patrol count: 1
03:22:34.379 [AI Patrol 00014] Loaded 1 persistent Berezino North (East) bots at <13801.950195, 20.038469, 13317.484375>
03:22:34.384 [AI Patrol 00014] Global patrol count: 2
03:22:34.389 [AI Patrol 00014] Global Expansion AI count: 8 alive, 0 deceased
03:22:34.395 [AI Patrol 00014] Survivor category patrol count: 2
03:22:34.489 [AI Patrol 00020] Loaded 1 persistent Elektrozavodsk North-East (Lunatics) bots at <11295.116211, 260.137146, 5229.805176>
03:22:34.493 [AI Patrol 00020] Global patrol count: 3
03:22:34.497 [AI Patrol 00020] Global Expansion AI count: 9 alive, 0 deceased
03:22:34.501 [AI Patrol 00020] Survivor category patrol count: 3
03:22:34.600 [AI Patrol 00012] Loaded 1 persistent Svetloyarsk South-East (Lunatics) bots at <6697.430176, 377.064880, 14424.831055>
03:22:34.606 [AI Patrol 00012] Global patrol count: 4
03:22:34.610 [AI Patrol 00012] Global Expansion AI count: 10 alive, 0 deceased
03:22:34.615 [AI Patrol 00012] Survivor category patrol count: 4
03:22:34.697 [AI Patrol 00017] Loaded 1 persistent Berezino South-East (Mercenaries) bots at <11929.894531, 58.459003, 9080.506836>
03:22:34.701 [AI Patrol 00017] Global patrol count: 5
03:22:34.705 [AI Patrol 00017] Global Expansion AI count: 11 alive, 0 deceased
03:22:34.709 [AI Patrol 00017] Survivor category patrol count: 5
03:22:34.782 [AI Patrol 00015] Loaded 1 persistent Solnechny North (Mercenaries) bots at <12125.483398, 121.399818, 5389.202637>
03:22:34.787 [AI Patrol 00015] Global patrol count: 6
03:22:34.791 [AI Patrol 00015] Global Expansion AI count: 12 alive, 0 deceased
03:22:34.795 [AI Patrol 00015] Survivor category patrol count: 6
03:22:34.850 [AI Patrol 00018] Loaded 1 persistent Solnechny (Shamans) bots at <13511.193359, 3.175035, 6371.595703>
03:22:34.854 [AI Patrol 00018] Global patrol count: 7
03:22:34.859 [AI Patrol 00018] Global Expansion AI count: 13 alive, 0 deceased
03:22:34.863 [AI Patrol 00018] Survivor category patrol count: 7
03:22:34.929 [AI Patrol 00013] Loaded 1 persistent Berezino North-East (Lunatics) bots at <12911.824219, 6.024944, 10027.266602>
03:22:34.933 [AI Patrol 00013] Global patrol count: 8
03:22:34.938 [AI Patrol 00013] Global Expansion AI count: 14 alive, 0 deceased
03:22:34.942 [AI Patrol 00013] Survivor category patrol count: 8
03:22:35.031 [AI Patrol 00023] Loaded 1 persistent Prigorodki South-East (Civilian) bots at <4410.235840, 236.024979, 4697.068848>
03:22:35.035 [AI Patrol 00023] Global patrol count: 9
03:22:35.040 [AI Patrol 00023] Global Expansion AI count: 15 alive, 0 deceased
03:22:35.045 [AI Patrol 00023] Survivor category patrol count: 9
03:22:35.107 [AI Patrol 00022] Loaded 1 persistent Elektrozavodsk West (Guards) bots at <8783.621094, 336.169037, 7616.350586>
03:22:35.111 [AI Patrol 00022] Global patrol count: 10
03:22:35.117 [AI Patrol 00022] Global Expansion AI count: 16 alive, 0 deceased
03:22:35.122 [AI Patrol 00022] Survivor category patrol count: 10
03:22:35.222 [AI Patrol 00016] Loaded 1 persistent Berezhki (Mercenaries) bots at <4538.809082, 362.043427, 14576.856445>
03:22:35.227 [AI Patrol 00016] Global patrol count: 11
03:22:35.231 [AI Patrol 00016] Global Expansion AI count: 17 alive, 0 deceased
03:22:35.236 [AI Patrol 00016] Survivor category patrol count: 11
03:22:35.317 [AI Patrol 00024] Loaded 1 persistent Chernogorsk (Infected) bots at <11303.838867, 77.694534, 6606.884766>
03:22:35.321 [AI Patrol 00024] Global patrol count: 12
03:22:35.325 [AI Patrol 00024] Global Expansion AI count: 18 alive, 0 deceased
03:22:35.330 [AI Patrol 00024] Survivor category patrol count: 12
03:22:35.413 [AI Patrol 00021] Loaded 1 persistent Elektrozavodsk North-West (Guards) bots at <8101.018555, 406.080780, 8097.911133>
03:22:35.419 [AI Patrol 00021] Global patrol count: 13
03:22:35.424 [AI Patrol 00021] Global Expansion AI count: 19 alive, 0 deceased
03:22:35.429 [AI Patrol 00021] Survivor category patrol count: 13
03:22:35.918 [Expansion Quests] - LoadGroupQuestData - Got cached group quest data for group with ID=0
03:24:00.664 [VehicleDestroyed] ExpansionMerlin_President (id=8A40566345411D31921F6B80A49D5906 pos=<4673.52, 344.11, 10361.5>)
03:27:27.614 [AI Patrol 00015] Solnechny North (Mercenaries) bots were wiped out (spawn position <12125.483398, 121.399818, 5389.202637>, 1/1 deceased)
03:27:27.618 [AI Patrol 00015] Global patrol count: 12
03:27:27.624 [AI Patrol 00015] Global Expansion AI count: 18 alive, 1 deceased
03:27:27.628 [AI Patrol 00015] Survivor category patrol count: 12
03:29:27.325 [Party] Player "Juts" (id=ANwBQqVVStKCILjNoABDu3SscjO3bFF-nGQjnjwyOUM=) left the party "Ratas de laboratiorio" (id=0 ownerUID=ANwBQqVVStKCILjNoABDu3SscjO3bFF-nGQjnjwyOUM= ownerName=Juto)
03:29:27.329 [Expansion Quests] Deleted quest with ID=51 is a of player with UID=ANwBQqVVStKCILjNoABDu3SscjO3bFF-nGQjnjwyOUM=.
03:29:27.334 [Expansion Quests] Deleted quest with ID=52 is a of player with UID=ANwBQqVVStKCILjNoABDu3SscjO3bFF-nGQjnjwyOUM=.
03:29:27.338 [Expansion Quests] Deleted quest with ID=54 is a of player with UID=ANwBQqVVStKCILjNoABDu3SscjO3bFF-nGQjnjwyOUM=.
03:29:27.342 [Expansion Quests] Deleted quest with ID=55 is a of player with UID=ANwBQqVVStKCILjNoABDu3SscjO3bFF-nGQjnjwyOUM=.
03:29:27.346 [Expansion Quests] Deleted quest with ID=56 is a of player with UID=ANwBQqVVStKCILjNoABDu3SscjO3bFF-nGQjnjwyOUM=.
03:29:27.351 [Expansion Quests] Deleted quest with ID=57 is a of player with UID=ANwBQqVVStKCILjNoABDu3SscjO3bFF-nGQjnjwyOUM=.
03:29:27.355 [Expansion Quests] Deleted quest with ID=58 is a of player with UID=ANwBQqVVStKCILjNoABDu3SscjO3bFF-nGQjnjwyOUM=.
03:29:27.359 [Expansion Quests] Deleted quest with ID=59 is a of player with UID=ANwBQqVVStKCILjNoABDu3SscjO3bFF-nGQjnjwyOUM=.
03:29:27.364 [Expansion Quests] Deleted quest with ID=60 is a of player with UID=ANwBQqVVStKCILjNoABDu3SscjO3bFF-nGQjnjwyOUM=.
03:29:27.368 [Expansion Quests] Deleted quest with ID=61 is a of player with UID=ANwBQqVVStKCILjNoABDu3SscjO3bFF-nGQjnjwyOUM=.
