22:03:16.340 [Expansion Quests] Quest configuration with ID=133 is set to inactive. Skip adding config to quest system..
22:03:16.405 [Expansion Quests] Quest configuration with ID=310 is set to inactive. Skip adding config to quest system..
22:03:16.561 [Expansion Quests] Quest configuration with ID=800 is set to inactive. Skip adding config to quest system..
22:08:06.343 [Party] Player "Juto" (id=ANwBQqVVStKCILjNoABDu3SscjO3bFF-nGQjnjwyOUM=) joined the party "Ratas de laboratiorio" (id=0 ownerUID=ANwBQqVVStKCILjNoABDu3SscjO3bFF-nGQjnjwyOUM= ownerName=Juto)
22:08:06.349 [Expansion Quests] Initialize quest system on the connected client with UID=ANwBQqVVStKCILjNoABDu3SscjO3bFF-nGQjnjwyOUM=
22:08:06.658 [Expansion Quests] Loaded existing player quest data for player with UID=ANwBQqVVStKCILjNoABDu3SscjO3bFF-nGQjnjwyOUM=
22:08:06.677 [Expansion Quests] Loaded existing group quest data for group with ID=0
22:08:06.681 [Expansion Quests] Check quest initialization for quest with ID=14 | State=COMPLETED | Player UID=ANwBQqVVStKCILjNoABDu3SscjO3bFF-nGQjnjwyOUM=
22:08:06.686 [Expansion Quests] Check quest initialization for quest with ID=50 | State=STARTED | Player UID=ANwBQqVVStKCILjNoABDu3SscjO3bFF-nGQjnjwyOUM=
22:08:06.690 [Expansion Quests] Create new quest instance for quest with ID=50 | Player UID=ANwBQqVVStKCILjNoABDu3SscjO3bFF-nGQjnjwyOUM=
22:08:06.695 [Expansion Quests] Check quest initialization for quest with ID=51 | State=STARTED | Player UID=ANwBQqVVStKCILjNoABDu3SscjO3bFF-nGQjnjwyOUM=
22:08:06.699 [Expansion Quests] Create new quest instance for quest with ID=51 | Player UID=ANwBQqVVStKCILjNoABDu3SscjO3bFF-nGQjnjwyOUM=
22:08:06.704 [Expansion Quests] Check quest initialization for quest with ID=52 | State=STARTED | Player UID=ANwBQqVVStKCILjNoABDu3SscjO3bFF-nGQjnjwyOUM=
22:08:06.708 [Expansion Quests] Create new quest instance for quest with ID=52 | Player UID=ANwBQqVVStKCILjNoABDu3SscjO3bFF-nGQjnjwyOUM=
22:08:06.713 [Expansion Quests] Check quest initialization for quest with ID=53 | State=STARTED | Player UID=ANwBQqVVStKCILjNoABDu3SscjO3bFF-nGQjnjwyOUM=
22:08:06.719 [Expansion Quests] Create new quest instance for quest with ID=53 | Player UID=ANwBQqVVStKCILjNoABDu3SscjO3bFF-nGQjnjwyOUM=
22:08:06.724 [Expansion Quests] Check quest initialization for quest with ID=54 | State=STARTED | Player UID=ANwBQqVVStKCILjNoABDu3SscjO3bFF-nGQjnjwyOUM=
22:08:06.731 [Expansion Quests] Create new quest instance for quest with ID=54 | Player UID=ANwBQqVVStKCILjNoABDu3SscjO3bFF-nGQjnjwyOUM=
22:08:06.737 [Expansion Quests] Check quest initialization for quest with ID=55 | State=STARTED | Player UID=ANwBQqVVStKCILjNoABDu3SscjO3bFF-nGQjnjwyOUM=
22:08:06.742 [Expansion Quests] Create new quest instance for quest with ID=55 | Player UID=ANwBQqVVStKCILjNoABDu3SscjO3bFF-nGQjnjwyOUM=
22:08:06.748 [Expansion Quests] Check quest initialization for quest with ID=56 | State=STARTED | Player UID=ANwBQqVVStKCILjNoABDu3SscjO3bFF-nGQjnjwyOUM=
22:08:06.754 [Expansion Quests] Create new quest instance for quest with ID=56 | Player UID=ANwBQqVVStKCILjNoABDu3SscjO3bFF-nGQjnjwyOUM=
22:08:06.761 [Expansion Quests] Check quest initialization for quest with ID=57 | State=STARTED | Player UID=ANwBQqVVStKCILjNoABDu3SscjO3bFF-nGQjnjwyOUM=
22:08:06.766 [Expansion Quests] Create new quest instance for quest with ID=57 | Player UID=ANwBQqVVStKCILjNoABDu3SscjO3bFF-nGQjnjwyOUM=
22:08:06.772 [Expansion Quests] Check quest initialization for quest with ID=58 | State=STARTED | Player UID=ANwBQqVVStKCILjNoABDu3SscjO3bFF-nGQjnjwyOUM=
22:08:06.778 [Expansion Quests] Create new quest instance for quest with ID=58 | Player UID=ANwBQqVVStKCILjNoABDu3SscjO3bFF-nGQjnjwyOUM=
22:08:06.784 [Expansion Quests] Check quest initialization for quest with ID=59 | State=STARTED | Player UID=ANwBQqVVStKCILjNoABDu3SscjO3bFF-nGQjnjwyOUM=
22:08:06.790 [Expansion Quests] Create new quest instance for quest with ID=59 | Player UID=ANwBQqVVStKCILjNoABDu3SscjO3bFF-nGQjnjwyOUM=
22:08:06.796 [Expansion Quests] Check quest initialization for quest with ID=60 | State=STARTED | Player UID=ANwBQqVVStKCILjNoABDu3SscjO3bFF-nGQjnjwyOUM=
22:08:06.802 [Expansion Quests] Create new quest instance for quest with ID=60 | Player UID=ANwBQqVVStKCILjNoABDu3SscjO3bFF-nGQjnjwyOUM=
22:08:06.808 [Expansion Quests] Check quest initialization for quest with ID=61 | State=STARTED | Player UID=ANwBQqVVStKCILjNoABDu3SscjO3bFF-nGQjnjwyOUM=
22:08:06.813 [Expansion Quests] Create new quest instance for quest with ID=61 | Player UID=ANwBQqVVStKCILjNoABDu3SscjO3bFF-nGQjnjwyOUM=
22:08:06.819 [Expansion Quests] Check quest initialization for quest with ID=200 | State=STARTED | Player UID=ANwBQqVVStKCILjNoABDu3SscjO3bFF-nGQjnjwyOUM=
22:08:06.824 [Expansion Quests] Used quest state from persistent group data for quest with ID=200 | State=STARTED | Group ID=0
22:08:06.830 [Expansion Quests] Create new quest instance for quest with ID=200 | Player UID=ANwBQqVVStKCILjNoABDu3SscjO3bFF-nGQjnjwyOUM=
22:08:06.836 [Expansion Quests] Player is member of group with ID=0. Set group ID for quest with ID=200. Owner UID=ANwBQqVVStKCILjNoABDu3SscjO3bFF-nGQjnjwyOUM=
22:08:06.843 [Expansion Quests] Check quest initialization for quest with ID=100 | State=STARTED | Player UID=ANwBQqVVStKCILjNoABDu3SscjO3bFF-nGQjnjwyOUM=
22:08:06.849 [Expansion Quests] Create new quest instance for quest with ID=100 | Player UID=ANwBQqVVStKCILjNoABDu3SscjO3bFF-nGQjnjwyOUM=
22:08:06.856 [Expansion Quests] Check quest initialization for quest with ID=101 | State=STARTED | Player UID=ANwBQqVVStKCILjNoABDu3SscjO3bFF-nGQjnjwyOUM=
22:08:06.861 [Expansion Quests] Create new quest instance for quest with ID=101 | Player UID=ANwBQqVVStKCILjNoABDu3SscjO3bFF-nGQjnjwyOUM=
22:08:06.867 [Expansion Quests] Check quest initialization for quest with ID=103 | State=STARTED | Player UID=ANwBQqVVStKCILjNoABDu3SscjO3bFF-nGQjnjwyOUM=
22:08:06.873 [Expansion Quests] Create new quest instance for quest with ID=103 | Player UID=ANwBQqVVStKCILjNoABDu3SscjO3bFF-nGQjnjwyOUM=
22:08:06.879 [Expansion Quests] Check quest initialization for quest with ID=104 | State=STARTED | Player UID=ANwBQqVVStKCILjNoABDu3SscjO3bFF-nGQjnjwyOUM=
22:08:06.886 [Expansion Quests] Create new quest instance for quest with ID=104 | Player UID=ANwBQqVVStKCILjNoABDu3SscjO3bFF-nGQjnjwyOUM=
22:08:06.892 [Expansion Quests] Check quest initialization for quest with ID=105 | State=STARTED | Player UID=ANwBQqVVStKCILjNoABDu3SscjO3bFF-nGQjnjwyOUM=
22:08:06.898 [Expansion Quests] Create new quest instance for quest with ID=105 | Player UID=ANwBQqVVStKCILjNoABDu3SscjO3bFF-nGQjnjwyOUM=
22:08:06.904 [Expansion Quests] Check quest initialization for quest with ID=106 | State=STARTED | Player UID=ANwBQqVVStKCILjNoABDu3SscjO3bFF-nGQjnjwyOUM=
22:08:06.910 [Expansion Quests] Create new quest instance for quest with ID=106 | Player UID=ANwBQqVVStKCILjNoABDu3SscjO3bFF-nGQjnjwyOUM=
22:08:06.915 [Expansion Quests] Check quest initialization for quest with ID=107 | State=STARTED | Player UID=ANwBQqVVStKCILjNoABDu3SscjO3bFF-nGQjnjwyOUM=
22:08:06.920 [Expansion Quests] Create new quest instance for quest with ID=107 | Player UID=ANwBQqVVStKCILjNoABDu3SscjO3bFF-nGQjnjwyOUM=
22:08:06.926 [Expansion Quests] Check quest initialization for quest with ID=108 | State=STARTED | Player UID=ANwBQqVVStKCILjNoABDu3SscjO3bFF-nGQjnjwyOUM=
22:08:06.932 [Expansion Quests] Create new quest instance for quest with ID=108 | Player UID=ANwBQqVVStKCILjNoABDu3SscjO3bFF-nGQjnjwyOUM=
22:08:06.937 [Expansion Quests] Check quest initialization for quest with ID=109 | State=STARTED | Player UID=ANwBQqVVStKCILjNoABDu3SscjO3bFF-nGQjnjwyOUM=
22:08:06.943 [Expansion Quests] Create new quest instance for quest with ID=109 | Player UID=ANwBQqVVStKCILjNoABDu3SscjO3bFF-nGQjnjwyOUM=
22:08:06.949 [Expansion Quests] Check quest initialization for quest with ID=110 | State=STARTED | Player UID=ANwBQqVVStKCILjNoABDu3SscjO3bFF-nGQjnjwyOUM=
22:08:06.954 [Expansion Quests] Create new quest instance for quest with ID=110 | Player UID=ANwBQqVVStKCILjNoABDu3SscjO3bFF-nGQjnjwyOUM=
22:08:06.959 [Expansion Quests] Check quest initialization for quest with ID=111 | State=STARTED | Player UID=ANwBQqVVStKCILjNoABDu3SscjO3bFF-nGQjnjwyOUM=
22:08:06.965 [Expansion Quests] Create new quest instance for quest with ID=111 | Player UID=ANwBQqVVStKCILjNoABDu3SscjO3bFF-nGQjnjwyOUM=
22:08:06.970 [Expansion Quests] Check quest initialization for quest with ID=112 | State=STARTED | Player UID=ANwBQqVVStKCILjNoABDu3SscjO3bFF-nGQjnjwyOUM=
22:08:06.975 [Expansion Quests] Create new quest instance for quest with ID=112 | Player UID=ANwBQqVVStKCILjNoABDu3SscjO3bFF-nGQjnjwyOUM=
22:08:06.979 [Expansion Quests] Check quest initialization for quest with ID=113 | State=STARTED | Player UID=ANwBQqVVStKCILjNoABDu3SscjO3bFF-nGQjnjwyOUM=
22:08:06.984 [Expansion Quests] Create new quest instance for quest with ID=113 | Player UID=ANwBQqVVStKCILjNoABDu3SscjO3bFF-nGQjnjwyOUM=
22:08:06.988 [Expansion Quests] Check quest initialization for quest with ID=114 | State=STARTED | Player UID=ANwBQqVVStKCILjNoABDu3SscjO3bFF-nGQjnjwyOUM=
22:08:06.993 [Expansion Quests] Create new quest instance for quest with ID=114 | Player UID=ANwBQqVVStKCILjNoABDu3SscjO3bFF-nGQjnjwyOUM=
22:08:06.997 [Expansion Quests] Check quest initialization for quest with ID=115 | State=STARTED | Player UID=ANwBQqVVStKCILjNoABDu3SscjO3bFF-nGQjnjwyOUM=
22:08:07.001 [Expansion Quests] Create new quest instance for quest with ID=115 | Player UID=ANwBQqVVStKCILjNoABDu3SscjO3bFF-nGQjnjwyOUM=
22:08:07.006 [Expansion Quests] Check quest initialization for quest with ID=116 | State=STARTED | Player UID=ANwBQqVVStKCILjNoABDu3SscjO3bFF-nGQjnjwyOUM=
22:08:07.010 [Expansion Quests] Create new quest instance for quest with ID=116 | Player UID=ANwBQqVVStKCILjNoABDu3SscjO3bFF-nGQjnjwyOUM=
22:08:07.014 [Expansion Quests] Check quest initialization for quest with ID=117 | State=STARTED | Player UID=ANwBQqVVStKCILjNoABDu3SscjO3bFF-nGQjnjwyOUM=
22:08:07.019 [Expansion Quests] Create new quest instance for quest with ID=117 | Player UID=ANwBQqVVStKCILjNoABDu3SscjO3bFF-nGQjnjwyOUM=
22:08:07.023 [Expansion Quests] Check quest initialization for quest with ID=118 | State=STARTED | Player UID=ANwBQqVVStKCILjNoABDu3SscjO3bFF-nGQjnjwyOUM=
22:08:07.028 [Expansion Quests] Create new quest instance for quest with ID=118 | Player UID=ANwBQqVVStKCILjNoABDu3SscjO3bFF-nGQjnjwyOUM=
22:08:07.032 [Expansion Quests] Check quest initialization for quest with ID=119 | State=STARTED | Player UID=ANwBQqVVStKCILjNoABDu3SscjO3bFF-nGQjnjwyOUM=
22:08:07.037 [Expansion Quests] Create new quest instance for quest with ID=119 | Player UID=ANwBQqVVStKCILjNoABDu3SscjO3bFF-nGQjnjwyOUM=
22:08:07.042 [Expansion Quests] Check quest initialization for quest with ID=120 | State=STARTED | Player UID=ANwBQqVVStKCILjNoABDu3SscjO3bFF-nGQjnjwyOUM=
22:08:07.047 [Expansion Quests] Create new quest instance for quest with ID=120 | Player UID=ANwBQqVVStKCILjNoABDu3SscjO3bFF-nGQjnjwyOUM=
22:08:07.051 [Expansion Quests] Check quest initialization for quest with ID=121 | State=STARTED | Player UID=ANwBQqVVStKCILjNoABDu3SscjO3bFF-nGQjnjwyOUM=
22:08:07.056 [Expansion Quests] Create new quest instance for quest with ID=121 | Player UID=ANwBQqVVStKCILjNoABDu3SscjO3bFF-nGQjnjwyOUM=
22:08:07.061 [Expansion Quests] Check quest initialization for quest with ID=122 | State=STARTED | Player UID=ANwBQqVVStKCILjNoABDu3SscjO3bFF-nGQjnjwyOUM=
22:08:07.065 [Expansion Quests] Create new quest instance for quest with ID=122 | Player UID=ANwBQqVVStKCILjNoABDu3SscjO3bFF-nGQjnjwyOUM=
22:08:07.070 [Expansion Quests] Check quest initialization for quest with ID=123 | State=STARTED | Player UID=ANwBQqVVStKCILjNoABDu3SscjO3bFF-nGQjnjwyOUM=
22:08:07.074 [Expansion Quests] Create new quest instance for quest with ID=123 | Player UID=ANwBQqVVStKCILjNoABDu3SscjO3bFF-nGQjnjwyOUM=
22:08:07.079 [Expansion Quests] Check quest initialization for quest with ID=124 | State=STARTED | Player UID=ANwBQqVVStKCILjNoABDu3SscjO3bFF-nGQjnjwyOUM=
22:08:07.083 [Expansion Quests] Create new quest instance for quest with ID=124 | Player UID=ANwBQqVVStKCILjNoABDu3SscjO3bFF-nGQjnjwyOUM=
22:08:08.103 [Expansion Quests] Sending ANwBQqVVStKCILjNoABDu3SscjO3bFF-nGQjnjwyOUM= quest configs to client for player with UID=ANwBQqVVStKCILjNoABDu3SscjO3bFF-nGQjnjwyOUM=
22:08:08.109 [Expansion Quests] Sending player quest data for 38 quests to player with UID=ANwBQqVVStKCILjNoABDu3SscjO3bFF-nGQjnjwyOUM=
22:08:08.305 [AI Patrol 00019] Loaded 1 persistent Berezhki (West) bots at <14843.671875, 73.183922, 14022.338867>
22:08:08.311 [AI Patrol 00019] Global patrol count: 1
22:08:08.316 [AI Patrol 00019] Global Expansion AI count: 9 alive, 0 deceased
22:08:08.322 [AI Patrol 00019] Survivor category patrol count: 1
22:08:08.391 [AI Patrol 00021] Loaded 1 persistent Nizhneye North-East (Lunatics) bots at <12963.384766, 22.615360, 8046.230957>
22:08:08.396 [AI Patrol 00021] Global patrol count: 2
22:08:08.402 [AI Patrol 00021] Global Expansion AI count: 10 alive, 0 deceased
22:08:08.407 [AI Patrol 00021] Survivor category patrol count: 2
22:08:08.496 [AI Patrol 00018] Loaded 1 persistent Solnechny North (Civilian) bots at <12886.266602, 35.576389, 7387.938965>
22:08:08.501 [AI Patrol 00018] Global patrol count: 3
22:08:08.507 [AI Patrol 00018] Global Expansion AI count: 11 alive, 0 deceased
22:08:08.513 [AI Patrol 00018] Survivor category patrol count: 3
22:08:08.568 [AI Patrol 00029] Loaded 1 persistent Chernogorsk (Mercenaries) bots at <6313.126953, 4.375599, 2153.008789>
22:08:08.575 [AI Patrol 00029] Global patrol count: 4
22:08:08.580 [AI Patrol 00029] Global Expansion AI count: 12 alive, 0 deceased
22:08:08.586 [AI Patrol 00029] Survivor category patrol count: 4
22:08:08.629 [AI Patrol 00027] Loaded 1 persistent Chernogorsk East (Lunatics) bots at <9191.384766, 170.536026, 3182.582764>
22:08:08.633 [AI Patrol 00027] Global patrol count: 5
22:08:08.640 [AI Patrol 00027] Global Expansion AI count: 13 alive, 0 deceased
22:08:08.645 [AI Patrol 00027] Survivor category patrol count: 5
22:08:08.700 [AI Patrol 00024] Loaded 1 persistent Elektrozavodsk North-East (East) bots at <10826.283203, 6.435420, 2451.376709>
22:08:08.706 [AI Patrol 00024] Global patrol count: 6
22:08:08.710 [AI Patrol 00024] Global Expansion AI count: 14 alive, 0 deceased
22:08:08.716 [AI Patrol 00024] Survivor category patrol count: 6
22:08:08.779 [AI Patrol 00022] Loaded 1 persistent Solnechny (Civilian) bots at <13367.307617, 6.024970, 6274.010254>
22:08:08.785 [AI Patrol 00022] Global patrol count: 7
22:08:08.789 [AI Patrol 00022] Global Expansion AI count: 15 alive, 0 deceased
22:08:08.795 [AI Patrol 00022] Survivor category patrol count: 7
22:08:08.847 [AI Patrol 00028] Loaded 1 persistent Prigorodki South-East (East) bots at <7847.870605, 27.536366, 3638.009277>
22:08:08.853 [AI Patrol 00028] Global patrol count: 8
22:08:08.859 [AI Patrol 00028] Global Expansion AI count: 16 alive, 0 deceased
22:08:08.865 [AI Patrol 00028] Survivor category patrol count: 8
22:08:08.905 [AI Patrol 00025] Loaded 1 persistent Elektrozavodsk North-West (West) bots at <9457.397461, 150.652725, 2699.770752>
22:08:08.911 [AI Patrol 00025] Global patrol count: 9
22:08:08.916 [AI Patrol 00025] Global Expansion AI count: 17 alive, 0 deceased
22:08:08.922 [AI Patrol 00025] Survivor category patrol count: 9
22:08:08.987 [AI Patrol 00017] Loaded 1 persistent Berezino North-East (Infected) bots at <13132.838867, 6.106316, 10292.617188>
22:08:08.993 [AI Patrol 00017] Global patrol count: 10
22:08:08.998 [AI Patrol 00017] Global Expansion AI count: 18 alive, 0 deceased
22:08:09.004 [AI Patrol 00017] Survivor category patrol count: 10
22:08:09.012 [AI Patrol 00023] Spawning 1 Solnechny South (Infected) bots at <13437.818359, 5.731212, 5914.025879>
22:08:09.036 [AI Patrol 00023] Global patrol count: 11
22:08:09.042 [AI Patrol 00023] Global Expansion AI count: 19 alive, 0 deceased
22:08:09.048 [AI Patrol 00023] Survivor category patrol count: 11
22:08:09.112 [AI Patrol 00016] Loaded 1 persistent Svetloyarsk South-East (Raiders) bots at <13891.401367, 19.590015, 13212.555664>
22:08:09.116 [AI Patrol 00016] Global patrol count: 12
22:08:09.122 [AI Patrol 00016] Global Expansion AI count: 20 alive, 0 deceased
22:08:09.127 [AI Patrol 00016] Survivor category patrol count: 12
22:08:09.186 [AI Patrol 00015] Loaded 1 persistent Svetloyarsk (Raiders) bots at <13992.900391, 4.433193, 13452.560547>
22:08:09.194 [AI Patrol 00015] Global patrol count: 13
22:08:09.199 [AI Patrol 00015] Global Expansion AI count: 21 alive, 0 deceased
22:08:09.205 [AI Patrol 00015] Survivor category patrol count: 13
22:08:09.258 [AI Patrol 00026] Loaded 1 persistent Elektrozavodsk West (Infected) bots at <9989.636719, 13.159154, 2166.652588>
22:08:09.263 [AI Patrol 00026] Global patrol count: 14
22:08:09.267 [AI Patrol 00026] Global Expansion AI count: 22 alive, 0 deceased
22:08:09.272 [AI Patrol 00026] Survivor category patrol count: 14
22:08:09.311 [AI Patrol 00020] Loaded 1 persistent Berezino South-East (West) bots at <12650.916992, 6.024984, 9573.976563>
22:08:09.315 [AI Patrol 00020] Global patrol count: 15
22:08:09.320 [AI Patrol 00020] Global Expansion AI count: 23 alive, 0 deceased
22:08:09.324 [AI Patrol 00020] Survivor category patrol count: 15
22:08:09.393 [Expansion Quests] Added new objective data for type=TRAVEL | Key=0 | ID=1
22:08:09.397 [Expansion Quests] Added new objective data for type=AICAMP | Key=0 | ID=1
22:08:09.417 [Expansion Quests] Updated and saved persistent quest data for group with ID=0 | Quest ID=200
22:08:09.423 [Expansion Quests] Added new objective data for type=TRAVEL | Key=ANwBQqVVStKCILjNoABDu3SscjO3bFF-nGQjnjwyOUM= | ID=1
22:08:09.428 [Expansion Quests] Added new objective data for type=AICAMP | Key=ANwBQqVVStKCILjNoABDu3SscjO3bFF-nGQjnjwyOUM= | ID=1
22:08:09.687 [Expansion Quests] Updated and saved persistent player quest data for group member with UID=ANwBQqVVStKCILjNoABDu3SscjO3bFF-nGQjnjwyOUM= | Group ID=ANwBQqVVStKCILjNoABDu3SscjO3bFF-nGQjnjwyOUM= | Quest ID=200
22:08:09.837 [Expansion Quests] - LoadGroupQuestData - Got cached group quest data for group with ID=0
22:08:09.841 [Expansion Quests] Added new objective data for type=TRAVEL | Key=ANwBQqVVStKCILjNoABDu3SscjO3bFF-nGQjnjwyOUM= | ID=1
22:08:09.846 [Expansion Quests] Added new objective data for type=AICAMP | Key=ANwBQqVVStKCILjNoABDu3SscjO3bFF-nGQjnjwyOUM= | ID=1
22:09:37.165 [MissionAirdrop] An airdrop is heading towards "Elektrozavodsk" (pos=<9371.000000, 0.000000, 2229.000000> type=Random_Elektrozavodsk) with a ExpansionAirdropContainer
22:09:48.724 [Expansion Quests] Initialize quest system on the connected client with UID=RtfYOYlH1-UQIr5-dCP4WXazcchC6u6wDXef5qFUQ1g=
22:09:48.884 [Expansion Quests] Created new persistent player quest data for player UID=RtfYOYlH1-UQIr5-dCP4WXazcchC6u6wDXef5qFUQ1g=
22:09:48.925 [Expansion Quests] Create new achievement/auto-start quest for quest ID=14 for player with UID=RtfYOYlH1-UQIr5-dCP4WXazcchC6u6wDXef5qFUQ1g=
22:09:48.970 [Expansion Quests] Added new objective data for type=TRAVEL | Key= | ID=3
22:09:49.013 [Expansion Quests] Updated and saved persistent player quest data for player with UID=RtfYOYlH1-UQIr5-dCP4WXazcchC6u6wDXef5qFUQ1g= | Quest ID=14
22:09:49.059 [Expansion Quests] Create new achievement/auto-start quest for quest ID=50 for player with UID=RtfYOYlH1-UQIr5-dCP4WXazcchC6u6wDXef5qFUQ1g=
22:09:49.108 [Expansion Quests] Added new objective data for type=TARGET | Key= | ID=82
22:09:49.159 [Expansion Quests] Updated and saved persistent player quest data for player with UID=RtfYOYlH1-UQIr5-dCP4WXazcchC6u6wDXef5qFUQ1g= | Quest ID=50
22:09:49.211 [Expansion Quests] Create new achievement/auto-start quest for quest ID=51 for player with UID=RtfYOYlH1-UQIr5-dCP4WXazcchC6u6wDXef5qFUQ1g=
22:09:49.265 [Expansion Quests] Added new objective data for type=TARGET | Key= | ID=83
22:09:49.319 [Expansion Quests] Updated and saved persistent player quest data for player with UID=RtfYOYlH1-UQIr5-dCP4WXazcchC6u6wDXef5qFUQ1g= | Quest ID=51
22:09:49.374 [Expansion Quests] Create new achievement/auto-start quest for quest ID=52 for player with UID=RtfYOYlH1-UQIr5-dCP4WXazcchC6u6wDXef5qFUQ1g=
22:09:49.429 [Expansion Quests] Added new objective data for type=TARGET | Key= | ID=84
22:09:49.486 [Expansion Quests] Updated and saved persistent player quest data for player with UID=RtfYOYlH1-UQIr5-dCP4WXazcchC6u6wDXef5qFUQ1g= | Quest ID=52
22:09:49.531 [Expansion Quests] Create new achievement/auto-start quest for quest ID=53 for player with UID=RtfYOYlH1-UQIr5-dCP4WXazcchC6u6wDXef5qFUQ1g=
22:09:49.577 [Expansion Quests] Added new objective data for type=TARGET | Key= | ID=85
22:09:49.621 [Expansion Quests] Updated and saved persistent player quest data for player with UID=RtfYOYlH1-UQIr5-dCP4WXazcchC6u6wDXef5qFUQ1g= | Quest ID=53
22:09:49.667 [Expansion Quests] Create new achievement/auto-start quest for quest ID=54 for player with UID=RtfYOYlH1-UQIr5-dCP4WXazcchC6u6wDXef5qFUQ1g=
22:09:49.714 [Expansion Quests] Added new objective data for type=TARGET | Key= | ID=86
22:09:49.765 [Expansion Quests] Updated and saved persistent player quest data for player with UID=RtfYOYlH1-UQIr5-dCP4WXazcchC6u6wDXef5qFUQ1g= | Quest ID=54
22:09:49.817 [Expansion Quests] Create new achievement/auto-start quest for quest ID=55 for player with UID=RtfYOYlH1-UQIr5-dCP4WXazcchC6u6wDXef5qFUQ1g=
22:09:49.871 [Expansion Quests] Added new objective data for type=TARGET | Key= | ID=87
22:09:49.924 [Expansion Quests] Updated and saved persistent player quest data for player with UID=RtfYOYlH1-UQIr5-dCP4WXazcchC6u6wDXef5qFUQ1g= | Quest ID=55
22:09:49.961 [Expansion Quests] Create new achievement/auto-start quest for quest ID=56 for player with UID=RtfYOYlH1-UQIr5-dCP4WXazcchC6u6wDXef5qFUQ1g=
22:09:49.988 [Expansion Quests] Added new objective data for type=TARGET | Key= | ID=88
22:09:50.009 [Expansion Quests] Updated and saved persistent player quest data for player with UID=RtfYOYlH1-UQIr5-dCP4WXazcchC6u6wDXef5qFUQ1g= | Quest ID=56
22:09:50.031 [Expansion Quests] Create new achievement/auto-start quest for quest ID=57 for player with UID=RtfYOYlH1-UQIr5-dCP4WXazcchC6u6wDXef5qFUQ1g=
22:09:50.052 [Expansion Quests] Added new objective data for type=TARGET | Key= | ID=89
22:09:50.075 [Expansion Quests] Updated and saved persistent player quest data for player with UID=RtfYOYlH1-UQIr5-dCP4WXazcchC6u6wDXef5qFUQ1g= | Quest ID=57
22:09:50.099 [Expansion Quests] Create new achievement/auto-start quest for quest ID=58 for player with UID=RtfYOYlH1-UQIr5-dCP4WXazcchC6u6wDXef5qFUQ1g=
22:09:50.123 [Expansion Quests] Added new objective data for type=TARGET | Key= | ID=90
22:09:50.148 [Expansion Quests] Updated and saved persistent player quest data for player with UID=RtfYOYlH1-UQIr5-dCP4WXazcchC6u6wDXef5qFUQ1g= | Quest ID=58
22:09:50.173 [Expansion Quests] Create new achievement/auto-start quest for quest ID=59 for player with UID=RtfYOYlH1-UQIr5-dCP4WXazcchC6u6wDXef5qFUQ1g=
22:09:50.198 [Expansion Quests] Added new objective data for type=TARGET | Key= | ID=91
22:09:50.226 [Expansion Quests] Updated and saved persistent player quest data for player with UID=RtfYOYlH1-UQIr5-dCP4WXazcchC6u6wDXef5qFUQ1g= | Quest ID=59
22:09:50.256 [Expansion Quests] Create new achievement/auto-start quest for quest ID=60 for player with UID=RtfYOYlH1-UQIr5-dCP4WXazcchC6u6wDXef5qFUQ1g=
22:09:50.288 [Expansion Quests] Added new objective data for type=TARGET | Key= | ID=92
22:09:50.321 [Expansion Quests] Updated and saved persistent player quest data for player with UID=RtfYOYlH1-UQIr5-dCP4WXazcchC6u6wDXef5qFUQ1g= | Quest ID=60
22:09:50.355 [Expansion Quests] Create new achievement/auto-start quest for quest ID=61 for player with UID=RtfYOYlH1-UQIr5-dCP4WXazcchC6u6wDXef5qFUQ1g=
22:09:50.390 [Expansion Quests] Added new objective data for type=TARGET | Key= | ID=93
22:09:50.425 [Expansion Quests] Updated and saved persistent player quest data for player with UID=RtfYOYlH1-UQIr5-dCP4WXazcchC6u6wDXef5qFUQ1g= | Quest ID=61
22:09:50.458 [Expansion Quests] Create new achievement/auto-start quest for quest ID=100 for player with UID=RtfYOYlH1-UQIr5-dCP4WXazcchC6u6wDXef5qFUQ1g=
22:09:50.494 [Expansion Quests] Added new objective data for type=ACTION | Key= | ID=1
22:09:50.532 [Expansion Quests] Updated and saved persistent player quest data for player with UID=RtfYOYlH1-UQIr5-dCP4WXazcchC6u6wDXef5qFUQ1g= | Quest ID=100
22:09:50.571 [Expansion Quests] Create new achievement/auto-start quest for quest ID=101 for player with UID=RtfYOYlH1-UQIr5-dCP4WXazcchC6u6wDXef5qFUQ1g=
22:09:50.610 [Expansion Quests] Added new objective data for type=ACTION | Key= | ID=2
22:09:50.649 [Expansion Quests] Updated and saved persistent player quest data for player with UID=RtfYOYlH1-UQIr5-dCP4WXazcchC6u6wDXef5qFUQ1g= | Quest ID=101
22:09:50.687 [Expansion Quests] Create new achievement/auto-start quest for quest ID=103 for player with UID=RtfYOYlH1-UQIr5-dCP4WXazcchC6u6wDXef5qFUQ1g=
22:09:50.727 [Expansion Quests] Added new objective data for type=ACTION | Key= | ID=3
22:09:50.766 [Expansion Quests] Updated and saved persistent player quest data for player with UID=RtfYOYlH1-UQIr5-dCP4WXazcchC6u6wDXef5qFUQ1g= | Quest ID=103
22:09:50.804 [Expansion Quests] Create new achievement/auto-start quest for quest ID=104 for player with UID=RtfYOYlH1-UQIr5-dCP4WXazcchC6u6wDXef5qFUQ1g=
22:09:50.842 [Expansion Quests] Added new objective data for type=ACTION | Key= | ID=4
22:09:50.879 [Expansion Quests] Updated and saved persistent player quest data for player with UID=RtfYOYlH1-UQIr5-dCP4WXazcchC6u6wDXef5qFUQ1g= | Quest ID=104
22:09:50.918 [Expansion Quests] Create new achievement/auto-start quest for quest ID=105 for player with UID=RtfYOYlH1-UQIr5-dCP4WXazcchC6u6wDXef5qFUQ1g=
22:09:50.958 [Expansion Quests] Added new objective data for type=ACTION | Key= | ID=5
22:09:50.998 [Expansion Quests] Updated and saved persistent player quest data for player with UID=RtfYOYlH1-UQIr5-dCP4WXazcchC6u6wDXef5qFUQ1g= | Quest ID=105
22:09:51.039 [Expansion Quests] Create new achievement/auto-start quest for quest ID=106 for player with UID=RtfYOYlH1-UQIr5-dCP4WXazcchC6u6wDXef5qFUQ1g=
22:09:51.079 [Expansion Quests] Added new objective data for type=ACTION | Key= | ID=6
22:09:51.120 [Expansion Quests] Updated and saved persistent player quest data for player with UID=RtfYOYlH1-UQIr5-dCP4WXazcchC6u6wDXef5qFUQ1g= | Quest ID=106
22:09:51.161 [Expansion Quests] Create new achievement/auto-start quest for quest ID=107 for player with UID=RtfYOYlH1-UQIr5-dCP4WXazcchC6u6wDXef5qFUQ1g=
22:09:51.202 [Expansion Quests] Added new objective data for type=ACTION | Key= | ID=7
22:09:51.241 [Expansion Quests] Updated and saved persistent player quest data for player with UID=RtfYOYlH1-UQIr5-dCP4WXazcchC6u6wDXef5qFUQ1g= | Quest ID=107
22:09:51.285 [Expansion Quests] Create new achievement/auto-start quest for quest ID=108 for player with UID=RtfYOYlH1-UQIr5-dCP4WXazcchC6u6wDXef5qFUQ1g=
22:09:51.331 [Expansion Quests] Added new objective data for type=ACTION | Key= | ID=8
22:09:51.378 [Expansion Quests] Updated and saved persistent player quest data for player with UID=RtfYOYlH1-UQIr5-dCP4WXazcchC6u6wDXef5qFUQ1g= | Quest ID=108
22:09:51.427 [Expansion Quests] Create new achievement/auto-start quest for quest ID=109 for player with UID=RtfYOYlH1-UQIr5-dCP4WXazcchC6u6wDXef5qFUQ1g=
22:09:51.476 [Expansion Quests] Added new objective data for type=ACTION | Key= | ID=9
22:09:51.525 [Expansion Quests] Updated and saved persistent player quest data for player with UID=RtfYOYlH1-UQIr5-dCP4WXazcchC6u6wDXef5qFUQ1g= | Quest ID=109
22:09:51.573 [Expansion Quests] Create new achievement/auto-start quest for quest ID=110 for player with UID=RtfYOYlH1-UQIr5-dCP4WXazcchC6u6wDXef5qFUQ1g=
22:09:51.594 [Expansion Quests] Added new objective data for type=ACTION | Key= | ID=10
22:09:51.610 [Expansion Quests] Updated and saved persistent player quest data for player with UID=RtfYOYlH1-UQIr5-dCP4WXazcchC6u6wDXef5qFUQ1g= | Quest ID=110
22:09:51.646 [Expansion Quests] Create new achievement/auto-start quest for quest ID=111 for player with UID=RtfYOYlH1-UQIr5-dCP4WXazcchC6u6wDXef5qFUQ1g=
22:09:51.684 [Expansion Quests] Added new objective data for type=ACTION | Key= | ID=11
22:09:51.723 [Expansion Quests] Updated and saved persistent player quest data for player with UID=RtfYOYlH1-UQIr5-dCP4WXazcchC6u6wDXef5qFUQ1g= | Quest ID=111
22:09:51.763 [Expansion Quests] Create new achievement/auto-start quest for quest ID=112 for player with UID=RtfYOYlH1-UQIr5-dCP4WXazcchC6u6wDXef5qFUQ1g=
22:09:51.803 [Expansion Quests] Added new objective data for type=ACTION | Key= | ID=12
22:09:51.842 [Expansion Quests] Updated and saved persistent player quest data for player with UID=RtfYOYlH1-UQIr5-dCP4WXazcchC6u6wDXef5qFUQ1g= | Quest ID=112
22:09:51.882 [Expansion Quests] Create new achievement/auto-start quest for quest ID=113 for player with UID=RtfYOYlH1-UQIr5-dCP4WXazcchC6u6wDXef5qFUQ1g=
22:09:51.924 [Expansion Quests] Added new objective data for type=ACTION | Key= | ID=13
22:09:51.967 [Expansion Quests] Updated and saved persistent player quest data for player with UID=RtfYOYlH1-UQIr5-dCP4WXazcchC6u6wDXef5qFUQ1g= | Quest ID=113
22:09:52.011 [Expansion Quests] Create new achievement/auto-start quest for quest ID=114 for player with UID=RtfYOYlH1-UQIr5-dCP4WXazcchC6u6wDXef5qFUQ1g=
22:09:52.057 [Expansion Quests] Added new objective data for type=ACTION | Key= | ID=14
22:09:52.103 [Expansion Quests] Updated and saved persistent player quest data for player with UID=RtfYOYlH1-UQIr5-dCP4WXazcchC6u6wDXef5qFUQ1g= | Quest ID=114
22:09:52.152 [Expansion Quests] Create new achievement/auto-start quest for quest ID=115 for player with UID=RtfYOYlH1-UQIr5-dCP4WXazcchC6u6wDXef5qFUQ1g=
22:09:52.200 [Expansion Quests] Added new objective data for type=ACTION | Key= | ID=15
22:09:52.248 [Expansion Quests] Updated and saved persistent player quest data for player with UID=RtfYOYlH1-UQIr5-dCP4WXazcchC6u6wDXef5qFUQ1g= | Quest ID=115
22:09:52.268 [Expansion Quests] Create new achievement/auto-start quest for quest ID=116 for player with UID=RtfYOYlH1-UQIr5-dCP4WXazcchC6u6wDXef5qFUQ1g=
22:09:52.304 [Expansion Quests] Added new objective data for type=ACTION | Key= | ID=16
22:09:52.339 [Expansion Quests] Updated and saved persistent player quest data for player with UID=RtfYOYlH1-UQIr5-dCP4WXazcchC6u6wDXef5qFUQ1g= | Quest ID=116
22:09:52.375 [Expansion Quests] Create new achievement/auto-start quest for quest ID=117 for player with UID=RtfYOYlH1-UQIr5-dCP4WXazcchC6u6wDXef5qFUQ1g=
22:09:52.380 [Expansion Quests] Added new objective data for type=ACTION | Key= | ID=17
22:09:52.385 [Expansion Quests] Updated and saved persistent player quest data for player with UID=RtfYOYlH1-UQIr5-dCP4WXazcchC6u6wDXef5qFUQ1g= | Quest ID=117
22:09:52.389 [Expansion Quests] Create new achievement/auto-start quest for quest ID=118 for player with UID=RtfYOYlH1-UQIr5-dCP4WXazcchC6u6wDXef5qFUQ1g=
22:09:52.401 [Expansion Quests] Added new objective data for type=ACTION | Key= | ID=18
22:09:52.419 [Expansion Quests] Updated and saved persistent player quest data for player with UID=RtfYOYlH1-UQIr5-dCP4WXazcchC6u6wDXef5qFUQ1g= | Quest ID=118
22:09:52.424 [Expansion Quests] Create new achievement/auto-start quest for quest ID=119 for player with UID=RtfYOYlH1-UQIr5-dCP4WXazcchC6u6wDXef5qFUQ1g=
22:09:52.429 [Expansion Quests] Added new objective data for type=ACTION | Key= | ID=19
22:09:52.433 [Expansion Quests] Updated and saved persistent player quest data for player with UID=RtfYOYlH1-UQIr5-dCP4WXazcchC6u6wDXef5qFUQ1g= | Quest ID=119
22:09:52.438 [Expansion Quests] Create new achievement/auto-start quest for quest ID=120 for player with UID=RtfYOYlH1-UQIr5-dCP4WXazcchC6u6wDXef5qFUQ1g=
22:09:52.448 [Expansion Quests] Added new objective data for type=ACTION | Key= | ID=20
22:09:52.460 [Expansion Quests] Updated and saved persistent player quest data for player with UID=RtfYOYlH1-UQIr5-dCP4WXazcchC6u6wDXef5qFUQ1g= | Quest ID=120
22:09:52.470 [Expansion Quests] Create new achievement/auto-start quest for quest ID=121 for player with UID=RtfYOYlH1-UQIr5-dCP4WXazcchC6u6wDXef5qFUQ1g=
22:09:52.481 [Expansion Quests] Added new objective data for type=ACTION | Key= | ID=21
22:09:52.491 [Expansion Quests] Updated and saved persistent player quest data for player with UID=RtfYOYlH1-UQIr5-dCP4WXazcchC6u6wDXef5qFUQ1g= | Quest ID=121
22:09:52.501 [Expansion Quests] Create new achievement/auto-start quest for quest ID=122 for player with UID=RtfYOYlH1-UQIr5-dCP4WXazcchC6u6wDXef5qFUQ1g=
22:09:52.513 [Expansion Quests] Added new objective data for type=ACTION | Key= | ID=22
22:09:52.526 [Expansion Quests] Updated and saved persistent player quest data for player with UID=RtfYOYlH1-UQIr5-dCP4WXazcchC6u6wDXef5qFUQ1g= | Quest ID=122
22:09:52.538 [Expansion Quests] Create new achievement/auto-start quest for quest ID=123 for player with UID=RtfYOYlH1-UQIr5-dCP4WXazcchC6u6wDXef5qFUQ1g=
22:09:52.551 [Expansion Quests] Added new objective data for type=ACTION | Key= | ID=23
22:09:52.563 [Expansion Quests] Updated and saved persistent player quest data for player with UID=RtfYOYlH1-UQIr5-dCP4WXazcchC6u6wDXef5qFUQ1g= | Quest ID=123
22:09:52.576 [Expansion Quests] Create new achievement/auto-start quest for quest ID=124 for player with UID=RtfYOYlH1-UQIr5-dCP4WXazcchC6u6wDXef5qFUQ1g=
22:09:52.589 [Expansion Quests] Added new objective data for type=ACTION | Key= | ID=24
22:09:52.602 [Expansion Quests] Updated and saved persistent player quest data for player with UID=RtfYOYlH1-UQIr5-dCP4WXazcchC6u6wDXef5qFUQ1g= | Quest ID=124
22:09:53.985 [Expansion Quests] Sending RtfYOYlH1-UQIr5-dCP4WXazcchC6u6wDXef5qFUQ1g= quest configs to client for player with UID=RtfYOYlH1-UQIr5-dCP4WXazcchC6u6wDXef5qFUQ1g=
22:09:53.991 [Expansion Quests] Sending player quest data for 37 quests to player with UID=RtfYOYlH1-UQIr5-dCP4WXazcchC6u6wDXef5qFUQ1g=
22:09:54.229 [Expansion Quests] Added new objective data for type=TRAVEL | Key= | ID=3
22:09:54.436 [Expansion Quests] Updated and saved persistent player quest data for player with UID=RtfYOYlH1-UQIr5-dCP4WXazcchC6u6wDXef5qFUQ1g= | Quest ID=14
22:10:33.109 [SpawnSelection] Player "Survivor" (id=RtfYOYlH1-UQIr5-dCP4WXazcchC6u6wDXef5qFUQ1g=) spawned at <4543.990723, 1.901639, 2198.166260>
22:12:49.590 [Expansion Quests] Added new objective data for type=TARGET | Key= | ID=82
22:12:49.780 [Expansion Quests] Updated and saved persistent player quest data for player with UID=RtfYOYlH1-UQIr5-dCP4WXazcchC6u6wDXef5qFUQ1g= | Quest ID=50
22:12:49.785 [Expansion Quests] Player with UID=RtfYOYlH1-UQIr5-dCP4WXazcchC6u6wDXef5qFUQ1g= has completed quest with ID=50
22:12:49.989 [Expansion Quests] Updated and saved persistent player quest data for player with UID=RtfYOYlH1-UQIr5-dCP4WXazcchC6u6wDXef5qFUQ1g= | Quest ID=50
22:12:49.995 [Expansion Quests] Added new objective data for type=TARGET | Key= | ID=83
22:12:50.195 [Expansion Quests] Updated and saved persistent player quest data for player with UID=RtfYOYlH1-UQIr5-dCP4WXazcchC6u6wDXef5qFUQ1g= | Quest ID=51
22:12:50.199 [Expansion Quests] Added new objective data for type=TARGET | Key= | ID=84
22:12:50.400 [Expansion Quests] Updated and saved persistent player quest data for player with UID=RtfYOYlH1-UQIr5-dCP4WXazcchC6u6wDXef5qFUQ1g= | Quest ID=52
22:13:07.789 [Party] Player "Juto" (id=ANwBQqVVStKCILjNoABDu3SscjO3bFF-nGQjnjwyOUM=) joined the party "Ratas de laboratiorio" (id=0 ownerUID=ANwBQqVVStKCILjNoABDu3SscjO3bFF-nGQjnjwyOUM= ownerName=Juto)
22:13:08.761 [Expansion Quests] - LoadGroupQuestData - Got cached group quest data for group with ID=0
22:13:08.766 [Expansion Quests] Added new objective data for type=TRAVEL | Key=ANwBQqVVStKCILjNoABDu3SscjO3bFF-nGQjnjwyOUM= | ID=1
22:13:08.771 [Expansion Quests] Added new objective data for type=AICAMP | Key=ANwBQqVVStKCILjNoABDu3SscjO3bFF-nGQjnjwyOUM= | ID=1
22:13:17.069 [SpawnSelection] Player "Juto" (id=ANwBQqVVStKCILjNoABDu3SscjO3bFF-nGQjnjwyOUM=) spawned at <4111.905762, 1.566264, 2193.932617>
22:14:01.922 [Expansion Quests] Added new objective data for type=TARGET | Key= | ID=83
22:14:02.725 [Expansion Quests] Updated and saved persistent player quest data for player with UID=RtfYOYlH1-UQIr5-dCP4WXazcchC6u6wDXef5qFUQ1g= | Quest ID=51
22:14:02.730 [Expansion Quests] Added new objective data for type=TARGET | Key= | ID=84
22:14:02.930 [Expansion Quests] Updated and saved persistent player quest data for player with UID=RtfYOYlH1-UQIr5-dCP4WXazcchC6u6wDXef5qFUQ1g= | Quest ID=52
22:14:15.203 [AI Patrol 00022] Solnechny (Civilian) bots were wiped out (spawn position <13367.307617, 6.024970, 6274.010254>, 1/1 deceased)
22:14:15.209 [AI Patrol 00022] Global patrol count: 14
22:14:15.214 [AI Patrol 00022] Global Expansion AI count: 22 alive, 1 deceased
22:14:15.218 [AI Patrol 00022] Survivor category patrol count: 14
22:14:54.955 [AI Patrol 00018] Solnechny North (Civilian) bots were wiped out (spawn position <12886.266602, 35.576389, 7387.938965>, 1/1 deceased)
22:14:55.010 [AI Patrol 00018] Global patrol count: 13
22:14:55.074 [AI Patrol 00018] Global Expansion AI count: 21 alive, 2 deceased
22:14:55.081 [AI Patrol 00018] Survivor category patrol count: 13
22:17:29.931 [Expansion Quests] Added new objective data for type=TARGET | Key=ANwBQqVVStKCILjNoABDu3SscjO3bFF-nGQjnjwyOUM= | ID=82
22:17:30.135 [Expansion Quests] Updated and saved persistent player quest data for player with UID=ANwBQqVVStKCILjNoABDu3SscjO3bFF-nGQjnjwyOUM= | Quest ID=50
22:17:30.139 [Expansion Quests] Player with UID=ANwBQqVVStKCILjNoABDu3SscjO3bFF-nGQjnjwyOUM= has completed quest with ID=50
22:17:30.335 [Expansion Quests] Updated and saved persistent player quest data for player with UID=ANwBQqVVStKCILjNoABDu3SscjO3bFF-nGQjnjwyOUM= | Quest ID=50
22:17:30.340 [Expansion Quests] Added new objective data for type=TARGET | Key=ANwBQqVVStKCILjNoABDu3SscjO3bFF-nGQjnjwyOUM= | ID=83
22:17:30.537 [Expansion Quests] Updated and saved persistent player quest data for player with UID=ANwBQqVVStKCILjNoABDu3SscjO3bFF-nGQjnjwyOUM= | Quest ID=51
22:17:30.542 [Expansion Quests] Added new objective data for type=TARGET | Key=ANwBQqVVStKCILjNoABDu3SscjO3bFF-nGQjnjwyOUM= | ID=84
22:17:30.741 [Expansion Quests] Updated and saved persistent player quest data for player with UID=ANwBQqVVStKCILjNoABDu3SscjO3bFF-nGQjnjwyOUM= | Quest ID=52
22:17:30.746 [Expansion Quests] Added new objective data for type=TARGET | Key= | ID=83
22:17:30.946 [Expansion Quests] Updated and saved persistent player quest data for player with UID=RtfYOYlH1-UQIr5-dCP4WXazcchC6u6wDXef5qFUQ1g= | Quest ID=51
22:17:30.950 [Expansion Quests] Added new objective data for type=TARGET | Key= | ID=84
22:17:31.143 [Expansion Quests] Updated and saved persistent player quest data for player with UID=RtfYOYlH1-UQIr5-dCP4WXazcchC6u6wDXef5qFUQ1g= | Quest ID=52
22:21:55.608 [Expansion Quests] Added new objective data for type=TARGET | Key= | ID=83
22:21:55.869 [Expansion Quests] Updated and saved persistent player quest data for player with UID=RtfYOYlH1-UQIr5-dCP4WXazcchC6u6wDXef5qFUQ1g= | Quest ID=51
22:21:55.875 [Expansion Quests] Added new objective data for type=TARGET | Key= | ID=84
22:21:56.097 [Expansion Quests] Updated and saved persistent player quest data for player with UID=RtfYOYlH1-UQIr5-dCP4WXazcchC6u6wDXef5qFUQ1g= | Quest ID=52
22:22:13.088 [Expansion Quests] Added new objective data for type=TARGET | Key= | ID=83
22:22:13.283 [Expansion Quests] Updated and saved persistent player quest data for player with UID=RtfYOYlH1-UQIr5-dCP4WXazcchC6u6wDXef5qFUQ1g= | Quest ID=51
22:22:13.287 [Expansion Quests] Added new objective data for type=TARGET | Key= | ID=84
22:22:13.490 [Expansion Quests] Updated and saved persistent player quest data for player with UID=RtfYOYlH1-UQIr5-dCP4WXazcchC6u6wDXef5qFUQ1g= | Quest ID=52
22:27:59.719 [Party] Player "Juto" (id=ANwBQqVVStKCILjNoABDu3SscjO3bFF-nGQjnjwyOUM=) left the party "Ratas de laboratiorio" (id=0 ownerUID=ANwBQqVVStKCILjNoABDu3SscjO3bFF-nGQjnjwyOUM= ownerName=Juto)
22:27:59.724 [Expansion Quests] Deleted quest with ID=51 is a of player with UID=ANwBQqVVStKCILjNoABDu3SscjO3bFF-nGQjnjwyOUM=.
22:27:59.729 [Expansion Quests] Deleted quest with ID=52 is a of player with UID=ANwBQqVVStKCILjNoABDu3SscjO3bFF-nGQjnjwyOUM=.
22:27:59.735 [Expansion Quests] Deleted quest with ID=53 is a of player with UID=ANwBQqVVStKCILjNoABDu3SscjO3bFF-nGQjnjwyOUM=.
22:27:59.741 [Expansion Quests] Deleted quest with ID=54 is a of player with UID=ANwBQqVVStKCILjNoABDu3SscjO3bFF-nGQjnjwyOUM=.
22:27:59.747 [Expansion Quests] Deleted quest with ID=55 is a of player with UID=ANwBQqVVStKCILjNoABDu3SscjO3bFF-nGQjnjwyOUM=.
22:27:59.752 [Expansion Quests] Deleted quest with ID=56 is a of player with UID=ANwBQqVVStKCILjNoABDu3SscjO3bFF-nGQjnjwyOUM=.
22:27:59.758 [Expansion Quests] Deleted quest with ID=57 is a of player with UID=ANwBQqVVStKCILjNoABDu3SscjO3bFF-nGQjnjwyOUM=.
22:27:59.764 [Expansion Quests] Deleted quest with ID=58 is a of player with UID=ANwBQqVVStKCILjNoABDu3SscjO3bFF-nGQjnjwyOUM=.
22:27:59.770 [Expansion Quests] Deleted quest with ID=59 is a of player with UID=ANwBQqVVStKCILjNoABDu3SscjO3bFF-nGQjnjwyOUM=.
22:27:59.776 [Expansion Quests] Deleted quest with ID=60 is a of player with UID=ANwBQqVVStKCILjNoABDu3SscjO3bFF-nGQjnjwyOUM=.
22:27:59.782 [Expansion Quests] Deleted quest with ID=61 is a of player with UID=ANwBQqVVStKCILjNoABDu3SscjO3bFF-nGQjnjwyOUM=.
22:27:59.787 [Expansion Quests] Deleted quest with ID=100 is a of player with UID=ANwBQqVVStKCILjNoABDu3SscjO3bFF-nGQjnjwyOUM=.
22:27:59.792 [Expansion Quests] Deleted quest with ID=101 is a of player with UID=ANwBQqVVStKCILjNoABDu3SscjO3bFF-nGQjnjwyOUM=.
22:27:59.798 [Expansion Quests] Deleted quest with ID=103 is a of player with UID=ANwBQqVVStKCILjNoABDu3SscjO3bFF-nGQjnjwyOUM=.
22:27:59.803 [Expansion Quests] Deleted quest with ID=104 is a of player with UID=ANwBQqVVStKCILjNoABDu3SscjO3bFF-nGQjnjwyOUM=.
22:27:59.809 [Expansion Quests] Deleted quest with ID=105 is a of player with UID=ANwBQqVVStKCILjNoABDu3SscjO3bFF-nGQjnjwyOUM=.
22:27:59.814 [Expansion Quests] Deleted quest with ID=106 is a of player with UID=ANwBQqVVStKCILjNoABDu3SscjO3bFF-nGQjnjwyOUM=.
22:27:59.819 [Expansion Quests] Deleted quest with ID=107 is a of player with UID=ANwBQqVVStKCILjNoABDu3SscjO3bFF-nGQjnjwyOUM=.
22:27:59.824 [Expansion Quests] Deleted quest with ID=108 is a of player with UID=ANwBQqVVStKCILjNoABDu3SscjO3bFF-nGQjnjwyOUM=.
22:27:59.829 [Expansion Quests] Deleted quest with ID=109 is a of player with UID=ANwBQqVVStKCILjNoABDu3SscjO3bFF-nGQjnjwyOUM=.
22:27:59.834 [Expansion Quests] Deleted quest with ID=110 is a of player with UID=ANwBQqVVStKCILjNoABDu3SscjO3bFF-nGQjnjwyOUM=.
22:27:59.838 [Expansion Quests] Deleted quest with ID=111 is a of player with UID=ANwBQqVVStKCILjNoABDu3SscjO3bFF-nGQjnjwyOUM=.
22:27:59.843 [Expansion Quests] Deleted quest with ID=112 is a of player with UID=ANwBQqVVStKCILjNoABDu3SscjO3bFF-nGQjnjwyOUM=.
22:27:59.849 [Expansion Quests] Deleted quest with ID=113 is a of player with UID=ANwBQqVVStKCILjNoABDu3SscjO3bFF-nGQjnjwyOUM=.
22:27:59.854 [Expansion Quests] Deleted quest with ID=114 is a of player with UID=ANwBQqVVStKCILjNoABDu3SscjO3bFF-nGQjnjwyOUM=.
22:27:59.858 [Expansion Quests] Deleted quest with ID=115 is a of player with UID=ANwBQqVVStKCILjNoABDu3SscjO3bFF-nGQjnjwyOUM=.
22:27:59.863 [Expansion Quests] Deleted quest with ID=116 is a of player with UID=ANwBQqVVStKCILjNoABDu3SscjO3bFF-nGQjnjwyOUM=.
22:27:59.868 [Expansion Quests] Deleted quest with ID=117 is a of player with UID=ANwBQqVVStKCILjNoABDu3SscjO3bFF-nGQjnjwyOUM=.
22:27:59.873 [Expansion Quests] Deleted quest with ID=118 is a of player with UID=ANwBQqVVStKCILjNoABDu3SscjO3bFF-nGQjnjwyOUM=.
22:27:59.878 [Expansion Quests] Deleted quest with ID=119 is a of player with UID=ANwBQqVVStKCILjNoABDu3SscjO3bFF-nGQjnjwyOUM=.
22:27:59.883 [Expansion Quests] Deleted quest with ID=120 is a of player with UID=ANwBQqVVStKCILjNoABDu3SscjO3bFF-nGQjnjwyOUM=.
22:27:59.887 [Expansion Quests] Deleted quest with ID=121 is a of player with UID=ANwBQqVVStKCILjNoABDu3SscjO3bFF-nGQjnjwyOUM=.
22:27:59.892 [Expansion Quests] Deleted quest with ID=122 is a of player with UID=ANwBQqVVStKCILjNoABDu3SscjO3bFF-nGQjnjwyOUM=.
22:27:59.897 [Expansion Quests] Deleted quest with ID=123 is a of player with UID=ANwBQqVVStKCILjNoABDu3SscjO3bFF-nGQjnjwyOUM=.
22:27:59.902 [Expansion Quests] Deleted quest with ID=124 is a of player with UID=ANwBQqVVStKCILjNoABDu3SscjO3bFF-nGQjnjwyOUM=.
22:28:18.797 [Expansion Quests] Deleted quest with ID=14 is a of player with UID=RtfYOYlH1-UQIr5-dCP4WXazcchC6u6wDXef5qFUQ1g=.
22:28:18.802 [Expansion Quests] Deleted quest with ID=51 is a of player with UID=RtfYOYlH1-UQIr5-dCP4WXazcchC6u6wDXef5qFUQ1g=.
22:28:18.807 [Expansion Quests] Deleted quest with ID=52 is a of player with UID=RtfYOYlH1-UQIr5-dCP4WXazcchC6u6wDXef5qFUQ1g=.
22:28:18.812 [Expansion Quests] Deleted quest with ID=53 is a of player with UID=RtfYOYlH1-UQIr5-dCP4WXazcchC6u6wDXef5qFUQ1g=.
22:28:18.817 [Expansion Quests] Deleted quest with ID=54 is a of player with UID=RtfYOYlH1-UQIr5-dCP4WXazcchC6u6wDXef5qFUQ1g=.
22:28:18.822 [Expansion Quests] Deleted quest with ID=55 is a of player with UID=RtfYOYlH1-UQIr5-dCP4WXazcchC6u6wDXef5qFUQ1g=.
22:28:18.828 [Expansion Quests] Deleted quest with ID=56 is a of player with UID=RtfYOYlH1-UQIr5-dCP4WXazcchC6u6wDXef5qFUQ1g=.
22:28:18.833 [Expansion Quests] Deleted quest with ID=57 is a of player with UID=RtfYOYlH1-UQIr5-dCP4WXazcchC6u6wDXef5qFUQ1g=.
22:28:18.838 [Expansion Quests] Deleted quest with ID=58 is a of player with UID=RtfYOYlH1-UQIr5-dCP4WXazcchC6u6wDXef5qFUQ1g=.
22:28:18.843 [Expansion Quests] Deleted quest with ID=59 is a of player with UID=RtfYOYlH1-UQIr5-dCP4WXazcchC6u6wDXef5qFUQ1g=.
22:28:18.849 [Expansion Quests] Deleted quest with ID=60 is a of player with UID=RtfYOYlH1-UQIr5-dCP4WXazcchC6u6wDXef5qFUQ1g=.
22:28:18.853 [Expansion Quests] Deleted quest with ID=61 is a of player with UID=RtfYOYlH1-UQIr5-dCP4WXazcchC6u6wDXef5qFUQ1g=.
22:28:18.858 [Expansion Quests] Deleted quest with ID=100 is a of player with UID=RtfYOYlH1-UQIr5-dCP4WXazcchC6u6wDXef5qFUQ1g=.
22:28:18.864 [Expansion Quests] Deleted quest with ID=101 is a of player with UID=RtfYOYlH1-UQIr5-dCP4WXazcchC6u6wDXef5qFUQ1g=.
22:28:18.868 [Expansion Quests] Deleted quest with ID=103 is a of player with UID=RtfYOYlH1-UQIr5-dCP4WXazcchC6u6wDXef5qFUQ1g=.
22:28:18.873 [Expansion Quests] Deleted quest with ID=104 is a of player with UID=RtfYOYlH1-UQIr5-dCP4WXazcchC6u6wDXef5qFUQ1g=.
22:28:18.878 [Expansion Quests] Deleted quest with ID=105 is a of player with UID=RtfYOYlH1-UQIr5-dCP4WXazcchC6u6wDXef5qFUQ1g=.
22:28:18.883 [Expansion Quests] Deleted quest with ID=106 is a of player with UID=RtfYOYlH1-UQIr5-dCP4WXazcchC6u6wDXef5qFUQ1g=.
22:28:18.888 [Expansion Quests] Deleted quest with ID=107 is a of player with UID=RtfYOYlH1-UQIr5-dCP4WXazcchC6u6wDXef5qFUQ1g=.
22:28:18.893 [Expansion Quests] Deleted quest with ID=108 is a of player with UID=RtfYOYlH1-UQIr5-dCP4WXazcchC6u6wDXef5qFUQ1g=.
22:28:18.899 [Expansion Quests] Deleted quest with ID=109 is a of player with UID=RtfYOYlH1-UQIr5-dCP4WXazcchC6u6wDXef5qFUQ1g=.
22:28:18.904 [Expansion Quests] Deleted quest with ID=110 is a of player with UID=RtfYOYlH1-UQIr5-dCP4WXazcchC6u6wDXef5qFUQ1g=.
22:28:18.909 [Expansion Quests] Deleted quest with ID=111 is a of player with UID=RtfYOYlH1-UQIr5-dCP4WXazcchC6u6wDXef5qFUQ1g=.
22:28:18.915 [Expansion Quests] Deleted quest with ID=112 is a of player with UID=RtfYOYlH1-UQIr5-dCP4WXazcchC6u6wDXef5qFUQ1g=.
22:28:18.920 [Expansion Quests] Deleted quest with ID=113 is a of player with UID=RtfYOYlH1-UQIr5-dCP4WXazcchC6u6wDXef5qFUQ1g=.
22:28:18.925 [Expansion Quests] Deleted quest with ID=114 is a of player with UID=RtfYOYlH1-UQIr5-dCP4WXazcchC6u6wDXef5qFUQ1g=.
22:28:18.931 [Expansion Quests] Deleted quest with ID=115 is a of player with UID=RtfYOYlH1-UQIr5-dCP4WXazcchC6u6wDXef5qFUQ1g=.
22:28:18.936 [Expansion Quests] Deleted quest with ID=116 is a of player with UID=RtfYOYlH1-UQIr5-dCP4WXazcchC6u6wDXef5qFUQ1g=.
22:28:18.941 [Expansion Quests] Deleted quest with ID=117 is a of player with UID=RtfYOYlH1-UQIr5-dCP4WXazcchC6u6wDXef5qFUQ1g=.
22:28:18.947 [Expansion Quests] Deleted quest with ID=118 is a of player with UID=RtfYOYlH1-UQIr5-dCP4WXazcchC6u6wDXef5qFUQ1g=.
22:28:18.952 [Expansion Quests] Deleted quest with ID=119 is a of player with UID=RtfYOYlH1-UQIr5-dCP4WXazcchC6u6wDXef5qFUQ1g=.
22:28:18.957 [Expansion Quests] Deleted quest with ID=120 is a of player with UID=RtfYOYlH1-UQIr5-dCP4WXazcchC6u6wDXef5qFUQ1g=.
22:28:18.962 [Expansion Quests] Deleted quest with ID=121 is a of player with UID=RtfYOYlH1-UQIr5-dCP4WXazcchC6u6wDXef5qFUQ1g=.
22:28:18.967 [Expansion Quests] Deleted quest with ID=122 is a of player with UID=RtfYOYlH1-UQIr5-dCP4WXazcchC6u6wDXef5qFUQ1g=.
22:28:18.972 [Expansion Quests] Deleted quest with ID=123 is a of player with UID=RtfYOYlH1-UQIr5-dCP4WXazcchC6u6wDXef5qFUQ1g=.
22:28:18.978 [Expansion Quests] Deleted quest with ID=124 is a of player with UID=RtfYOYlH1-UQIr5-dCP4WXazcchC6u6wDXef5qFUQ1g=.
22:28:28.831 [AI Patrol 00018] Despawning 0 Solnechny North (Civilian) bots (spawn position <13185.860352, 4.186769, 7229.544922>, 1/1 deceased)
22:28:29.261 [AI Patrol 00022] Despawning 0 Solnechny (Civilian) bots (spawn position <13417.739258, 4.195276, 6596.556152>, 1/1 deceased)
22:28:44.515 [AI Patrol 00026] Elektrozavodsk West (Infected) bots were wiped out (spawn position <9989.636719, 13.159154, 2166.652588>, 1/1 deceased)
22:28:44.519 [AI Patrol 00026] Global patrol count: 12
22:28:44.524 [AI Patrol 00026] Global Expansion AI count: 20 alive, 1 deceased
22:28:44.528 [AI Patrol 00026] Survivor category patrol count: 12
22:31:48.493 [Expansion Quests] Added new objective data for type=TRAVEL | Key=0 | ID=1
22:31:48.498 [Expansion Quests] Added new objective data for type=AICAMP | Key=0 | ID=1
22:31:48.513 [Expansion Quests] Updated and saved persistent quest data for group with ID=0 | Quest ID=200
22:31:48.518 [Expansion Quests] Could not get persistent quest data for group member with UID=ANwBQqVVStKCILjNoABDu3SscjO3bFF-nGQjnjwyOUM=. Member offline?!
