20:40:30.852 [Expansion Quests] Initialize quest system on the connected client with UID=ANwBQqVVStKCILjNoABDu3SscjO3bFF-nGQjnjwyOUM=
20:40:30.905 [Expansion Quests] Loaded existing player quest data for player with UID=ANwBQqVVStKCILjNoABDu3SscjO3bFF-nGQjnjwyOUM=
20:40:30.911 [Expansion Quests] Check quest initialization for quest with ID=8 | State=STARTED | Player UID=ANwBQqVVStKCILjNoABDu3SscjO3bFF-nGQjnjwyOUM=
20:40:30.916 [Expansion Quests] Create new quest instance for quest with ID=8 | Player UID=ANwBQqVVStKCILjNoABDu3SscjO3bFF-nGQjnjwyOUM=
20:40:30.921 [Expansion Quests] Check quest initialization for quest with ID=9 | State=STARTED | Player UID=ANwBQqVVStKCILjNoABDu3SscjO3bFF-nGQjnjwyOUM=
20:40:30.928 [Expansion Quests] Create new quest instance for quest with ID=9 | Player UID=ANwBQqVVStKCILjNoABDu3SscjO3bFF-nGQjnjwyOUM=
20:40:30.933 [Expansion Quests] Check quest initialization for quest with ID=11 | State=STARTED | Player UID=ANwBQqVVStKCILjNoABDu3SscjO3bFF-nGQjnjwyOUM=
20:40:30.939 [Expansion Quests] Create new quest instance for quest with ID=11 | Player UID=ANwBQqVVStKCILjNoABDu3SscjO3bFF-nGQjnjwyOUM=
20:40:30.943 [Expansion Quests] Check quest initialization for quest with ID=14 | State=STARTED | Player UID=ANwBQqVVStKCILjNoABDu3SscjO3bFF-nGQjnjwyOUM=
20:40:30.949 [Expansion Quests] Create new quest instance for quest with ID=14 | Player UID=ANwBQqVVStKCILjNoABDu3SscjO3bFF-nGQjnjwyOUM=
20:40:30.981 [Expansion Quests] Sending ANwBQqVVStKCILjNoABDu3SscjO3bFF-nGQjnjwyOUM= quest configs to client for player with UID=ANwBQqVVStKCILjNoABDu3SscjO3bFF-nGQjnjwyOUM=
20:40:30.986 [Expansion Quests] Sending player quest data for 4 quests to player with UID=ANwBQqVVStKCILjNoABDu3SscjO3bFF-nGQjnjwyOUM=
20:40:30.997 [AI Patrol 00019] Spawning 1 Nizhneye North-East (Lunatics) bots at <13032.474609, 5.755975, 8110.518066>
20:40:31.036 [AI Patrol 00019] Global patrol count: 1
20:40:31.041 [AI Patrol 00019] Global Expansion AI count: 4 alive, 0 deceased
20:40:31.045 [AI Patrol 00019] Survivor category patrol count: 1
20:40:31.050 [AI Patrol 00018] Spawning 1 Berezino South-East (West) bots at <12640.781250, 6.000000, 9450.762695>
20:40:31.075 [AI Patrol 00018] Global patrol count: 2
20:40:31.080 [AI Patrol 00018] Global Expansion AI count: 5 alive, 0 deceased
20:40:31.085 [AI Patrol 00018] Survivor category patrol count: 2
20:40:31.091 [AI Patrol 00017] Spawning 1 Berezhki (West) bots at <15162.078125, 8.258595, 13835.192383>
20:40:31.133 [AI Patrol 00017] Global patrol count: 3
20:40:31.138 [AI Patrol 00017] Global Expansion AI count: 6 alive, 0 deceased
20:40:31.144 [AI Patrol 00017] Survivor category patrol count: 3
20:40:31.150 [AI Patrol 00016] Spawning 1 Solnechny North (Civilian) bots at <13060.773438, 14.651003, 6766.295410>
20:40:31.197 [AI Patrol 00016] Global patrol count: 4
20:40:31.203 [AI Patrol 00016] Global Expansion AI count: 7 alive, 0 deceased
20:40:31.208 [AI Patrol 00016] Survivor category patrol count: 4
20:40:31.214 [AI Patrol 00023] Spawning 1 Prigorodki South-East (East) bots at <8207.115234, 6.090119, 3115.650635>
20:40:31.262 [AI Patrol 00023] Global patrol count: 5
20:40:31.267 [AI Patrol 00023] Global Expansion AI count: 8 alive, 0 deceased
20:40:31.272 [AI Patrol 00023] Survivor category patrol count: 5
20:40:31.278 [AI Patrol 00022] Spawning 1 Chernogorsk East (Lunatics) bots at <8747.670898, 6.937114, 2357.187012>
20:40:31.321 [AI Patrol 00022] Global patrol count: 6
20:40:31.326 [AI Patrol 00022] Global Expansion AI count: 9 alive, 0 deceased
20:40:31.331 [AI Patrol 00022] Survivor category patrol count: 6
20:40:31.337 [AI Patrol 00020] Spawning 1 Elektrozavodsk North-East (East) bots at <10984.605469, 6.000000, 2750.329102>
20:40:31.370 [AI Patrol 00020] Global patrol count: 7
20:40:31.375 [AI Patrol 00020] Global Expansion AI count: 10 alive, 0 deceased
20:40:31.379 [AI Patrol 00020] Survivor category patrol count: 7
20:40:31.385 [AI Patrol 00014] Spawning 1 Berezino North-East (Infected) bots at <13161.286133, 6.147670, 10329.468750>
20:40:31.425 [AI Patrol 00014] Global patrol count: 8
20:40:31.431 [AI Patrol 00014] Global Expansion AI count: 11 alive, 0 deceased
20:40:31.436 [AI Patrol 00014] Survivor category patrol count: 8
20:40:31.441 [AI Patrol 00015] Spawning 1 Berezino North (Raiders) bots at <12592.173828, 37.214073, 10401.323242>
20:40:31.485 [AI Patrol 00015] Global patrol count: 9
20:40:31.490 [AI Patrol 00015] Global Expansion AI count: 12 alive, 0 deceased
20:40:31.495 [AI Patrol 00015] Survivor category patrol count: 9
20:40:31.501 [AI Patrol 00021] Spawning 1 Elektrozavodsk West (Infected) bots at <9675.221680, 5.562127, 1817.324585>
20:40:31.548 [AI Patrol 00021] Global patrol count: 10
20:40:31.553 [AI Patrol 00021] Global Expansion AI count: 13 alive, 0 deceased
20:40:31.558 [AI Patrol 00021] Survivor category patrol count: 10
20:40:31.761 [Expansion Quests] Added new objective data for type=TRAVEL | Key=ANwBQqVVStKCILjNoABDu3SscjO3bFF-nGQjnjwyOUM= | ID=3
20:40:31.794 [Expansion Quests] Updated and saved persistent player quest data for player with UID=ANwBQqVVStKCILjNoABDu3SscjO3bFF-nGQjnjwyOUM= | Quest ID=14
20:41:57.501 [AI Patrol 00013] Spawning 1 Svetloyarsk (Raiders) bots at <13968.963867, 3.290000, 13515.464844>
20:41:57.584 [AI Patrol 00013] Global patrol count: 11
20:41:57.620 [AI Patrol 00013] Global Expansion AI count: 14 alive, 0 deceased
20:41:57.656 [AI Patrol 00013] Survivor category patrol count: 11
20:41:59.131 [Safezone] Player "Juto" (id=ANwBQqVVStKCILjNoABDu3SscjO3bFF-nGQjnjwyOUM= pos=<3740.77, 401.78, 6017.18>) entered the safezone
20:42:04.614 [Expansion Quests] Added new objective data for type=TRAVEL | Key=ANwBQqVVStKCILjNoABDu3SscjO3bFF-nGQjnjwyOUM= | ID=3
20:42:04.646 [Expansion Quests] Updated and saved persistent player quest data for player with UID=ANwBQqVVStKCILjNoABDu3SscjO3bFF-nGQjnjwyOUM= | Quest ID=14
20:42:04.652 [Expansion Quests] Player with UID=ANwBQqVVStKCILjNoABDu3SscjO3bFF-nGQjnjwyOUM= has completed quest with ID=14
20:42:04.686 [Expansion Quests] Updated and saved persistent player quest data for player with UID=ANwBQqVVStKCILjNoABDu3SscjO3bFF-nGQjnjwyOUM= | Quest ID=14
20:42:22.419 [Expansion Quests] Added new objective data for type=TRAVEL | Key=ANwBQqVVStKCILjNoABDu3SscjO3bFF-nGQjnjwyOUM= | ID=4
20:42:22.426 [Expansion Quests] Added new objective data for type=AIPATROL | Key=ANwBQqVVStKCILjNoABDu3SscjO3bFF-nGQjnjwyOUM= | ID=1
20:42:22.486 [Expansion Quests] Updated and saved persistent player quest data for player with UID=ANwBQqVVStKCILjNoABDu3SscjO3bFF-nGQjnjwyOUM= | Quest ID=5
20:42:22.491 [Expansion Quests] Created new quest instance with instance key=ANwBQqVVStKCILjNoABDu3SscjO3bFF-nGQjnjwyOUM= for quest with ID=5
20:42:22.914 [Expansion Quests] Added new objective data for type=TRAVEL | Key=ANwBQqVVStKCILjNoABDu3SscjO3bFF-nGQjnjwyOUM= | ID=4
20:42:22.919 [Expansion Quests] Added new objective data for type=AIPATROL | Key=ANwBQqVVStKCILjNoABDu3SscjO3bFF-nGQjnjwyOUM= | ID=1
20:42:22.968 [Expansion Quests] Updated and saved persistent player quest data for player with UID=ANwBQqVVStKCILjNoABDu3SscjO3bFF-nGQjnjwyOUM= | Quest ID=5
20:42:27.972 [Expansion Quests] Added new objective data for type=CRAFTING | Key=ANwBQqVVStKCILjNoABDu3SscjO3bFF-nGQjnjwyOUM= | ID=1
20:42:27.978 [Expansion Quests] Added new objective data for type=COLLECT | Key=ANwBQqVVStKCILjNoABDu3SscjO3bFF-nGQjnjwyOUM= | ID=2
20:42:28.030 [Expansion Quests] Updated and saved persistent player quest data for player with UID=ANwBQqVVStKCILjNoABDu3SscjO3bFF-nGQjnjwyOUM= | Quest ID=13
20:42:28.035 [Expansion Quests] Created new quest instance with instance key=ANwBQqVVStKCILjNoABDu3SscjO3bFF-nGQjnjwyOUM= for quest with ID=13
20:42:56.207 [Expansion Quests] Deleted quest with ID=5 is a of player with UID=ANwBQqVVStKCILjNoABDu3SscjO3bFF-nGQjnjwyOUM=.
20:42:56.212 [Expansion Quests] Deleted quest with ID=8 is a of player with UID=ANwBQqVVStKCILjNoABDu3SscjO3bFF-nGQjnjwyOUM=.
20:42:56.218 [Expansion Quests] Deleted quest with ID=9 is a of player with UID=ANwBQqVVStKCILjNoABDu3SscjO3bFF-nGQjnjwyOUM=.
20:42:56.224 [Expansion Quests] Deleted quest with ID=11 is a of player with UID=ANwBQqVVStKCILjNoABDu3SscjO3bFF-nGQjnjwyOUM=.
20:42:56.232 [Expansion Quests] Deleted quest with ID=13 is a of player with UID=ANwBQqVVStKCILjNoABDu3SscjO3bFF-nGQjnjwyOUM=.
