15:29:03.247 [Expansion Quests] Quest configuration with ID=133 is set to inactive. Skip adding config to quest system..
15:29:03.301 [Expansion Quests] Quest configuration with ID=310 is set to inactive. Skip adding config to quest system..
15:29:03.448 [Expansion Quests] Quest configuration with ID=800 is set to inactive. Skip adding config to quest system..
15:30:05.591 [VehicleDestroyed] ExpansionMerlin_Ion (id=55B25454D949633CF32CD9B726DF3D9B pos=<4673.05, 343.73, 10360.2>)
15:30:06.970 [VehicleDeleted] ExpansionMerlin_Ion (id=5112BBF7C44AFC46A6AFC3B2EFFA4CF7 pos=<4673.05, 343.73, 10360.2> lifetime=-1)
15:35:28.598 [MissionAirdrop] An airdrop is heading towards "Berezino" (pos=<11464.000000, 0.000000, 8908.000000> type=Random_Berezino) with a ExpansionAirdropContainer_Military
15:41:19.307 [Party] Player "Juts" (id=ANwBQqVVStKCILjNoABDu3SscjO3bFF-nGQjnjwyOUM=) joined the party "Ratas de laboratiorio" (id=0 ownerUID=ANwBQqVVStKCILjNoABDu3SscjO3bFF-nGQjnjwyOUM= ownerName=Juto)
15:41:19.312 [Expansion Quests] Initialize quest system on the connected client with UID=ANwBQqVVStKCILjNoABDu3SscjO3bFF-nGQjnjwyOUM=
15:41:19.330 [Expansion Quests] Loaded existing player quest data for player with UID=ANwBQqVVStKCILjNoABDu3SscjO3bFF-nGQjnjwyOUM=
15:41:19.338 [Expansion Quests] Loaded existing group quest data for group with ID=0
15:41:19.343 [Expansion Quests] Check quest initialization for quest with ID=14 | State=COMPLETED | Player UID=ANwBQqVVStKCILjNoABDu3SscjO3bFF-nGQjnjwyOUM=
15:41:19.348 [Expansion Quests] Check quest initialization for quest with ID=50 | State=COMPLETED | Player UID=ANwBQqVVStKCILjNoABDu3SscjO3bFF-nGQjnjwyOUM=
15:41:19.353 [Expansion Quests] Check quest initialization for quest with ID=51 | State=STARTED | Player UID=ANwBQqVVStKCILjNoABDu3SscjO3bFF-nGQjnjwyOUM=
15:41:19.358 [Expansion Quests] Create new quest instance for quest with ID=51 | Player UID=ANwBQqVVStKCILjNoABDu3SscjO3bFF-nGQjnjwyOUM=
15:41:19.363 [Expansion Quests] Check quest initialization for quest with ID=52 | State=STARTED | Player UID=ANwBQqVVStKCILjNoABDu3SscjO3bFF-nGQjnjwyOUM=
15:41:19.368 [Expansion Quests] Create new quest instance for quest with ID=52 | Player UID=ANwBQqVVStKCILjNoABDu3SscjO3bFF-nGQjnjwyOUM=
15:41:19.374 [Expansion Quests] Check quest initialization for quest with ID=53 | State=COMPLETED | Player UID=ANwBQqVVStKCILjNoABDu3SscjO3bFF-nGQjnjwyOUM=
15:41:19.379 [Expansion Quests] Check quest initialization for quest with ID=54 | State=STARTED | Player UID=ANwBQqVVStKCILjNoABDu3SscjO3bFF-nGQjnjwyOUM=
15:41:19.385 [Expansion Quests] Create new quest instance for quest with ID=54 | Player UID=ANwBQqVVStKCILjNoABDu3SscjO3bFF-nGQjnjwyOUM=
15:41:19.391 [Expansion Quests] Check quest initialization for quest with ID=55 | State=STARTED | Player UID=ANwBQqVVStKCILjNoABDu3SscjO3bFF-nGQjnjwyOUM=
15:41:19.396 [Expansion Quests] Create new quest instance for quest with ID=55 | Player UID=ANwBQqVVStKCILjNoABDu3SscjO3bFF-nGQjnjwyOUM=
15:41:19.402 [Expansion Quests] Check quest initialization for quest with ID=56 | State=STARTED | Player UID=ANwBQqVVStKCILjNoABDu3SscjO3bFF-nGQjnjwyOUM=
15:41:19.407 [Expansion Quests] Create new quest instance for quest with ID=56 | Player UID=ANwBQqVVStKCILjNoABDu3SscjO3bFF-nGQjnjwyOUM=
15:41:19.413 [Expansion Quests] Check quest initialization for quest with ID=57 | State=STARTED | Player UID=ANwBQqVVStKCILjNoABDu3SscjO3bFF-nGQjnjwyOUM=
15:41:19.418 [Expansion Quests] Create new quest instance for quest with ID=57 | Player UID=ANwBQqVVStKCILjNoABDu3SscjO3bFF-nGQjnjwyOUM=
15:41:19.424 [Expansion Quests] Check quest initialization for quest with ID=58 | State=STARTED | Player UID=ANwBQqVVStKCILjNoABDu3SscjO3bFF-nGQjnjwyOUM=
15:41:19.429 [Expansion Quests] Create new quest instance for quest with ID=58 | Player UID=ANwBQqVVStKCILjNoABDu3SscjO3bFF-nGQjnjwyOUM=
15:41:19.435 [Expansion Quests] Check quest initialization for quest with ID=59 | State=STARTED | Player UID=ANwBQqVVStKCILjNoABDu3SscjO3bFF-nGQjnjwyOUM=
15:41:19.440 [Expansion Quests] Create new quest instance for quest with ID=59 | Player UID=ANwBQqVVStKCILjNoABDu3SscjO3bFF-nGQjnjwyOUM=
15:41:19.446 [Expansion Quests] Check quest initialization for quest with ID=60 | State=STARTED | Player UID=ANwBQqVVStKCILjNoABDu3SscjO3bFF-nGQjnjwyOUM=
15:41:19.451 [Expansion Quests] Create new quest instance for quest with ID=60 | Player UID=ANwBQqVVStKCILjNoABDu3SscjO3bFF-nGQjnjwyOUM=
15:41:19.457 [Expansion Quests] Check quest initialization for quest with ID=61 | State=STARTED | Player UID=ANwBQqVVStKCILjNoABDu3SscjO3bFF-nGQjnjwyOUM=
15:41:19.462 [Expansion Quests] Create new quest instance for quest with ID=61 | Player UID=ANwBQqVVStKCILjNoABDu3SscjO3bFF-nGQjnjwyOUM=
15:41:19.560 [Expansion Quests] Sending ANwBQqVVStKCILjNoABDu3SscjO3bFF-nGQjnjwyOUM= quest configs to client for player with UID=ANwBQqVVStKCILjNoABDu3SscjO3bFF-nGQjnjwyOUM=
15:41:19.566 [Expansion Quests] Sending player quest data for 13 quests to player with UID=ANwBQqVVStKCILjNoABDu3SscjO3bFF-nGQjnjwyOUM=
15:41:19.676 [AI Patrol 00019] Loaded 1 persistent Berezino North-East (Lunatics) bots at <12102.898438, 53.739544, 9055.788086>
15:41:19.681 [AI Patrol 00019] Global patrol count: 1
15:41:19.686 [AI Patrol 00019] Global Expansion AI count: 7 alive, 0 deceased
15:41:19.691 [AI Patrol 00019] Survivor category patrol count: 1
15:41:19.827 [AI Patrol 00031] Loaded 1 persistent Prigorodki South-East (Civilian) bots at <5119.509277, 287.138672, 6396.523926>
15:41:19.831 [AI Patrol 00031] Global patrol count: 2
15:41:19.836 [AI Patrol 00031] Global Expansion AI count: 8 alive, 0 deceased
15:41:19.841 [AI Patrol 00031] Survivor category patrol count: 2
15:41:19.943 [AI Patrol 00028] Loaded 1 persistent Elektrozavodsk North-West (Guards) bots at <6528.025391, 359.550110, 6381.673828>
15:41:19.950 [AI Patrol 00028] Global patrol count: 3
15:41:19.955 [AI Patrol 00028] Global Expansion AI count: 9 alive, 0 deceased
15:41:19.960 [AI Patrol 00028] Survivor category patrol count: 3
15:41:20.066 [AI Patrol 00020] Loaded 1 persistent Berezino North (East) bots at <13933.658203, 19.389418, 13184.365234>
15:41:20.072 [AI Patrol 00020] Global patrol count: 4
15:41:20.078 [AI Patrol 00020] Global Expansion AI count: 10 alive, 0 deceased
15:41:20.083 [AI Patrol 00020] Survivor category patrol count: 4
15:41:20.186 [AI Patrol 00025] Loaded 1 persistent Solnechny South (Shamans) bots at <7797.941406, 221.946121, 5361.874512>
15:41:20.191 [AI Patrol 00025] Global patrol count: 5
15:41:20.196 [AI Patrol 00025] Global Expansion AI count: 11 alive, 0 deceased
15:41:20.200 [AI Patrol 00025] Survivor category patrol count: 5
15:41:20.231 [AI Patrol 00024] Loaded 1 persistent Solnechny (Shamans) bots at <13512.021484, 3.175034, 6371.844727>
15:41:20.235 [AI Patrol 00024] Global patrol count: 6
15:41:20.240 [AI Patrol 00024] Global Expansion AI count: 12 alive, 0 deceased
15:41:20.244 [AI Patrol 00024] Survivor category patrol count: 6
15:41:20.345 [AI Patrol 00032] Loaded 1 persistent Chernogorsk (Infected) bots at <10938.247070, 264.396454, 8592.688477>
15:41:20.354 [AI Patrol 00032] Global patrol count: 7
15:41:20.359 [AI Patrol 00032] Global Expansion AI count: 13 alive, 0 deceased
15:41:20.363 [AI Patrol 00032] Survivor category patrol count: 7
15:41:20.468 [AI Patrol 00026] Loaded 1 persistent Kamyshovo (Shamans) bots at <7845.566406, 6.069279, 3109.911621>
15:41:20.473 [AI Patrol 00026] Global patrol count: 8
15:41:20.478 [AI Patrol 00026] Global Expansion AI count: 14 alive, 0 deceased
15:41:20.482 [AI Patrol 00026] Survivor category patrol count: 8
15:41:20.564 [AI Patrol 00027] Loaded 1 persistent Elektrozavodsk North-East (Civilian) bots at <10321.963867, 6.024888, 1919.726685>
15:41:20.570 [AI Patrol 00027] Global patrol count: 9
15:41:20.576 [AI Patrol 00027] Global Expansion AI count: 15 alive, 0 deceased
15:41:20.581 [AI Patrol 00027] Survivor category patrol count: 9
15:41:20.654 [AI Patrol 00017] Loaded 1 persistent Svetloyarsk (Infected) bots at <13571.150391, 11.790559, 13982.468750>
15:41:20.659 [AI Patrol 00017] Global patrol count: 10
15:41:20.664 [AI Patrol 00017] Global Expansion AI count: 16 alive, 0 deceased
15:41:20.669 [AI Patrol 00017] Survivor category patrol count: 10
15:41:20.740 [AI Patrol 00030] Loaded 1 persistent Chernogorsk East (Raiders) bots at <12872.958008, 172.729324, 4473.239746>
15:41:20.746 [AI Patrol 00030] Global patrol count: 11
15:41:20.751 [AI Patrol 00030] Global Expansion AI count: 17 alive, 0 deceased
15:41:20.756 [AI Patrol 00030] Survivor category patrol count: 11
15:41:20.880 [AI Patrol 00018] Loaded 1 persistent Svetloyarsk South-East (Lunatics) bots at <11477.396484, 188.868805, 13363.317383>
15:41:20.885 [AI Patrol 00018] Global patrol count: 12
15:41:20.890 [AI Patrol 00018] Global Expansion AI count: 18 alive, 0 deceased
15:41:20.895 [AI Patrol 00018] Survivor category patrol count: 12
15:41:20.900 [AI Patrol 00021] Spawning 1 Solnechny North (Lunatics) bots at <13112.019531, 6.004272, 7386.629883>
15:41:20.940 [AI Patrol 00021] Global patrol count: 13
15:41:20.946 [AI Patrol 00021] Global Expansion AI count: 19 alive, 0 deceased
15:41:20.951 [AI Patrol 00021] Survivor category patrol count: 13
15:41:21.073 [AI Patrol 00022] Loaded 1 persistent Berezino South-East (Mercenaries) bots at <12004.032227, 56.632961, 9124.441406>
15:41:21.077 [AI Patrol 00022] Global patrol count: 14
15:41:21.082 [AI Patrol 00022] Global Expansion AI count: 20 alive, 0 deceased
15:41:21.087 [AI Patrol 00022] Survivor category patrol count: 14
15:41:21.211 [AI Patrol 00023] Loaded 1 persistent Nizhneye North-East (Shamans) bots at <3993.666992, 356.372131, 11945.689453>
15:41:21.216 [AI Patrol 00023] Global patrol count: 15
15:41:21.221 [AI Patrol 00023] Global Expansion AI count: 21 alive, 0 deceased
15:41:21.226 [AI Patrol 00023] Survivor category patrol count: 15
15:41:21.764 [Expansion Quests] - LoadGroupQuestData - Got cached group quest data for group with ID=0
15:42:49.864 [VehicleDestroyed] ExpansionMerlin_Dahoman (id=1326A8DCD84CF934F6ED3EB9520ABE2C pos=<4673.35, 344.09, 10361.3>)
15:49:45.329 [VehicleDeleted] ExpansionMerlin_Dahoman (id=1326A8DCD84CF934F6ED3EB9520ABE2C pos=<4673.07, 343.69, 10360.2> lifetime=-1)
15:51:52.723 [VehicleDestroyed] ExpansionMerlin_Ion (id=C8383ADFA14AE0A4A5B985AD4282A07F pos=<4673.11, 344.17, 10361>)
15:54:08.767 [Party] Player "Juts" (id=ANwBQqVVStKCILjNoABDu3SscjO3bFF-nGQjnjwyOUM=) joined the party "Ratas de laboratiorio" (id=0 ownerUID=ANwBQqVVStKCILjNoABDu3SscjO3bFF-nGQjnjwyOUM= ownerName=Juto)
15:54:09.735 [Expansion Quests] - LoadGroupQuestData - Got cached group quest data for group with ID=0
15:54:15.609 [SpawnSelection] Player "Juts" (id=ANwBQqVVStKCILjNoABDu3SscjO3bFF-nGQjnjwyOUM=) spawned at <9153.536133, 3.421117, 1914.300659>
15:55:44.265 [Party] Player "Juts" (id=ANwBQqVVStKCILjNoABDu3SscjO3bFF-nGQjnjwyOUM=) left the party "Ratas de laboratiorio" (id=0 ownerUID=ANwBQqVVStKCILjNoABDu3SscjO3bFF-nGQjnjwyOUM= ownerName=Juto)
15:55:44.271 [Expansion Quests] Deleted quest with ID=51 is a of player with UID=ANwBQqVVStKCILjNoABDu3SscjO3bFF-nGQjnjwyOUM=.
15:55:44.277 [Expansion Quests] Deleted quest with ID=52 is a of player with UID=ANwBQqVVStKCILjNoABDu3SscjO3bFF-nGQjnjwyOUM=.
15:55:44.283 [Expansion Quests] Deleted quest with ID=54 is a of player with UID=ANwBQqVVStKCILjNoABDu3SscjO3bFF-nGQjnjwyOUM=.
15:55:44.289 [Expansion Quests] Deleted quest with ID=55 is a of player with UID=ANwBQqVVStKCILjNoABDu3SscjO3bFF-nGQjnjwyOUM=.
15:55:44.294 [Expansion Quests] Deleted quest with ID=56 is a of player with UID=ANwBQqVVStKCILjNoABDu3SscjO3bFF-nGQjnjwyOUM=.
15:55:44.300 [Expansion Quests] Deleted quest with ID=57 is a of player with UID=ANwBQqVVStKCILjNoABDu3SscjO3bFF-nGQjnjwyOUM=.
15:55:44.305 [Expansion Quests] Deleted quest with ID=58 is a of player with UID=ANwBQqVVStKCILjNoABDu3SscjO3bFF-nGQjnjwyOUM=.
15:55:44.310 [Expansion Quests] Deleted quest with ID=59 is a of player with UID=ANwBQqVVStKCILjNoABDu3SscjO3bFF-nGQjnjwyOUM=.
15:55:44.316 [Expansion Quests] Deleted quest with ID=60 is a of player with UID=ANwBQqVVStKCILjNoABDu3SscjO3bFF-nGQjnjwyOUM=.
15:55:44.322 [Expansion Quests] Deleted quest with ID=61 is a of player with UID=ANwBQqVVStKCILjNoABDu3SscjO3bFF-nGQjnjwyOUM=.
