17:51:09.599 [Expansion Quests] Quest configuration with ID=133 is set to inactive. Skip adding config to quest system..
17:51:09.649 [Expansion Quests] Quest configuration with ID=310 is set to inactive. Skip adding config to quest system..
17:51:09.787 [Expansion Quests] Quest configuration with ID=800 is set to inactive. Skip adding config to quest system..
17:52:58.407 [Party] Player "Juts" (id=ANwBQqVVStKCILjNoABDu3SscjO3bFF-nGQjnjwyOUM=) joined the party "Ratas de laboratiorio" (id=0 ownerUID=ANwBQqVVStKCILjNoABDu3SscjO3bFF-nGQjnjwyOUM= ownerName=Juto)
17:52:58.459 [Expansion Quests] Initialize quest system on the connected client with UID=ANwBQqVVStKCILjNoABDu3SscjO3bFF-nGQjnjwyOUM=
17:52:58.587 [Expansion Quests] Loaded existing player quest data for player with UID=ANwBQqVVStKCILjNoABDu3SscjO3bFF-nGQjnjwyOUM=
17:52:58.688 [Expansion Quests] Loaded existing group quest data for group with ID=0
17:52:58.741 [Expansion Quests] Check quest initialization for quest with ID=14 | State=COMPLETED | Player UID=ANwBQqVVStKCILjNoABDu3SscjO3bFF-nGQjnjwyOUM=
17:52:58.794 [Expansion Quests] Check quest initialization for quest with ID=50 | State=COMPLETED | Player UID=ANwBQqVVStKCILjNoABDu3SscjO3bFF-nGQjnjwyOUM=
17:52:58.848 [Expansion Quests] Check quest initialization for quest with ID=51 | State=STARTED | Player UID=ANwBQqVVStKCILjNoABDu3SscjO3bFF-nGQjnjwyOUM=
17:52:58.875 [Expansion Quests] Create new quest instance for quest with ID=51 | Player UID=ANwBQqVVStKCILjNoABDu3SscjO3bFF-nGQjnjwyOUM=
17:52:58.880 [Expansion Quests] Check quest initialization for quest with ID=52 | State=STARTED | Player UID=ANwBQqVVStKCILjNoABDu3SscjO3bFF-nGQjnjwyOUM=
17:52:58.885 [Expansion Quests] Create new quest instance for quest with ID=52 | Player UID=ANwBQqVVStKCILjNoABDu3SscjO3bFF-nGQjnjwyOUM=
17:52:58.891 [Expansion Quests] Check quest initialization for quest with ID=53 | State=STARTED | Player UID=ANwBQqVVStKCILjNoABDu3SscjO3bFF-nGQjnjwyOUM=
17:52:58.927 [Expansion Quests] Create new quest instance for quest with ID=53 | Player UID=ANwBQqVVStKCILjNoABDu3SscjO3bFF-nGQjnjwyOUM=
17:52:58.949 [Expansion Quests] Check quest initialization for quest with ID=54 | State=STARTED | Player UID=ANwBQqVVStKCILjNoABDu3SscjO3bFF-nGQjnjwyOUM=
17:52:58.972 [Expansion Quests] Create new quest instance for quest with ID=54 | Player UID=ANwBQqVVStKCILjNoABDu3SscjO3bFF-nGQjnjwyOUM=
17:52:58.995 [Expansion Quests] Check quest initialization for quest with ID=55 | State=STARTED | Player UID=ANwBQqVVStKCILjNoABDu3SscjO3bFF-nGQjnjwyOUM=
17:52:59.020 [Expansion Quests] Create new quest instance for quest with ID=55 | Player UID=ANwBQqVVStKCILjNoABDu3SscjO3bFF-nGQjnjwyOUM=
17:52:59.047 [Expansion Quests] Check quest initialization for quest with ID=56 | State=STARTED | Player UID=ANwBQqVVStKCILjNoABDu3SscjO3bFF-nGQjnjwyOUM=
17:52:59.076 [Expansion Quests] Create new quest instance for quest with ID=56 | Player UID=ANwBQqVVStKCILjNoABDu3SscjO3bFF-nGQjnjwyOUM=
17:52:59.108 [Expansion Quests] Check quest initialization for quest with ID=57 | State=STARTED | Player UID=ANwBQqVVStKCILjNoABDu3SscjO3bFF-nGQjnjwyOUM=
17:52:59.143 [Expansion Quests] Create new quest instance for quest with ID=57 | Player UID=ANwBQqVVStKCILjNoABDu3SscjO3bFF-nGQjnjwyOUM=
17:52:59.179 [Expansion Quests] Check quest initialization for quest with ID=58 | State=STARTED | Player UID=ANwBQqVVStKCILjNoABDu3SscjO3bFF-nGQjnjwyOUM=
17:52:59.216 [Expansion Quests] Create new quest instance for quest with ID=58 | Player UID=ANwBQqVVStKCILjNoABDu3SscjO3bFF-nGQjnjwyOUM=
17:52:59.253 [Expansion Quests] Check quest initialization for quest with ID=59 | State=STARTED | Player UID=ANwBQqVVStKCILjNoABDu3SscjO3bFF-nGQjnjwyOUM=
17:52:59.290 [Expansion Quests] Create new quest instance for quest with ID=59 | Player UID=ANwBQqVVStKCILjNoABDu3SscjO3bFF-nGQjnjwyOUM=
17:52:59.328 [Expansion Quests] Check quest initialization for quest with ID=60 | State=STARTED | Player UID=ANwBQqVVStKCILjNoABDu3SscjO3bFF-nGQjnjwyOUM=
17:52:59.366 [Expansion Quests] Create new quest instance for quest with ID=60 | Player UID=ANwBQqVVStKCILjNoABDu3SscjO3bFF-nGQjnjwyOUM=
17:52:59.408 [Expansion Quests] Check quest initialization for quest with ID=61 | State=STARTED | Player UID=ANwBQqVVStKCILjNoABDu3SscjO3bFF-nGQjnjwyOUM=
17:52:59.455 [Expansion Quests] Create new quest instance for quest with ID=61 | Player UID=ANwBQqVVStKCILjNoABDu3SscjO3bFF-nGQjnjwyOUM=
17:52:59.504 [Expansion Quests] Check quest initialization for quest with ID=200 | State=STARTED | Player UID=ANwBQqVVStKCILjNoABDu3SscjO3bFF-nGQjnjwyOUM=
17:52:59.554 [Expansion Quests] Used quest state from persistent group data for quest with ID=200 | State=STARTED | Group ID=0
17:52:59.605 [Expansion Quests] Create new quest instance for quest with ID=200 | Player UID=ANwBQqVVStKCILjNoABDu3SscjO3bFF-nGQjnjwyOUM=
17:52:59.657 [Expansion Quests] Player is member of group with ID=0. Set group ID for quest with ID=200. Owner UID=ANwBQqVVStKCILjNoABDu3SscjO3bFF-nGQjnjwyOUM=
17:52:59.712 [Expansion Quests] Check quest initialization for quest with ID=100 | State=STARTED | Player UID=ANwBQqVVStKCILjNoABDu3SscjO3bFF-nGQjnjwyOUM=
17:52:59.765 [Expansion Quests] Create new quest instance for quest with ID=100 | Player UID=ANwBQqVVStKCILjNoABDu3SscjO3bFF-nGQjnjwyOUM=
17:52:59.819 [Expansion Quests] Check quest initialization for quest with ID=101 | State=STARTED | Player UID=ANwBQqVVStKCILjNoABDu3SscjO3bFF-nGQjnjwyOUM=
17:52:59.861 [Expansion Quests] Create new quest instance for quest with ID=101 | Player UID=ANwBQqVVStKCILjNoABDu3SscjO3bFF-nGQjnjwyOUM=
17:52:59.913 [Expansion Quests] Check quest initialization for quest with ID=103 | State=STARTED | Player UID=ANwBQqVVStKCILjNoABDu3SscjO3bFF-nGQjnjwyOUM=
17:52:59.963 [Expansion Quests] Create new quest instance for quest with ID=103 | Player UID=ANwBQqVVStKCILjNoABDu3SscjO3bFF-nGQjnjwyOUM=
17:53:00.015 [Expansion Quests] Check quest initialization for quest with ID=104 | State=STARTED | Player UID=ANwBQqVVStKCILjNoABDu3SscjO3bFF-nGQjnjwyOUM=
17:53:00.042 [Expansion Quests] Create new quest instance for quest with ID=104 | Player UID=ANwBQqVVStKCILjNoABDu3SscjO3bFF-nGQjnjwyOUM=
17:53:00.069 [Expansion Quests] Check quest initialization for quest with ID=105 | State=STARTED | Player UID=ANwBQqVVStKCILjNoABDu3SscjO3bFF-nGQjnjwyOUM=
17:53:00.112 [Expansion Quests] Create new quest instance for quest with ID=105 | Player UID=ANwBQqVVStKCILjNoABDu3SscjO3bFF-nGQjnjwyOUM=
17:53:00.152 [Expansion Quests] Check quest initialization for quest with ID=106 | State=STARTED | Player UID=ANwBQqVVStKCILjNoABDu3SscjO3bFF-nGQjnjwyOUM=
17:53:00.190 [Expansion Quests] Create new quest instance for quest with ID=106 | Player UID=ANwBQqVVStKCILjNoABDu3SscjO3bFF-nGQjnjwyOUM=
17:53:00.229 [Expansion Quests] Check quest initialization for quest with ID=107 | State=STARTED | Player UID=ANwBQqVVStKCILjNoABDu3SscjO3bFF-nGQjnjwyOUM=
17:53:00.269 [Expansion Quests] Create new quest instance for quest with ID=107 | Player UID=ANwBQqVVStKCILjNoABDu3SscjO3bFF-nGQjnjwyOUM=
17:53:00.310 [Expansion Quests] Check quest initialization for quest with ID=108 | State=STARTED | Player UID=ANwBQqVVStKCILjNoABDu3SscjO3bFF-nGQjnjwyOUM=
17:53:00.352 [Expansion Quests] Create new quest instance for quest with ID=108 | Player UID=ANwBQqVVStKCILjNoABDu3SscjO3bFF-nGQjnjwyOUM=
17:53:00.396 [Expansion Quests] Check quest initialization for quest with ID=109 | State=STARTED | Player UID=ANwBQqVVStKCILjNoABDu3SscjO3bFF-nGQjnjwyOUM=
17:53:00.439 [Expansion Quests] Create new quest instance for quest with ID=109 | Player UID=ANwBQqVVStKCILjNoABDu3SscjO3bFF-nGQjnjwyOUM=
17:53:00.485 [Expansion Quests] Check quest initialization for quest with ID=110 | State=STARTED | Player UID=ANwBQqVVStKCILjNoABDu3SscjO3bFF-nGQjnjwyOUM=
17:53:00.530 [Expansion Quests] Create new quest instance for quest with ID=110 | Player UID=ANwBQqVVStKCILjNoABDu3SscjO3bFF-nGQjnjwyOUM=
17:53:00.578 [Expansion Quests] Check quest initialization for quest with ID=111 | State=STARTED | Player UID=ANwBQqVVStKCILjNoABDu3SscjO3bFF-nGQjnjwyOUM=
17:53:00.626 [Expansion Quests] Create new quest instance for quest with ID=111 | Player UID=ANwBQqVVStKCILjNoABDu3SscjO3bFF-nGQjnjwyOUM=
17:53:00.676 [Expansion Quests] Check quest initialization for quest with ID=112 | State=STARTED | Player UID=ANwBQqVVStKCILjNoABDu3SscjO3bFF-nGQjnjwyOUM=
17:53:00.726 [Expansion Quests] Create new quest instance for quest with ID=112 | Player UID=ANwBQqVVStKCILjNoABDu3SscjO3bFF-nGQjnjwyOUM=
17:53:00.776 [Expansion Quests] Check quest initialization for quest with ID=113 | State=STARTED | Player UID=ANwBQqVVStKCILjNoABDu3SscjO3bFF-nGQjnjwyOUM=
17:53:00.827 [Expansion Quests] Create new quest instance for quest with ID=113 | Player UID=ANwBQqVVStKCILjNoABDu3SscjO3bFF-nGQjnjwyOUM=
17:53:00.878 [Expansion Quests] Check quest initialization for quest with ID=114 | State=STARTED | Player UID=ANwBQqVVStKCILjNoABDu3SscjO3bFF-nGQjnjwyOUM=
17:53:00.931 [Expansion Quests] Create new quest instance for quest with ID=114 | Player UID=ANwBQqVVStKCILjNoABDu3SscjO3bFF-nGQjnjwyOUM=
17:53:00.983 [Expansion Quests] Check quest initialization for quest with ID=115 | State=STARTED | Player UID=ANwBQqVVStKCILjNoABDu3SscjO3bFF-nGQjnjwyOUM=
17:53:00.993 [Expansion Quests] Create new quest instance for quest with ID=115 | Player UID=ANwBQqVVStKCILjNoABDu3SscjO3bFF-nGQjnjwyOUM=
17:53:00.998 [Expansion Quests] Check quest initialization for quest with ID=116 | State=STARTED | Player UID=ANwBQqVVStKCILjNoABDu3SscjO3bFF-nGQjnjwyOUM=
17:53:01.003 [Expansion Quests] Create new quest instance for quest with ID=116 | Player UID=ANwBQqVVStKCILjNoABDu3SscjO3bFF-nGQjnjwyOUM=
17:53:01.008 [Expansion Quests] Check quest initialization for quest with ID=117 | State=STARTED | Player UID=ANwBQqVVStKCILjNoABDu3SscjO3bFF-nGQjnjwyOUM=
17:53:01.013 [Expansion Quests] Create new quest instance for quest with ID=117 | Player UID=ANwBQqVVStKCILjNoABDu3SscjO3bFF-nGQjnjwyOUM=
17:53:01.017 [Expansion Quests] Check quest initialization for quest with ID=118 | State=STARTED | Player UID=ANwBQqVVStKCILjNoABDu3SscjO3bFF-nGQjnjwyOUM=
17:53:01.022 [Expansion Quests] Create new quest instance for quest with ID=118 | Player UID=ANwBQqVVStKCILjNoABDu3SscjO3bFF-nGQjnjwyOUM=
17:53:01.027 [Expansion Quests] Check quest initialization for quest with ID=119 | State=STARTED | Player UID=ANwBQqVVStKCILjNoABDu3SscjO3bFF-nGQjnjwyOUM=
17:53:01.031 [Expansion Quests] Create new quest instance for quest with ID=119 | Player UID=ANwBQqVVStKCILjNoABDu3SscjO3bFF-nGQjnjwyOUM=
17:53:01.037 [Expansion Quests] Check quest initialization for quest with ID=120 | State=STARTED | Player UID=ANwBQqVVStKCILjNoABDu3SscjO3bFF-nGQjnjwyOUM=
17:53:01.041 [Expansion Quests] Create new quest instance for quest with ID=120 | Player UID=ANwBQqVVStKCILjNoABDu3SscjO3bFF-nGQjnjwyOUM=
17:53:01.046 [Expansion Quests] Check quest initialization for quest with ID=121 | State=STARTED | Player UID=ANwBQqVVStKCILjNoABDu3SscjO3bFF-nGQjnjwyOUM=
17:53:01.051 [Expansion Quests] Create new quest instance for quest with ID=121 | Player UID=ANwBQqVVStKCILjNoABDu3SscjO3bFF-nGQjnjwyOUM=
17:53:01.056 [Expansion Quests] Check quest initialization for quest with ID=122 | State=STARTED | Player UID=ANwBQqVVStKCILjNoABDu3SscjO3bFF-nGQjnjwyOUM=
17:53:01.061 [Expansion Quests] Create new quest instance for quest with ID=122 | Player UID=ANwBQqVVStKCILjNoABDu3SscjO3bFF-nGQjnjwyOUM=
17:53:01.066 [Expansion Quests] Check quest initialization for quest with ID=123 | State=STARTED | Player UID=ANwBQqVVStKCILjNoABDu3SscjO3bFF-nGQjnjwyOUM=
17:53:01.071 [Expansion Quests] Create new quest instance for quest with ID=123 | Player UID=ANwBQqVVStKCILjNoABDu3SscjO3bFF-nGQjnjwyOUM=
17:53:01.076 [Expansion Quests] Check quest initialization for quest with ID=124 | State=STARTED | Player UID=ANwBQqVVStKCILjNoABDu3SscjO3bFF-nGQjnjwyOUM=
17:53:01.080 [Expansion Quests] Create new quest instance for quest with ID=124 | Player UID=ANwBQqVVStKCILjNoABDu3SscjO3bFF-nGQjnjwyOUM=
17:53:01.311 [Expansion Quests] Sending ANwBQqVVStKCILjNoABDu3SscjO3bFF-nGQjnjwyOUM= quest configs to client for player with UID=ANwBQqVVStKCILjNoABDu3SscjO3bFF-nGQjnjwyOUM=
17:53:01.317 [Expansion Quests] Sending player quest data for 38 quests to player with UID=ANwBQqVVStKCILjNoABDu3SscjO3bFF-nGQjnjwyOUM=
17:53:01.327 [AI Patrol 00024] Spawning 1 Solnechny (Lunatics) bots at <13417.739258, 4.195276, 6596.556152>
17:53:01.369 [AI Patrol 00024] Global patrol count: 1
17:53:01.374 [AI Patrol 00024] Global Expansion AI count: 7 alive, 0 deceased
17:53:01.378 [AI Patrol 00024] Survivor category patrol count: 1
17:53:01.384 [AI Patrol 00022] Spawning 1 Berezino South-East (Guards) bots at <12640.781250, 6.000000, 9450.762695>
17:53:01.413 [AI Patrol 00022] Global patrol count: 2
17:53:01.417 [AI Patrol 00022] Global Expansion AI count: 8 alive, 0 deceased
17:53:01.422 [AI Patrol 00022] Survivor category patrol count: 2
17:53:01.427 [AI Patrol 00019] Spawning 1 Berezino North (Mercenaries) bots at <12592.173828, 37.214073, 10401.323242>
17:53:01.463 [AI Patrol 00019] Global patrol count: 3
17:53:01.468 [AI Patrol 00019] Global Expansion AI count: 9 alive, 0 deceased
17:53:01.478 [AI Patrol 00019] Survivor category patrol count: 3
17:53:01.513 [AI Patrol 00025] Spawning 1 Solnechny South (Infected) bots at <13425.271484, 5.409149, 5776.353027>
17:53:01.540 [AI Patrol 00025] Global patrol count: 4
17:53:01.545 [AI Patrol 00025] Global Expansion AI count: 10 alive, 0 deceased
17:53:01.550 [AI Patrol 00025] Survivor category patrol count: 4
17:53:01.555 [AI Patrol 00023] Spawning 1 Nizhneye North-East (Guards) bots at <13043.561523, 5.785259, 7886.443359>
17:53:01.588 [AI Patrol 00023] Global patrol count: 5
17:53:01.607 [AI Patrol 00023] Global Expansion AI count: 11 alive, 0 deceased
17:53:01.612 [AI Patrol 00023] Survivor category patrol count: 5
17:53:01.617 [AI Patrol 00026] Spawning 1 Kamyshovo (Infected) bots at <12336.774414, 5.013107, 3503.847168>
17:53:01.639 [AI Patrol 00026] Global patrol count: 6
17:53:01.644 [AI Patrol 00026] Global Expansion AI count: 12 alive, 0 deceased
17:53:01.649 [AI Patrol 00026] Survivor category patrol count: 6
17:53:01.668 [AI Patrol 00021] Spawning 1 Berezhki (Raiders) bots at <15162.078125, 8.258595, 13835.192383>
17:53:01.697 [AI Patrol 00021] Global patrol count: 7
17:53:01.701 [AI Patrol 00021] Global Expansion AI count: 13 alive, 0 deceased
17:53:01.707 [AI Patrol 00021] Survivor category patrol count: 7
17:53:01.712 [AI Patrol 00027] Spawning 1 Elektrozavodsk North-East (Raiders) bots at <10576.979492, 6.148991, 2050.905762>
17:53:01.742 [AI Patrol 00027] Global patrol count: 8
17:53:01.747 [AI Patrol 00027] Global Expansion AI count: 14 alive, 0 deceased
17:53:01.751 [AI Patrol 00027] Survivor category patrol count: 8
17:53:01.756 [AI Patrol 00018] Spawning 1 Svetloyarsk South-East (Raiders) bots at <14409.652344, 18.657755, 13367.867188>
17:53:01.793 [AI Patrol 00018] Global patrol count: 9
17:53:01.797 [AI Patrol 00018] Global Expansion AI count: 15 alive, 0 deceased
17:53:01.802 [AI Patrol 00018] Survivor category patrol count: 9
17:53:01.808 [AI Patrol 00017] Spawning 1 Svetloyarsk (Shamans) bots at <13968.963867, 3.290000, 13515.464844>
17:53:01.849 [AI Patrol 00017] Global patrol count: 10
17:53:01.854 [AI Patrol 00017] Global Expansion AI count: 16 alive, 0 deceased
17:53:01.859 [AI Patrol 00017] Survivor category patrol count: 10
17:53:01.864 [AI Patrol 00029] Spawning 1 Prigorodki South-East (Infected) bots at <8207.115234, 6.090119, 3115.650635>
17:53:01.898 [AI Patrol 00029] Global patrol count: 11
17:53:01.903 [AI Patrol 00029] Global Expansion AI count: 17 alive, 0 deceased
17:53:01.907 [AI Patrol 00029] Survivor category patrol count: 11
17:53:01.912 [AI Patrol 00030] Spawning 1 Chernogorsk (Lunatics) bots at <6063.018555, 7.998339, 1931.907227>
17:53:01.946 [AI Patrol 00030] Global patrol count: 12
17:53:01.951 [AI Patrol 00030] Global Expansion AI count: 18 alive, 0 deceased
17:53:01.956 [AI Patrol 00030] Survivor category patrol count: 12
17:53:01.962 [AI Patrol 00020] Spawning 1 Solnechny North (Raiders) bots at <13112.019531, 6.004272, 7386.629883>
17:53:01.994 [AI Patrol 00020] Global patrol count: 13
17:53:01.999 [AI Patrol 00020] Global Expansion AI count: 19 alive, 0 deceased
17:53:02.004 [AI Patrol 00020] Survivor category patrol count: 13
17:53:02.087 [Expansion Quests] Added new objective data for type=TRAVEL | Key=0 | ID=1
17:53:02.092 [Expansion Quests] Added new objective data for type=AICAMP | Key=0 | ID=1
17:53:02.108 [Expansion Quests] Updated and saved persistent quest data for group with ID=0 | Quest ID=200
17:53:02.113 [Expansion Quests] Added new objective data for type=TRAVEL | Key=ANwBQqVVStKCILjNoABDu3SscjO3bFF-nGQjnjwyOUM= | ID=1
17:53:02.118 [Expansion Quests] Added new objective data for type=AICAMP | Key=ANwBQqVVStKCILjNoABDu3SscjO3bFF-nGQjnjwyOUM= | ID=1
17:53:03.111 [Expansion Quests] Updated and saved persistent player quest data for group member with UID=ANwBQqVVStKCILjNoABDu3SscjO3bFF-nGQjnjwyOUM= | Group ID=ANwBQqVVStKCILjNoABDu3SscjO3bFF-nGQjnjwyOUM= | Quest ID=200
17:53:03.248 [Expansion Quests] - LoadGroupQuestData - Got cached group quest data for group with ID=0
17:53:03.253 [Expansion Quests] Added new objective data for type=TRAVEL | Key=ANwBQqVVStKCILjNoABDu3SscjO3bFF-nGQjnjwyOUM= | ID=1
17:53:03.258 [Expansion Quests] Added new objective data for type=AICAMP | Key=ANwBQqVVStKCILjNoABDu3SscjO3bFF-nGQjnjwyOUM= | ID=1
17:53:33.664 [SpawnSelection] Player "Juts" (id=ANwBQqVVStKCILjNoABDu3SscjO3bFF-nGQjnjwyOUM=) spawned at <13207.200195, 2.300000, 10193.700195>
17:53:34.484 [AI Patrol 00028] Spawning 1 Elektrozavodsk West (Infected) bots at <9675.221680, 5.562127, 1817.324585>
17:53:34.512 [AI Patrol 00028] Global patrol count: 14
17:53:34.517 [AI Patrol 00028] Global Expansion AI count: 20 alive, 0 deceased
17:53:34.521 [AI Patrol 00028] Survivor category patrol count: 14
17:57:32.834 [MissionAirdrop] An airdrop is heading towards "Skalisty Island" (pos=<13452.000000, 0.000000, 3112.000000> type=Random_Skalisty Island) with a ExpansionAirdropContainer_Medical
18:12:35.801 [AI Patrol 00027] Elektrozavodsk North-East (Raiders) bots were wiped out (spawn position <10576.979492, 6.148991, 2050.905762>, 1/1 deceased)
18:12:35.847 [AI Patrol 00027] Global patrol count: 13
18:12:35.880 [AI Patrol 00027] Global Expansion AI count: 19 alive, 1 deceased
18:12:35.885 [AI Patrol 00027] Survivor category patrol count: 13
18:15:46.010 [AI Patrol 00021] Berezhki (Raiders) bots were wiped out (spawn position <15162.078125, 8.258595, 13835.192383>, 1/1 deceased)
18:15:46.015 [AI Patrol 00021] Global patrol count: 12
18:15:46.023 [AI Patrol 00021] Global Expansion AI count: 18 alive, 2 deceased
18:15:46.029 [AI Patrol 00021] Survivor category patrol count: 12
18:31:14.916 [AI Patrol 00018] Svetloyarsk South-East (Raiders) bots were wiped out (spawn position <14409.652344, 18.657755, 13367.867188>, 1/1 deceased)
18:31:14.927 [AI Patrol 00018] Global patrol count: 11
18:31:14.951 [AI Patrol 00018] Global Expansion AI count: 17 alive, 3 deceased
18:31:14.988 [AI Patrol 00018] Survivor category patrol count: 11
18:44:44.011 [AI Patrol 00027] Spawning 1 Elektrozavodsk North-East (Guards) bots at <10772.804688, 5.825436, 2277.397705>
18:44:44.050 [AI Patrol 00027] Global patrol count: 12
18:44:44.065 [AI Patrol 00027] Global Expansion AI count: 18 alive, 2 deceased
18:44:44.086 [AI Patrol 00027] Survivor category patrol count: 12
18:48:10.758 [AI Patrol 00021] Spawning 1 Berezhki (East) bots at <15162.078125, 8.258595, 13835.192383>
18:48:10.804 [AI Patrol 00021] Global patrol count: 13
18:48:10.810 [AI Patrol 00021] Global Expansion AI count: 19 alive, 1 deceased
18:48:10.815 [AI Patrol 00021] Survivor category patrol count: 13
19:03:38.337 [AI Patrol 00018] Spawning 1 Svetloyarsk South-East (Guards) bots at <14286.206055, 4.740000, 13009.315430>
19:03:38.395 [AI Patrol 00018] Global patrol count: 14
19:03:38.419 [AI Patrol 00018] Global Expansion AI count: 20 alive, 0 deceased
19:03:38.445 [AI Patrol 00018] Survivor category patrol count: 14
19:32:35.929 [AI Patrol 00024] Solnechny (Lunatics) bots were wiped out (spawn position <13417.739258, 4.195276, 6596.556152>, 1/1 deceased)
19:32:35.952 [AI Patrol 00024] Global patrol count: 13
19:32:35.976 [AI Patrol 00024] Global Expansion AI count: 19 alive, 1 deceased
19:32:35.999 [AI Patrol 00024] Survivor category patrol count: 13
19:32:44.127 [MissionAirdrop] An airdrop is heading towards "Zelenogorsk" (pos=<2351.000000, 0.000000, 5393.000000> type=Random_Zelenogorsk) with a ExpansionAirdropContainer_Military
19:33:48.475 [Party] Player "Juts" (id=ANwBQqVVStKCILjNoABDu3SscjO3bFF-nGQjnjwyOUM=) left the party "Ratas de laboratiorio" (id=0 ownerUID=ANwBQqVVStKCILjNoABDu3SscjO3bFF-nGQjnjwyOUM= ownerName=Juto)
19:33:48.481 [Expansion Quests] Deleted quest with ID=51 is a of player with UID=ANwBQqVVStKCILjNoABDu3SscjO3bFF-nGQjnjwyOUM=.
19:33:48.486 [Expansion Quests] Deleted quest with ID=52 is a of player with UID=ANwBQqVVStKCILjNoABDu3SscjO3bFF-nGQjnjwyOUM=.
19:33:48.492 [Expansion Quests] Deleted quest with ID=53 is a of player with UID=ANwBQqVVStKCILjNoABDu3SscjO3bFF-nGQjnjwyOUM=.
19:33:48.497 [Expansion Quests] Deleted quest with ID=54 is a of player with UID=ANwBQqVVStKCILjNoABDu3SscjO3bFF-nGQjnjwyOUM=.
19:33:48.502 [Expansion Quests] Deleted quest with ID=55 is a of player with UID=ANwBQqVVStKCILjNoABDu3SscjO3bFF-nGQjnjwyOUM=.
19:33:48.508 [Expansion Quests] Deleted quest with ID=56 is a of player with UID=ANwBQqVVStKCILjNoABDu3SscjO3bFF-nGQjnjwyOUM=.
19:33:48.513 [Expansion Quests] Deleted quest with ID=57 is a of player with UID=ANwBQqVVStKCILjNoABDu3SscjO3bFF-nGQjnjwyOUM=.
19:33:48.519 [Expansion Quests] Deleted quest with ID=58 is a of player with UID=ANwBQqVVStKCILjNoABDu3SscjO3bFF-nGQjnjwyOUM=.
19:33:48.524 [Expansion Quests] Deleted quest with ID=59 is a of player with UID=ANwBQqVVStKCILjNoABDu3SscjO3bFF-nGQjnjwyOUM=.
19:33:48.530 [Expansion Quests] Deleted quest with ID=60 is a of player with UID=ANwBQqVVStKCILjNoABDu3SscjO3bFF-nGQjnjwyOUM=.
19:33:48.535 [Expansion Quests] Deleted quest with ID=61 is a of player with UID=ANwBQqVVStKCILjNoABDu3SscjO3bFF-nGQjnjwyOUM=.
19:33:48.541 [Expansion Quests] Deleted quest with ID=100 is a of player with UID=ANwBQqVVStKCILjNoABDu3SscjO3bFF-nGQjnjwyOUM=.
19:33:48.546 [Expansion Quests] Deleted quest with ID=101 is a of player with UID=ANwBQqVVStKCILjNoABDu3SscjO3bFF-nGQjnjwyOUM=.
19:33:48.551 [Expansion Quests] Deleted quest with ID=103 is a of player with UID=ANwBQqVVStKCILjNoABDu3SscjO3bFF-nGQjnjwyOUM=.
19:33:48.557 [Expansion Quests] Deleted quest with ID=104 is a of player with UID=ANwBQqVVStKCILjNoABDu3SscjO3bFF-nGQjnjwyOUM=.
19:33:48.562 [Expansion Quests] Deleted quest with ID=105 is a of player with UID=ANwBQqVVStKCILjNoABDu3SscjO3bFF-nGQjnjwyOUM=.
19:33:48.567 [Expansion Quests] Deleted quest with ID=106 is a of player with UID=ANwBQqVVStKCILjNoABDu3SscjO3bFF-nGQjnjwyOUM=.
19:33:48.572 [Expansion Quests] Deleted quest with ID=107 is a of player with UID=ANwBQqVVStKCILjNoABDu3SscjO3bFF-nGQjnjwyOUM=.
19:33:48.577 [Expansion Quests] Deleted quest with ID=108 is a of player with UID=ANwBQqVVStKCILjNoABDu3SscjO3bFF-nGQjnjwyOUM=.
19:33:48.582 [Expansion Quests] Deleted quest with ID=109 is a of player with UID=ANwBQqVVStKCILjNoABDu3SscjO3bFF-nGQjnjwyOUM=.
19:33:48.587 [Expansion Quests] Deleted quest with ID=110 is a of player with UID=ANwBQqVVStKCILjNoABDu3SscjO3bFF-nGQjnjwyOUM=.
19:33:48.591 [Expansion Quests] Deleted quest with ID=111 is a of player with UID=ANwBQqVVStKCILjNoABDu3SscjO3bFF-nGQjnjwyOUM=.
19:33:48.596 [Expansion Quests] Deleted quest with ID=112 is a of player with UID=ANwBQqVVStKCILjNoABDu3SscjO3bFF-nGQjnjwyOUM=.
19:33:48.602 [Expansion Quests] Deleted quest with ID=113 is a of player with UID=ANwBQqVVStKCILjNoABDu3SscjO3bFF-nGQjnjwyOUM=.
19:33:48.607 [Expansion Quests] Deleted quest with ID=114 is a of player with UID=ANwBQqVVStKCILjNoABDu3SscjO3bFF-nGQjnjwyOUM=.
19:33:48.612 [Expansion Quests] Deleted quest with ID=115 is a of player with UID=ANwBQqVVStKCILjNoABDu3SscjO3bFF-nGQjnjwyOUM=.
19:33:48.617 [Expansion Quests] Deleted quest with ID=116 is a of player with UID=ANwBQqVVStKCILjNoABDu3SscjO3bFF-nGQjnjwyOUM=.
19:33:48.623 [Expansion Quests] Deleted quest with ID=117 is a of player with UID=ANwBQqVVStKCILjNoABDu3SscjO3bFF-nGQjnjwyOUM=.
19:33:48.628 [Expansion Quests] Deleted quest with ID=118 is a of player with UID=ANwBQqVVStKCILjNoABDu3SscjO3bFF-nGQjnjwyOUM=.
19:33:48.633 [Expansion Quests] Deleted quest with ID=119 is a of player with UID=ANwBQqVVStKCILjNoABDu3SscjO3bFF-nGQjnjwyOUM=.
19:33:48.638 [Expansion Quests] Deleted quest with ID=120 is a of player with UID=ANwBQqVVStKCILjNoABDu3SscjO3bFF-nGQjnjwyOUM=.
19:33:48.643 [Expansion Quests] Deleted quest with ID=121 is a of player with UID=ANwBQqVVStKCILjNoABDu3SscjO3bFF-nGQjnjwyOUM=.
19:33:48.650 [Expansion Quests] Deleted quest with ID=122 is a of player with UID=ANwBQqVVStKCILjNoABDu3SscjO3bFF-nGQjnjwyOUM=.
19:33:48.655 [Expansion Quests] Deleted quest with ID=123 is a of player with UID=ANwBQqVVStKCILjNoABDu3SscjO3bFF-nGQjnjwyOUM=.
19:33:48.660 [Expansion Quests] Deleted quest with ID=124 is a of player with UID=ANwBQqVVStKCILjNoABDu3SscjO3bFF-nGQjnjwyOUM=.
19:34:02.914 [Expansion Quests] Added new objective data for type=TRAVEL | Key=0 | ID=1
19:34:02.919 [Expansion Quests] Added new objective data for type=AICAMP | Key=0 | ID=1
19:34:02.936 [Expansion Quests] Updated and saved persistent quest data for group with ID=0 | Quest ID=200
19:34:02.941 [Expansion Quests] Could not get persistent quest data for group member with UID=ANwBQqVVStKCILjNoABDu3SscjO3bFF-nGQjnjwyOUM=. Member offline?!
