---------------------------------------------
Log C:\SERVICES\ni13121453_1_SHARE\ftproot\dayzstandalone\config\crash_2026-05-26_19-36-15.log started at 26.05. 19:37:17



------------------------------------
UKLN058, 26.05 2026 19:37:17
Can't compile mission init script'!

$CurrentDir:mpmissions\dayzOffline.chernarusplus\init.c(266): Function 'Expansion_OnQuestCompletion' is marked as override, but there is no function with this name in the base class

Runtime mode
CLI params: ip 85.190.149.78 port 10300 cpuCount 4 limitFPS 100 config serverDZ.cfg mod @CF;@Dabs-Framework;@Zens-Core-Mod;@DayZ-Expansion-Licensed;@DayZ-Editor-Loader;@VPPAdminTools;@Building-Fortifications;@Early-Winter-or-late-Fall-in-Chernarus;@Furniture;@Knock-Knock-Zombies;@Mortys-Weapons;@Peek-Doors;@Quadleys-Tools-and-Melee-Weapons;@WindstridesClothingPack;@Zens-Lazy-Actions;@Zens-Skill-Perk-Tree;@Zens-Sleeping-Mod;@Zens-Repairable-Wells;@Zens-Zombie-Door-Bangers profiles C:\SERVICES\ni13121453_1_SHARE\ftproot\dayzstandalone/config BEPath C:\SERVICES\ni13121453_1_SHARE\ftproot\dayzstandalone\battleye nologs  freezecheck  


------------------------------------
UKLN058, 26.05 2026 19:52:17
Unhandled exception

Program: C:\SERVICES\ni13121453_1_SHARE\ftproot\dayzstandalone\DayZServer_x64.exe
Reason: Access violation. Illegal write by 0x7ff7620c4ba0 at 0x0

SymGetSymFromAddr:487, addr:0x7ff7620c4ba0
[CDPCreateServer]: ??? addr:0x7ff76277f594
SymGetSymFromAddr:487, addr:0x7ff7620d2fba
SymGetSymFromAddr:487, addr:0x7ff7620d2ff9
[BaseThreadInitThunk]: ??? addr:0x7ffeefbb7ac4
[RtlUserThreadStart]: ??? addr:0x7ffeefe5a8c1
[RtlUserThreadStart]: ??? addr:0x7ffeefe5a8c1



Runtime mode
CLI params: ip 85.190.149.78 port 10300 cpuCount 4 limitFPS 100 config serverDZ.cfg mod @CF;@Dabs-Framework;@Zens-Core-Mod;@DayZ-Expansion-Licensed;@DayZ-Editor-Loader;@VPPAdminTools;@Building-Fortifications;@Early-Winter-or-late-Fall-in-Chernarus;@Furniture;@Knock-Knock-Zombies;@Mortys-Weapons;@Peek-Doors;@Quadleys-Tools-and-Melee-Weapons;@WindstridesClothingPack;@Zens-Lazy-Actions;@Zens-Skill-Perk-Tree;@Zens-Sleeping-Mod;@Zens-Repairable-Wells;@Zens-Zombie-Door-Bangers profiles C:\SERVICES\ni13121453_1_SHARE\ftproot\dayzstandalone/config BEPath C:\SERVICES\ni13121453_1_SHARE\ftproot\dayzstandalone\battleye nologs  freezecheck  
