---------------------------------------------
Log C:\SERVICES\ni13121453_1_SHARE\ftproot\dayzstandalone\config\script_2026-05-25_20-27-59.log started at 25.05. 20:28:01

SCRIPT       : Module: GameLib; loaded 43x files; 29x classes; used 41/2097 kB (1%) of static memory; defines: "DAYZ_1_29,SERVER_FOR_WINDOWS,SERVER,PLATFORM_WINDOWS,RELEASE,NO_GUI,NO_GUI_INGAME,DZ_Expansion_AI_Preload,DZ_Expansion_Animations_Preload,DZ_Ex
SCRIPT       : Registered 415 temporary action enum(s), UAN==415
SCRIPT       : Initializing attributes 'Game'
 SCRIPT       : Registering faction type eAIFactionShamans ID -1484989417
 SCRIPT       : Registering faction type eAIFactionObservers ID -563736721
 SCRIPT       : Registering faction type eAIFactionInvincibleObservers ID -1227299746
 SCRIPT       : Registering faction type eAIFactionRaiders ID 1535276022
 SCRIPT       : Registering faction type eAIFactionYeetBrigade ID 1408543989
 SCRIPT       : Registering faction type eAIFactionWest ID 113880155
 SCRIPT       : Registering faction type eAIFactionInvincibleYeetBrigade ID -1118767876
 SCRIPT       : Registering faction type eAIFactionEast ID 90522109
 SCRIPT       : Registering faction type eAIFactionGuards ID 963933710
 SCRIPT       : Registering faction type eAIFactionMercenaries ID 1629891834
 SCRIPT       : Registering faction type eAIFactionBrawlers ID 1955753718
 SCRIPT       : Registering faction type eAIFactionCivilian ID 1096178351
 SCRIPT       : Registering faction type eAIFactionPassive ID -1159399789
 SCRIPT       : Registering faction type eAIFactionInvincibleGuards ID 782746017
SCRIPT       : Module: Game; loaded 1078x files; 2830x classes; used 8247/33554 kB (24%) of static memory; defines: "DAYZ_1_29,SERVER_FOR_WINDOWS,SERVER,PLATFORM_WINDOWS,RELEASE,NO_GUI,NO_GUI_INGAME,DZ_Expansion_AI_Preload,DZ_Expansion_Animations_Preload,
SCRIPT       : ... Backlit Effects Enabled
SCRIPT       : VPPNotificationManager()
SCRIPT       : [VPPAT] Internal VPPNotifications module loaded!
SCRIPT       : [DayZ Game]:: DayZGame(): Initializing V++ Admin Tools.
SCRIPT       : 20:28:14.000 [EXPANSION LOG]: DayZGame<0x00000210D0946C00> Start time (local time) 2026-05-25 20:27:40
SCRIPT       : 20:28:14.000 [EXPANSION LOG]: DayZGame<0x00000210D0946C00> Start time (UTC) 2026-05-25 19:27:40
SCRIPT       : 20:28:14.000 [EXPANSION LOG]: DayZGame<0x00000210D0946C00> Runtime since start (seconds) 34.769
SCRIPT       : Initializing attributes 'World'
 SCRIPT       : Registering faction type eAIFactionLunatics ID 1167351711
 SCRIPT       : Registering faction type eAIFactionInfected ID 1371958374
SCRIPT       : Module: World; loaded 3421x files; 8233x classes; used 17163/33554 kB (51%) of static memory; defines: "DAYZ_1_29,SERVER_FOR_WINDOWS,SERVER,PLATFORM_WINDOWS,RELEASE,NO_GUI,NO_GUI_INGAME,DZ_Expansion_AI_Preload,DZ_Expansion_Animations_Preloa
 SCRIPT       : Module: Mission; loaded 592x files; 1365x classes; used 6601/33554 kB (19%) of static memory; defines: "DAYZ_1_29,SERVER_FOR_WINDOWS,SERVER,PLATFORM_WINDOWS,RELEASE,NO_GUI,NO_GUI_INGAME,DZ_Expansion_AI_Preload,DZ_Expansion_Animations_Prelo
 SCRIPT       : Module: $CurrentDir:mpmissions\dayzOffline.chernarusplus\init.c; loaded 1x files; 1x classes; used 4/1048 kB (0%) of static memory; defines: "DAYZ_1_29,SERVER_FOR_WINDOWS,SERVER,PLATFORM_WINDOWS,RELEASE,NO_GUI,NO_GUI_INGAME,DZ_Expansion_AI
 SCRIPT       : [SERVER :: Vanilla++ AdminTools Plugins Registering]
 SCRIPT       : [VPPAdminTools] credentials.txt was not found. The tool will not operate as intended. Please shutdown the server, and create a password within credentials.txt (Maximum 64 characters)
 SCRIPT       : 20:29:33.768 [EXPANSION DEBUG]: [ExpansionCoreSettings] No existing setting file:$profile:ExpansionMod\Settings\CoreSettings.json. Creating defaults!
 SCRIPT       : [ExpansionCoreSettings] Saving settings
 SCRIPT       : 20:29:33.783 [EXPANSION DEBUG]: [ExpansionLogSettings] No existing setting file:$profile:ExpansionMod\Settings\LogsSettings.json. Creating defaults!
 SCRIPT       : [ExpansionLogSettings] Saving settings
 SCRIPT       : 20:29:33.788 [EXPANSION DEBUG]: [ExpansionSafeZoneSettings] No existing setting file:$mission:expansion\settings\SafeZoneSettings.json. Creating defaults!
 SCRIPT       : [ExpansionSafeZoneSettings] Saving settings
 SCRIPT       : 20:29:33.794 [EXPANSION DEBUG]: [ExpansionNotificationSettings] No existing setting file:$profile:ExpansionMod\Settings\NotificationSettings.json. Creating defaults!
 SCRIPT       : [ExpansionNotificationSettings] Saving settings
 SCRIPT       : 20:29:33.799 [EXPANSION DEBUG]: [ExpansionMonitoringSettings] No existing setting file:$profile:ExpansionMod\Settings\MonitoringSettings.json. Creating defaults!
 SCRIPT       : [ExpansionMonitoringSettings] Saving settings
 SCRIPT       : 20:29:33.804 [EXPANSION DEBUG]: [ExpansionDamageSystemSettings] No existing setting file:$profile:ExpansionMod\Settings\DamageSystemSettings.json. Creating defaults!
 SCRIPT       : 20:29:33.815 [EXPANSION DEBUG]: [ExpansionPartySettings] No existing setting file:$profile:ExpansionMod\Settings\PartySettings.json. Creating defaults!
 SCRIPT       : [ExpansionPartySettings] Saving settings
 SCRIPT       : 20:29:33.822 [EXPANSION DEBUG]: [ExpansionHardlineSettings] No existing setting file:$mission:expansion\settings\HardlineSettings.json. Creating defaults!
 SCRIPT       : [ExpansionHardlineSettings] Saving settings
 SCRIPT       : 20:29:33.835 [EXPANSION DEBUG]: [ExpansionMarketSettings] No existing setting files:$mission:expansion\settings\MarketSettings.json. Creating defaults!
 SCRIPT       : 20:29:33.836 [EXPANSION DEBUG]: [ExpansionMarketSettings] No existing market category setting files at:$profile:ExpansionMod\Market\. Creating defaults!
 SCRIPT       : 20:29:34.216 [EXPANSION DEBUG]: [ExpansionMarketSettings] No existing trader setting files at:$profile:ExpansionMod\Traders\. Creating defaults!
 SCRIPT       : 20:29:34.348 [EXPANSION DEBUG]: [ExpansionMarketSettings] No existing market zone setting files at:$mission:expansion\traderzones\. Creating defaults!
 SCRIPT       : [ExpansionMarketSettings] Saving settings
 SCRIPT       : 20:29:34.378 [EXPANSION DEBUG]: [ExpansionAirdropSettings] No existing setting file:$profile:ExpansionMod\Settings\AirdropSettings.json. Creating defaults!
 SCRIPT       : [ExpansionAirdropSettings] Saving settings
 SCRIPT       : 20:29:34.418 [EXPANSION DEBUG]: [ExpansionMissionSettings] No existing setting file:$profile:ExpansionMod\Settings\MissionSettings.json. Creating defaults!
 SCRIPT       : [ExpansionMissionSettings] Saving settings
 SCRIPT       : 20:29:34.437 [EXPANSION DEBUG]: [ExpansionMapSettings] No existing setting file:$mission:expansion\settings\MapSettings.json. Creating defaults!
 SCRIPT       : [ExpansionMapSettings] Saving settings
 SCRIPT       : 20:29:34.465 [EXPANSION DEBUG]: [ExpansionPersonalStorageNewSettings] No existing setting file:$profile:ExpansionMod\Settings\PersonalStorageNewSettings.json. Creating defaults!
 SCRIPT       : [ExpansionPersonalStorageNewSettings] Saving settings
 SCRIPT       : 20:29:34.471 [EXPANSION DEBUG]: [ExpansionGeneralSettings] No existing setting file:$profile:ExpansionMod\Settings\GeneralSettings.json. Creating defaults!
 SCRIPT       : [ExpansionGeneralSettings] Saving settings
 SCRIPT       : 20:29:34.477 [EXPANSION DEBUG]: [ExpansionPlayerListSettings] No existing setting file:$profile:ExpansionMod\Settings\PlayerListSettings.json. Creating defaults!
 SCRIPT       : [ExpansionPlayerListSettings] Saving settings
 SCRIPT       : 20:29:34.483 [EXPANSION DEBUG]: [ExpansionSocialMediaSettings] No existing setting file:$profile:ExpansionMod\Settings\SocialMediaSettings.json. Creating defaults!
 SCRIPT       : [ExpansionSocialMediaSettings] Saving settings
 SCRIPT       : 20:29:34.488 [EXPANSION DEBUG]: [ExpansionTerritorySettings] No existing setting file:$mission:expansion\settings\SpawnSettings.json. Creating defaults!
 SCRIPT       : [ExpansionSpawnSettings] Saving settings
 SCRIPT       : 20:29:34.495 [EXPANSION DEBUG]: [ExpansionVehicleSettings] No existing setting file:$profile:ExpansionMod\Settings\VehicleSettings.json. Creating defaults!
 SCRIPT       : [ExpansionVehicleSettings] Saving settings
 SCRIPT       : 20:29:34.500 [EXPANSION DEBUG]: ExpansionAILocationSettings<0x00000214736C8E10> No existing setting file:$mission:expansion\settings\AILocationSettings.json. Creating defaults!
 SCRIPT       : 20:29:34.550 [EXPANSION DEBUG]: [ExpansionAISettings] No existing setting file:$profile:ExpansionMod\Settings\AISettings.json. Creating defaults!
 SCRIPT       : [ExpansionAISettings] Saving settings
 SCRIPT       : 20:29:34.570 [EXPANSION DEBUG]: [ExpansionAIPatrolSettings] No existing setting file:$mission:expansion\settings\AIPatrolSettings.json. Creating defaults!
 SCRIPT       : [ExpansionAIPatrolSettings] Saving settings
 SCRIPT       : 20:29:34.682 [EXPANSION DEBUG]: [ExpansionBaseBuildingSettings] No existing setting file:$mission:expansion\settings\BaseBuildingSettings.json. Creating defaults!
 SCRIPT       : [ExpansionBaseBuildingSettings] Saving settings
 SCRIPT       : 20:29:34.692 [EXPANSION DEBUG]: [ExpansionRaidSettings] No existing setting file:$profile:ExpansionMod\Settings\RaidSettings.json. Creating defaults!
 SCRIPT       : [ExpansionRaidSettings] Saving settings
 SCRIPT       : 20:29:34.697 [EXPANSION DEBUG]: [ExpansionTerritorySettings] No existing setting file:$profile:ExpansionMod\Settings\TerritorySettings.json. Creating defaults!
 SCRIPT       : [ExpansionTerritorySettings] Saving settings
 SCRIPT       : 20:29:34.709 [EXPANSION DEBUG]: [ExpansionChatSettings] No existing setting file:$profile:ExpansionMod\Settings\ChatSettings.json. Creating defaults!
 SCRIPT       : [ExpansionChatSettings] Saving settings
 SCRIPT       : Expansion version: 1.9.67
 SCRIPT       : [DefineTest] EXPANSIONMOD is defined
 SCRIPT       : [DefineTest] EXPANSIONMODAI is defined
 SCRIPT       : [DefineTest] EXPANSIONMODANIMATIONS is defined
 SCRIPT       : [DefineTest] EXPANSIONMODBASEBUILDING is defined
 SCRIPT       : [DefineTest] EXPANSIONMODBOOK is defined
 SCRIPT       : [DefineTest] EXPANSIONMODCHAT is defined
 SCRIPT       : [DefineTest] EXPANSIONMODCORE is defined
 SCRIPT       : [DefineTest] EXPANSIONMODGARAGE is defined
 SCRIPT       : [DefineTest] EXPANSIONMODGROUPS is defined
 SCRIPT       : [DefineTest] EXPANSIONMODHARDLINE is defined
 SCRIPT       : [DefineTest] EXPANSIONMODKILLFEED is defined
 SCRIPT       : [DefineTest] EXPANSIONMODMAPASSETS is defined
 SCRIPT       : [DefineTest] EXPANSIONMODMARKET is defined
 SCRIPT       : [DefineTest] EXPANSIONMODMISSIONS is defined
 SCRIPT       : [DefineTest] EXPANSIONMODNAMETAGS is defined
 SCRIPT       : [DefineTest] EXPANSIONMODNAVIGATION is defined
 SCRIPT       : [DefineTest] EXPANSIONMODP2PMARKET is defined
 SCRIPT       : [DefineTest] EXPANSIONMODPERSONALSTORAGE is defined
 SCRIPT       : [DefineTest] EXPANSIONMODQUESTS is defined
 SCRIPT       : [DefineTest] EXPANSIONMODSPAWNSELECTION is defined
 SCRIPT       : [DefineTest] EXPANSIONMODVEHICLE is defined
 SCRIPT       : [DefineTest] EXPANSIONMODWEAPONS is defined
 SCRIPT       : [DefineTest] CfgMods:
 SCRIPT       : defaultAction
 SCRIPT       : DayZ
 SCRIPT       : DZ_Expansion_AI_Preload
 SCRIPT       : DZ_Expansion_Animations_Preload
 SCRIPT       : DZ_Expansion_BaseBuilding_Preload
 SCRIPT       : DZ_Expansion_Book_Preload
 SCRIPT       : DZ_Expansion_Chat_Preload
 SCRIPT       : DZ_Expansion_Core_Preload
 SCRIPT       : DZ_Expansion_Garage_Preload
 SCRIPT       : DZ_Expansion_Groups_Preload
 SCRIPT       : DZ_Expansion_Hardline_Preload
 SCRIPT       : DZ_Expansion_KillFeed_Preload
 SCRIPT       : DZ_Expansion_MapAssets_Preload
 SCRIPT       : DZ_Expansion_Market_Preload
 SCRIPT       : DZ_Expansion_Missions_Preload
 SCRIPT       : DZ_Expansion_ModStorage_Preload
 SCRIPT       : DZ_Expansion_NameTags_Preload
 SCRIPT       : DZ_Expansion_Navigation_Preload
 SCRIPT       : DZ_Expansion_P2PMarket_Preload
 SCRIPT       : DZ_Expansion_PersonalStorage_Preload
 SCRIPT       : DZ_Expansion_Preload
 SCRIPT       : DZ_Expansion_Quests_Preload
 SCRIPT       : DZ_Expansion_SpawnSelection_Preload
 SCRIPT       : DZ_Expansion_Vehicles_Preload
 SCRIPT       : DZ_Expansion_Weapons_Preload
 SCRIPT       : DabsFramework
 SCRIPT       : DZ_Expansion_DefineTest
 SCRIPT       : DZ_Expansion_MapAssets
 SCRIPT       : sakhal
 SCRIPT       : EditorLoader
 SCRIPT       : JM_CommunityFramework
 SCRIPT       : AVPPAdminTools
 SCRIPT       : DZ_Expansion_ModStorage
 SCRIPT       : DZ_Expansion_Core
 SCRIPT       : DZ_Expansion_Garage
 SCRIPT       : DZ_Expansion_Groups
 SCRIPT       : DZ_Expansion_Market
 SCRIPT       : DZ_Expansion_Missions
 SCRIPT       : DZ_Expansion_NameTags
 SCRIPT       : DZ_Expansion_Navigation
 SCRIPT       : DZ_Expansion_NotificationScheduler
 SCRIPT       : DZ_Expansion_P2PMarket
 SCRIPT       : DZ_Expansion_PersonalStorage
 SCRIPT       : DZ_Expansion_PersonalStorageNew
 SCRIPT       : DZ_Expansion_PlayerList
 SCRIPT       : DZ_Expansion
 SCRIPT       : DZ_Expansion_SpawnSelection
 SCRIPT       : DZ_Expansion_VanillaFixes
 SCRIPT       : DZ_Expansion_Vehicles
 SCRIPT       : DZ_Expansion_Weapons
 SCRIPT       : DZ_Expansion_AI
 SCRIPT       : DZ_Expansion_BaseBuilding
 SCRIPT       : DZ_Expansion_Book
 SCRIPT       : DZ_Expansion_Chat
 SCRIPT       : DZ_Expansion_Hardline
 SCRIPT       : DZ_Expansion_Quests
 SCRIPT       : DZ_Expansion_VirtualContainerStorage
 SCRIPT       : [MissionServer] OnInit - Server
 SCRIPT       : [MissionServer] OnMissionStart - Server
 SCRIPT       : string dirtyName = 'Bullzed'
SCRIPT       : Module: $profile:ExpansionMod\AI\FSM\Master.c; loaded 1x files; 153x classes; used 119/262 kB (45%) of static memory; defines: "DAYZ_1_29,SERVER_FOR_WINDOWS,SERVER,PLATFORM_WINDOWS,RELEASE,NO_GUI,NO_GUI_INGAME,DZ_Expansion_AI_Preload,DZ_Exp
SCRIPT       : 20:30:49.629 [EXPANSION DEBUG]: ExpansionP2PTraderAIIrena<0x00000216695150F0> ExpansionP2PTrad::SetP2PTraderID - ID: 1
SCRIPT       : ExpansionZonePolygon<0x00000216910211A0> position=<12015.854492, 0.000000, 12591.097656> radius=419.633
SCRIPT       : ExpansionZoneCircle<0x000002169CC3C130> position=<1143.140015, 0.000000, 2423.270020> radius=700
SCRIPT       : ExpansionZoneCircle<0x000002169CC3C4F0> position=<3728.270020, 0.000000, 6003.600098> radius=500
SCRIPT       : Found 3 zones!
SCRIPT       : ExpansionMarketItem marketItem = ExpansionMarketItem<0x000002124EC1CA20>
SCRIPT       : int worth =   1
SCRIPT       : 20:30:49.844 [EXPANSION DEBUG]: ExpansionQuestNPCAIDenis<0x00000215F89B3010> ExpansionQuestNPC::OnEnterSafeZone
SCRIPT       : bool m_Expansion_LeavingSafeZone = 0
SCRIPT       : bool m_Expansion_IsInSafeZone = 0
SCRIPT       : bool m_Expansion_IsInSafeZoneSynchRemote = 0
SCRIPT       : 20:30:49.844 [EXPANSION DEBUG]: ExpansionP2PTraderAIIrena<0x00000216695150F0> ExpansionP2PTrad::OnEnterSafeZone
SCRIPT       : bool m_Expansion_LeavingSafeZone = 0
SCRIPT       : bool m_Expansion_IsInSafeZone = 0
SCRIPT       : bool m_Expansion_IsInSafeZoneSynchRemote = 0
SCRIPT       : m_LoginTimeMs: 16200
 SCRIPT       : [VPPAT] Player "Juto" (steamId=76561198119114852) connected to server!
 SCRIPT       : [Logout]: New player ANwBQqVVStKCILjNoABDu3SscjO3bFF-nGQjnjwyOUM= with logout time 15
 SCRIPT       : Player "Juto" (steamid=76561198119114852) initiated disconnect process...
 SCRIPT       : [Logout]: Player ANwBQqVVStKCILjNoABDu3SscjO3bFF-nGQjnjwyOUM= cancelled
 SCRIPT       : [VPPAT] Player "Juto" (steamId=76561198119114852) aborted logout process [canceledLogout]
 SCRIPT       : [Logout]: New player ANwBQqVVStKCILjNoABDu3SscjO3bFF-nGQjnjwyOUM= with logout time 15
 SCRIPT       : Player "Juto" (steamid=76561198119114852) initiated disconnect process...
 SCRIPT       : Player "Juto" (steamid=76561198119114852) disconnected early from server (EXIT NOW).
SCRIPT       : 20:34:29.567 [EXPANSION DEBUG]: ExpansionQuestPersistentData<0x00000214CC2FAE50>~ExpansionQuestPersistentData (4)
SCRIPT       : [Logout]: Player ANwBQqVVStKCILjNoABDu3SscjO3bFF-nGQjnjwyOUM= finished
SCRIPT       : PlayerDisconnected -> PlayerListManager.RemoveEntry ► ANwBQqVVStKCILjNoABDu3SscjO3bFF-nGQjnjwyOUM=
SCRIPT       : 20:35:54.186 [EXPANSION DEBUG]: [ExpansionMissionEventAirdrop] Adjusted container weights:
SCRIPT       : 20:35:54.187 [EXPANSION DEBUG]: ExpansionAirdropContainer 186
SCRIPT       : 20:35:54.187 [EXPANSION DEBUG]: ExpansionAirdropContainer_Medical 191
SCRIPT       : 20:35:54.187 [EXPANSION DEBUG]: ExpansionAirdropContainer_Basebuilding 196
SCRIPT       : 20:35:54.187 [EXPANSION DEBUG]: ExpansionAirdropContainer_Military 201
SCRIPT       : 20:35:54.187 [EXPANSION DEBUG]: ExpansionAirdropPlane::Expansion_GetSpawnPoint - drop position <13452.000000, 0.000000, 3112.000000> - map is chernarusplus - size 15360 - center <7100.000000, 300.000000, 7750.000000>
SCRIPT       : 20:35:54.187 [EXPANSION DEBUG]: ExpansionAirdropPlane::Expansion_GetSpawnPoint - selected spawn point <0.000000, 923.230347, 13023.434570>
 SCRIPT       : Clear up static fireplaces: 0
 SCRIPT       : 20:36:07.110 [EXPANSION DEBUG]: Clearing cached categories 67
 SCRIPT       : 20:36:07.114 [EXPANSION DEBUG]: Clearing cached traders 17
 SCRIPT       : [MissionServer] OnMissionFinish - Server
 SCRIPT       : int m_AIUpdates_Current = 0
 SCRIPT       : float aiUpdatesMin = 3.40282e+38
 SCRIPT       : float aiUpdatesMax = -3.40282e+38
 SCRIPT       : float aiUpdatesAvg = 0
 SCRIPT       : float m_AIUpdates_DTCurrent = 0
 SCRIPT       : float aiUpdatesDTMin = 3.40282e+38
 SCRIPT       : float aiUpdatesDTMax = -3.40282e+38
 SCRIPT       : float aiUpdatesDTAvg = 0
 SCRIPT       : [DayZ Expansion] ~DayZGame
 SCRIPT       : 20:36:07 [EXPANSION DEBUG]: ExpansionQuestConfig<0x0000021473A26E70>~ExpansionQuestConfig
 SCRIPT       : 20:36:07 [EXPANSION DEBUG]: ExpansionQuestConfig<0x0000021473A23990>~ExpansionQuestConfig
 SCRIPT       : 20:36:07 [EXPANSION DEBUG]: ExpansionQuestConfig<0x0000021473A256D0>~ExpansionQuestConfig
 SCRIPT       : 20:36:07 [EXPANSION DEBUG]: ExpansionQuestConfig<0x0000021473A24830>~ExpansionQuestConfig
 SCRIPT       : 20:36:07 [EXPANSION DEBUG]: ExpansionQuestConfig<0x0000021473A269F0>~ExpansionQuestConfig
 SCRIPT       : 20:36:07 [EXPANSION DEBUG]: ExpansionQuestConfig<0x0000021473A25A30>~ExpansionQuestConfig
 SCRIPT       : 20:36:07 [EXPANSION DEBUG]: ExpansionQuestConfig<0x0000021473A271D0>~ExpansionQuestConfig
 SCRIPT       : 20:36:07 [EXPANSION DEBUG]: ExpansionQuestConfig<0x0000021473A26B10>~ExpansionQuestConfig
 SCRIPT       : 20:36:07 [EXPANSION DEBUG]: ExpansionQuestConfig<0x0000021473A27890>~ExpansionQuestConfig
 SCRIPT       : 20:36:07 [EXPANSION DEBUG]: ExpansionQuestConfig<0x0000021473A24950>~ExpansionQuestConfig
 SCRIPT       : 20:36:07 [EXPANSION DEBUG]: ExpansionQuestConfig<0x0000021473A25B50>~ExpansionQuestConfig
 SCRIPT       : 20:36:07 [EXPANSION DEBUG]: ExpansionQuestConfig<0x0000021473A25EB0>~ExpansionQuestConfig
 SCRIPT       : 20:36:07 [EXPANSION DEBUG]: ExpansionQuestConfig<0x0000021473A24A70>~ExpansionQuestConfig
 SCRIPT       : 20:36:07 [EXPANSION DEBUG]: ExpansionQuestConfig<0x0000021473A24CB0>~ExpansionQuestConfig
 SCRIPT       : 20:36:07 [EXPANSION DEBUG]: ExpansionQuestConfig<0x0000021473A267B0>~ExpansionQuestConfig
 SCRIPT       : 20:36:07 [EXPANSION DEBUG]: ExpansionQuestConfig<0x0000021473A24B90>~ExpansionQuestConfig
 SCRIPT       : 20:36:07 [EXPANSION DEBUG]: ExpansionQuestConfig<0x0000021473A25250>~ExpansionQuestConfig
 SCRIPT       : 20:36:07 [EXPANSION DEBUG]: ExpansionQuestConfig<0x0000021473A25010>~ExpansionQuestConfig
 SCRIPT       : 20:36:07 [EXPANSION DEBUG]: ExpansionQuestConfig<0x0000021473A24DD0>~ExpansionQuestConfig
 SCRIPT       : 20:36:07 [EXPANSION DEBUG]: ExpansionQuestConfig<0x0000021473A26570>~ExpansionQuestConfig
 SCRIPT       : 20:36:07 [EXPANSION DEBUG]: ExpansionQuestConfig<0x0000021473A25130>~ExpansionQuestConfig
 SCRIPT       : 20:36:07 [EXPANSION DEBUG]: ExpansionQuestConfig<0x0000021473A270B0>~ExpansionQuestConfig
 SCRIPT       : 20:36:07 [EXPANSION DEBUG]: ExpansionQuestConfig<0x0000021473A25C70>~ExpansionQuestConfig
 SCRIPT       : 20:36:07 [EXPANSION DEBUG]: ExpansionQuestConfig<0x0000021473A25370>~ExpansionQuestConfig
 SCRIPT       : ~DayZGame()
