---------------------------------------------
Log C:\SERVICES\ni13121453_1_SHARE\ftproot\dayzstandalone\config\script_2026-05-27_08-00-33.log started at 27.05. 08:00:36

SCRIPT       : Module: GameLib; loaded 43x files; 29x classes; used 41/2097 kB (1%) of static memory; defines: "DAYZ_1_29,SERVER_FOR_WINDOWS,SERVER,PLATFORM_WINDOWS,RELEASE,NO_GUI,NO_GUI_INGAME,BF_Define,DZ_Expansion_AI_Preload,DZ_Expansion_BaseBuilding_P
SCRIPT       : Registered 418 temporary action enum(s), UAN==418
SCRIPT    (W): @"ZenRepairWells/scripts/3_game/zenwellsconfig.c,17": FIX-ME: Unexpected statement 'ref'
SCRIPT       : Initializing attributes 'Game'
 SCRIPT       : Registering faction type eAIFactionShamans ID -1484989417
 SCRIPT       : Registering faction type eAIFactionObservers ID -563736721
 SCRIPT       : Registering faction type eAIFactionInvincibleObservers ID -1227299746
 SCRIPT       : Registering faction type eAIFactionRaiders ID 1535276022
 SCRIPT       : Registering faction type eAIFactionYeetBrigade ID 1408543989
 SCRIPT       : Registering faction type eAIFactionWest ID 113880155
 SCRIPT       : Registering faction type eAIFactionInvincibleYeetBrigade ID -1118767876
 SCRIPT       : Registering faction type eAIFactionEast ID 90522109
 SCRIPT       : Registering faction type eAIFactionGuards ID 963933710
 SCRIPT       : Registering faction type eAIFactionMercenaries ID 1629891834
 SCRIPT       : Registering faction type eAIFactionBrawlers ID 1955753718
 SCRIPT       : Registering faction type eAIFactionCivilian ID 1096178351
 SCRIPT       : Registering faction type eAIFactionPassive ID -1159399789
 SCRIPT       : Registering faction type eAIFactionInvincibleGuards ID 782746017
SCRIPT       : Module: Game; loaded 1123x files; 3010x classes; used 8822/33554 kB (26%) of static memory; defines: "DAYZ_1_29,SERVER_FOR_WINDOWS,SERVER,PLATFORM_WINDOWS,RELEASE,NO_GUI,NO_GUI_INGAME,BF_Define,DZ_Expansion_AI_Preload,DZ_Expansion_BaseBuild
SCRIPT       : ... Backlit Effects Enabled
SCRIPT       : VPPNotificationManager()
SCRIPT       : [VPPAT] Internal VPPNotifications module loaded!
SCRIPT       : [DayZ Game]:: DayZGame(): Initializing V++ Admin Tools.
SCRIPT       : 08:00:48.000 [EXPANSION LOG]: DayZGame<0x00000285328F3440> Start time (local time) 2026-05-27 08:00:16
SCRIPT       : 08:00:48.000 [EXPANSION LOG]: DayZGame<0x00000285328F3440> Start time (UTC) 2026-05-27 07:00:16
SCRIPT       : 08:00:48.000 [EXPANSION LOG]: DayZGame<0x00000285328F3440> Runtime since start (seconds) 32.518
SCRIPT    (W): @"Furniture/scripts/4_World/actions\srp_actiondemountfurniture.c,51": Missing ';' at the end of line
SCRIPT    (W): @"Furniture/scripts/4_World/actions\srp_actionremovegarbage.c,37": Missing ';' at the end of line
SCRIPT    (W): @"ACO_Core\Scripts\4_World/clothing\scarf.c,10": FIX-ME: Overriding function 'ShowSingleHiddenSelection' but not marked as 'override'
SCRIPT    (W): @"ACO_Core\Scripts\4_World/clothing\belts.c,10": FIX-ME: Overriding function 'ShowSingleHiddenSelection' but not marked as 'override'
SCRIPT    (W): @"ACO_Core\Scripts\4_World/clothing\tops.c,10": FIX-ME: Overriding function 'ShowSingleHiddenSelection' but not marked as 'override'
SCRIPT    (W): @"ACO_Core\Scripts\4_World/clothing\balaclava.c,37": FIX-ME: Overriding function 'ShowSingleHiddenSelection' but not marked as 'override'
SCRIPT    (W): @"ACO_Core\Scripts\4_World/clothing\coats.c,10": FIX-ME: Overriding function 'ShowSingleHiddenSelection' but not marked as 'override'
SCRIPT    (W): @"ACO_Core\Scripts\4_World/clothing\vests.c,30": FIX-ME: Overriding function 'ShowSingleHiddenSelection' but not marked as 'override'
SCRIPT    (W): @"ACO_Core\Scripts\4_World/clothing\helmets.c,11": FIX-ME: Overriding function 'ShowSingleHiddenSelection' but not marked as 'override'
SCRIPT    (W): @"Furniture/scripts/4_World/entities\srp_openablefurniturebase.c,168": FIX-ME: Overriding function 'GetPlaceSoundset' but not marked as 'override'
SCRIPT    (W): @"Furniture/scripts/4_World/entities\srp_openablefurniturebase.c,173": FIX-ME: Overriding function 'GetDeploySoundset' but not marked as 'override'
SCRIPT    (W): @"ACO_Core\Scripts\4_World/clothing\shemagh.c,10": FIX-ME: Overriding function 'ShowSingleHiddenSelection' but not marked as 'override'
SCRIPT    (W): @"ACO_Core\Scripts\4_World/clothing\balaclava.c,63": FIX-ME: Overriding function 'ShowSingleHiddenSelection' but not marked as 'override'
SCRIPT    (W): @"ACO_Core\Scripts\4_World/clothing\shawl.c,10": FIX-ME: Overriding function 'ShowSingleHiddenSelection' but not marked as 'override'
SCRIPT    (W): @"ACO_Core\Scripts\4_World/clothing\slings.c,10": FIX-ME: Overriding function 'ShowSingleHiddenSelection' but not marked as 'override'
SCRIPT    (W): @"ACO_Core\Scripts\4_World/clothing\balaclava.c,10": FIX-ME: Overriding function 'ShowSingleHiddenSelection' but not marked as 'override'
SCRIPT    (W): @"ACO_Core\Scripts\4_World/clothing\armband.c,10": FIX-ME: Overriding function 'ShowSingleHiddenSelection' but not marked as 'override'
SCRIPT    (W): @"ACO_Core\Scripts\4_World/clothing\vests.c,10": FIX-ME: Overriding function 'ShowSingleHiddenSelection' but not marked as 'override'
SCRIPT    (W): @"ACO_Core\Scripts\4_World/clothing\hats.c,11": FIX-ME: Overriding function 'ShowSingleHiddenSelection' but not marked as 'override'
SCRIPT    (W): @"ACO_Core\Scripts\4_World/clothing\belts.c,76": FIX-ME: Overriding function 'ShowSingleHiddenSelection' but not marked as 'override'
SCRIPT    (W): @"ACO_Core\Scripts\4_World/clothing\masks.c,10": FIX-ME: Overriding function 'ShowSingleHiddenSelection' but not marked as 'override'
SCRIPT    (W): @"ACO_Core\Scripts\4_World/clothing\shemagh.c,49": FIX-ME: Overriding function 'ShowSingleHiddenSelection' but not marked as 'override'
SCRIPT    (W): @"ACO_Core\Scripts\4_World/clothing\pants.c,10": FIX-ME: Overriding function 'ShowSingleHiddenSelection' but not marked as 'override'
SCRIPT    (W): @"ACO_Core\Scripts\4_World/clothing\goggles.c,11": FIX-ME: Overriding function 'ShowSingleHiddenSelection' but not marked as 'override'
SCRIPT    (W): @"KnockKnockZombies/scripts/4_World/player.c,66": FIX-ME: Unsafe down-casting, use 'PlayerBase.Cast' for safe down-casting
SCRIPT    (W): @"KnockKnockZombies/scripts/4_World/player.c,70": FIX-ME: Unsafe down-casting, use 'PlayerBase.Cast' for safe down-casting
SCRIPT    (W): @"KnockKnockZombies/scripts/4_World/player.c,74": FIX-ME: Unsafe down-casting, use 'PlayerBase.Cast' for safe down-casting
SCRIPT       : Initializing attributes 'World'
 SCRIPT       : Registering faction type eAIFactionLunatics ID 1167351711
 SCRIPT       : Registering faction type eAIFactionInfected ID 1371958374
SCRIPT       : Module: World; loaded 3801x files; 9209x classes; used 18181/33554 kB (54%) of static memory; defines: "DAYZ_1_29,SERVER_FOR_WINDOWS,SERVER,PLATFORM_WINDOWS,RELEASE,NO_GUI,NO_GUI_INGAME,BF_Define,DZ_Expansion_AI_Preload,DZ_Expansion_BaseBui
 SCRIPT       : Module: Mission; loaded 619x files; 1393x classes; used 6671/33554 kB (19%) of static memory; defines: "DAYZ_1_29,SERVER_FOR_WINDOWS,SERVER,PLATFORM_WINDOWS,RELEASE,NO_GUI,NO_GUI_INGAME,BF_Define,DZ_Expansion_AI_Preload,DZ_Expansion_BaseBu
 SCRIPT    (W): @"$CurrentDir:mpmissions\dayzOffline.chernarusplus\init.c,826": FIX-ME: Unsafe down-casting, use 'EntityAI.Cast' for safe down-casting
 SCRIPT       : Module: $CurrentDir:mpmissions\dayzOffline.chernarusplus\init.c; loaded 1x files; 7x classes; used 68/1048 kB (6%) of static memory; defines: "DAYZ_1_29,SERVER_FOR_WINDOWS,SERVER,PLATFORM_WINDOWS,RELEASE,NO_GUI,NO_GUI_INGAME,BF_Define,DZ_E
 SCRIPT       : [SERVER :: Vanilla++ AdminTools Plugins Registering]
 SCRIPT       : [ZEN|2026.05.27 08:02:23] [ZenConfig] Loading file: $profile:Zenarchist\Skills\ZenSkillsConfig.json
 SCRIPT       : [ZEN|2026.05.27 08:02:23] [ZenConfig] File loaded: ZenSkillsConfig.json version=1.29.1
 SCRIPT       : [PluginZenSkills] :: OnInit.
 SCRIPT       : [ZEN|2026.05.27 08:02:24] [ZenConfig] Loading file: $profile:Zenarchist\Skills\ZenSkillsEXP.json
 SCRIPT       : [ZEN|2026.05.27 08:02:24] [ZenConfig] File loaded: ZenSkillsEXP.json version=1.29.1
 SCRIPT       : [ZenZombieDoorsPlugin] :: OnInit
 SCRIPT       : [ZEN|2026.05.27 08:02:24] [ZenModCore] MissionBase()
 SCRIPT       : [ZenModCore] Listing CfgMods:
 SCRIPT       : #ifdef defaultAction
 SCRIPT       : #ifdef DayZ
 SCRIPT       : #ifdef BF_Define
 SCRIPT       : #ifdef DZ_Expansion_AI_Preload
 SCRIPT       : #ifdef DZ_Expansion_BaseBuilding_Preload
 SCRIPT       : #ifdef DZ_Expansion_Book_Preload
 SCRIPT       : #ifdef DZ_Expansion_Chat_Preload
 SCRIPT       : #ifdef DZ_Expansion_Core_Preload
 SCRIPT       : #ifdef DZ_Expansion_Garage_Preload
 SCRIPT       : #ifdef DZ_Expansion_Groups_Preload
 SCRIPT       : #ifdef DZ_Expansion_Hardline_Preload
 SCRIPT       : #ifdef DZ_Expansion_KillFeed_Preload
 SCRIPT       : #ifdef DZ_Expansion_MapAssets_Preload
 SCRIPT       : #ifdef DZ_Expansion_Market_Preload
 SCRIPT       : #ifdef DZ_Expansion_Missions_Preload
 SCRIPT       : #ifdef DZ_Expansion_ModStorage_Preload
 SCRIPT       : #ifdef DZ_Expansion_NameTags_Preload
 SCRIPT       : #ifdef DZ_Expansion_Navigation_Preload
 SCRIPT       : #ifdef DZ_Expansion_P2PMarket_Preload
 SCRIPT       : #ifdef DZ_Expansion_PersonalStorage_Preload
 SCRIPT       : #ifdef DZ_Expansion_Preload
 SCRIPT       : #ifdef DZ_Expansion_Quests_Preload
 SCRIPT       : #ifdef DZ_Expansion_SpawnSelection_Preload
 SCRIPT       : #ifdef DZ_Expansion_Vehicles_Preload
 SCRIPT       : #ifdef DZ_Expansion_Weapons_Preload
 SCRIPT       : #ifdef ALV_Better_Beards
 SCRIPT       : #ifdef BVP_DoorPeek
 SCRIPT       : #ifdef DabsFramework
 SCRIPT       : #ifdef DZ_Expansion_DefineTest
 SCRIPT       : #ifdef DZ_Expansion_MapAssets
 SCRIPT       : #ifdef sakhal
 SCRIPT       : #ifdef EditorLoader
 SCRIPT       : #ifdef JM_CommunityFramework
 SCRIPT       : #ifdef TTC_Optics
 SCRIPT       : #ifdef TTC_Pistols
 SCRIPT       : #ifdef TTC_Rifles
 SCRIPT       : #ifdef TTC_Shotguns
 SCRIPT       : #ifdef TTC_SMG
 SCRIPT       : #ifdef AVPPAdminTools
 SCRIPT       : #ifdef WindstrideClothing
 SCRIPT       : #ifdef ZenLazyAction
 SCRIPT       : #ifdef ZenModCore
 SCRIPT       : #ifdef ZenRepairWells
 SCRIPT       : #ifdef ZenSkills
 SCRIPT       : #ifdef ZenSleep
 SCRIPT       : #ifdef DZ_Expansion_ModStorage
 SCRIPT       : #ifdef earlywinter_scripts
 SCRIPT       : #ifdef ZenZombieDoors
 SCRIPT       : #ifdef BuildingFortifications
 SCRIPT       : #ifdef DZ_Expansion_Core
 SCRIPT       : #ifdef DZ_Expansion_Garage
 SCRIPT       : #ifdef DZ_Expansion_Groups
 SCRIPT       : #ifdef DZ_Expansion_Market
 SCRIPT       : #ifdef DZ_Expansion_Missions
 SCRIPT       : #ifdef DZ_Expansion_NameTags
 SCRIPT       : #ifdef DZ_Expansion_Navigation
 SCRIPT       : #ifdef DZ_Expansion_NotificationScheduler
 SCRIPT       : #ifdef DZ_Expansion_P2PMarket
 SCRIPT       : #ifdef DZ_Expansion_PersonalStorage
 SCRIPT       : #ifdef DZ_Expansion_PersonalStorageNew
 SCRIPT       : #ifdef DZ_Expansion_PlayerList
 SCRIPT       : #ifdef DZ_Expansion
 SCRIPT       : #ifdef DZ_Expansion_SpawnSelection
 SCRIPT       : #ifdef DZ_Expansion_VanillaFixes
 SCRIPT       : #ifdef DZ_Expansion_Vehicles
 SCRIPT       : #ifdef DZ_Expansion_Weapons
 SCRIPT       : #ifdef Furniture
 SCRIPT       : #ifdef KnockKnockZombies
 SCRIPT       : #ifdef QDLY_Melee_Weapons
 SCRIPT       : #ifdef ACO_Core
 SCRIPT       : #ifdef ACO_Headgear
 SCRIPT       : #ifdef ACO_Lower
 SCRIPT       : #ifdef ACO_Other
 SCRIPT       : #ifdef ACO_Upper
 SCRIPT       : #ifdef DZ_Expansion_AI
 SCRIPT       : #ifdef DZ_Expansion_BaseBuilding
 SCRIPT       : #ifdef DZ_Expansion_Book
 SCRIPT       : #ifdef DZ_Expansion_Chat
 SCRIPT       : #ifdef DZ_Expansion_Hardline
 SCRIPT       : #ifdef DZ_Expansion_Quests
 SCRIPT       : #ifdef DZ_Expansion_VirtualContainerStorage
 SCRIPT       : 08:02:24.485 [EXPANSION DEBUG]: [ExpansionCoreSettings] Load existing setting file:$profile:ExpansionMod\Settings\CoreSettings.json
 SCRIPT       : 08:02:24.491 [EXPANSION DEBUG]: [ExpansionLogSettings] Load existing setting file:$profile:ExpansionMod\Settings\LogsSettings.json
 SCRIPT       : 08:02:24.502 [EXPANSION DEBUG]: [ExpansionNotificationSettings] Load existing setting file:$profile:ExpansionMod\Settings\NotificationSettings.json
 SCRIPT       : 08:02:24.508 [EXPANSION DEBUG]: [ExpansionMonitoringSettings] Load existing setting file:$profile:ExpansionMod\Settings\MonitoringSettings.json
 SCRIPT       : 08:02:24.512 [EXPANSION DEBUG]: [ExpansionDamageSystemSettings] Load existing setting file:$profile:ExpansionMod\Settings\DamageSystemSettings.json
 SCRIPT       : 08:02:24.519 [EXPANSION DEBUG]: [ExpansionPartySettings] Load existing setting file:$profile:ExpansionMod\Settings\PartySettings.json
 SCRIPT       : 08:02:24.523 [EXPANSION DEBUG]: [ExpansionHardlineSettings] Load existing setting file:$mission:expansion\settings\HardlineSettings.json
 SCRIPT       : 08:02:24.547 [EXPANSION DEBUG]: [ExpansionMarketSettings] Load existing setting file:$mission:expansion\settings\MarketSettings.json
 SCRIPT       : ExpansionMarketSettings::LoadCategories - Adding category ID 1 (Exchange)
 SCRIPT       : ExpansionMarketSettings::LoadCategories - Adding category ID 2 (Ammo)
 SCRIPT       : ExpansionMarketSettings::LoadCategories - Adding category ID 3 (Ammo_Boxes)
 SCRIPT       : ExpansionMarketSettings::LoadCategories - Adding category ID 4 (Armbands)
 SCRIPT       : ExpansionMarketSettings::LoadCategories - Adding category ID 5 (Assault_Rifles)
 SCRIPT       : ExpansionMarketSettings::LoadCategories - Adding category ID 6 (Backpacks)
 SCRIPT       : ExpansionMarketSettings::LoadCategories - Adding category ID 7 (Bandanas)
 SCRIPT       : ExpansionMarketSettings::LoadCategories - Adding category ID 8 (Batteries)
 SCRIPT       : ExpansionMarketSettings::LoadCategories - Adding category ID 9 (Belts)
 SCRIPT       : ExpansionMarketSettings::LoadCategories - Adding category ID 10 (Blouses_And_Suits)
 SCRIPT       : ExpansionMarketSettings::LoadCategories - Adding category ID 11 (Boats)
 SCRIPT       : ExpansionMarketSettings::LoadCategories - Adding category ID 12 (Boots_And_Shoes)
 SCRIPT       : ExpansionMarketSettings::LoadCategories - Adding category ID 13 (Buttstocks)
 SCRIPT       : ExpansionMarketSettings::LoadCategories - Adding category ID 14 (Caps)
 SCRIPT       : ExpansionMarketSettings::LoadCategories - Adding category ID 15 (Cars)
 SCRIPT       : ExpansionMarketSettings::LoadCategories - Adding category ID 16 (Coats_And_Jackets)
 SCRIPT       : ExpansionMarketSettings::LoadCategories - Adding category ID 17 (Containers)
 SCRIPT       : ExpansionMarketSettings::LoadCategories - Adding category ID 18 (Drinks)
 SCRIPT       : ExpansionMarketSettings::LoadCategories - Adding category ID 19 (Electronics)
 SCRIPT       : ExpansionMarketSettings::LoadCategories - Adding category ID 20 (Submachine_Guns)
 SCRIPT       : ExpansionMarketSettings::LoadCategories - Adding category ID 21 (Explosives_And_Grenades)
 SCRIPT       : ExpansionMarketSettings::LoadCategories - Adding category ID 22 (Eyewear)
 SCRIPT       : ExpansionMarketSettings::LoadCategories - Adding category ID 23 (Fish)
 SCRIPT       : ExpansionMarketSettings::LoadCategories - Adding category ID 24 (Fishing)
 SCRIPT       : ExpansionMarketSettings::LoadCategories - Adding category ID 25 (Food)
 SCRIPT       : ExpansionMarketSettings::LoadCategories - Adding category ID 26 (Gardening)
 SCRIPT       : ExpansionMarketSettings::LoadCategories - Adding category ID 27 (Ghillies)
 SCRIPT       : ExpansionMarketSettings::LoadCategories - Adding category ID 28 (Gloves)
 SCRIPT       : ExpansionMarketSettings::LoadCategories - Adding category ID 29 (Handguards)
 SCRIPT       : ExpansionMarketSettings::LoadCategories - Adding category ID 30 (Hats_And_Hoods)
 SCRIPT       : ExpansionMarketSettings::LoadCategories - Adding category ID 31 (Holsters_And_Pouches)
 SCRIPT       : ExpansionMarketSettings::LoadCategories - Adding category ID 32 (Helicopters)
 SCRIPT       : ExpansionMarketSettings::LoadCategories - Adding category ID 33 (Helmets)
 SCRIPT       : ExpansionMarketSettings::LoadCategories - Adding category ID 34 (Kits)
 SCRIPT       : ExpansionMarketSettings::LoadCategories - Adding category ID 35 (Knifes)
 SCRIPT       : ExpansionMarketSettings::LoadCategories - Adding category ID 36 (Launchers)
 SCRIPT       : ExpansionMarketSettings::LoadCategories - Adding category ID 37 (Lights)
 SCRIPT       : ExpansionMarketSettings::LoadCategories - Adding category ID 38 (Liquids)
 SCRIPT       : ExpansionMarketSettings::LoadCategories - Adding category ID 39 (Locks)
 SCRIPT       : ExpansionMarketSettings::LoadCategories - Adding category ID 40 (Magazines)
 SCRIPT       : ExpansionMarketSettings::LoadCategories - Adding category ID 41 (Masks)
 SCRIPT       : ExpansionMarketSettings::LoadCategories - Adding category ID 42 (Meat)
 SCRIPT       : ExpansionMarketSettings::LoadCategories - Adding category ID 43 (Medical)
 SCRIPT       : ExpansionMarketSettings::LoadCategories - Adding category ID 44 (Melee_Weapons)
 SCRIPT       : ExpansionMarketSettings::LoadCategories - Adding category ID 45 (Muzzles)
 SCRIPT       : ExpansionMarketSettings::LoadCategories - Adding category ID 46 (Navigation)
 SCRIPT       : ExpansionMarketSettings::LoadCategories - Adding category ID 47 (Optics)
 SCRIPT       : ExpansionMarketSettings::LoadCategories - Adding category ID 48 (Pants_And_Shorts)
 SCRIPT       : ExpansionMarketSettings::LoadCategories - Adding category ID 49 (Pistols)
 SCRIPT       : ExpansionMarketSettings::LoadCategories - Adding category ID 50 (Rifles)
 SCRIPT       : ExpansionMarketSettings::LoadCategories - Adding category ID 51 (Shirts_And_TShirts)
 SCRIPT       : ExpansionMarketSettings::LoadCategories - Adding category ID 52 (Shotguns)
 SCRIPT       : ExpansionMarketSettings::LoadCategories - Adding category ID 53 (Skirts_And_Dresses)
 SCRIPT       : ExpansionMarketSettings::LoadCategories - Adding category ID 54 (Sniper_Rifles)
 SCRIPT       : ExpansionMarketSettings::LoadCategories - Adding category ID 55 (Supplies)
 SCRIPT       : ExpansionMarketSettings::LoadCategories - Adding category ID 56 (Sweaters_And_Hoodies)
 SCRIPT       : ExpansionMarketSettings::LoadCategories - Adding category ID 57 (Tents)
 SCRIPT       : ExpansionMarketSettings::LoadCategories - Adding category ID 58 (Tools)
 SCRIPT       : ExpansionMarketSettings::LoadCategories - Adding category ID 59 (Fruit_And_Vegetables)
 SCRIPT       : ExpansionMarketSettings::LoadCategories - Adding category ID 60 (Vehicle_Parts)
 SCRIPT       : ExpansionMarketSettings::LoadCategories - Adding category ID 61 (Vests)
 SCRIPT       : ExpansionMarketSettings::LoadCategories - Adding category ID 62 (Crossbows)
 SCRIPT       : ExpansionMarketSettings::LoadCategories - Adding category ID 63 (Event)
 SCRIPT       : ExpansionMarketSettings::LoadCategories - Adding category ID 64 (Spraycans)
 SCRIPT       : ExpansionMarketSettings::LoadCategories - Adding category ID 65 (Flags)
 SCRIPT       : ExpansionMarketSettings::LoadCategories - Adding category ID 66 (Bayonets)
 SCRIPT       : ExpansionMarketSettings::LoadCategories - Adding category ID 67 (Furnishings)
 SCRIPT       : 08:02:25.117 [EXPANSION DEBUG]: [ExpansionAirdropSettings] Load existing setting file:$profile:ExpansionMod\Settings\AirdropSettings.json
 SCRIPT       : 08:02:25.181 [EXPANSION DEBUG]: [ExpansionMissionSettings] Load existing setting file:$profile:ExpansionMod\Settings\MissionSettings.json
 SCRIPT       : 08:02:25.196 [EXPANSION DEBUG]: [ExpansionMapSettings] Load existing setting file:$mission:expansion\settings\MapSettings.json
 SCRIPT       : 08:02:25.244 [EXPANSION DEBUG]: [ExpansionPersonalStorageNewSettings] Load existing setting file:$profile:ExpansionMod\Settings\PersonalStorageNewSettings.json
 SCRIPT       : 08:02:25.253 [EXPANSION DEBUG]: [ExpansionGeneralSettings] Load existing setting file:$profile:ExpansionMod\Settings\GeneralSettings.json
 SCRIPT       : 08:02:25.258 [EXPANSION DEBUG]: [ExpansionPlayerListSettings] Load existing setting file:$profile:ExpansionMod\Settings\PlayerListSettings.json
 SCRIPT       : 08:02:25.263 [EXPANSION DEBUG]: [ExpansionSocialMediaSettings] Load existing setting file:$profile:ExpansionMod\Settings\SocialMediaSettings.json
 SCRIPT       : 08:02:25.270 [EXPANSION DEBUG]: [ExpansionSpawnSettings] Load existing setting file:$mission:expansion\settings\SpawnSettings.json
 SCRIPT       : 08:02:25.280 [EXPANSION DEBUG]: [ExpansionVehicleSettings] Load existing setting file:$profile:ExpansionMod\Settings\VehicleSettings.json
 SCRIPT       : 08:02:25.288 [EXPANSION DEBUG]: ExpansionAILocationSettings<0x0000028926AF6350> Load existing setting file:$mission:expansion\settings\AILocationSettings.json
 SCRIPT       : 08:02:25.566 [EXPANSION DEBUG]: [ExpansionAISettings] Load existing setting file:$profile:ExpansionMod\Settings\AISettings.json
 SCRIPT       : 08:02:25.571 [EXPANSION DEBUG]: [ExpansionAIPatrolSettings] Load existing setting file:$mission:expansion\settings\AIPatrolSettings.json
 SCRIPT       : 08:02:25.691 [EXPANSION DEBUG]: [ExpansionBaseBuildingSettings] Load existing setting file:$mission:expansion\settings\BaseBuildingSettings.json
 SCRIPT       : 08:02:25.699 [EXPANSION DEBUG]: [ExpansionRaidSettings] Load existing setting file:$profile:ExpansionMod\Settings\RaidSettings.json
 SCRIPT       : 08:02:25.704 [EXPANSION DEBUG]: [ExpansionTerritorySettings] Load existing setting file:$profile:ExpansionMod\Settings\TerritorySettings.json
 SCRIPT       : 08:02:25.720 [EXPANSION DEBUG]: [ExpansionChatSettings] Load existing setting file:$profile:ExpansionMod\Settings\ChatSettings.json
 SCRIPT       : Expansion version: 1.9.67
 SCRIPT       : [DefineTest] EXPANSIONMOD is defined
 SCRIPT       : [DefineTest] EXPANSIONMODAI is defined
 SCRIPT       : [DefineTest] EXPANSIONMODBASEBUILDING is defined
 SCRIPT       : [DefineTest] EXPANSIONMODBOOK is defined
 SCRIPT       : [DefineTest] EXPANSIONMODCHAT is defined
 SCRIPT       : [DefineTest] EXPANSIONMODCORE is defined
 SCRIPT       : [DefineTest] EXPANSIONMODGARAGE is defined
 SCRIPT       : [DefineTest] EXPANSIONMODGROUPS is defined
 SCRIPT       : [DefineTest] EXPANSIONMODHARDLINE is defined
 SCRIPT       : [DefineTest] EXPANSIONMODKILLFEED is defined
 SCRIPT       : [DefineTest] EXPANSIONMODMAPASSETS is defined
 SCRIPT       : [DefineTest] EXPANSIONMODMARKET is defined
 SCRIPT       : [DefineTest] EXPANSIONMODMISSIONS is defined
 SCRIPT       : [DefineTest] EXPANSIONMODNAMETAGS is defined
 SCRIPT       : [DefineTest] EXPANSIONMODNAVIGATION is defined
 SCRIPT       : [DefineTest] EXPANSIONMODP2PMARKET is defined
 SCRIPT       : [DefineTest] EXPANSIONMODPERSONALSTORAGE is defined
 SCRIPT       : [DefineTest] EXPANSIONMODQUESTS is defined
 SCRIPT       : [DefineTest] EXPANSIONMODSPAWNSELECTION is defined
 SCRIPT       : [DefineTest] EXPANSIONMODVEHICLE is defined
 SCRIPT       : [DefineTest] EXPANSIONMODWEAPONS is defined
 SCRIPT       : [DefineTest] CfgMods:
 SCRIPT       : defaultAction
 SCRIPT       : DayZ
 SCRIPT       : BF_Define
 SCRIPT       : DZ_Expansion_AI_Preload
 SCRIPT       : DZ_Expansion_BaseBuilding_Preload
 SCRIPT       : DZ_Expansion_Book_Preload
 SCRIPT       : DZ_Expansion_Chat_Preload
 SCRIPT       : DZ_Expansion_Core_Preload
 SCRIPT       : DZ_Expansion_Garage_Preload
 SCRIPT       : DZ_Expansion_Groups_Preload
 SCRIPT       : DZ_Expansion_Hardline_Preload
 SCRIPT       : DZ_Expansion_KillFeed_Preload
 SCRIPT       : DZ_Expansion_MapAssets_Preload
 SCRIPT       : DZ_Expansion_Market_Preload
 SCRIPT       : DZ_Expansion_Missions_Preload
 SCRIPT       : DZ_Expansion_ModStorage_Preload
 SCRIPT       : DZ_Expansion_NameTags_Preload
 SCRIPT       : DZ_Expansion_Navigation_Preload
 SCRIPT       : DZ_Expansion_P2PMarket_Preload
 SCRIPT       : DZ_Expansion_PersonalStorage_Preload
 SCRIPT       : DZ_Expansion_Preload
 SCRIPT       : DZ_Expansion_Quests_Preload
 SCRIPT       : DZ_Expansion_SpawnSelection_Preload
 SCRIPT       : DZ_Expansion_Vehicles_Preload
 SCRIPT       : DZ_Expansion_Weapons_Preload
 SCRIPT       : ALV_Better_Beards
 SCRIPT       : BVP_DoorPeek
 SCRIPT       : DabsFramework
 SCRIPT       : DZ_Expansion_DefineTest
 SCRIPT       : DZ_Expansion_MapAssets
 SCRIPT       : sakhal
 SCRIPT       : EditorLoader
 SCRIPT       : JM_CommunityFramework
 SCRIPT       : TTC_Optics
 SCRIPT       : TTC_Pistols
 SCRIPT       : TTC_Rifles
 SCRIPT       : TTC_Shotguns
 SCRIPT       : TTC_SMG
 SCRIPT       : AVPPAdminTools
 SCRIPT       : WindstrideClothing
 SCRIPT       : ZenLazyAction
 SCRIPT       : ZenModCore
 SCRIPT       : ZenRepairWells
 SCRIPT       : ZenSkills
 SCRIPT       : ZenSleep
 SCRIPT       : DZ_Expansion_ModStorage
 SCRIPT       : earlywinter_scripts
 SCRIPT       : ZenZombieDoors
 SCRIPT       : BuildingFortifications
 SCRIPT       : DZ_Expansion_Core
 SCRIPT       : DZ_Expansion_Garage
 SCRIPT       : DZ_Expansion_Groups
 SCRIPT       : DZ_Expansion_Market
 SCRIPT       : DZ_Expansion_Missions
 SCRIPT       : DZ_Expansion_NameTags
 SCRIPT       : DZ_Expansion_Navigation
 SCRIPT       : DZ_Expansion_NotificationScheduler
 SCRIPT       : DZ_Expansion_P2PMarket
 SCRIPT       : DZ_Expansion_PersonalStorage
 SCRIPT       : DZ_Expansion_PersonalStorageNew
 SCRIPT       : DZ_Expansion_PlayerList
 SCRIPT       : DZ_Expansion
 SCRIPT       : DZ_Expansion_SpawnSelection
 SCRIPT       : DZ_Expansion_VanillaFixes
 SCRIPT       : DZ_Expansion_Vehicles
 SCRIPT       : DZ_Expansion_Weapons
 SCRIPT       : Furniture
 SCRIPT       : KnockKnockZombies
 SCRIPT       : QDLY_Melee_Weapons
 SCRIPT       : ACO_Core
 SCRIPT       : ACO_Headgear
 SCRIPT       : ACO_Lower
 SCRIPT       : ACO_Other
 SCRIPT       : ACO_Upper
 SCRIPT       : DZ_Expansion_AI
 SCRIPT       : DZ_Expansion_BaseBuilding
 SCRIPT       : DZ_Expansion_Book
 SCRIPT       : DZ_Expansion_Chat
 SCRIPT       : DZ_Expansion_Hardline
 SCRIPT       : DZ_Expansion_Quests
 SCRIPT       : DZ_Expansion_VirtualContainerStorage
 SCRIPT       : [ZEN|2026.05.27 08:02:25] [ZenObjectHookSpawner] Init.
 SCRIPT       : [ZEN|2026.05.27 08:02:32] [ZenModCore] OnInit.
 SCRIPT       : [ZEN|2026.05.27 08:02:32] MissionBase::OnInit
 SCRIPT       : [ZEN|2026.05.27 08:02:32] [ZenModCore] Server session count: 10
 SCRIPT       : [ZEN|2026.05.27 08:02:32] [ZenModCore::ZenConfigRegister] Registering ZenConfigRegister RPCs.
 SCRIPT       : [ZEN|2026.05.27 08:02:32] [ZenConfig] Loading config files for map: chernarusplus
 SCRIPT       : [ZEN|2026.05.27 08:02:32] [ZenConfig] Loading file: $profile:Zenarchist\Core\ZenCoreConfig.json
 SCRIPT       : [ZEN|2026.05.27 08:02:32] [ZenConfig] File loaded: ZenCoreConfig.json version=1.29.3
 SCRIPT       : [ZEN|2026.05.27 08:02:32] [ZenConfig] Loading file: $profile:Zenarchist\Skills\DB\\ZenSkillsHighscoresDB.json
 SCRIPT       : [ZEN|2026.05.27 08:02:32] [ZenConfig] File loaded: ZenSkillsHighscoresDB.json version=1.29.1
 SCRIPT       : [ZEN|2026.05.27 08:02:32] [ZenConfig] Loading file: $profile:Zenarchist\ZenSleepConfig.json
 SCRIPT       : [ZEN|2026.05.27 08:02:32] [ZenConfig] File loaded: ZenSleepConfig.json version=1.29.1
 SCRIPT       : [ZEN|2026.05.27 08:02:32] [ZenConfig] Loading file: $profile:Zenarchist\ZenZombieDoorsConfig.json
 SCRIPT       : [ZEN|2026.05.27 08:02:32] [ZenConfig] File loaded: ZenZombieDoorsConfig.json version=1.29.1
 SCRIPT       : [ZEN|2026.05.27 08:02:32] [ZenAdminCommandHandler] Init RPCs.
 SCRIPT       : [ZEN|2026.05.27 08:02:32] Server session count: 10
 SCRIPT       : [MissionServer] OnInit - Server
 SCRIPT       : [ZenWellsConfig] Init
 SCRIPT       : [ZenRepairWells] OnInit - Loaded config successfully.
 SCRIPT       : [ZenSkills] MissionServer::OnInit
 SCRIPT       : [BuildingFortificationsConfig] Create Building Fortifications configuration instance..
 SCRIPT       : [BuildingFortificationsConfig] Loading existing Building Fortifications configuration file..
 SCRIPT       : [BuildingFortificationsConfig] Load existing Building Fortifications configuration file..
 SCRIPT       : [AYSA] [KNOCK KNOCK ZOMBIES] 
 SCRIPT       : [AYSA] ----- Loading cfg -----
 SCRIPT       : [AYSA] --------------
 SCRIPT       : [AYSA] [KNOCK KNOCK ZOMBIES] enabled
 SCRIPT       : [AYSA] --------------
 SCRIPT       : [ZEN|2026.05.27 08:02:32] MissionBase::OnMissionStart
 SCRIPT       : [BVP] Doors Config Loaded
 SCRIPT       : 08:02:38.144 [EXPANSION DEBUG]: LoadMissionTradersFile trader ExpansionTraderStaticBase<0x0000028943DF98C0> ExpansionExchang fileName Exchange
 SCRIPT       : 08:02:38.197 [ERROR] :: MARKET CONFIGURATION ERROR: Trader does not exist: Exchange
 SCRIPT       : 08:02:48.913 [EXPANSION DEBUG]: LoadMissionTradersFile trader ExpansionTraderDenis<0x0000028946468010> ExpansionTraderDenis: fileName Clothing
 SCRIPT       : 08:02:48.914 [EXPANSION DEBUG]: ExpansionTraderDenis<0x0000028946468010> ExpansionTraderDenis:::SetTraderObject ExpansionTraderObjectBase<0x00000289DE717E30> <3688.447021, 401.872986, 5979.035156>
 SCRIPT       : 08:02:48.992 [EXPANSION DEBUG]: LoadMissionTradersFile trader ExpansionTraderMaria<0x000002894674D030> ExpansionTraderMaria: fileName Clothing_Accessories
 SCRIPT       : 08:02:48.993 [EXPANSION DEBUG]: ExpansionTraderMaria<0x000002894674D030> ExpansionTraderMaria:::SetTraderObject ExpansionTraderObjectBase<0x00000289DE721BB0> <3685.804932, 401.872986, 5981.424805>
 SCRIPT       : 08:02:49.032 [EXPANSION DEBUG]: LoadMissionTradersFile trader ExpansionTraderQuinn<0x00000289DE9474F0> ExpansionTraderQuinn: fileName Consumables
 SCRIPT       : 08:02:49.032 [EXPANSION DEBUG]: ExpansionTraderQuinn<0x00000289DE9474F0> ExpansionTraderQuinn:::SetTraderObject ExpansionTraderObjectBase<0x00000289E86BBFC0> <3705.351074, 401.942993, 5974.619141>
 SCRIPT       : 08:02:49.091 [EXPANSION DEBUG]: LoadMissionTradersFile trader ExpansionTraderNaomi<0x00000289DDD76B50> ExpansionTraderNaomi: fileName Weapons
 SCRIPT       : 08:02:49.092 [EXPANSION DEBUG]: ExpansionTraderNaomi<0x00000289DDD76B50> ExpansionTraderNaomi:::SetTraderObject ExpansionTraderObjectBase<0x00000289E8819BD0> <3694.393066, 401.880005, 5977.171875>
 SCRIPT       : 08:02:49.138 [EXPANSION DEBUG]: LoadMissionTradersFile trader ExpansionTraderSeth<0x00000289DDD6FF30> ExpansionTraderSeth:37 fileName Attachments
 SCRIPT       : 08:02:49.139 [EXPANSION DEBUG]: ExpansionTraderSeth<0x00000289DDD6FF30> ExpansionTraderSeth:37::SetTraderObject ExpansionTraderObjectBase<0x00000289E894C200> <3710.749023, 401.877991, 5992.686035>
 SCRIPT       : 08:02:49.189 [EXPANSION DEBUG]: LoadMissionTradersFile trader ExpansionTraderRolf<0x00000289DDD7A160> ExpansionTraderRolf:37 fileName Vehicles
 SCRIPT       : 08:02:49.190 [EXPANSION DEBUG]: ExpansionTraderRolf<0x00000289DDD7A160> ExpansionTraderRolf:37::SetTraderObject ExpansionTraderObjectBase<0x00000289E8A6D920> <3752.118896, 402.907013, 5993.716797>
 SCRIPT       : 08:02:49.238 [EXPANSION DEBUG]: LoadMissionTradersFile trader ExpansionTraderIndar<0x00000289DDD7D770> ExpansionTraderIndar: fileName Components
 SCRIPT       : 08:02:49.238 [EXPANSION DEBUG]: ExpansionTraderIndar<0x00000289DDD7D770> ExpansionTraderIndar:::SetTraderObject ExpansionTraderObjectBase<0x00000289E8B86220> <3705.658936, 401.880005, 5986.731934>
 SCRIPT       : 08:02:49.272 [EXPANSION DEBUG]: LoadMissionTradersFile trader ExpansionTraderJudy<0x00000289DDD80D80> ExpansionTraderJudy:37 fileName Medicals
 SCRIPT       : 08:02:49.272 [EXPANSION DEBUG]: ExpansionTraderJudy<0x00000289DDD80D80> ExpansionTraderJudy:37::SetTraderObject ExpansionTraderObjectBase<0x00000289E8B8C580> <3703.028076, 401.876007, 5980.686035>
 SCRIPT       : 08:02:49.279 [EXPANSION DEBUG]: LoadMissionTradersFile trader ExpansionTraderNaomi<0x00000289E8CCFC90> ExpansionTraderNaomi: fileName Vehicle_Parts
 SCRIPT       : 08:02:49.280 [EXPANSION DEBUG]: ExpansionTraderNaomi<0x00000289E8CCFC90> ExpansionTraderNaomi:::SetTraderObject ExpansionTraderObjectBase<0x00000289E8B8F460> <3719.777100, 401.264008, 6008.973145>
 SCRIPT       : 08:02:49.311 [EXPANSION DEBUG]: LoadMissionTradersFile trader ExpansionTraderJose<0x00000289E8CDD4D0> ExpansionTraderJose:38 fileName Spraycans
 SCRIPT       : 08:02:49.311 [EXPANSION DEBUG]: ExpansionTraderJose<0x00000289E8CDD4D0> ExpansionTraderJose:38::SetTraderObject ExpansionTraderObjectBase<0x00000289E8D0CF70> <3733.934082, 402.404999, 6018.082031>
 SCRIPT       : 08:02:49.339 [EXPANSION DEBUG]: LoadMissionTradersFile trader ExpansionTraderLinda<0x00000289E8CD32A0> ExpansionTraderLinda: fileName Special
 SCRIPT       : 08:02:49.339 [EXPANSION DEBUG]: ExpansionTraderLinda<0x00000289E8CD32A0> ExpansionTraderLinda:::SetTraderObject ExpansionTraderObjectBase<0x0000028944668850> <3736.435059, 402.381012, 6022.344238>
 SCRIPT       : 08:02:49.369 [EXPANSION DEBUG]: LoadMissionTradersFile trader ExpansionTraderNiki<0x00000289E8CC9070> ExpansionTraderNiki:38 fileName BuildingSupplies
 SCRIPT       : 08:02:49.370 [EXPANSION DEBUG]: ExpansionTraderNiki<0x00000289E8CC9070> ExpansionTraderNiki:38::SetTraderObject ExpansionTraderObjectBase<0x00000289E8F455D0> <3742.210938, 402.346008, 6015.333984>
 SCRIPT       : [ExpansionQuestPersistentServerData] Load existing configuration file:$profile:ExpansionMod\Quests\PersistentServerData.json
 SCRIPT       : [ExpansionQuestPersistentServerData] Load existing configuration file:$profile:ExpansionMod\Quests\PersistentServerData.json
 SCRIPT       : [ExpansionQuestObjectiveTravelConfig] Load existing configuration file:$profile:ExpansionMod\Quests\Objectives\Travel\1-Travel-Canabal-1.json
 SCRIPT       : [ExpansionQuestObjectiveTravelConfig] Load existing configuration file:$profile:ExpansionMod\Quests\Objectives\Travel\10-Travel-HammerTime.json
 SCRIPT       : [ExpansionQuestObjectiveTravelConfig] Load existing configuration file:$profile:ExpansionMod\Quests\Objectives\Travel\2-Travel-Canabal-2.json
 SCRIPT       : [ExpansionQuestObjectiveTravelConfig] Load existing configuration file:$profile:ExpansionMod\Quests\Objectives\Travel\3-Travel-SafeZone.json
 SCRIPT       : [ExpansionQuestObjectiveTravelConfig] Load existing configuration file:$profile:ExpansionMod\Quests\Objectives\Travel\5-Travel-Police_5.json
 SCRIPT       : [ExpansionQuestObjectiveTravelConfig] Load existing configuration file:$profile:ExpansionMod\Quests\Objectives\Travel\6-Travel-SwampBandits_6.json
 SCRIPT       : [ExpansionQuestObjectiveTravelConfig] Load existing configuration file:$profile:ExpansionMod\Quests\Objectives\Travel\60-Travel-BelayaPoyana.json
 SCRIPT       : [ExpansionQuestObjectiveTravelConfig] Load existing configuration file:$profile:ExpansionMod\Quests\Objectives\Travel\7-Travel-Skalisty.json
 SCRIPT       : [ExpansionQuestObjectiveTravelConfig] Load existing configuration file:$profile:ExpansionMod\Quests\Objectives\Travel\70-Travel-Medical_Ambulance.json
 SCRIPT       : [ExpansionQuestObjectiveTravelConfig] Load existing configuration file:$profile:ExpansionMod\Quests\Objectives\Travel\71-Travel-School_Ambush.json
 SCRIPT       : [ExpansionQuestObjectiveTravelConfig] Load existing configuration file:$profile:ExpansionMod\Quests\Objectives\Travel\72-Travel-Lost_in_The_Sea.json
 SCRIPT       : [ExpansionQuestObjectiveTravelConfig] Load existing configuration file:$profile:ExpansionMod\Quests\Objectives\Travel\73-Travel-The_Lost_Survivor.json
 SCRIPT       : [ExpansionQuestObjectiveTravelConfig] Load existing configuration file:$profile:ExpansionMod\Quests\Objectives\Travel\74-Travel-PilotCrash.json
 SCRIPT       : [ExpansionQuestObjectiveTravelConfig] Load existing configuration file:$profile:ExpansionMod\Quests\Objectives\Travel\75-Travel-PilotCrash_1.json
 SCRIPT       : [ExpansionQuestObjectiveTravelConfig] Load existing configuration file:$profile:ExpansionMod\Quests\Objectives\Travel\76-Travel-PilotCrash_2.json
 SCRIPT       : [ExpansionQuestObjectiveTravelConfig] Load existing configuration file:$profile:ExpansionMod\Quests\Objectives\Travel\77-Travel-Medical_Ambulance_3.json
 SCRIPT       : [ExpansionQuestObjectiveTravelConfig] Load existing configuration file:$profile:ExpansionMod\Quests\Objectives\Travel\78-Travel-Medical_Ambulance_Speak_With_Doctor.json
 SCRIPT       : [ExpansionQuestObjectiveTravelConfig] Load existing configuration file:$profile:ExpansionMod\Quests\Objectives\Travel\79-Travel-Medical_Ambulance_2.json
 SCRIPT       : [ExpansionQuestObjectiveTravelConfig] Load existing configuration file:$profile:ExpansionMod\Quests\Objectives\Travel\8-Travel-T_8.json
 SCRIPT       : [ExpansionQuestObjectiveTravelConfig] Load existing configuration file:$profile:ExpansionMod\Quests\Objectives\Travel\9-Travel-PowerPlant_9.json
 SCRIPT       : [ExpansionQuestObjectiveTargetConfig] Load existing configuration file:$profile:ExpansionMod\Quests\Objectives\Target\1-Target-infected-1.json
 SCRIPT       : [ExpansionQuestObjectiveTargetConfig] Load existing configuration file:$profile:ExpansionMod\Quests\Objectives\Target\10-Target-zAnimals-10.json
 SCRIPT       : [ExpansionQuestObjectiveTargetConfig] Load existing configuration file:$profile:ExpansionMod\Quests\Objectives\Target\11-Target-zPatolAi-11.json
 SCRIPT       : [ExpansionQuestObjectiveTargetConfig] Load existing configuration file:$profile:ExpansionMod\Quests\Objectives\Target\12-Target-zPatolAi-12.json
 SCRIPT       : [ExpansionQuestObjectiveTargetConfig] Load existing configuration file:$profile:ExpansionMod\Quests\Objectives\Target\13-Target-zPatolAi-13.json
 SCRIPT       : [ExpansionQuestObjectiveTargetConfig] Load existing configuration file:$profile:ExpansionMod\Quests\Objectives\Target\14-The-Easter-Bunny-14.json
 SCRIPT       : [ExpansionQuestObjectiveTargetConfig] Load existing configuration file:$profile:ExpansionMod\Quests\Objectives\Target\15-Target-zSnakes-15.json
 SCRIPT       : [ExpansionQuestObjectiveTargetConfig] Load existing configuration file:$profile:ExpansionMod\Quests\Objectives\Target\2-Target-infected-2.json
 SCRIPT       : [ExpansionQuestObjectiveTargetConfig] Load existing configuration file:$profile:ExpansionMod\Quests\Objectives\Target\3-Target-infected-3.json
 SCRIPT       : [ExpansionQuestObjectiveTargetConfig] Load existing configuration file:$profile:ExpansionMod\Quests\Objectives\Target\32-Target-PowerPlant.json
 SCRIPT       : [ExpansionQuestObjectiveTargetConfig] Load existing configuration file:$profile:ExpansionMod\Quests\Objectives\Target\4-Target-infected-4.json
 SCRIPT       : [ExpansionQuestObjectiveTargetConfig] Load existing configuration file:$profile:ExpansionMod\Quests\Objectives\Target\5-Target-Mutants-5.json
 SCRIPT       : [ExpansionQuestObjectiveTargetConfig] Load existing configuration file:$profile:ExpansionMod\Quests\Objectives\Target\7-Target-zAnimals-07.json
 SCRIPT       : [ExpansionQuestObjectiveTargetConfig] Load existing configuration file:$profile:ExpansionMod\Quests\Objectives\Target\74-Target-PilotCrash.json
 SCRIPT       : [ExpansionQuestObjectiveTargetConfig] Load existing configuration file:$profile:ExpansionMod\Quests\Objectives\Target\75-Target-PilotCrash_1.json
 SCRIPT       : [ExpansionQuestObjectiveTargetConfig] Load existing configuration file:$profile:ExpansionMod\Quests\Objectives\Target\8-Target-zAnimals-08.json
 SCRIPT       : [ExpansionQuestObjectiveTargetConfig] Load existing configuration file:$profile:ExpansionMod\Quests\Objectives\Target\80-Target-Medical_Ambulance_2.json
 SCRIPT       : [ExpansionQuestObjectiveTargetConfig] Load existing configuration file:$profile:ExpansionMod\Quests\Objectives\Target\81-Target-Medical_Ambulance_3.json
 SCRIPT       : [ExpansionQuestObjectiveTargetConfig] Load existing configuration file:$profile:ExpansionMod\Quests\Objectives\Target\82-Target-FirstBlood.json
 SCRIPT       : [ExpansionQuestObjectiveTargetConfig] Load existing configuration file:$profile:ExpansionMod\Quests\Objectives\Target\83-Target-RealSurvivor.json
 SCRIPT       : [ExpansionQuestObjectiveTargetConfig] Load existing configuration file:$profile:ExpansionMod\Quests\Objectives\Target\84-Target-NoMercy.json
 SCRIPT       : [ExpansionQuestObjectiveTargetConfig] Load existing configuration file:$profile:ExpansionMod\Quests\Objectives\Target\85-Target-FirstKill-eAI.json
 SCRIPT       : [ExpansionQuestObjectiveTargetConfig] Load existing configuration file:$profile:ExpansionMod\Quests\Objectives\Target\86-Target-AIHunter-eAI.json
 SCRIPT       : [ExpansionQuestObjectiveTargetConfig] Load existing configuration file:$profile:ExpansionMod\Quests\Objectives\Target\87-Target-AISlayer-eAI.json
 SCRIPT       : [ExpansionQuestObjectiveTargetConfig] Load existing configuration file:$profile:ExpansionMod\Quests\Objectives\Target\88-Target-FirstWolf.json
 SCRIPT       : [ExpansionQuestObjectiveTargetConfig] Load existing configuration file:$profile:ExpansionMod\Quests\Objectives\Target\89-Target-WolfPack.json
 SCRIPT       : [ExpansionQuestObjectiveTargetConfig] Load existing configuration file:$profile:ExpansionMod\Quests\Objectives\Target\9-Target-Fox-09.json
 SCRIPT       : [ExpansionQuestObjectiveTargetConfig] Load existing configuration file:$profile:ExpansionMod\Quests\Objectives\Target\90-Target-WolfSlayer.json
 SCRIPT       : [ExpansionQuestObjectiveTargetConfig] Load existing configuration file:$profile:ExpansionMod\Quests\Objectives\Target\91-Target-FirstBear.json
 SCRIPT       : [ExpansionQuestObjectiveTargetConfig] Load existing configuration file:$profile:ExpansionMod\Quests\Objectives\Target\92-Target-BearHunter.json
 SCRIPT       : [ExpansionQuestObjectiveTargetConfig] Load existing configuration file:$profile:ExpansionMod\Quests\Objectives\Target\93-Target-BearSlayer.json
 SCRIPT       : [ExpansionQuestObjectiveDeliveryConfig] Load existing configuration file:$profile:ExpansionMod\Quests\Objectives\Delivery\1-Delivery-Steve-1.json
 SCRIPT       : [ExpansionQuestObjectiveDeliveryConfig] Load existing configuration file:$profile:ExpansionMod\Quests\Objectives\Delivery\2-Delivery-Peter-1.json
 SCRIPT       : [ExpansionQuestObjectiveDeliveryConfig] Load existing configuration file:$profile:ExpansionMod\Quests\Objectives\Delivery\5-Delivery-Note.json
 SCRIPT       : [ExpansionQuestObjectiveCollectionConfig] Load existing configuration file:$profile:ExpansionMod\Quests\Objectives\Collection\1-Collection-MetalWire.json
 SCRIPT       : [ExpansionQuestObjectiveCollectionConfig] Load existing configuration file:$profile:ExpansionMod\Quests\Objectives\Collection\10-Repair_Weapon.json
 SCRIPT       : [ExpansionQuestObjectiveCollectionConfig] Load existing configuration file:$profile:ExpansionMod\Quests\Objectives\Collection\12-Repair_Vest911.json
 SCRIPT       : [ExpansionQuestObjectiveCollectionConfig] Load existing configuration file:$profile:ExpansionMod\Quests\Objectives\Collection\13-Repair_ClothesBag912.json
 SCRIPT       : [ExpansionQuestObjectiveCollectionConfig] Load existing configuration file:$profile:ExpansionMod\Quests\Objectives\Collection\14-Medical_Heal913.json
 SCRIPT       : [ExpansionQuestObjectiveCollectionConfig] Load existing configuration file:$profile:ExpansionMod\Quests\Objectives\Collection\15-TP_1.json
 SCRIPT       : [ExpansionQuestObjectiveCollectionConfig] Load existing configuration file:$profile:ExpansionMod\Quests\Objectives\Collection\16-TP_2.json
 SCRIPT       : [ExpansionQuestObjectiveCollectionConfig] Load existing configuration file:$profile:ExpansionMod\Quests\Objectives\Collection\2-Collection-Mackerel.json
 SCRIPT       : [ExpansionQuestObjectiveCollectionConfig] Load existing configuration file:$profile:ExpansionMod\Quests\Objectives\Collection\3-Collection-Reindeer.json
 SCRIPT       : [ExpansionQuestObjectiveCollectionConfig] Load existing configuration file:$profile:ExpansionMod\Quests\Objectives\Collection\4-Collection-BearPelt.json
 SCRIPT       : [ExpansionQuestObjectiveCollectionConfig] Load existing configuration file:$profile:ExpansionMod\Quests\Objectives\Collection\5-Collection-DeerPelt.json
 SCRIPT       : [ExpansionQuestObjectiveCollectionConfig] Load existing configuration file:$profile:ExpansionMod\Quests\Objectives\Collection\6-Collection-Lock.json
 SCRIPT       : [ExpansionQuestObjectiveCollectionConfig] Load existing configuration file:$profile:ExpansionMod\Quests\Objectives\Collection\7-Collection-CrocodileSkin.json
 SCRIPT       : [ExpansionQuestObjectiveCollectionConfig] Load existing configuration file:$profile:ExpansionMod\Quests\Objectives\Collection\8-Fishing-Time.json
 SCRIPT       : [ExpansionQuestObjectiveCollectionConfig] Load existing configuration file:$profile:ExpansionMod\Quests\Objectives\Collection\9-Collection-Rat.json
 SCRIPT       : [ExpansionQuestObjectiveTreasureHuntConfig] Load existing configuration file:$profile:ExpansionMod\Quests\Objectives\TreasureHunt\1-TH_1.json
 SCRIPT       : [ExpansionQuestObjectiveTreasureHuntConfig] Load existing configuration file:$profile:ExpansionMod\Quests\Objectives\TreasureHunt\2-Thief of grave.json
 SCRIPT       : [ExpansionQuestObjectiveTreasureHuntConfig] Load existing configuration file:$profile:ExpansionMod\Quests\Objectives\TreasureHunt\3-Stolen-Ammunition.json
 SCRIPT       : [ExpansionQuestObjectiveActionConfig] Load existing configuration file:$profile:ExpansionMod\Quests\Objectives\Action\1-Medic.json
 SCRIPT       : [ExpansionQuestObjectiveActionConfig] Load existing configuration file:$profile:ExpansionMod\Quests\Objectives\Action\10-Medic.json
 SCRIPT       : [ExpansionQuestObjectiveActionConfig] Load existing configuration file:$profile:ExpansionMod\Quests\Objectives\Action\11-Medic.json
 SCRIPT       : [ExpansionQuestObjectiveActionConfig] Load existing configuration file:$profile:ExpansionMod\Quests\Objectives\Action\12-Medic.json
 SCRIPT       : [ExpansionQuestObjectiveActionConfig] Load existing configuration file:$profile:ExpansionMod\Quests\Objectives\Action\13-Medic.json
 SCRIPT       : [ExpansionQuestObjectiveActionConfig] Load existing configuration file:$profile:ExpansionMod\Quests\Objectives\Action\14-Medic.json
 SCRIPT       : [ExpansionQuestObjectiveActionConfig] Load existing configuration file:$profile:ExpansionMod\Quests\Objectives\Action\15-Medic.json
 SCRIPT       : [ExpansionQuestObjectiveActionConfig] Load existing configuration file:$profile:ExpansionMod\Quests\Objectives\Action\16-Medic.json
 SCRIPT       : [ExpansionQuestObjectiveActionConfig] Load existing configuration file:$profile:ExpansionMod\Quests\Objectives\Action\17-Medic.json
 SCRIPT       : [ExpansionQuestObjectiveActionConfig] Load existing configuration file:$profile:ExpansionMod\Quests\Objectives\Action\18-Horticulture.json
 SCRIPT       : [ExpansionQuestObjectiveActionConfig] Load existing configuration file:$profile:ExpansionMod\Quests\Objectives\Action\19-Horticulture.json
 SCRIPT       : [ExpansionQuestObjectiveActionConfig] Load existing configuration file:$profile:ExpansionMod\Quests\Objectives\Action\2-Medic.json
 SCRIPT       : [ExpansionQuestObjectiveActionConfig] Load existing configuration file:$profile:ExpansionMod\Quests\Objectives\Action\20-Horticulture.json
 SCRIPT       : [ExpansionQuestObjectiveActionConfig] Load existing configuration file:$profile:ExpansionMod\Quests\Objectives\Action\21-Horticulture.json
 SCRIPT       : [ExpansionQuestObjectiveActionConfig] Load existing configuration file:$profile:ExpansionMod\Quests\Objectives\Action\22-Horticulture.json
 SCRIPT       : [ExpansionQuestObjectiveActionConfig] Load existing configuration file:$profile:ExpansionMod\Quests\Objectives\Action\23-Horticulture.json
 SCRIPT       : [ExpansionQuestObjectiveActionConfig] Load existing configuration file:$profile:ExpansionMod\Quests\Objectives\Action\24-Horticulture.json
 SCRIPT       : [ExpansionQuestObjectiveActionConfig] Load existing configuration file:$profile:ExpansionMod\Quests\Objectives\Action\26-Vehicle_StartBoat.json
 SCRIPT       : [ExpansionQuestObjectiveActionConfig] Load existing configuration file:$profile:ExpansionMod\Quests\Objectives\Action\3-Medic.json
 SCRIPT       : [ExpansionQuestObjectiveActionConfig] Load existing configuration file:$profile:ExpansionMod\Quests\Objectives\Action\4-Medic.json
 SCRIPT       : [ExpansionQuestObjectiveActionConfig] Load existing configuration file:$profile:ExpansionMod\Quests\Objectives\Action\5-Medic.json
 SCRIPT       : [ExpansionQuestObjectiveActionConfig] Load existing configuration file:$profile:ExpansionMod\Quests\Objectives\Action\6-Medic.json
 SCRIPT       : [ExpansionQuestObjectiveActionConfig] Load existing configuration file:$profile:ExpansionMod\Quests\Objectives\Action\7-Medic.json
 SCRIPT       : [ExpansionQuestObjectiveActionConfig] Load existing configuration file:$profile:ExpansionMod\Quests\Objectives\Action\8-Medic.json
 SCRIPT       : [ExpansionQuestObjectiveActionConfig] Load existing configuration file:$profile:ExpansionMod\Quests\Objectives\Action\9-Medic.json
 SCRIPT       : [ExpansionQuestObjectiveCraftingConfig] Load existing configuration file:$profile:ExpansionMod\Quests\Objectives\Crafting\1-Crafting-FishingRod.json
 SCRIPT       : [ExpansionQuestObjectiveAIPatrolConfig] Load existing configuration file:$profile:ExpansionMod\Quests\Objectives\AIPatrol\1-AIpatrol.json
 SCRIPT       : [ExpansionQuestObjectiveAIPatrolConfig] Load existing configuration file:$profile:ExpansionMod\Quests\Objectives\AIPatrol\2-AIpatrol-PatrolSwamp_2.json
 SCRIPT       : [ExpansionQuestObjectiveAICampConfig] Load existing configuration file:$profile:ExpansionMod\Quests\Objectives\AICamp\1-AICamp-Canabal-1.json
 SCRIPT       : [ExpansionQuestObjectiveAICampConfig] Load existing configuration file:$profile:ExpansionMod\Quests\Objectives\AICamp\2-AICamp-Canabal-2.json
 SCRIPT       : [ExpansionQuestObjectiveAICampConfig] Load existing configuration file:$profile:ExpansionMod\Quests\Objectives\AICamp\3-AICamp-AIC_Example_3.json
 SCRIPT       : [ExpansionQuestObjectiveAICampConfig] Load existing configuration file:$profile:ExpansionMod\Quests\Objectives\AICamp\40-AICamp-AIC_Police_2.json
 SCRIPT       : [ExpansionQuestObjectiveAICampConfig] Load existing configuration file:$profile:ExpansionMod\Quests\Objectives\AICamp\5-AICamp-AIC_Plant_5.json
 SCRIPT       : [ExpansionQuestObjectiveAICampConfig] Load existing configuration file:$profile:ExpansionMod\Quests\Objectives\AICamp\50-AICamp-BelayaPolyana_1.json
 SCRIPT       : [ExpansionQuestObjectiveAICampConfig] Load existing configuration file:$profile:ExpansionMod\Quests\Objectives\AICamp\70-AICamp-Medical_Ambulance.json
 SCRIPT       : [ExpansionQuestObjectiveAICampConfig] Load existing configuration file:$profile:ExpansionMod\Quests\Objectives\AICamp\71-AICamp-School_Ambush.json
 SCRIPT       : [ExpansionQuestObjectiveAICampConfig] Load existing configuration file:$profile:ExpansionMod\Quests\Objectives\AICamp\72-AICamp-Medical_Ambulance_2.json
 SCRIPT       : [ExpansionQuestObjectiveAICampConfig] Load existing configuration file:$profile:ExpansionMod\Quests\Objectives\AICamp\73-AICamp-The_Lost_Survivor.json
 SCRIPT       : [ExpansionQuestObjectiveAICampConfig] Load existing configuration file:$profile:ExpansionMod\Quests\Objectives\AICamp\74-AICamp-AIPowerPlant_3.json
 SCRIPT       : [ExpansionQuestObjectiveAICampConfig] Load existing configuration file:$profile:ExpansionMod\Quests\Objectives\AICamp\75-AIPatrol-PatrolSwamp_2.json
 SCRIPT       : [ExpansionQuestObjectiveAICampConfig] Load existing configuration file:$profile:ExpansionMod\Quests\Objectives\AICamp\76-AICamp-PilotCrash_2.json
 SCRIPT       : [ExpansionQuestObjectiveAIEscortConfig] Load existing configuration file:$profile:ExpansionMod\Quests\Objectives\AIVIP\1-VIP.json
 SCRIPT       : [ExpansionQuestObjectiveAIEscortConfig] Load existing configuration file:$profile:ExpansionMod\Quests\Objectives\AIVIP\2-VIP.json
 SCRIPT       : [ExpansionQuestObjectiveAIEscortConfig] Load existing configuration file:$profile:ExpansionMod\Quests\Objectives\AIVIP\3-VIP - Medical_Ambulance.json
 SCRIPT       : [ExpansionQuestObjectiveAIEscortConfig] Load existing configuration file:$profile:ExpansionMod\Quests\Objectives\AIVIP\4-VIP.json
 SCRIPT       : [ExpansionQuestObjectiveAIEscortConfig] Load existing configuration file:$profile:ExpansionMod\Quests\Objectives\AIVIP\5-VIP.json
 SCRIPT       : [ExpansionQuestObjectiveAIEscortConfig] Load existing configuration file:$profile:ExpansionMod\Quests\Objectives\AIVIP\6-VIP - The_Lost_Survivor.json
 SCRIPT       : [ExpansionQuestObjectiveAIEscortConfig] Load existing configuration file:$profile:ExpansionMod\Quests\Objectives\AIVIP\7-VIP - PilotCrash.json
 SCRIPT       : [ExpansionQuestObjectiveAIEscortConfig] Load existing configuration file:$profile:ExpansionMod\Quests\Objectives\AIVIP\8-VIP - PilotCrash_1.json
 SCRIPT       : [ExpansionQuestObjectiveAIEscortConfig] Load existing configuration file:$profile:ExpansionMod\Quests\Objectives\AIVIP\9-VIP - PilotCrash_2.json
 SCRIPT       : [ExpansionQuestNPCData] Load existing configuration file:QuestNPC_1.json
 SCRIPT       : [ExpansionQuestNPCData] Load existing configuration file:QuestNPC_2.json
 SCRIPT       : [ExpansionQuestNPCData] Load existing configuration file:QuestNPC_3.json
 SCRIPT       : [ExpansionQuestNPCData] Load existing configuration file:QuestNPC_4000.json
 SCRIPT       : [ExpansionQuestNPCData] Load existing configuration file:QuestNPC_4001.json
 SCRIPT       : [ExpansionQuestNPCData] Load existing configuration file:QuestNPC_4003.json
 SCRIPT       : 08:03:04.365 [ExpansionQuestModule<0x000002853EF068D0>] :: [INFO] :: [Expansion Quests] NPC with ID 4003 is set to inactive. Skip..
 SCRIPT       : [ExpansionQuestNPCData] Load existing configuration file:QuestNPC_4005.json
 SCRIPT       : [ExpansionQuestNPCData] Load existing configuration file:QuestNPC_4006.json
 SCRIPT       : [MissionServer] OnMissionStart - Server
 SCRIPT       : string dirtyName = 'Bullzed-Test'
 SCRIPT       : [ZEN|2026.05.27 08:03:04] [ZenModCore] OnMissionStart.
SCRIPT       : ExpansionMarketItem marketItem = ExpansionMarketItem<0x0000028707294590>
SCRIPT       : int worth =   1
SCRIPT       : ExpansionZonePolygon<0x0000028BA198D640> position=<12015.854492, 0.000000, 12591.097656> radius=419.633
SCRIPT       : ExpansionZoneCircle<0x0000028BAF72E0D0> position=<1143.140015, 0.000000, 2423.270020> radius=700
SCRIPT       : ExpansionZoneCircle<0x0000028BAF72E550> position=<3728.270020, 0.000000, 6003.600098> radius=500
SCRIPT       : Found 3 zones!
SCRIPT       : Module: $profile:ExpansionMod\AI\FSM\Master.c; loaded 1x files; 153x classes; used 119/262 kB (45%) of static memory; defines: "DAYZ_1_29,SERVER_FOR_WINDOWS,SERVER,PLATFORM_WINDOWS,RELEASE,NO_GUI,NO_GUI_INGAME,BF_Define,DZ_Expansion_AI_Prel
SCRIPT       : 08:04:23.700 [ERROR] :: Unknown loadout requested ('Medic_Trader')
Function: 'Apply'
Stack trace:
DayZExpansion/Core/Scripts/4_World/dayzexpansion_core\classes\loadout\expansionloadout.c:3212
SCRIPT       : 08:04:23.803 [ERROR] :: Unknown loadout requested ('MMG_SNAFU_Atack')
Function: 'Apply'
Stack trace:
DayZExpansion/Core/Scripts/4_World/dayzexpansion_core\classes\loadout\expansionloadout.c:3212
SCRIPT       : [WeaponFSM::ValidateAndRepairHelper] :: [INFO] :: [wpnfsm] ValidateAndRepair Attempting to repair: Scout:63799 (owner ExpansionQuestNPCAIHassan<0x0000028BB884F760> ExpansionQuestNPCAIHassan:63798) - MagazineRepair - BAREM_CLO_BUF_MA0<0x0000
SCRIPT       : m_LoginTimeMs: 16200
SCRIPT       : [ZEN|2026.05.27 08:05:07] [ZenObjectHookSpawner] No hook configs to dump positions of.
SCRIPT       : 08:09:37.938 [EXPANSION DEBUG]: [ExpansionMissionEventAirdrop] Adjusted container weights:
SCRIPT       : 08:09:37.938 [EXPANSION DEBUG]: ExpansionAirdropContainer 134
SCRIPT       : 08:09:37.938 [EXPANSION DEBUG]: ExpansionAirdropContainer_Medical 138
SCRIPT       : 08:09:37.938 [EXPANSION DEBUG]: ExpansionAirdropContainer_Basebuilding 133
SCRIPT       : 08:09:37.938 [EXPANSION DEBUG]: ExpansionAirdropContainer_Military 129
SCRIPT       : 08:09:37.938 [EXPANSION DEBUG]: ExpansionAirdropPlane::Expansion_GetSpawnPoint - drop position <11125.000000, 0.000000, 14040.000000> - map is chernarusplus - size 15360 - center <7100.000000, 300.000000, 7750.000000>
SCRIPT       : 08:09:37.938 [EXPANSION DEBUG]: ExpansionAirdropPlane::Expansion_GetSpawnPoint - selected spawn point <3215.335449, 450.711029, 0.000000>
SCRIPT       : 08:20:24.216 [EXPANSION LOG]: ExpansionAirdropContainerBase_Server<0x0000028BD4EF57E0> Expan Expansion_InitAirdrop - total weight (kg) 303.65 - nominal fall speed 4.50912 m/s, wind impact strength 0.149696
SCRIPT       : [ExpansionAirdropContainerManager] Container at <10943.378906, 122.254822, 14066.232422> was deleted
SCRIPT       : ExpansionAirdropContainerManager::DeleteSingleInfected
SCRIPT       : ExpansionAirdropContainerManager::DeleteSingleInfected
SCRIPT       : ~ExpansionAirdropContainerManager
SCRIPT       : 09:40:33.173 [EXPANSION DEBUG]: [ExpansionMissionEventAirdrop] Adjusted container weights:
SCRIPT       : 09:40:33.173 [EXPANSION DEBUG]: ExpansionAirdropContainer 154
SCRIPT       : 09:40:33.173 [EXPANSION DEBUG]: ExpansionAirdropContainer_Medical 158
SCRIPT       : 09:40:33.173 [EXPANSION DEBUG]: ExpansionAirdropContainer_Basebuilding 153
SCRIPT       : 09:40:33.173 [EXPANSION DEBUG]: ExpansionAirdropContainer_Military 149
SCRIPT       : 09:40:33.173 [EXPANSION DEBUG]: ExpansionAirdropPlane::Expansion_GetSpawnPoint - drop position <6128.000000, 0.000000, 2497.000000> - map is chernarusplus - size 15360 - center <7100.000000, 300.000000, 7750.000000>
SCRIPT       : 09:40:33.173 [EXPANSION DEBUG]: ExpansionAirdropPlane::Expansion_GetSpawnPoint - selected spawn point <9041.995117, 831.270508, 15360.000000>
SCRIPT       : 09:49:20.305 [EXPANSION DEBUG]: ExpansionLootSpawner::Spawn - WARNING: Couldn't spawn BandageDressing on FirstAidKit<0x0000028C21BF4070> FirstAidKit:95841
SCRIPT       : 09:49:20.307 [EXPANSION LOG]: ExpansionAirdropContainerBase_Server<0x0000028C14DB9910> Expan Expansion_InitAirdrop - total weight (kg) 302.26 - nominal fall speed 4.50565 m/s, wind impact strength 0.149812
SCRIPT       : [ExpansionAirdropContainerManager] Container at <5925.198242, 70.155754, 2477.047607> was deleted
SCRIPT       : ~ExpansionAirdropContainerManager
 SCRIPT       : 11:09:09.966 [EXPANSION DEBUG]: ExpansionHardlineModule<0x000002853EE966F0> ::LoadPlayerData - Loaded player hardline data for player Juts[ANwBQqVVStKCILjNoABDu3SscjO3bFF-nGQjnjwyOUM=]
SCRIPT       : 11:09:29.963 [EXPANSION DEBUG]: ExpansionAirdropPlane::Expansion_GetSpawnPoint - drop position <6128.000000, 0.000000, 2497.000000> - map is chernarusplus - size 15360 - center <7100.000000, 300.000000, 7750.000000>
SCRIPT       : 11:09:29.963 [EXPANSION DEBUG]: ExpansionAirdropPlane::Expansion_GetSpawnPoint - selected spawn point <0.000000, 922.715698, 14175.161133>
 SCRIPT       : [AYSA] [KNOCK KNOCK ZOMBIES] 
 SCRIPT       : [AYSA] ----- Sending cfg -----
 SCRIPT       : [AYSA] ----- Juts -----
 SCRIPT       : ---- PlayerBase OnStoreLoad SUCCESS ----
 SCRIPT       : [BVP Doors] Sent full config to client: Juts
 SCRIPT       : 11:09:43.207 [EXPANSION DEBUG]: ExpansionPartyData<0x0000028A0236F9D0>::OnJoin party Ratas de laboratiorio (ID 0) player Juts (ID ANwBQqVVStKCILjNoABDu3SscjO3bFF-nGQjnjwyOUM=)
 SCRIPT       : [ZEN|2026.05.27 11:09:43] [ZenModCore::ZenConfigRegister] Sent 3 config files to id=ANwBQqVVStKCILjNoABDu3SscjO3bFF-nGQjnjwyOUM=
 SCRIPT       : CustomMission<0x00000289163E7C60>::SyncBFConfig - Send Building
 SCRIPT       : [VPPAT] Player "Juts" (steamId=76561198119114852) connected to server!
 SCRIPT       : [PlayerListManager] AddReceiver ► added: PlayerIdentity<0x0000028BE30DCD30>
SCRIPT       : [ZenSleep::ZenSleepEffectHandlerServer] Initialized ANwBQqVVStKCILjNoABDu3SscjO3bFF-nGQjnjwyOUM=
SCRIPT       : 11:09:43.588 [EXPANSION DEBUG]: eAI_SurvivorF_Baty<0x0000028C12D55010> eAI_SurvivorF_Baty:9597 ---- PlayerBase::Expansion_OnEntityStorageLoad SUCCESS ----
SCRIPT       : 11:09:43.588 [ExpansionEntityStorage] HITCH: 101.528ms
SCRIPT       : 11:09:43.748 [EXPANSION DEBUG]: eAI_SurvivorF_Helga<0x0000028C202D1010> eAI_SurvivorF_Helga:95 ---- PlayerBase::Expansion_OnEntityStorageLoad SUCCESS ----
SCRIPT       : 11:09:43.749 [ExpansionEntityStorage] HITCH: 134.777ms
SCRIPT       : 11:09:43.886 [EXPANSION DEBUG]: eAI_SurvivorM_Oliver<0x0000028C20320B40> eAI_SurvivorM_Oliver: ---- PlayerBase::Expansion_OnEntityStorageLoad SUCCESS ----
SCRIPT       : 11:09:43.886 [ExpansionEntityStorage] HITCH: 111.024ms
SCRIPT       : 11:09:44.034 [EXPANSION DEBUG]: eAI_SurvivorF_Irena<0x0000028BC8D66A90> eAI_SurvivorF_Irena:96 ---- PlayerBase::Expansion_OnEntityStorageLoad SUCCESS ----
SCRIPT       : 11:09:44.034 [ExpansionEntityStorage] HITCH: 119.06ms
SCRIPT       : 11:09:44.129 [EXPANSION DEBUG]: eAI_SurvivorM_Seth<0x0000028C1DBC8010> eAI_SurvivorM_Seth:9609 ---- PlayerBase::Expansion_OnEntityStorageLoad SUCCESS ----
SCRIPT       : 11:09:44.130 [ExpansionEntityStorage] HITCH: 71.4631ms
SCRIPT       : 11:09:44.205 [EXPANSION DEBUG]: eAI_SurvivorM_Oliver<0x0000028C1DC16020> eAI_SurvivorM_Oliver: ---- PlayerBase::Expansion_OnEntityStorageLoad SUCCESS ----
SCRIPT       : 11:09:44.205 [ExpansionEntityStorage] HITCH: 49.2383ms
SCRIPT       : 11:09:44.311 [EXPANSION DEBUG]: eAI_SurvivorM_Niki<0x0000028C21192010> eAI_SurvivorM_Niki:9612 ---- PlayerBase::Expansion_OnEntityStorageLoad SUCCESS ----
SCRIPT       : 11:09:44.311 [ExpansionEntityStorage] HITCH: 78.7484ms
SCRIPT       : 11:09:44.431 [EXPANSION DEBUG]: eAI_SurvivorF_Eva<0x0000028C1FBD6FF0> eAI_SurvivorF_Eva:96144 ---- PlayerBase::Expansion_OnEntityStorageLoad SUCCESS ----
SCRIPT       : 11:09:44.431 [ExpansionEntityStorage] HITCH: 94.9979ms
SCRIPT       : 11:09:44.557 [EXPANSION DEBUG]: eAI_SurvivorM_Boris<0x0000028C219BB000> eAI_SurvivorM_Boris:96 ---- PlayerBase::Expansion_OnEntityStorageLoad SUCCESS ----
SCRIPT       : 11:09:44.558 [ExpansionEntityStorage] HITCH: 97.5901ms
SCRIPT       : 11:09:44.684 [EXPANSION DEBUG]: eAI_SurvivorF_Keiko<0x0000028C212F4030> eAI_SurvivorF_Keiko:96 ---- PlayerBase::Expansion_OnEntityStorageLoad SUCCESS ----
SCRIPT       : 11:09:44.684 [ExpansionEntityStorage] HITCH: 97.9195ms
SCRIPT       : 11:09:44.796 [EXPANSION DEBUG]: eAI_SurvivorF_Frida<0x0000028C1D907040> eAI_SurvivorF_Frida:96 ---- PlayerBase::Expansion_OnEntityStorageLoad SUCCESS ----
SCRIPT       : 11:09:44.797 [ExpansionEntityStorage] HITCH: 87.9921ms
SCRIPT       : 11:09:44.922 [EXPANSION DEBUG]: eAI_SurvivorM_Hassan<0x00000288E5532A80> eAI_SurvivorM_Hassan: ---- PlayerBase::Expansion_OnEntityStorageLoad SUCCESS ----
SCRIPT       : 11:09:44.922 [ExpansionEntityStorage] HITCH: 100.246ms
SCRIPT    (E): Virtual Machine Exception

Reason: [CF_ModStorageObject<ItemBase>::OnStoreLoad_CF] :: [WARNING] :: Shemag_Brown<0x0000028C17643FC0> Shemag_Brown:96289::CF_OnStoreLoad failed

Class:      'CF_ModStorageObject<ItemBase>'
Function: 'OnStoreLoad_CF'
Stack trace:
JM/CF/Scripts/4_World/communityframework\modstorage\cf_modstorageobject.c:153 Function OnStoreLoad_CF
JM/CF/Scripts/4_World/communityframework\modstorage\cf_modstorageobject.c:115 Function OnStoreLoad
JM/CF/Scripts/4_World/communityframework\entities\itembase.c:19 Function OnStoreLoad
DayZExpansion/Core/Scripts/4_World/dayzexpansion_core\entities\itembase.c:116 Function OnStoreLoad
DayZExpansion/Core/Scripts/4_World/dayzexpansion_core\classes\expansionentitystorage.c:880 Function Restore_Phase3a
DayZExpansion/Core/Scripts/4_World/dayzexpansion_core\classes\expansionentitystorage.c:536 Function Restore
DayZExpansion/Core/Scripts/4_World/dayzexpansion_core\classes\expansionentitystorage.c:795 Function Restore_Phase2
DayZExpansion/Core/Scripts/4_World/dayzexpansion_core\classes\expansionentitystorage.c:530 Function Restore
DayZExpansion/Core/Scripts/4_World/dayzexpansion_core\classes\expansionentitystorage.c:795 Function Restore_Phase2
DayZExpansion/Core/Scripts/4_World/dayzexpansion_core\classes\expansionentitystorage.c:530 Function Restore
DayZExpansion/Core/Scripts/4_World/dayzexpansion_core\classes\expansionentitystorage.c:1184 Function RestoreFromFile
DayZExpansion/AI/Scripts/4_World/dayzexpansion_ai\classes\eaigroup.c:1472 Function Load
DayZExpansion/AI/Scripts/4_World/dayzexpansion_ai\classes\patrols\eaidynamicpatrol.c:561 Function Spawn
DayZExpansion/AI/Scripts/4_World/dayzexpansion_ai\classes\patrols\eaidynamicpatrolspheretrigger.c:146 Function eAI_PatrolSpawn
DayZExpansion/AI/Scripts/4_World/dayzexpansion_ai\classes\patrols\eaidynamicpatrolspheretrigger.c:139 Function eAI_PatrolSpawnCheck
scripts/3_Game/dayzgame.c:2982 Function OnUpdate
0_DayZExpansion_Core_Preload/3_Game/dayzgame.c:16 Function OnUpdate
JM/CF/Scripts/3_Game/communityframework\game\dayzgame.c:46 Function OnUpdate
VPPAdminTools/3_Game/vppadmintools\vanillaplusplus.c:213 Function OnUpdate
DayZExpansion/AI/Scripts/3_Game/dayzexpansion_ai\dayzgame.c:101 Function OnUpdate
SCRIPT       : 11:09:45.009 [ExpansionEntityStorage] HITCH: 61.2837ms
SCRIPT       : 11:09:45.151 [EXPANSION DEBUG]: eAI_SurvivorF_Maria<0x0000028BFA87E020> eAI_SurvivorF_Maria:96 ---- PlayerBase::Expansion_OnEntityStorageLoad SUCCESS ----
SCRIPT       : 11:09:45.152 [ExpansionEntityStorage] HITCH: 111.62ms
SCRIPT       : 11:10:11.804 [ExpansionEntityStorage] HITCH: 1714.1ms
SCRIPT       : 11:10:42.029 [ExpansionEntityStorage] HITCH: 1610.13ms
SCRIPT       : 11:11:11.569 [ExpansionEntityStorage] HITCH: 1054.51ms
 SCRIPT       : [Permissions Manager] Admin (Juts) (76561198119114852) Successfully Logged in!
 SCRIPT       : [Barrel_Yellow::OnQuantityChanged] :: [INFO] :: Undefined liquid type quantity changed, please define liquid type first! Using init value.
SCRIPT       : 11:11:40.640 [ExpansionEntityStorage] HITCH: 953.395ms
 SCRIPT       : [Logout]: New player ANwBQqVVStKCILjNoABDu3SscjO3bFF-nGQjnjwyOUM= with logout time 15
 SCRIPT       : Player "Juts" (steamid=76561198119114852) initiated disconnect process...
 SCRIPT       : [Logout]: Player ANwBQqVVStKCILjNoABDu3SscjO3bFF-nGQjnjwyOUM= cancelled
 SCRIPT       : [VPPAT] Player "Juts" (steamId=76561198119114852) aborted logout process [canceledLogout]
SCRIPT       : 11:12:09.537 [ExpansionEntityStorage] HITCH: 700.83ms
 SCRIPT       : [Logout]: New player ANwBQqVVStKCILjNoABDu3SscjO3bFF-nGQjnjwyOUM= with logout time 15
 SCRIPT       : Player "Juts" (steamid=76561198119114852) initiated disconnect process...
 SCRIPT       : Player "Juts" (steamid=76561198119114852) disconnected early from server (EXIT NOW).
SCRIPT       : 11:12:39.573 [ExpansionEntityStorage] HITCH: 1670.57ms
SCRIPT       : 11:12:39.823 [EXPANSION DEBUG]: ExpansionPartyData<0x0000028A0236F9D0>::OnLeave party Ratas de laboratiorio (ID 0) player Juts (ID ANwBQqVVStKCILjNoABDu3SscjO3bFF-nGQjnjwyOUM=)
SCRIPT       : 11:12:39.878 [EXPANSION DEBUG]: ExpansionQuestPersistentData<0x0000028BA330A7F0>~ExpansionQuestPersistentData (13)
SCRIPT       : [ZenSkills] Saving skill DB to file for player: ANwBQqVVStKCILjNoABDu3SscjO3bFF-nGQjnjwyOUM=
SCRIPT       : [Logout]: Player ANwBQqVVStKCILjNoABDu3SscjO3bFF-nGQjnjwyOUM= finished
SCRIPT       : [PlayerListManager] SyncEntryToReceivers ► uid: ANwBQqVVStKCILjNoABDu3SscjO3bFF-nGQjnjwyOUM= isn't in the players list! sending a remove.
SCRIPT       : PlayerDisconnected -> PlayerListManager.RemoveEntry ► ANwBQqVVStKCILjNoABDu3SscjO3bFF-nGQjnjwyOUM=
SCRIPT       : [ZEN|2026.05.27 11:12:40] [ZenSkillsHighscoresDB] Saving to file: $profile:Zenarchist\Skills\DB\\ZenSkillsHighscoresDB.json
SCRIPT       : 11:12:40.573 [ExpansionEntityStorage] HITCH: 672.87ms
SCRIPT       : 11:12:41.983 [ExpansionEntityStorage] HITCH: 1155.38ms
SCRIPT       : 11:12:43.019 [ExpansionEntityStorage] HITCH: 809.315ms
SCRIPT       : 11:12:44.156 [ExpansionEntityStorage] HITCH: 927.084ms
SCRIPT       : 11:12:44.821 [ExpansionEntityStorage] HITCH: 470.759ms
SCRIPT       : 11:12:45.402 [ExpansionEntityStorage] HITCH: 351.243ms
SCRIPT       : 11:12:46.113 [ExpansionEntityStorage] HITCH: 481.443ms
SCRIPT       : 11:12:47.169 [ExpansionEntityStorage] HITCH: 804.376ms
SCRIPT       : 11:12:48.188 [ExpansionEntityStorage] HITCH: 828.249ms
SCRIPT       : 11:12:49.879 [ExpansionEntityStorage] HITCH: 1506.46ms
SCRIPT       : 11:12:51.114 [ExpansionEntityStorage] HITCH: 841.023ms
SCRIPT       : 11:12:52.965 [ExpansionEntityStorage] HITCH: 1641.91ms
SCRIPT       : 11:12:54.024 [ExpansionEntityStorage] HITCH: 869.879ms
SCRIPT       : 11:13:22.639 [ExpansionEntityStorage] HITCH: 720.773ms
SCRIPT       : 11:13:23.850 [ExpansionEntityStorage] HITCH: 989.091ms
SCRIPT       : 11:13:24.885 [ExpansionEntityStorage] HITCH: 847.67ms
SCRIPT       : 11:13:25.652 [ExpansionEntityStorage] HITCH: 548.191ms
SCRIPT       : 11:13:26.191 [ExpansionEntityStorage] HITCH: 328.832ms
SCRIPT       : 11:13:26.884 [ExpansionEntityStorage] HITCH: 474.301ms
SCRIPT       : 11:13:27.812 [ExpansionEntityStorage] HITCH: 679.126ms
SCRIPT       : 11:13:28.887 [ExpansionEntityStorage] HITCH: 875.405ms
SCRIPT       : 11:13:29.821 [ExpansionEntityStorage] HITCH: 719.489ms
SCRIPT       : 11:13:31.414 [ExpansionEntityStorage] HITCH: 1413.2ms
SCRIPT       : 11:13:32.546 [ExpansionEntityStorage] HITCH: 930.901ms
SCRIPT       : 11:13:33.620 [ExpansionEntityStorage] HITCH: 874.993ms
SCRIPT       : 11:13:34.718 [ExpansionEntityStorage] HITCH: 888.739ms
SCRIPT       : 11:14:03.468 [ExpansionEntityStorage] HITCH: 759.078ms
SCRIPT       : 11:14:04.872 [ExpansionEntityStorage] HITCH: 1177.79ms
SCRIPT       : 11:14:06.012 [ExpansionEntityStorage] HITCH: 918.245ms
SCRIPT       : 11:14:06.722 [ExpansionEntityStorage] HITCH: 527.566ms
SCRIPT       : 11:14:07.320 [ExpansionEntityStorage] HITCH: 358.809ms
SCRIPT       : 11:14:08.087 [ExpansionEntityStorage] HITCH: 535.743ms
SCRIPT       : 11:14:08.961 [ExpansionEntityStorage] HITCH: 651.221ms
SCRIPT       : 11:14:10.050 [ExpansionEntityStorage] HITCH: 874.601ms
SCRIPT       : 11:14:11.015 [ExpansionEntityStorage] HITCH: 777.654ms
SCRIPT       : 11:14:12.634 [ExpansionEntityStorage] HITCH: 1419.66ms
SCRIPT       : 11:14:13.755 [ExpansionEntityStorage] HITCH: 880.524ms
SCRIPT       : 11:14:14.801 [ExpansionEntityStorage] HITCH: 826ms
SCRIPT       : 11:14:15.768 [ExpansionEntityStorage] HITCH: 770.268ms
SCRIPT       : 11:14:44.943 [ExpansionEntityStorage] HITCH: 704.829ms
SCRIPT       : 11:14:46.243 [ExpansionEntityStorage] HITCH: 1069.96ms
SCRIPT       : 11:14:47.488 [ExpansionEntityStorage] HITCH: 1030.17ms
SCRIPT       : 11:14:48.117 [ExpansionEntityStorage] HITCH: 450.725ms
SCRIPT       : 11:14:48.653 [ExpansionEntityStorage] HITCH: 330.962ms
SCRIPT       : 11:14:49.320 [ExpansionEntityStorage] HITCH: 443.475ms
SCRIPT       : 11:14:50.151 [ExpansionEntityStorage] HITCH: 624.93ms
SCRIPT       : 11:14:51.069 [ExpansionEntityStorage] HITCH: 740.612ms
SCRIPT       : 11:14:51.991 [ExpansionEntityStorage] HITCH: 736.721ms
SCRIPT       : 11:14:52.981 [ExpansionEntityStorage] HITCH: 805.206ms
SCRIPT       : 11:14:53.987 [ExpansionEntityStorage] HITCH: 777.978ms
SCRIPT       : 11:14:54.928 [ExpansionEntityStorage] HITCH: 747.789ms
SCRIPT       : 11:14:55.889 [ExpansionEntityStorage] HITCH: 776.406ms
SCRIPT       : 11:14:56.146 [EXPRINT] eAI_SurvivorM_Niki<0x0000028C21192010> eAI_SurvivorM_Niki:9612 Action failed for eAI_SurvivorM_Niki:96128 (pos=<12890, 173.78, 4473.07>) - TakeItemToInventory(DarkMotoHelmet_Red<0x0000028BADCE8130> DarkMotoHelmet_Red:
 SCRIPT       : 11:14:56.151 [EXPRINT] eAI_SurvivorM_Niki<0x0000028C21192010> eAI_SurvivorM_Niki:9612 Applying SMACK OF GOD (='-')-o )'~')
SCRIPT       : 11:15:06.188 [ExpansionEntityStorage] HITCH: 666.925ms
SCRIPT       : 11:15:07.357 [ExpansionEntityStorage] HITCH: 953.527ms
SCRIPT       : 11:15:08.453 [ExpansionEntityStorage] HITCH: 906.29ms
SCRIPT       : 11:15:09.083 [ExpansionEntityStorage] HITCH: 455.19ms
SCRIPT       : 11:15:11.850 [ExpansionEntityStorage] HITCH: 2348.82ms
SCRIPT       : 11:15:19.272 [ExpansionEntityStorage] HITCH: 5822.72ms
SCRIPT       : 11:15:23.649 [ExpansionEntityStorage] HITCH: 2802.13ms
SCRIPT       : 11:15:24.662 [ExpansionEntityStorage] HITCH: 809.675ms
SCRIPT       : 11:15:25.584 [ExpansionEntityStorage] HITCH: 736.799ms
SCRIPT       : 11:15:26.546 [ExpansionEntityStorage] HITCH: 768.165ms
SCRIPT       : 11:15:28.879 [ExpansionEntityStorage] HITCH: 2139.82ms
SCRIPT       : 11:15:31.584 [ExpansionEntityStorage] HITCH: 2509.26ms
SCRIPT       : 11:15:33.260 [ExpansionEntityStorage] HITCH: 1492.89ms
SCRIPT       : 11:15:39.127 [ExpansionEntityStorage] HITCH: 647.957ms
SCRIPT       : 11:15:40.410 [ExpansionEntityStorage] HITCH: 1028.09ms
SCRIPT       : 11:15:42.220 [ExpansionEntityStorage] HITCH: 1601.72ms
SCRIPT       : 11:15:42.869 [ExpansionEntityStorage] HITCH: 469.536ms
SCRIPT       : 11:15:43.453 [ExpansionEntityStorage] HITCH: 352.197ms
SCRIPT       : 11:15:44.154 [ExpansionEntityStorage] HITCH: 472.122ms
SCRIPT       : 11:15:44.998 [ExpansionEntityStorage] HITCH: 634.748ms
SCRIPT       : 11:15:46.004 [ExpansionEntityStorage] HITCH: 818.297ms
SCRIPT       : 11:15:46.926 [ExpansionEntityStorage] HITCH: 725.447ms
SCRIPT       : 11:15:47.942 [ExpansionEntityStorage] HITCH: 807.078ms
SCRIPT       : 11:15:48.983 [ExpansionEntityStorage] HITCH: 840.846ms
SCRIPT       : 11:15:49.943 [ExpansionEntityStorage] HITCH: 752.336ms
SCRIPT       : 11:15:50.897 [ExpansionEntityStorage] HITCH: 770.829ms
SCRIPT       : 11:15:56.796 [ExpansionEntityStorage] HITCH: 667.747ms
SCRIPT       : 11:15:57.948 [ExpansionEntityStorage] HITCH: 944.532ms
SCRIPT       : 11:15:58.974 [ExpansionEntityStorage] HITCH: 840.904ms
SCRIPT       : 11:15:59.661 [ExpansionEntityStorage] HITCH: 472.494ms
SCRIPT       : 11:16:00.182 [ExpansionEntityStorage] HITCH: 315.787ms
SCRIPT       : 11:16:00.858 [ExpansionEntityStorage] HITCH: 464.247ms
SCRIPT       : 11:16:01.990 [ExpansionEntityStorage] HITCH: 903.256ms
SCRIPT       : 11:16:03.213 [ExpansionEntityStorage] HITCH: 1007.16ms
SCRIPT       : 11:16:04.128 [ExpansionEntityStorage] HITCH: 708.518ms
SCRIPT       : 11:16:05.094 [ExpansionEntityStorage] HITCH: 768.712ms
SCRIPT       : 11:16:06.231 [ExpansionEntityStorage] HITCH: 788.5ms
SCRIPT       : 11:16:07.143 [ExpansionEntityStorage] HITCH: 727.043ms
SCRIPT       : 11:16:08.057 [ExpansionEntityStorage] HITCH: 732.481ms
SCRIPT       : 11:16:14.028 [ExpansionEntityStorage] HITCH: 774.767ms
SCRIPT       : 11:16:15.346 [ExpansionEntityStorage] HITCH: 1084.38ms
SCRIPT       : 11:16:16.456 [ExpansionEntityStorage] HITCH: 910.878ms
SCRIPT       : 11:16:18.822 [ExpansionEntityStorage] HITCH: 2181.24ms
SCRIPT       : 11:16:19.468 [ExpansionEntityStorage] HITCH: 385.841ms
SCRIPT       : 11:16:20.258 [ExpansionEntityStorage] HITCH: 532.036ms
SCRIPT       : 11:16:21.282 [ExpansionEntityStorage] HITCH: 757.339ms
SCRIPT       : 11:16:22.372 [ExpansionEntityStorage] HITCH: 891.163ms
SCRIPT       : 11:16:23.308 [ExpansionEntityStorage] HITCH: 764.966ms
SCRIPT       : 11:16:24.307 [ExpansionEntityStorage] HITCH: 817.075ms
SCRIPT       : 11:16:25.477 [ExpansionEntityStorage] HITCH: 981.599ms
SCRIPT       : 11:16:26.430 [ExpansionEntityStorage] HITCH: 762.796ms
SCRIPT       : 11:16:27.390 [ExpansionEntityStorage] HITCH: 767.271ms
SCRIPT       : 11:16:33.347 [ExpansionEntityStorage] HITCH: 742.431ms
SCRIPT       : 11:16:34.787 [ExpansionEntityStorage] HITCH: 1193.36ms
SCRIPT       : 11:16:35.891 [ExpansionEntityStorage] HITCH: 878.445ms
SCRIPT       : 11:16:36.549 [ExpansionEntityStorage] HITCH: 483.291ms
SCRIPT       : 11:16:37.155 [ExpansionEntityStorage] HITCH: 366.424ms
SCRIPT       : 11:16:38.101 [ExpansionEntityStorage] HITCH: 699.599ms
SCRIPT       : 11:16:39.602 [ExpansionEntityStorage] HITCH: 1139.07ms
SCRIPT       : 11:16:43.195 [ExpansionEntityStorage] HITCH: 2617.15ms
SCRIPT       : 11:16:44.045 [ExpansionEntityStorage] HITCH: 684.569ms
SCRIPT       : 11:16:44.939 [ExpansionEntityStorage] HITCH: 721.5ms
SCRIPT       : 11:16:45.924 [ExpansionEntityStorage] HITCH: 793.716ms
SCRIPT       : 11:16:48.416 [ExpansionEntityStorage] HITCH: 2292.31ms
SCRIPT       : 11:16:49.415 [ExpansionEntityStorage] HITCH: 775.23ms
SCRIPT       : 11:16:56.074 [ExpansionEntityStorage] HITCH: 1406.29ms
SCRIPT       : 11:16:57.968 [ExpansionEntityStorage] HITCH: 1252.31ms
SCRIPT       : 11:16:59.193 [ExpansionEntityStorage] HITCH: 1020.01ms
SCRIPT       : 11:17:00.044 [ExpansionEntityStorage] HITCH: 619.44ms
SCRIPT       : 11:17:01.490 [ExpansionEntityStorage] HITCH: 1160.57ms
SCRIPT       : 11:17:02.247 [ExpansionEntityStorage] HITCH: 507.058ms
SCRIPT       : 11:17:03.208 [ExpansionEntityStorage] HITCH: 727.91ms
SCRIPT       : 11:17:04.324 [ExpansionEntityStorage] HITCH: 886.228ms
SCRIPT       : 11:17:05.231 [ExpansionEntityStorage] HITCH: 707.706ms
SCRIPT       : 11:17:06.191 [ExpansionEntityStorage] HITCH: 785.786ms
SCRIPT       : 11:17:08.407 [ExpansionEntityStorage] HITCH: 1495.82ms
SCRIPT       : 11:17:09.432 [ExpansionEntityStorage] HITCH: 805.481ms
SCRIPT       : 11:17:10.399 [ExpansionEntityStorage] HITCH: 768.562ms
SCRIPT       : 11:17:16.569 [ExpansionEntityStorage] HITCH: 1000.56ms
SCRIPT       : 11:17:18.267 [ExpansionEntityStorage] HITCH: 1358.68ms
SCRIPT       : 11:17:19.589 [ExpansionEntityStorage] HITCH: 1068.28ms
SCRIPT       : 11:17:20.371 [ExpansionEntityStorage] HITCH: 570.641ms
SCRIPT       : 11:17:21.022 [ExpansionEntityStorage] HITCH: 409.828ms
SCRIPT       : 11:17:21.744 [ExpansionEntityStorage] HITCH: 486.917ms
SCRIPT       : 11:17:23.779 [ExpansionEntityStorage] HITCH: 1823.49ms
SCRIPT       : 11:17:24.723 [ExpansionEntityStorage] HITCH: 753.304ms
SCRIPT       : 11:17:25.592 [ExpansionEntityStorage] HITCH: 702.773ms
SCRIPT       : 11:17:26.617 [ExpansionEntityStorage] HITCH: 834.624ms
SCRIPT       : 11:17:27.917 [ExpansionEntityStorage] HITCH: 1018.55ms
SCRIPT       : 11:17:29.282 [ExpansionEntityStorage] HITCH: 1133.19ms
SCRIPT       : 11:17:33.169 [ExpansionEntityStorage] HITCH: 3659.36ms
SCRIPT       : 11:17:46.492 [ExpansionEntityStorage] HITCH: 3777.92ms
SCRIPT       : 11:17:49.656 [ExpansionEntityStorage] HITCH: 2052.66ms
SCRIPT       : 11:17:51.524 [ExpansionEntityStorage] HITCH: 1438.23ms
SCRIPT       : 11:17:52.228 [ExpansionEntityStorage] HITCH: 529.702ms
SCRIPT       : 11:17:52.923 [ExpansionEntityStorage] HITCH: 454.179ms
SCRIPT       : 11:17:54.412 [ExpansionEntityStorage] HITCH: 608.572ms
SCRIPT       : 11:17:55.284 [ExpansionEntityStorage] HITCH: 663.468ms
SCRIPT       : 11:17:56.313 [ExpansionEntityStorage] HITCH: 846.35ms
SCRIPT       : 11:17:57.326 [ExpansionEntityStorage] HITCH: 820.653ms
SCRIPT       : 11:17:58.637 [ExpansionEntityStorage] HITCH: 952.932ms
SCRIPT       : 11:17:59.913 [ExpansionEntityStorage] HITCH: 1079.12ms
SCRIPT       : 11:18:00.891 [ExpansionEntityStorage] HITCH: 775.208ms
SCRIPT       : 11:18:01.968 [ExpansionEntityStorage] HITCH: 873.428ms
SCRIPT       : 11:18:08.022 [ExpansionEntityStorage] HITCH: 787.838ms
SCRIPT       : 11:18:09.473 [ExpansionEntityStorage] HITCH: 1220.52ms
SCRIPT       : 11:18:11.313 [ExpansionEntityStorage] HITCH: 1634.31ms
SCRIPT       : 11:18:12.019 [ExpansionEntityStorage] HITCH: 530.739ms
SCRIPT       : 11:18:12.616 [ExpansionEntityStorage] HITCH: 387.704ms
SCRIPT       : 11:18:13.324 [ExpansionEntityStorage] HITCH: 497.545ms
SCRIPT       : 11:18:14.274 [ExpansionEntityStorage] HITCH: 748.468ms
SCRIPT       : 11:18:15.232 [ExpansionEntityStorage] HITCH: 773.589ms
SCRIPT       : 11:18:16.138 [ExpansionEntityStorage] HITCH: 731.401ms
SCRIPT       : 11:18:17.048 [ExpansionEntityStorage] HITCH: 724.142ms
SCRIPT       : 11:18:18.024 [ExpansionEntityStorage] HITCH: 777.815ms
SCRIPT       : 11:18:20.803 [ExpansionEntityStorage] HITCH: 2591.76ms
SCRIPT       : 11:18:21.747 [ExpansionEntityStorage] HITCH: 749.227ms
 SCRIPT       : [ZEN|2026.05.27 11:18:24] MissionBase::OnMissionFinish
 SCRIPT       : Clear up static fireplaces: 0
 SCRIPT       : 11:18:24.849 [EXPANSION DEBUG]: Clearing cached categories 67
 SCRIPT       : 11:18:24.851 [EXPANSION DEBUG]: Clearing cached traders 14
 SCRIPT       : [MissionServer] OnMissionFinish - Server
 SCRIPT       : [ZEN|2026.05.27 11:18:24] [ZenModCore] OnMissionFinish.
 SCRIPT       : [ZEN|2026.05.27 11:18:24] Server shutdown detected.
 SCRIPT       : [ZEN|2026.05.27 11:18:24] Saving all DBs.
 SCRIPT       : int m_AIUpdates_Current = 0
 SCRIPT       : float aiUpdatesMin = 3.40282e+38
 SCRIPT       : float aiUpdatesMax = -3.40282e+38
 SCRIPT       : float aiUpdatesAvg = 0
 SCRIPT       : float m_AIUpdates_DTCurrent = 0
 SCRIPT       : float aiUpdatesDTMin = 3.40282e+38
 SCRIPT       : float aiUpdatesDTMax = -3.40282e+38
 SCRIPT       : float aiUpdatesDTAvg = 0
 SCRIPT       : [ZEN|2026.05.27 11:18:24] ~MissionBase()
 SCRIPT       : [PluginZenSkills] :: OnDestroy.
 SCRIPT       : [ZEN|2026.05.27 11:18:25] [ZenAdminCommandHandler] Destroyed.
 SCRIPT       : [DayZ Expansion] ~DayZGame
 SCRIPT       : 11:18:25 [EXPANSION DEBUG]: ExpansionQuestPersistentData<0x0000028C142C3C20>~ExpansionQuestPersistentData (1)
 SCRIPT       : ~DayZGame()
 SCRIPT       : Cleaning up script module globals 'Game'
  SCRIPT       : [ZEN|2026.05.27 11:18:30] [ZenConfig] Destroyed: ZenCoreConfig
  SCRIPT       : [ZEN|2026.05.27 11:18:30] [ZenConfig] Destroyed: ZenSkillsHighscoresDB
  SCRIPT       : [ZEN|2026.05.27 11:18:30] [ZenConfig] Destroyed: ZenSkillsClientConfig
  SCRIPT       : [ZEN|2026.05.27 11:18:30] [ZenConfig] Destroyed: ZenSkillsConfig
  SCRIPT       : [ZEN|2026.05.27 11:18:30] [ZenConfig] Destroyed: ZenSkillsEXP
  SCRIPT       : [ZEN|2026.05.27 11:18:30] [ZenConfig] Destroyed: ZenSleepConfig
  SCRIPT       : [ZEN|2026.05.27 11:18:30] [ZenConfig] Destroyed: ZenZombieDoorsConfig
