---------------------------------------------
Log C:\SERVICES\ni13121453_1_SHARE\ftproot\dayzstandalone\config\script_2026-05-27_02-51-27.log started at 27.05. 02:51:30

SCRIPT       : Module: GameLib; loaded 43x files; 29x classes; used 41/2097 kB (1%) of static memory; defines: "DAYZ_1_29,SERVER_FOR_WINDOWS,SERVER,PLATFORM_WINDOWS,RELEASE,NO_GUI,NO_GUI_INGAME,BF_Define,DZ_Expansion_AI_Preload,DZ_Expansion_BaseBuilding_P
SCRIPT       : Registered 418 temporary action enum(s), UAN==418
SCRIPT    (W): @"ZenRepairWells/scripts/3_game/zenwellsconfig.c,17": FIX-ME: Unexpected statement 'ref'
SCRIPT       : Initializing attributes 'Game'
 SCRIPT       : Registering faction type eAIFactionShamans ID -1484989417
 SCRIPT       : Registering faction type eAIFactionObservers ID -563736721
 SCRIPT       : Registering faction type eAIFactionInvincibleObservers ID -1227299746
 SCRIPT       : Registering faction type eAIFactionRaiders ID 1535276022
 SCRIPT       : Registering faction type eAIFactionYeetBrigade ID 1408543989
 SCRIPT       : Registering faction type eAIFactionWest ID 113880155
 SCRIPT       : Registering faction type eAIFactionInvincibleYeetBrigade ID -1118767876
 SCRIPT       : Registering faction type eAIFactionEast ID 90522109
 SCRIPT       : Registering faction type eAIFactionGuards ID 963933710
 SCRIPT       : Registering faction type eAIFactionMercenaries ID 1629891834
 SCRIPT       : Registering faction type eAIFactionBrawlers ID 1955753718
 SCRIPT       : Registering faction type eAIFactionCivilian ID 1096178351
 SCRIPT       : Registering faction type eAIFactionPassive ID -1159399789
 SCRIPT       : Registering faction type eAIFactionInvincibleGuards ID 782746017
SCRIPT       : Module: Game; loaded 1123x files; 3010x classes; used 8822/33554 kB (26%) of static memory; defines: "DAYZ_1_29,SERVER_FOR_WINDOWS,SERVER,PLATFORM_WINDOWS,RELEASE,NO_GUI,NO_GUI_INGAME,BF_Define,DZ_Expansion_AI_Preload,DZ_Expansion_BaseBuild
SCRIPT       : ... Backlit Effects Enabled
SCRIPT       : VPPNotificationManager()
SCRIPT       : [VPPAT] Internal VPPNotifications module loaded!
SCRIPT       : [DayZ Game]:: DayZGame(): Initializing V++ Admin Tools.
SCRIPT       : 02:51:43.000 [EXPANSION LOG]: DayZGame<0x0000021118E08460> Start time (local time) 2026-05-27 02:50:25
SCRIPT       : 02:51:43.001 [EXPANSION LOG]: DayZGame<0x0000021118E08460> Start time (UTC) 2026-05-27 01:50:25
SCRIPT       : 02:51:43.001 [EXPANSION LOG]: DayZGame<0x0000021118E08460> Runtime since start (seconds) 78.614
SCRIPT    (W): @"Furniture/scripts/4_World/actions\srp_actiondemountfurniture.c,51": Missing ';' at the end of line
SCRIPT    (W): @"Furniture/scripts/4_World/actions\srp_actionremovegarbage.c,37": Missing ';' at the end of line
SCRIPT    (W): @"ACO_Core\Scripts\4_World/clothing\scarf.c,10": FIX-ME: Overriding function 'ShowSingleHiddenSelection' but not marked as 'override'
SCRIPT    (W): @"ACO_Core\Scripts\4_World/clothing\belts.c,10": FIX-ME: Overriding function 'ShowSingleHiddenSelection' but not marked as 'override'
SCRIPT    (W): @"ACO_Core\Scripts\4_World/clothing\tops.c,10": FIX-ME: Overriding function 'ShowSingleHiddenSelection' but not marked as 'override'
SCRIPT    (W): @"ACO_Core\Scripts\4_World/clothing\balaclava.c,37": FIX-ME: Overriding function 'ShowSingleHiddenSelection' but not marked as 'override'
SCRIPT    (W): @"ACO_Core\Scripts\4_World/clothing\coats.c,10": FIX-ME: Overriding function 'ShowSingleHiddenSelection' but not marked as 'override'
SCRIPT    (W): @"ACO_Core\Scripts\4_World/clothing\vests.c,30": FIX-ME: Overriding function 'ShowSingleHiddenSelection' but not marked as 'override'
SCRIPT    (W): @"ACO_Core\Scripts\4_World/clothing\helmets.c,11": FIX-ME: Overriding function 'ShowSingleHiddenSelection' but not marked as 'override'
SCRIPT    (W): @"Furniture/scripts/4_World/entities\srp_openablefurniturebase.c,168": FIX-ME: Overriding function 'GetPlaceSoundset' but not marked as 'override'
SCRIPT    (W): @"Furniture/scripts/4_World/entities\srp_openablefurniturebase.c,173": FIX-ME: Overriding function 'GetDeploySoundset' but not marked as 'override'
SCRIPT    (W): @"ACO_Core\Scripts\4_World/clothing\shemagh.c,10": FIX-ME: Overriding function 'ShowSingleHiddenSelection' but not marked as 'override'
SCRIPT    (W): @"ACO_Core\Scripts\4_World/clothing\balaclava.c,63": FIX-ME: Overriding function 'ShowSingleHiddenSelection' but not marked as 'override'
SCRIPT    (W): @"ACO_Core\Scripts\4_World/clothing\shawl.c,10": FIX-ME: Overriding function 'ShowSingleHiddenSelection' but not marked as 'override'
SCRIPT    (W): @"ACO_Core\Scripts\4_World/clothing\slings.c,10": FIX-ME: Overriding function 'ShowSingleHiddenSelection' but not marked as 'override'
SCRIPT    (W): @"ACO_Core\Scripts\4_World/clothing\balaclava.c,10": FIX-ME: Overriding function 'ShowSingleHiddenSelection' but not marked as 'override'
SCRIPT    (W): @"ACO_Core\Scripts\4_World/clothing\armband.c,10": FIX-ME: Overriding function 'ShowSingleHiddenSelection' but not marked as 'override'
SCRIPT    (W): @"ACO_Core\Scripts\4_World/clothing\vests.c,10": FIX-ME: Overriding function 'ShowSingleHiddenSelection' but not marked as 'override'
SCRIPT    (W): @"ACO_Core\Scripts\4_World/clothing\hats.c,11": FIX-ME: Overriding function 'ShowSingleHiddenSelection' but not marked as 'override'
SCRIPT    (W): @"ACO_Core\Scripts\4_World/clothing\belts.c,76": FIX-ME: Overriding function 'ShowSingleHiddenSelection' but not marked as 'override'
SCRIPT    (W): @"ACO_Core\Scripts\4_World/clothing\masks.c,10": FIX-ME: Overriding function 'ShowSingleHiddenSelection' but not marked as 'override'
SCRIPT    (W): @"ACO_Core\Scripts\4_World/clothing\shemagh.c,49": FIX-ME: Overriding function 'ShowSingleHiddenSelection' but not marked as 'override'
SCRIPT    (W): @"ACO_Core\Scripts\4_World/clothing\pants.c,10": FIX-ME: Overriding function 'ShowSingleHiddenSelection' but not marked as 'override'
SCRIPT    (W): @"ACO_Core\Scripts\4_World/clothing\goggles.c,11": FIX-ME: Overriding function 'ShowSingleHiddenSelection' but not marked as 'override'
SCRIPT    (W): @"KnockKnockZombies/scripts/4_World/player.c,66": FIX-ME: Unsafe down-casting, use 'PlayerBase.Cast' for safe down-casting
SCRIPT    (W): @"KnockKnockZombies/scripts/4_World/player.c,70": FIX-ME: Unsafe down-casting, use 'PlayerBase.Cast' for safe down-casting
SCRIPT    (W): @"KnockKnockZombies/scripts/4_World/player.c,74": FIX-ME: Unsafe down-casting, use 'PlayerBase.Cast' for safe down-casting
SCRIPT       : Initializing attributes 'World'
 SCRIPT       : Registering faction type eAIFactionLunatics ID 1167351711
 SCRIPT       : Registering faction type eAIFactionInfected ID 1371958374
SCRIPT       : Module: World; loaded 3801x files; 9209x classes; used 18181/33554 kB (54%) of static memory; defines: "DAYZ_1_29,SERVER_FOR_WINDOWS,SERVER,PLATFORM_WINDOWS,RELEASE,NO_GUI,NO_GUI_INGAME,BF_Define,DZ_Expansion_AI_Preload,DZ_Expansion_BaseBui
 SCRIPT       : Module: Mission; loaded 619x files; 1393x classes; used 6671/33554 kB (19%) of static memory; defines: "DAYZ_1_29,SERVER_FOR_WINDOWS,SERVER,PLATFORM_WINDOWS,RELEASE,NO_GUI,NO_GUI_INGAME,BF_Define,DZ_Expansion_AI_Preload,DZ_Expansion_BaseBu
 SCRIPT    (W): @"$CurrentDir:mpmissions\dayzOffline.chernarusplus\init.c,826": FIX-ME: Unsafe down-casting, use 'EntityAI.Cast' for safe down-casting
 SCRIPT       : Module: $CurrentDir:mpmissions\dayzOffline.chernarusplus\init.c; loaded 1x files; 7x classes; used 68/1048 kB (6%) of static memory; defines: "DAYZ_1_29,SERVER_FOR_WINDOWS,SERVER,PLATFORM_WINDOWS,RELEASE,NO_GUI,NO_GUI_INGAME,BF_Define,DZ_E
 SCRIPT       : [SERVER :: Vanilla++ AdminTools Plugins Registering]
 SCRIPT       : [ZEN|2026.05.27 02:54:29] [ZenConfig] Loading file: $profile:Zenarchist\Skills\ZenSkillsConfig.json
 SCRIPT       : [ZEN|2026.05.27 02:54:29] [ZenConfig] File loaded: ZenSkillsConfig.json version=1.29.1
 SCRIPT       : [PluginZenSkills] :: OnInit.
 SCRIPT       : [ZEN|2026.05.27 02:54:30] [ZenConfig] Loading file: $profile:Zenarchist\Skills\ZenSkillsEXP.json
 SCRIPT       : [ZEN|2026.05.27 02:54:30] [ZenConfig] File loaded: ZenSkillsEXP.json version=1.29.1
 SCRIPT       : [ZenZombieDoorsPlugin] :: OnInit
 SCRIPT       : [ZEN|2026.05.27 02:54:30] [ZenModCore] MissionBase()
 SCRIPT       : [ZenModCore] Listing CfgMods:
 SCRIPT       : #ifdef defaultAction
 SCRIPT       : #ifdef DayZ
 SCRIPT       : #ifdef BF_Define
 SCRIPT       : #ifdef DZ_Expansion_AI_Preload
 SCRIPT       : #ifdef DZ_Expansion_BaseBuilding_Preload
 SCRIPT       : #ifdef DZ_Expansion_Book_Preload
 SCRIPT       : #ifdef DZ_Expansion_Chat_Preload
 SCRIPT       : #ifdef DZ_Expansion_Core_Preload
 SCRIPT       : #ifdef DZ_Expansion_Garage_Preload
 SCRIPT       : #ifdef DZ_Expansion_Groups_Preload
 SCRIPT       : #ifdef DZ_Expansion_Hardline_Preload
 SCRIPT       : #ifdef DZ_Expansion_KillFeed_Preload
 SCRIPT       : #ifdef DZ_Expansion_MapAssets_Preload
 SCRIPT       : #ifdef DZ_Expansion_Market_Preload
 SCRIPT       : #ifdef DZ_Expansion_Missions_Preload
 SCRIPT       : #ifdef DZ_Expansion_ModStorage_Preload
 SCRIPT       : #ifdef DZ_Expansion_NameTags_Preload
 SCRIPT       : #ifdef DZ_Expansion_Navigation_Preload
 SCRIPT       : #ifdef DZ_Expansion_P2PMarket_Preload
 SCRIPT       : #ifdef DZ_Expansion_PersonalStorage_Preload
 SCRIPT       : #ifdef DZ_Expansion_Preload
 SCRIPT       : #ifdef DZ_Expansion_Quests_Preload
 SCRIPT       : #ifdef DZ_Expansion_SpawnSelection_Preload
 SCRIPT       : #ifdef DZ_Expansion_Vehicles_Preload
 SCRIPT       : #ifdef DZ_Expansion_Weapons_Preload
 SCRIPT       : #ifdef ALV_Better_Beards
 SCRIPT       : #ifdef BVP_DoorPeek
 SCRIPT       : #ifdef DabsFramework
 SCRIPT       : #ifdef DZ_Expansion_DefineTest
 SCRIPT       : #ifdef DZ_Expansion_MapAssets
 SCRIPT       : #ifdef sakhal
 SCRIPT       : #ifdef EditorLoader
 SCRIPT       : #ifdef JM_CommunityFramework
 SCRIPT       : #ifdef TTC_Optics
 SCRIPT       : #ifdef TTC_Pistols
 SCRIPT       : #ifdef TTC_Rifles
 SCRIPT       : #ifdef TTC_Shotguns
 SCRIPT       : #ifdef TTC_SMG
 SCRIPT       : #ifdef AVPPAdminTools
 SCRIPT       : #ifdef WindstrideClothing
 SCRIPT       : #ifdef ZenLazyAction
 SCRIPT       : #ifdef ZenModCore
 SCRIPT       : #ifdef ZenRepairWells
 SCRIPT       : #ifdef ZenSkills
 SCRIPT       : #ifdef ZenSleep
 SCRIPT       : #ifdef DZ_Expansion_ModStorage
 SCRIPT       : #ifdef earlywinter_scripts
 SCRIPT       : #ifdef ZenZombieDoors
 SCRIPT       : #ifdef BuildingFortifications
 SCRIPT       : #ifdef DZ_Expansion_Core
 SCRIPT       : #ifdef DZ_Expansion_Garage
 SCRIPT       : #ifdef DZ_Expansion_Groups
 SCRIPT       : #ifdef DZ_Expansion_Market
 SCRIPT       : #ifdef DZ_Expansion_Missions
 SCRIPT       : #ifdef DZ_Expansion_NameTags
 SCRIPT       : #ifdef DZ_Expansion_Navigation
 SCRIPT       : #ifdef DZ_Expansion_NotificationScheduler
 SCRIPT       : #ifdef DZ_Expansion_P2PMarket
 SCRIPT       : #ifdef DZ_Expansion_PersonalStorage
 SCRIPT       : #ifdef DZ_Expansion_PersonalStorageNew
 SCRIPT       : #ifdef DZ_Expansion_PlayerList
 SCRIPT       : #ifdef DZ_Expansion
 SCRIPT       : #ifdef DZ_Expansion_SpawnSelection
 SCRIPT       : #ifdef DZ_Expansion_VanillaFixes
 SCRIPT       : #ifdef DZ_Expansion_Vehicles
 SCRIPT       : #ifdef DZ_Expansion_Weapons
 SCRIPT       : #ifdef Furniture
 SCRIPT       : #ifdef KnockKnockZombies
 SCRIPT       : #ifdef QDLY_Melee_Weapons
 SCRIPT       : #ifdef ACO_Core
 SCRIPT       : #ifdef ACO_Headgear
 SCRIPT       : #ifdef ACO_Lower
 SCRIPT       : #ifdef ACO_Other
 SCRIPT       : #ifdef ACO_Upper
 SCRIPT       : #ifdef DZ_Expansion_AI
 SCRIPT       : #ifdef DZ_Expansion_BaseBuilding
 SCRIPT       : #ifdef DZ_Expansion_Book
 SCRIPT       : #ifdef DZ_Expansion_Chat
 SCRIPT       : #ifdef DZ_Expansion_Hardline
 SCRIPT       : #ifdef DZ_Expansion_Quests
 SCRIPT       : #ifdef DZ_Expansion_VirtualContainerStorage
 SCRIPT       : 02:54:30.332 [EXPANSION DEBUG]: [ExpansionCoreSettings] Load existing setting file:$profile:ExpansionMod\Settings\CoreSettings.json
 SCRIPT       : 02:54:30.441 [EXPANSION DEBUG]: [ExpansionLogSettings] Load existing setting file:$profile:ExpansionMod\Settings\LogsSettings.json
 SCRIPT       : 02:54:30.450 [EXPANSION DEBUG]: [ExpansionNotificationSettings] Load existing setting file:$profile:ExpansionMod\Settings\NotificationSettings.json
 SCRIPT       : 02:54:30.455 [EXPANSION DEBUG]: [ExpansionMonitoringSettings] Load existing setting file:$profile:ExpansionMod\Settings\MonitoringSettings.json
 SCRIPT       : 02:54:30.457 [EXPANSION DEBUG]: [ExpansionDamageSystemSettings] Load existing setting file:$profile:ExpansionMod\Settings\DamageSystemSettings.json
 SCRIPT       : 02:54:30.462 [EXPANSION DEBUG]: [ExpansionPartySettings] Load existing setting file:$profile:ExpansionMod\Settings\PartySettings.json
 SCRIPT       : 02:54:30.465 [EXPANSION DEBUG]: [ExpansionHardlineSettings] Load existing setting file:$mission:expansion\settings\HardlineSettings.json
 SCRIPT       : 02:54:30.491 [EXPANSION DEBUG]: [ExpansionMarketSettings] Load existing setting file:$mission:expansion\settings\MarketSettings.json
 SCRIPT       : ExpansionMarketSettings::LoadCategories - Adding category ID 1 (Exchange)
 SCRIPT       : ExpansionMarketSettings::LoadCategories - Adding category ID 2 (Ammo)
 SCRIPT       : ExpansionMarketSettings::LoadCategories - Adding category ID 3 (Ammo_Boxes)
 SCRIPT       : ExpansionMarketSettings::LoadCategories - Adding category ID 4 (Armbands)
 SCRIPT       : ExpansionMarketSettings::LoadCategories - Adding category ID 5 (Assault_Rifles)
 SCRIPT       : ExpansionMarketSettings::LoadCategories - Adding category ID 6 (Backpacks)
 SCRIPT       : ExpansionMarketSettings::LoadCategories - Adding category ID 7 (Bandanas)
 SCRIPT       : ExpansionMarketSettings::LoadCategories - Adding category ID 8 (Batteries)
 SCRIPT       : ExpansionMarketSettings::LoadCategories - Adding category ID 9 (Belts)
 SCRIPT       : ExpansionMarketSettings::LoadCategories - Adding category ID 10 (Blouses_And_Suits)
 SCRIPT       : ExpansionMarketSettings::LoadCategories - Adding category ID 11 (Boats)
 SCRIPT       : ExpansionMarketSettings::LoadCategories - Adding category ID 12 (Boots_And_Shoes)
 SCRIPT       : ExpansionMarketSettings::LoadCategories - Adding category ID 13 (Buttstocks)
 SCRIPT       : ExpansionMarketSettings::LoadCategories - Adding category ID 14 (Caps)
 SCRIPT       : ExpansionMarketSettings::LoadCategories - Adding category ID 15 (Cars)
 SCRIPT       : ExpansionMarketSettings::LoadCategories - Adding category ID 16 (Coats_And_Jackets)
 SCRIPT       : ExpansionMarketSettings::LoadCategories - Adding category ID 17 (Containers)
 SCRIPT       : ExpansionMarketSettings::LoadCategories - Adding category ID 18 (Drinks)
 SCRIPT       : ExpansionMarketSettings::LoadCategories - Adding category ID 19 (Electronics)
 SCRIPT       : ExpansionMarketSettings::LoadCategories - Adding category ID 20 (Submachine_Guns)
 SCRIPT       : ExpansionMarketSettings::LoadCategories - Adding category ID 21 (Explosives_And_Grenades)
 SCRIPT       : ExpansionMarketSettings::LoadCategories - Adding category ID 22 (Eyewear)
 SCRIPT       : ExpansionMarketSettings::LoadCategories - Adding category ID 23 (Fish)
 SCRIPT       : ExpansionMarketSettings::LoadCategories - Adding category ID 24 (Fishing)
 SCRIPT       : ExpansionMarketSettings::LoadCategories - Adding category ID 25 (Food)
 SCRIPT       : ExpansionMarketSettings::LoadCategories - Adding category ID 26 (Gardening)
 SCRIPT       : ExpansionMarketSettings::LoadCategories - Adding category ID 27 (Ghillies)
 SCRIPT       : ExpansionMarketSettings::LoadCategories - Adding category ID 28 (Gloves)
 SCRIPT       : ExpansionMarketSettings::LoadCategories - Adding category ID 29 (Handguards)
 SCRIPT       : ExpansionMarketSettings::LoadCategories - Adding category ID 30 (Hats_And_Hoods)
 SCRIPT       : ExpansionMarketSettings::LoadCategories - Adding category ID 31 (Holsters_And_Pouches)
 SCRIPT       : ExpansionMarketSettings::LoadCategories - Adding category ID 32 (Helicopters)
 SCRIPT       : ExpansionMarketSettings::LoadCategories - Adding category ID 33 (Helmets)
 SCRIPT       : ExpansionMarketSettings::LoadCategories - Adding category ID 34 (Kits)
 SCRIPT       : ExpansionMarketSettings::LoadCategories - Adding category ID 35 (Knifes)
 SCRIPT       : ExpansionMarketSettings::LoadCategories - Adding category ID 36 (Launchers)
 SCRIPT       : ExpansionMarketSettings::LoadCategories - Adding category ID 37 (Lights)
 SCRIPT       : ExpansionMarketSettings::LoadCategories - Adding category ID 38 (Liquids)
 SCRIPT       : ExpansionMarketSettings::LoadCategories - Adding category ID 39 (Locks)
 SCRIPT       : ExpansionMarketSettings::LoadCategories - Adding category ID 40 (Magazines)
 SCRIPT       : ExpansionMarketSettings::LoadCategories - Adding category ID 41 (Masks)
 SCRIPT       : ExpansionMarketSettings::LoadCategories - Adding category ID 42 (Meat)
 SCRIPT       : ExpansionMarketSettings::LoadCategories - Adding category ID 43 (Medical)
 SCRIPT       : ExpansionMarketSettings::LoadCategories - Adding category ID 44 (Melee_Weapons)
 SCRIPT       : ExpansionMarketSettings::LoadCategories - Adding category ID 45 (Muzzles)
 SCRIPT       : ExpansionMarketSettings::LoadCategories - Adding category ID 46 (Navigation)
 SCRIPT       : ExpansionMarketSettings::LoadCategories - Adding category ID 47 (Optics)
 SCRIPT       : ExpansionMarketSettings::LoadCategories - Adding category ID 48 (Pants_And_Shorts)
 SCRIPT       : ExpansionMarketSettings::LoadCategories - Adding category ID 49 (Pistols)
 SCRIPT       : ExpansionMarketSettings::LoadCategories - Adding category ID 50 (Rifles)
 SCRIPT       : ExpansionMarketSettings::LoadCategories - Adding category ID 51 (Shirts_And_TShirts)
 SCRIPT       : ExpansionMarketSettings::LoadCategories - Adding category ID 52 (Shotguns)
 SCRIPT       : ExpansionMarketSettings::LoadCategories - Adding category ID 53 (Skirts_And_Dresses)
 SCRIPT       : ExpansionMarketSettings::LoadCategories - Adding category ID 54 (Sniper_Rifles)
 SCRIPT       : ExpansionMarketSettings::LoadCategories - Adding category ID 55 (Supplies)
 SCRIPT       : ExpansionMarketSettings::LoadCategories - Adding category ID 56 (Sweaters_And_Hoodies)
 SCRIPT       : ExpansionMarketSettings::LoadCategories - Adding category ID 57 (Tents)
 SCRIPT       : ExpansionMarketSettings::LoadCategories - Adding category ID 58 (Tools)
 SCRIPT       : ExpansionMarketSettings::LoadCategories - Adding category ID 59 (Fruit_And_Vegetables)
 SCRIPT       : ExpansionMarketSettings::LoadCategories - Adding category ID 60 (Vehicle_Parts)
 SCRIPT       : ExpansionMarketSettings::LoadCategories - Adding category ID 61 (Vests)
 SCRIPT       : ExpansionMarketSettings::LoadCategories - Adding category ID 62 (Crossbows)
 SCRIPT       : ExpansionMarketSettings::LoadCategories - Adding category ID 63 (Event)
 SCRIPT       : ExpansionMarketSettings::LoadCategories - Adding category ID 64 (Spraycans)
 SCRIPT       : ExpansionMarketSettings::LoadCategories - Adding category ID 65 (Flags)
 SCRIPT       : ExpansionMarketSettings::LoadCategories - Adding category ID 66 (Bayonets)
 SCRIPT       : ExpansionMarketSettings::LoadCategories - Adding category ID 67 (Furnishings)
 SCRIPT       : 02:54:31.167 [EXPANSION DEBUG]: [ExpansionAirdropSettings] Load existing setting file:$profile:ExpansionMod\Settings\AirdropSettings.json
 SCRIPT       : 02:54:31.327 [EXPANSION DEBUG]: [ExpansionMissionSettings] Load existing setting file:$profile:ExpansionMod\Settings\MissionSettings.json
 SCRIPT       : 02:54:31.335 [EXPANSION DEBUG]: [ExpansionMapSettings] Load existing setting file:$mission:expansion\settings\MapSettings.json
 SCRIPT       : 02:54:31.437 [EXPANSION DEBUG]: [ExpansionPersonalStorageNewSettings] Load existing setting file:$profile:ExpansionMod\Settings\PersonalStorageNewSettings.json
 SCRIPT       : 02:54:31.441 [EXPANSION DEBUG]: [ExpansionGeneralSettings] Load existing setting file:$profile:ExpansionMod\Settings\GeneralSettings.json
 SCRIPT       : 02:54:31.446 [EXPANSION DEBUG]: [ExpansionPlayerListSettings] Load existing setting file:$profile:ExpansionMod\Settings\PlayerListSettings.json
 SCRIPT       : 02:54:31.551 [EXPANSION DEBUG]: [ExpansionSocialMediaSettings] Load existing setting file:$profile:ExpansionMod\Settings\SocialMediaSettings.json
 SCRIPT       : 02:54:31.556 [EXPANSION DEBUG]: [ExpansionSpawnSettings] Load existing setting file:$mission:expansion\settings\SpawnSettings.json
 SCRIPT       : 02:54:31.566 [EXPANSION DEBUG]: [ExpansionVehicleSettings] Load existing setting file:$profile:ExpansionMod\Settings\VehicleSettings.json
 SCRIPT       : 02:54:31.572 [EXPANSION DEBUG]: ExpansionAILocationSettings<0x0000021531405530> Load existing setting file:$mission:expansion\settings\AILocationSettings.json
 SCRIPT       : 02:54:32.035 [EXPANSION DEBUG]: [ExpansionAISettings] Load existing setting file:$profile:ExpansionMod\Settings\AISettings.json
 SCRIPT       : 02:54:32.038 [EXPANSION DEBUG]: [ExpansionAIPatrolSettings] Load existing setting file:$mission:expansion\settings\AIPatrolSettings.json
 SCRIPT       : 02:54:32.185 [EXPANSION DEBUG]: [ExpansionBaseBuildingSettings] Load existing setting file:$mission:expansion\settings\BaseBuildingSettings.json
 SCRIPT       : 02:54:32.194 [EXPANSION DEBUG]: [ExpansionRaidSettings] Load existing setting file:$profile:ExpansionMod\Settings\RaidSettings.json
 SCRIPT       : 02:54:32.197 [EXPANSION DEBUG]: [ExpansionTerritorySettings] Load existing setting file:$profile:ExpansionMod\Settings\TerritorySettings.json
 SCRIPT       : 02:54:32.211 [EXPANSION DEBUG]: [ExpansionChatSettings] Load existing setting file:$profile:ExpansionMod\Settings\ChatSettings.json
 SCRIPT       : Expansion version: 1.9.67
 SCRIPT       : [DefineTest] EXPANSIONMOD is defined
 SCRIPT       : [DefineTest] EXPANSIONMODAI is defined
 SCRIPT       : [DefineTest] EXPANSIONMODBASEBUILDING is defined
 SCRIPT       : [DefineTest] EXPANSIONMODBOOK is defined
 SCRIPT       : [DefineTest] EXPANSIONMODCHAT is defined
 SCRIPT       : [DefineTest] EXPANSIONMODCORE is defined
 SCRIPT       : [DefineTest] EXPANSIONMODGARAGE is defined
 SCRIPT       : [DefineTest] EXPANSIONMODGROUPS is defined
 SCRIPT       : [DefineTest] EXPANSIONMODHARDLINE is defined
 SCRIPT       : [DefineTest] EXPANSIONMODKILLFEED is defined
 SCRIPT       : [DefineTest] EXPANSIONMODMAPASSETS is defined
 SCRIPT       : [DefineTest] EXPANSIONMODMARKET is defined
 SCRIPT       : [DefineTest] EXPANSIONMODMISSIONS is defined
 SCRIPT       : [DefineTest] EXPANSIONMODNAMETAGS is defined
 SCRIPT       : [DefineTest] EXPANSIONMODNAVIGATION is defined
 SCRIPT       : [DefineTest] EXPANSIONMODP2PMARKET is defined
 SCRIPT       : [DefineTest] EXPANSIONMODPERSONALSTORAGE is defined
 SCRIPT       : [DefineTest] EXPANSIONMODQUESTS is defined
 SCRIPT       : [DefineTest] EXPANSIONMODSPAWNSELECTION is defined
 SCRIPT       : [DefineTest] EXPANSIONMODVEHICLE is defined
 SCRIPT       : [DefineTest] EXPANSIONMODWEAPONS is defined
 SCRIPT       : [DefineTest] CfgMods:
 SCRIPT       : defaultAction
 SCRIPT       : DayZ
 SCRIPT       : BF_Define
 SCRIPT       : DZ_Expansion_AI_Preload
 SCRIPT       : DZ_Expansion_BaseBuilding_Preload
 SCRIPT       : DZ_Expansion_Book_Preload
 SCRIPT       : DZ_Expansion_Chat_Preload
 SCRIPT       : DZ_Expansion_Core_Preload
 SCRIPT       : DZ_Expansion_Garage_Preload
 SCRIPT       : DZ_Expansion_Groups_Preload
 SCRIPT       : DZ_Expansion_Hardline_Preload
 SCRIPT       : DZ_Expansion_KillFeed_Preload
 SCRIPT       : DZ_Expansion_MapAssets_Preload
 SCRIPT       : DZ_Expansion_Market_Preload
 SCRIPT       : DZ_Expansion_Missions_Preload
 SCRIPT       : DZ_Expansion_ModStorage_Preload
 SCRIPT       : DZ_Expansion_NameTags_Preload
 SCRIPT       : DZ_Expansion_Navigation_Preload
 SCRIPT       : DZ_Expansion_P2PMarket_Preload
 SCRIPT       : DZ_Expansion_PersonalStorage_Preload
 SCRIPT       : DZ_Expansion_Preload
 SCRIPT       : DZ_Expansion_Quests_Preload
 SCRIPT       : DZ_Expansion_SpawnSelection_Preload
 SCRIPT       : DZ_Expansion_Vehicles_Preload
 SCRIPT       : DZ_Expansion_Weapons_Preload
 SCRIPT       : ALV_Better_Beards
 SCRIPT       : BVP_DoorPeek
 SCRIPT       : DabsFramework
 SCRIPT       : DZ_Expansion_DefineTest
 SCRIPT       : DZ_Expansion_MapAssets
 SCRIPT       : sakhal
 SCRIPT       : EditorLoader
 SCRIPT       : JM_CommunityFramework
 SCRIPT       : TTC_Optics
 SCRIPT       : TTC_Pistols
 SCRIPT       : TTC_Rifles
 SCRIPT       : TTC_Shotguns
 SCRIPT       : TTC_SMG
 SCRIPT       : AVPPAdminTools
 SCRIPT       : WindstrideClothing
 SCRIPT       : ZenLazyAction
 SCRIPT       : ZenModCore
 SCRIPT       : ZenRepairWells
 SCRIPT       : ZenSkills
 SCRIPT       : ZenSleep
 SCRIPT       : DZ_Expansion_ModStorage
 SCRIPT       : earlywinter_scripts
 SCRIPT       : ZenZombieDoors
 SCRIPT       : BuildingFortifications
 SCRIPT       : DZ_Expansion_Core
 SCRIPT       : DZ_Expansion_Garage
 SCRIPT       : DZ_Expansion_Groups
 SCRIPT       : DZ_Expansion_Market
 SCRIPT       : DZ_Expansion_Missions
 SCRIPT       : DZ_Expansion_NameTags
 SCRIPT       : DZ_Expansion_Navigation
 SCRIPT       : DZ_Expansion_NotificationScheduler
 SCRIPT       : DZ_Expansion_P2PMarket
 SCRIPT       : DZ_Expansion_PersonalStorage
 SCRIPT       : DZ_Expansion_PersonalStorageNew
 SCRIPT       : DZ_Expansion_PlayerList
 SCRIPT       : DZ_Expansion
 SCRIPT       : DZ_Expansion_SpawnSelection
 SCRIPT       : DZ_Expansion_VanillaFixes
 SCRIPT       : DZ_Expansion_Vehicles
 SCRIPT       : DZ_Expansion_Weapons
 SCRIPT       : Furniture
 SCRIPT       : KnockKnockZombies
 SCRIPT       : QDLY_Melee_Weapons
 SCRIPT       : ACO_Core
 SCRIPT       : ACO_Headgear
 SCRIPT       : ACO_Lower
 SCRIPT       : ACO_Other
 SCRIPT       : ACO_Upper
 SCRIPT       : DZ_Expansion_AI
 SCRIPT       : DZ_Expansion_BaseBuilding
 SCRIPT       : DZ_Expansion_Book
 SCRIPT       : DZ_Expansion_Chat
 SCRIPT       : DZ_Expansion_Hardline
 SCRIPT       : DZ_Expansion_Quests
 SCRIPT       : DZ_Expansion_VirtualContainerStorage
 SCRIPT       : [ZEN|2026.05.27 02:54:32] [ZenObjectHookSpawner] Init.
 SCRIPT       : [ZEN|2026.05.27 02:54:43] [ZenModCore] OnInit.
 SCRIPT       : [ZEN|2026.05.27 02:54:43] MissionBase::OnInit
 SCRIPT       : [ZEN|2026.05.27 02:54:43] [ZenModCore] Server session count: 7
 SCRIPT       : [ZEN|2026.05.27 02:54:43] [ZenModCore::ZenConfigRegister] Registering ZenConfigRegister RPCs.
 SCRIPT       : [ZEN|2026.05.27 02:54:43] [ZenConfig] Loading config files for map: chernarusplus
 SCRIPT       : [ZEN|2026.05.27 02:54:43] [ZenConfig] Loading file: $profile:Zenarchist\Core\ZenCoreConfig.json
 SCRIPT       : [ZEN|2026.05.27 02:54:43] [ZenConfig] File loaded: ZenCoreConfig.json version=1.29.3
 SCRIPT       : [ZEN|2026.05.27 02:54:43] [ZenConfig] Loading file: $profile:Zenarchist\Skills\DB\\ZenSkillsHighscoresDB.json
 SCRIPT       : [ZEN|2026.05.27 02:54:43] [ZenConfig] File loaded: ZenSkillsHighscoresDB.json version=1.29.1
 SCRIPT       : [ZEN|2026.05.27 02:54:43] [ZenConfig] Loading file: $profile:Zenarchist\ZenSleepConfig.json
 SCRIPT       : [ZEN|2026.05.27 02:54:43] [ZenConfig] File loaded: ZenSleepConfig.json version=1.29.1
 SCRIPT       : [ZEN|2026.05.27 02:54:43] [ZenConfig] Loading file: $profile:Zenarchist\ZenZombieDoorsConfig.json
 SCRIPT       : [ZEN|2026.05.27 02:54:43] [ZenConfig] File loaded: ZenZombieDoorsConfig.json version=1.29.1
 SCRIPT       : [ZEN|2026.05.27 02:54:43] [ZenAdminCommandHandler] Init RPCs.
 SCRIPT       : [ZEN|2026.05.27 02:54:43] Server session count: 7
 SCRIPT       : [MissionServer] OnInit - Server
 SCRIPT       : [ZenWellsConfig] Init
 SCRIPT       : [ZenRepairWells] OnInit - Loaded config successfully.
 SCRIPT       : [ZenSkills] MissionServer::OnInit
 SCRIPT       : [BuildingFortificationsConfig] Create Building Fortifications configuration instance..
 SCRIPT       : [BuildingFortificationsConfig] Loading existing Building Fortifications configuration file..
 SCRIPT       : [BuildingFortificationsConfig] Load existing Building Fortifications configuration file..
 SCRIPT       : [AYSA] [KNOCK KNOCK ZOMBIES] 
 SCRIPT       : [AYSA] ----- Loading cfg -----
 SCRIPT       : [AYSA] --------------
 SCRIPT       : [AYSA] [KNOCK KNOCK ZOMBIES] enabled
 SCRIPT       : [AYSA] --------------
 SCRIPT       : [ZEN|2026.05.27 02:54:43] MissionBase::OnMissionStart
 SCRIPT       : [BVP] Doors Config Loaded
 SCRIPT       : [ExpansionQuestPersistentServerData] Load existing configuration file:$profile:ExpansionMod\Quests\PersistentServerData.json
 SCRIPT       : [ExpansionQuestPersistentServerData] Load existing configuration file:$profile:ExpansionMod\Quests\PersistentServerData.json
 SCRIPT       : [ExpansionQuestObjectiveTravelConfig] Load existing configuration file:$profile:ExpansionMod\Quests\Objectives\Travel\1-Travel-Canabal-1.json
 SCRIPT       : [ExpansionQuestObjectiveTravelConfig] Load existing configuration file:$profile:ExpansionMod\Quests\Objectives\Travel\10-Travel-HammerTime.json
 SCRIPT       : [ExpansionQuestObjectiveTravelConfig] Load existing configuration file:$profile:ExpansionMod\Quests\Objectives\Travel\2-Travel-Canabal-2.json
 SCRIPT       : [ExpansionQuestObjectiveTravelConfig] Load existing configuration file:$profile:ExpansionMod\Quests\Objectives\Travel\3-Travel-SafeZone.json
 SCRIPT       : [ExpansionQuestObjectiveTravelConfig] Load existing configuration file:$profile:ExpansionMod\Quests\Objectives\Travel\5-Travel-Police_5.json
 SCRIPT       : [ExpansionQuestObjectiveTravelConfig] Load existing configuration file:$profile:ExpansionMod\Quests\Objectives\Travel\6-Travel-SwampBandits_6.json
 SCRIPT       : [ExpansionQuestObjectiveTravelConfig] Load existing configuration file:$profile:ExpansionMod\Quests\Objectives\Travel\60-Travel-BelayaPoyana.json
 SCRIPT       : [ExpansionQuestObjectiveTravelConfig] Load existing configuration file:$profile:ExpansionMod\Quests\Objectives\Travel\7-Travel-Skalisty.json
 SCRIPT       : [ExpansionQuestObjectiveTravelConfig] Load existing configuration file:$profile:ExpansionMod\Quests\Objectives\Travel\70-Travel-Medical_Ambulance.json
 SCRIPT       : [ExpansionQuestObjectiveTravelConfig] Load existing configuration file:$profile:ExpansionMod\Quests\Objectives\Travel\71-Travel-School_Ambush.json
 SCRIPT       : [ExpansionQuestObjectiveTravelConfig] Load existing configuration file:$profile:ExpansionMod\Quests\Objectives\Travel\72-Travel-Lost_in_The_Sea.json
 SCRIPT       : [ExpansionQuestObjectiveTravelConfig] Load existing configuration file:$profile:ExpansionMod\Quests\Objectives\Travel\73-Travel-The_Lost_Survivor.json
 SCRIPT       : [ExpansionQuestObjectiveTravelConfig] Load existing configuration file:$profile:ExpansionMod\Quests\Objectives\Travel\74-Travel-PilotCrash.json
 SCRIPT       : [ExpansionQuestObjectiveTravelConfig] Load existing configuration file:$profile:ExpansionMod\Quests\Objectives\Travel\75-Travel-PilotCrash_1.json
 SCRIPT       : [ExpansionQuestObjectiveTravelConfig] Load existing configuration file:$profile:ExpansionMod\Quests\Objectives\Travel\76-Travel-PilotCrash_2.json
 SCRIPT       : [ExpansionQuestObjectiveTravelConfig] Load existing configuration file:$profile:ExpansionMod\Quests\Objectives\Travel\77-Travel-Medical_Ambulance_3.json
 SCRIPT       : [ExpansionQuestObjectiveTravelConfig] Load existing configuration file:$profile:ExpansionMod\Quests\Objectives\Travel\78-Travel-Medical_Ambulance_Speak_With_Doctor.json
 SCRIPT       : [ExpansionQuestObjectiveTravelConfig] Load existing configuration file:$profile:ExpansionMod\Quests\Objectives\Travel\79-Travel-Medical_Ambulance_2.json
 SCRIPT       : [ExpansionQuestObjectiveTravelConfig] Load existing configuration file:$profile:ExpansionMod\Quests\Objectives\Travel\8-Travel-T_8.json
 SCRIPT       : [ExpansionQuestObjectiveTravelConfig] Load existing configuration file:$profile:ExpansionMod\Quests\Objectives\Travel\9-Travel-PowerPlant_9.json
 SCRIPT       : [ExpansionQuestObjectiveTargetConfig] Load existing configuration file:$profile:ExpansionMod\Quests\Objectives\Target\1-Target-infected-1.json
 SCRIPT       : [ExpansionQuestObjectiveTargetConfig] Load existing configuration file:$profile:ExpansionMod\Quests\Objectives\Target\10-Target-zAnimals-10.json
 SCRIPT       : [ExpansionQuestObjectiveTargetConfig] Load existing configuration file:$profile:ExpansionMod\Quests\Objectives\Target\11-Target-zPatolAi-11.json
 SCRIPT       : [ExpansionQuestObjectiveTargetConfig] Load existing configuration file:$profile:ExpansionMod\Quests\Objectives\Target\12-Target-zPatolAi-12.json
 SCRIPT       : [ExpansionQuestObjectiveTargetConfig] Load existing configuration file:$profile:ExpansionMod\Quests\Objectives\Target\13-Target-zPatolAi-13.json
 SCRIPT       : [ExpansionQuestObjectiveTargetConfig] Load existing configuration file:$profile:ExpansionMod\Quests\Objectives\Target\14-The-Easter-Bunny-14.json
 SCRIPT       : [ExpansionQuestObjectiveTargetConfig] Load existing configuration file:$profile:ExpansionMod\Quests\Objectives\Target\15-Target-zSnakes-15.json
 SCRIPT       : [ExpansionQuestObjectiveTargetConfig] Load existing configuration file:$profile:ExpansionMod\Quests\Objectives\Target\2-Target-infected-2.json
 SCRIPT       : [ExpansionQuestObjectiveTargetConfig] Load existing configuration file:$profile:ExpansionMod\Quests\Objectives\Target\3-Target-infected-3.json
 SCRIPT       : [ExpansionQuestObjectiveTargetConfig] Load existing configuration file:$profile:ExpansionMod\Quests\Objectives\Target\32-Target-PowerPlant.json
 SCRIPT       : [ExpansionQuestObjectiveTargetConfig] Load existing configuration file:$profile:ExpansionMod\Quests\Objectives\Target\4-Target-infected-4.json
 SCRIPT       : [ExpansionQuestObjectiveTargetConfig] Load existing configuration file:$profile:ExpansionMod\Quests\Objectives\Target\5-Target-Mutants-5.json
 SCRIPT       : [ExpansionQuestObjectiveTargetConfig] Load existing configuration file:$profile:ExpansionMod\Quests\Objectives\Target\7-Target-zAnimals-07.json
 SCRIPT       : [ExpansionQuestObjectiveTargetConfig] Load existing configuration file:$profile:ExpansionMod\Quests\Objectives\Target\74-Target-PilotCrash.json
 SCRIPT       : [ExpansionQuestObjectiveTargetConfig] Load existing configuration file:$profile:ExpansionMod\Quests\Objectives\Target\75-Target-PilotCrash_1.json
 SCRIPT       : [ExpansionQuestObjectiveTargetConfig] Load existing configuration file:$profile:ExpansionMod\Quests\Objectives\Target\8-Target-zAnimals-08.json
 SCRIPT       : [ExpansionQuestObjectiveTargetConfig] Load existing configuration file:$profile:ExpansionMod\Quests\Objectives\Target\80-Target-Medical_Ambulance_2.json
 SCRIPT       : [ExpansionQuestObjectiveTargetConfig] Load existing configuration file:$profile:ExpansionMod\Quests\Objectives\Target\81-Target-Medical_Ambulance_3.json
 SCRIPT       : [ExpansionQuestObjectiveTargetConfig] Load existing configuration file:$profile:ExpansionMod\Quests\Objectives\Target\82-Target-FirstBlood.json
 SCRIPT       : [ExpansionQuestObjectiveTargetConfig] Load existing configuration file:$profile:ExpansionMod\Quests\Objectives\Target\83-Target-RealSurvivor.json
 SCRIPT       : [ExpansionQuestObjectiveTargetConfig] Load existing configuration file:$profile:ExpansionMod\Quests\Objectives\Target\84-Target-NoMercy.json
 SCRIPT       : [ExpansionQuestObjectiveTargetConfig] Load existing configuration file:$profile:ExpansionMod\Quests\Objectives\Target\85-Target-FirstKill-eAI.json
 SCRIPT       : [ExpansionQuestObjectiveTargetConfig] Load existing configuration file:$profile:ExpansionMod\Quests\Objectives\Target\86-Target-AIHunter-eAI.json
 SCRIPT       : [ExpansionQuestObjectiveTargetConfig] Load existing configuration file:$profile:ExpansionMod\Quests\Objectives\Target\87-Target-AISlayer-eAI.json
 SCRIPT       : [ExpansionQuestObjectiveTargetConfig] Load existing configuration file:$profile:ExpansionMod\Quests\Objectives\Target\88-Target-FirstWolf.json
 SCRIPT       : [ExpansionQuestObjectiveTargetConfig] Load existing configuration file:$profile:ExpansionMod\Quests\Objectives\Target\89-Target-WolfPack.json
 SCRIPT       : [ExpansionQuestObjectiveTargetConfig] Load existing configuration file:$profile:ExpansionMod\Quests\Objectives\Target\9-Target-Fox-09.json
 SCRIPT       : [ExpansionQuestObjectiveTargetConfig] Load existing configuration file:$profile:ExpansionMod\Quests\Objectives\Target\90-Target-WolfSlayer.json
 SCRIPT       : [ExpansionQuestObjectiveTargetConfig] Load existing configuration file:$profile:ExpansionMod\Quests\Objectives\Target\91-Target-FirstBear.json
 SCRIPT       : [ExpansionQuestObjectiveTargetConfig] Load existing configuration file:$profile:ExpansionMod\Quests\Objectives\Target\92-Target-BearHunter.json
 SCRIPT       : [ExpansionQuestObjectiveTargetConfig] Load existing configuration file:$profile:ExpansionMod\Quests\Objectives\Target\93-Target-BearSlayer.json
 SCRIPT       : [ExpansionQuestObjectiveDeliveryConfig] Load existing configuration file:$profile:ExpansionMod\Quests\Objectives\Delivery\1-Delivery-Steve-1.json
 SCRIPT       : [ExpansionQuestObjectiveDeliveryConfig] Load existing configuration file:$profile:ExpansionMod\Quests\Objectives\Delivery\2-Delivery-Peter-1.json
 SCRIPT       : [ExpansionQuestObjectiveDeliveryConfig] Load existing configuration file:$profile:ExpansionMod\Quests\Objectives\Delivery\5-Delivery-Note.json
 SCRIPT       : [ExpansionQuestObjectiveCollectionConfig] Load existing configuration file:$profile:ExpansionMod\Quests\Objectives\Collection\1-Collection-MetalWire.json
 SCRIPT       : [ExpansionQuestObjectiveCollectionConfig] Load existing configuration file:$profile:ExpansionMod\Quests\Objectives\Collection\10-Repair_Weapon.json
 SCRIPT       : [ExpansionQuestObjectiveCollectionConfig] Load existing configuration file:$profile:ExpansionMod\Quests\Objectives\Collection\12-Repair_Vest911.json
 SCRIPT       : [ExpansionQuestObjectiveCollectionConfig] Load existing configuration file:$profile:ExpansionMod\Quests\Objectives\Collection\13-Repair_ClothesBag912.json
 SCRIPT       : [ExpansionQuestObjectiveCollectionConfig] Load existing configuration file:$profile:ExpansionMod\Quests\Objectives\Collection\14-Medical_Heal913.json
 SCRIPT       : [ExpansionQuestObjectiveCollectionConfig] Load existing configuration file:$profile:ExpansionMod\Quests\Objectives\Collection\15-TP_1.json
 SCRIPT       : [ExpansionQuestObjectiveCollectionConfig] Load existing configuration file:$profile:ExpansionMod\Quests\Objectives\Collection\16-TP_2.json
 SCRIPT       : [ExpansionQuestObjectiveCollectionConfig] Load existing configuration file:$profile:ExpansionMod\Quests\Objectives\Collection\2-Collection-Mackerel.json
 SCRIPT       : [ExpansionQuestObjectiveCollectionConfig] Load existing configuration file:$profile:ExpansionMod\Quests\Objectives\Collection\3-Collection-Reindeer.json
 SCRIPT       : [ExpansionQuestObjectiveCollectionConfig] Load existing configuration file:$profile:ExpansionMod\Quests\Objectives\Collection\4-Collection-BearPelt.json
 SCRIPT       : [ExpansionQuestObjectiveCollectionConfig] Load existing configuration file:$profile:ExpansionMod\Quests\Objectives\Collection\5-Collection-DeerPelt.json
 SCRIPT       : [ExpansionQuestObjectiveCollectionConfig] Load existing configuration file:$profile:ExpansionMod\Quests\Objectives\Collection\6-Collection-Lock.json
 SCRIPT       : [ExpansionQuestObjectiveCollectionConfig] Load existing configuration file:$profile:ExpansionMod\Quests\Objectives\Collection\7-Collection-CrocodileSkin.json
 SCRIPT       : [ExpansionQuestObjectiveCollectionConfig] Load existing configuration file:$profile:ExpansionMod\Quests\Objectives\Collection\8-Fishing-Time.json
 SCRIPT       : [ExpansionQuestObjectiveCollectionConfig] Load existing configuration file:$profile:ExpansionMod\Quests\Objectives\Collection\9-Collection-Rat.json
 SCRIPT       : [ExpansionQuestObjectiveTreasureHuntConfig] Load existing configuration file:$profile:ExpansionMod\Quests\Objectives\TreasureHunt\1-TH_1.json
 SCRIPT       : [ExpansionQuestObjectiveTreasureHuntConfig] Load existing configuration file:$profile:ExpansionMod\Quests\Objectives\TreasureHunt\2-Thief of grave.json
 SCRIPT       : [ExpansionQuestObjectiveTreasureHuntConfig] Load existing configuration file:$profile:ExpansionMod\Quests\Objectives\TreasureHunt\3-Stolen-Ammunition.json
 SCRIPT       : [ExpansionQuestObjectiveActionConfig] Load existing configuration file:$profile:ExpansionMod\Quests\Objectives\Action\1-Medic.json
 SCRIPT       : [ExpansionQuestObjectiveActionConfig] Load existing configuration file:$profile:ExpansionMod\Quests\Objectives\Action\10-Medic.json
 SCRIPT       : [ExpansionQuestObjectiveActionConfig] Load existing configuration file:$profile:ExpansionMod\Quests\Objectives\Action\11-Medic.json
 SCRIPT       : [ExpansionQuestObjectiveActionConfig] Load existing configuration file:$profile:ExpansionMod\Quests\Objectives\Action\12-Medic.json
 SCRIPT       : [ExpansionQuestObjectiveActionConfig] Load existing configuration file:$profile:ExpansionMod\Quests\Objectives\Action\13-Medic.json
 SCRIPT       : [ExpansionQuestObjectiveActionConfig] Load existing configuration file:$profile:ExpansionMod\Quests\Objectives\Action\14-Medic.json
 SCRIPT       : [ExpansionQuestObjectiveActionConfig] Load existing configuration file:$profile:ExpansionMod\Quests\Objectives\Action\15-Medic.json
 SCRIPT       : [ExpansionQuestObjectiveActionConfig] Load existing configuration file:$profile:ExpansionMod\Quests\Objectives\Action\16-Medic.json
 SCRIPT       : [ExpansionQuestObjectiveActionConfig] Load existing configuration file:$profile:ExpansionMod\Quests\Objectives\Action\17-Medic.json
 SCRIPT       : [ExpansionQuestObjectiveActionConfig] Load existing configuration file:$profile:ExpansionMod\Quests\Objectives\Action\18-Horticulture.json
 SCRIPT       : [ExpansionQuestObjectiveActionConfig] Load existing configuration file:$profile:ExpansionMod\Quests\Objectives\Action\19-Horticulture.json
 SCRIPT       : [ExpansionQuestObjectiveActionConfig] Load existing configuration file:$profile:ExpansionMod\Quests\Objectives\Action\2-Medic.json
 SCRIPT       : [ExpansionQuestObjectiveActionConfig] Load existing configuration file:$profile:ExpansionMod\Quests\Objectives\Action\20-Horticulture.json
 SCRIPT       : [ExpansionQuestObjectiveActionConfig] Load existing configuration file:$profile:ExpansionMod\Quests\Objectives\Action\21-Horticulture.json
 SCRIPT       : [ExpansionQuestObjectiveActionConfig] Load existing configuration file:$profile:ExpansionMod\Quests\Objectives\Action\22-Horticulture.json
 SCRIPT       : [ExpansionQuestObjectiveActionConfig] Load existing configuration file:$profile:ExpansionMod\Quests\Objectives\Action\23-Horticulture.json
 SCRIPT       : [ExpansionQuestObjectiveActionConfig] Load existing configuration file:$profile:ExpansionMod\Quests\Objectives\Action\24-Horticulture.json
 SCRIPT       : [ExpansionQuestObjectiveActionConfig] Load existing configuration file:$profile:ExpansionMod\Quests\Objectives\Action\26-Vehicle_StartBoat.json
 SCRIPT       : [ExpansionQuestObjectiveActionConfig] Load existing configuration file:$profile:ExpansionMod\Quests\Objectives\Action\3-Medic.json
 SCRIPT       : [ExpansionQuestObjectiveActionConfig] Load existing configuration file:$profile:ExpansionMod\Quests\Objectives\Action\4-Medic.json
 SCRIPT       : [ExpansionQuestObjectiveActionConfig] Load existing configuration file:$profile:ExpansionMod\Quests\Objectives\Action\5-Medic.json
 SCRIPT       : [ExpansionQuestObjectiveActionConfig] Load existing configuration file:$profile:ExpansionMod\Quests\Objectives\Action\6-Medic.json
 SCRIPT       : [ExpansionQuestObjectiveActionConfig] Load existing configuration file:$profile:ExpansionMod\Quests\Objectives\Action\7-Medic.json
 SCRIPT       : [ExpansionQuestObjectiveActionConfig] Load existing configuration file:$profile:ExpansionMod\Quests\Objectives\Action\8-Medic.json
 SCRIPT       : [ExpansionQuestObjectiveActionConfig] Load existing configuration file:$profile:ExpansionMod\Quests\Objectives\Action\9-Medic.json
 SCRIPT       : [ExpansionQuestObjectiveCraftingConfig] Load existing configuration file:$profile:ExpansionMod\Quests\Objectives\Crafting\1-Crafting-FishingRod.json
 SCRIPT       : [ExpansionQuestObjectiveAIPatrolConfig] Load existing configuration file:$profile:ExpansionMod\Quests\Objectives\AIPatrol\1-AIpatrol.json
 SCRIPT       : [ExpansionQuestObjectiveAIPatrolConfig] Load existing configuration file:$profile:ExpansionMod\Quests\Objectives\AIPatrol\2-AIpatrol-PatrolSwamp_2.json
 SCRIPT       : [ExpansionQuestObjectiveAICampConfig] Load existing configuration file:$profile:ExpansionMod\Quests\Objectives\AICamp\1-AICamp-Canabal-1.json
 SCRIPT       : [ExpansionQuestObjectiveAICampConfig] Load existing configuration file:$profile:ExpansionMod\Quests\Objectives\AICamp\2-AICamp-Canabal-2.json
 SCRIPT       : [ExpansionQuestObjectiveAICampConfig] Load existing configuration file:$profile:ExpansionMod\Quests\Objectives\AICamp\3-AICamp-AIC_Example_3.json
 SCRIPT       : [ExpansionQuestObjectiveAICampConfig] Load existing configuration file:$profile:ExpansionMod\Quests\Objectives\AICamp\40-AICamp-AIC_Police_2.json
 SCRIPT       : [ExpansionQuestObjectiveAICampConfig] Load existing configuration file:$profile:ExpansionMod\Quests\Objectives\AICamp\5-AICamp-AIC_Plant_5.json
 SCRIPT       : [ExpansionQuestObjectiveAICampConfig] Load existing configuration file:$profile:ExpansionMod\Quests\Objectives\AICamp\50-AICamp-BelayaPolyana_1.json
 SCRIPT       : [ExpansionQuestObjectiveAICampConfig] Load existing configuration file:$profile:ExpansionMod\Quests\Objectives\AICamp\70-AICamp-Medical_Ambulance.json
 SCRIPT       : [ExpansionQuestObjectiveAICampConfig] Load existing configuration file:$profile:ExpansionMod\Quests\Objectives\AICamp\71-AICamp-School_Ambush.json
 SCRIPT       : [ExpansionQuestObjectiveAICampConfig] Load existing configuration file:$profile:ExpansionMod\Quests\Objectives\AICamp\72-AICamp-Medical_Ambulance_2.json
 SCRIPT       : [ExpansionQuestObjectiveAICampConfig] Load existing configuration file:$profile:ExpansionMod\Quests\Objectives\AICamp\73-AICamp-The_Lost_Survivor.json
 SCRIPT       : [ExpansionQuestObjectiveAICampConfig] Load existing configuration file:$profile:ExpansionMod\Quests\Objectives\AICamp\74-AICamp-AIPowerPlant_3.json
 SCRIPT       : [ExpansionQuestObjectiveAICampConfig] Load existing configuration file:$profile:ExpansionMod\Quests\Objectives\AICamp\75-AIPatrol-PatrolSwamp_2.json
 SCRIPT       : [ExpansionQuestObjectiveAICampConfig] Load existing configuration file:$profile:ExpansionMod\Quests\Objectives\AICamp\76-AICamp-PilotCrash_2.json
 SCRIPT       : [ExpansionQuestObjectiveAIEscortConfig] Load existing configuration file:$profile:ExpansionMod\Quests\Objectives\AIVIP\1-VIP.json
 SCRIPT       : [ExpansionQuestObjectiveAIEscortConfig] Load existing configuration file:$profile:ExpansionMod\Quests\Objectives\AIVIP\2-VIP.json
 SCRIPT       : [ExpansionQuestObjectiveAIEscortConfig] Load existing configuration file:$profile:ExpansionMod\Quests\Objectives\AIVIP\3-VIP - Medical_Ambulance.json
 SCRIPT       : [ExpansionQuestObjectiveAIEscortConfig] Load existing configuration file:$profile:ExpansionMod\Quests\Objectives\AIVIP\4-VIP.json
 SCRIPT       : [ExpansionQuestObjectiveAIEscortConfig] Load existing configuration file:$profile:ExpansionMod\Quests\Objectives\AIVIP\5-VIP.json
 SCRIPT       : [ExpansionQuestObjectiveAIEscortConfig] Load existing configuration file:$profile:ExpansionMod\Quests\Objectives\AIVIP\6-VIP - The_Lost_Survivor.json
 SCRIPT       : [ExpansionQuestObjectiveAIEscortConfig] Load existing configuration file:$profile:ExpansionMod\Quests\Objectives\AIVIP\7-VIP - PilotCrash.json
 SCRIPT       : [ExpansionQuestObjectiveAIEscortConfig] Load existing configuration file:$profile:ExpansionMod\Quests\Objectives\AIVIP\8-VIP - PilotCrash_1.json
 SCRIPT       : [ExpansionQuestObjectiveAIEscortConfig] Load existing configuration file:$profile:ExpansionMod\Quests\Objectives\AIVIP\9-VIP - PilotCrash_2.json
 SCRIPT       : [ExpansionQuestNPCData] Load existing configuration file:QuestNPC_1.json
 SCRIPT       : [ExpansionQuestNPCData] Load existing configuration file:QuestNPC_2.json
 SCRIPT       : [ExpansionQuestNPCData] Load existing configuration file:QuestNPC_3.json
 SCRIPT       : [ExpansionQuestNPCData] Load existing configuration file:QuestNPC_4000.json
 SCRIPT       : [ExpansionQuestNPCData] Load existing configuration file:QuestNPC_4001.json
 SCRIPT       : [ExpansionQuestNPCData] Load existing configuration file:QuestNPC_4003.json
 SCRIPT       : 02:55:20.246 [ExpansionQuestModule<0x000002113285FF80>] :: [INFO] :: [Expansion Quests] NPC with ID 4003 is set to inactive. Skip..
 SCRIPT       : [ExpansionQuestNPCData] Load existing configuration file:QuestNPC_4005.json
 SCRIPT       : [ExpansionQuestNPCData] Load existing configuration file:QuestNPC_4006.json
 SCRIPT       : [MissionServer] OnMissionStart - Server
 SCRIPT       : string dirtyName = 'Bullzed-Test'
 SCRIPT       : [ZEN|2026.05.27 02:55:20] [ZenModCore] OnMissionStart.
SCRIPT       : ExpansionMarketItem marketItem = ExpansionMarketItem<0x000002130735DAB0>
SCRIPT       : int worth =   1
SCRIPT       : ExpansionZonePolygon<0x00000216F540C640> position=<12015.854492, 0.000000, 12591.097656> radius=419.633
SCRIPT       : ExpansionZoneCircle<0x00000216F3B15C70> position=<1143.140015, 0.000000, 2423.270020> radius=700
SCRIPT       : ExpansionZoneCircle<0x00000216F3B15C10> position=<3728.270020, 0.000000, 6003.600098> radius=500
SCRIPT       : Found 3 zones!
SCRIPT       : Module: $profile:ExpansionMod\AI\FSM\Master.c; loaded 1x files; 153x classes; used 119/262 kB (45%) of static memory; defines: "DAYZ_1_29,SERVER_FOR_WINDOWS,SERVER,PLATFORM_WINDOWS,RELEASE,NO_GUI,NO_GUI_INGAME,BF_Define,DZ_Expansion_AI_Prel
SCRIPT       : 02:57:30.298 [ERROR] :: Unknown loadout requested ('Medic_Trader')
Function: 'Apply'
Stack trace:
DayZExpansion/Core/Scripts/4_World/dayzexpansion_core\classes\loadout\expansionloadout.c:3212
SCRIPT       : 02:57:30.426 [ERROR] :: Unknown loadout requested ('MMG_SNAFU_Atack')
Function: 'Apply'
Stack trace:
DayZExpansion/Core/Scripts/4_World/dayzexpansion_core\classes\loadout\expansionloadout.c:3212
SCRIPT       : m_LoginTimeMs: 16200
SCRIPT       : [ZEN|2026.05.27 02:58:15] [ZenObjectHookSpawner] No hook configs to dump positions of.
SCRIPT       : 03:02:45.987 [EXPANSION DEBUG]: [ExpansionMissionEventAirdrop] Adjusted container weights:
SCRIPT       : 03:02:45.987 [EXPANSION DEBUG]: ExpansionAirdropContainer 74
SCRIPT       : 03:02:45.987 [EXPANSION DEBUG]: ExpansionAirdropContainer_Medical 78
SCRIPT       : 03:02:45.987 [EXPANSION DEBUG]: ExpansionAirdropContainer_Basebuilding 73
SCRIPT       : 03:02:45.987 [EXPANSION DEBUG]: ExpansionAirdropContainer_Military 69
SCRIPT       : 03:02:45.987 [EXPANSION DEBUG]: ExpansionAirdropPlane::Expansion_GetSpawnPoint - drop position <5043.000000, 0.000000, 2505.000000> - map is chernarusplus - size 15360 - center <7100.000000, 300.000000, 7750.000000>
SCRIPT       : 03:02:45.987 [EXPANSION DEBUG]: ExpansionAirdropPlane::Expansion_GetSpawnPoint - selected spawn point <11997.970703, 608.129150, 15360.000000>
SCRIPT       : 03:12:31.249 [EXPANSION LOG]: ExpansionAirdropContainerBase_Server<0x00000217C9FD0270> Expan Expansion_InitAirdrop - total weight (kg) 305.077 - nominal fall speed 4.51269 m/s, wind impact strength 0.149577
 SCRIPT       : 03:22:01.350 [EXPANSION DEBUG]: ExpansionHardlineModule<0x0000021126C8B660> ::LoadPlayerData - Loaded player hardline data for player Juts[ANwBQqVVStKCILjNoABDu3SscjO3bFF-nGQjnjwyOUM=]
 SCRIPT       : [AYSA] [KNOCK KNOCK ZOMBIES] 
 SCRIPT       : [AYSA] ----- Sending cfg -----
 SCRIPT       : [AYSA] ----- Juts -----
 SCRIPT       : ---- PlayerBase OnStoreLoad SUCCESS ----
 SCRIPT       : [BVP Doors] Sent full config to client: Juts
 SCRIPT       : 03:22:33.869 [EXPANSION DEBUG]: ExpansionPartyData<0x00000215607B59A0>::OnJoin party Ratas de laboratiorio (ID 0) player Juts (ID ANwBQqVVStKCILjNoABDu3SscjO3bFF-nGQjnjwyOUM=)
 SCRIPT       : [ZEN|2026.05.27 03:22:33] [ZenModCore::ZenConfigRegister] Sent 3 config files to id=ANwBQqVVStKCILjNoABDu3SscjO3bFF-nGQjnjwyOUM=
 SCRIPT       : CustomMission<0x00000214F43C1AC0>::SyncBFConfig - Send Building
 SCRIPT       : [VPPAT] Player "Juts" (steamId=76561198119114852) connected to server!
 SCRIPT       : [PlayerListManager] AddReceiver ► added: PlayerIdentity<0x00000217D9A758B0>
SCRIPT       : [ZenSleep::ZenSleepEffectHandlerServer] Initialized ANwBQqVVStKCILjNoABDu3SscjO3bFF-nGQjnjwyOUM=
SCRIPT       : 03:22:34.270 [EXPANSION DEBUG]: eAI_SurvivorF_Irena<0x00000217F9F4A040> eAI_SurvivorF_Irena:90 ---- PlayerBase::Expansion_OnEntityStorageLoad SUCCESS ----
SCRIPT       : 03:22:34.271 [ExpansionEntityStorage] HITCH: 99.2301ms
SCRIPT       : 03:22:34.377 [EXPANSION DEBUG]: eAI_SurvivorF_Maria<0x0000021490A26CC0> eAI_SurvivorF_Maria:90 ---- PlayerBase::Expansion_OnEntityStorageLoad SUCCESS ----
SCRIPT       : 03:22:34.377 [ExpansionEntityStorage] HITCH: 86.7457ms
SCRIPT       : 03:22:34.486 [EXPANSION DEBUG]: eAI_SurvivorM_Taiki<0x00000217F9016010> eAI_SurvivorM_Taiki:90 ---- PlayerBase::Expansion_OnEntityStorageLoad SUCCESS ----
SCRIPT       : 03:22:34.487 [ExpansionEntityStorage] HITCH: 84.965ms
SCRIPT       : 03:22:34.598 [EXPANSION DEBUG]: eAI_SurvivorF_Helga<0x00000217DAFF2020> eAI_SurvivorF_Helga:90 ---- PlayerBase::Expansion_OnEntityStorageLoad SUCCESS ----
SCRIPT       : 03:22:34.599 [ExpansionEntityStorage] HITCH: 91.1734ms
SCRIPT       : 03:22:34.695 [EXPANSION DEBUG]: eAI_SurvivorF_Baty<0x000002145E92C010> eAI_SurvivorF_Baty:9078 ---- PlayerBase::Expansion_OnEntityStorageLoad SUCCESS ----
SCRIPT       : 03:22:34.695 [ExpansionEntityStorage] HITCH: 71.9232ms
SCRIPT       : 03:22:34.780 [EXPANSION DEBUG]: eAI_SurvivorM_Mirek<0x00000217FC3B8000> eAI_SurvivorM_Mirek:90 ---- PlayerBase::Expansion_OnEntityStorageLoad SUCCESS ----
SCRIPT       : 03:22:34.780 [ExpansionEntityStorage] HITCH: 58.9155ms
SCRIPT       : 03:22:34.848 [EXPANSION DEBUG]: eAI_SurvivorF_Keiko<0x000002135538A470> eAI_SurvivorF_Keiko:90 ---- PlayerBase::Expansion_OnEntityStorageLoad SUCCESS ----
SCRIPT       : 03:22:34.848 [ExpansionEntityStorage] HITCH: 46.1645ms
SCRIPT       : 03:22:34.927 [EXPANSION DEBUG]: eAI_SurvivorM_Seth<0x00000217F6F6C030> eAI_SurvivorM_Seth:9082 ---- PlayerBase::Expansion_OnEntityStorageLoad SUCCESS ----
SCRIPT       : 03:22:34.927 [ExpansionEntityStorage] HITCH: 57.7438ms
SCRIPT       : 03:22:35.029 [EXPANSION DEBUG]: eAI_SurvivorM_Oliver<0x00000217C8284030> eAI_SurvivorM_Oliver: ---- PlayerBase::Expansion_OnEntityStorageLoad SUCCESS ----
SCRIPT       : 03:22:35.029 [ExpansionEntityStorage] HITCH: 81.0712ms
SCRIPT       : 03:22:35.105 [EXPANSION DEBUG]: eAI_SurvivorM_Quinn<0x00000217FDE4E020> eAI_SurvivorM_Quinn:90 ---- PlayerBase::Expansion_OnEntityStorageLoad SUCCESS ----
SCRIPT       : 03:22:35.105 [ExpansionEntityStorage] HITCH: 52.8171ms
SCRIPT       : 03:22:35.221 [EXPANSION DEBUG]: eAI_SurvivorM_Boris<0x000002146EB8EFA0> eAI_SurvivorM_Boris:90 ---- PlayerBase::Expansion_OnEntityStorageLoad SUCCESS ----
SCRIPT       : 03:22:35.221 [ExpansionEntityStorage] HITCH: 91.366ms
SCRIPT       : 03:22:35.315 [EXPANSION DEBUG]: eAI_SurvivorM_Hassan<0x00000217FD7E4030> eAI_SurvivorM_Hassan: ---- PlayerBase::Expansion_OnEntityStorageLoad SUCCESS ----
SCRIPT       : 03:22:35.315 [ExpansionEntityStorage] HITCH: 72.5492ms
SCRIPT       : 03:22:35.411 [EXPANSION DEBUG]: eAI_SurvivorF_Eva<0x00000217C8160020> eAI_SurvivorF_Eva:90942 ---- PlayerBase::Expansion_OnEntityStorageLoad SUCCESS ----
SCRIPT       : 03:22:35.412 [ExpansionEntityStorage] HITCH: 74.9617ms
SCRIPT       : 03:22:58.482 [ExpansionEntityStorage] HITCH: 884.623ms
SCRIPT       : 03:23:27.339 [ExpansionEntityStorage] HITCH: 869.338ms
SCRIPT       : 03:23:56.728 [ExpansionEntityStorage] HITCH: 1193.58ms
SCRIPT       : 03:24:28.821 [ExpansionEntityStorage] HITCH: 4007.09ms
SCRIPT       : 03:24:29.503 [ExpansionEntityStorage] HITCH: 491.256ms
SCRIPT       : 03:24:58.062 [ExpansionEntityStorage] HITCH: 471.389ms
 SCRIPT       : [Permissions Manager] Admin (Juts) (76561198119114852) Successfully Logged in!
SCRIPT       : 03:25:26.441 [ExpansionEntityStorage] HITCH: 233.258ms
SCRIPT       : 03:25:54.829 [ExpansionEntityStorage] HITCH: 391.491ms
SCRIPT       : 03:26:23.549 [ExpansionEntityStorage] HITCH: 691.973ms
SCRIPT       : 03:26:51.996 [ExpansionEntityStorage] HITCH: 353.197ms
SCRIPT       : 03:27:21.657 [ExpansionEntityStorage] HITCH: 1382.73ms
SCRIPT       : 03:27:50.567 [ExpansionEntityStorage] HITCH: 860.996ms
SCRIPT       : 03:28:20.582 [ExpansionEntityStorage] HITCH: 1739ms
SCRIPT       : 03:28:50.222 [ExpansionEntityStorage] HITCH: 890.534ms
 SCRIPT       : [Logout]: New player ANwBQqVVStKCILjNoABDu3SscjO3bFF-nGQjnjwyOUM= with logout time 15
 SCRIPT       : Player "Juts" (steamid=76561198119114852) initiated disconnect process...
SCRIPT       : 03:29:19.646 [ExpansionEntityStorage] HITCH: 743.683ms
 SCRIPT       : Player "Juts" (steamid=76561198119114852) disconnected early from server (EXIT NOW).
SCRIPT       : 03:29:27.323 [EXPANSION DEBUG]: ExpansionPartyData<0x00000215607B59A0>::OnLeave party Ratas de laboratiorio (ID 0) player Juts (ID ANwBQqVVStKCILjNoABDu3SscjO3bFF-nGQjnjwyOUM=)
SCRIPT       : 03:29:27.371 [EXPANSION DEBUG]: ExpansionQuestPersistentData<0x00000217FD843CF0>~ExpansionQuestPersistentData (13)
SCRIPT       : [ZenSkills] Saving skill DB to file for player: ANwBQqVVStKCILjNoABDu3SscjO3bFF-nGQjnjwyOUM=
SCRIPT       : [Logout]: Player ANwBQqVVStKCILjNoABDu3SscjO3bFF-nGQjnjwyOUM= finished
SCRIPT       : Player "Juts" (steamid=76561198119114852) disconnected from server.
SCRIPT       : [PlayerListManager] SyncEntryToReceivers ► uid: ANwBQqVVStKCILjNoABDu3SscjO3bFF-nGQjnjwyOUM= isn't in the players list! sending a remove.
SCRIPT       : HandleOnPlayerDisconnected -> PlayerListManager.RemoveEntry ► ANwBQqVVStKCILjNoABDu3SscjO3bFF-nGQjnjwyOUM=
SCRIPT       : [ZEN|2026.05.27 03:29:27] [ZenSkillsHighscoresDB] Saving to file: $profile:Zenarchist\Skills\DB\\ZenSkillsHighscoresDB.json
SCRIPT       : 03:29:28.219 [ExpansionEntityStorage] HITCH: 815.416ms
SCRIPT       : 03:29:29.225 [ExpansionEntityStorage] HITCH: 834.018ms
SCRIPT       : 03:29:30.159 [ExpansionEntityStorage] HITCH: 738.167ms
SCRIPT       : 03:29:31.521 [ExpansionEntityStorage] HITCH: 1074.32ms
SCRIPT       : 03:29:32.450 [ExpansionEntityStorage] HITCH: 722.36ms
SCRIPT       : 03:29:33.502 [ExpansionEntityStorage] HITCH: 251.044ms
SCRIPT       : 03:29:34.127 [ExpansionEntityStorage] HITCH: 405.477ms
SCRIPT       : 03:29:35.019 [ExpansionEntityStorage] HITCH: 689.766ms
SCRIPT       : 03:29:35.577 [ExpansionEntityStorage] HITCH: 372.822ms
SCRIPT       : 03:29:36.542 [ExpansionEntityStorage] HITCH: 768.484ms
SCRIPT       : 03:29:37.468 [ExpansionEntityStorage] HITCH: 751.341ms
SCRIPT       : 03:29:38.291 [ExpansionEntityStorage] HITCH: 623.35ms
 SCRIPT       : [ZEN|2026.05.27 03:29:50] MissionBase::OnMissionFinish
 SCRIPT       : Clear up static fireplaces: 0
 SCRIPT       : 03:29:50.098 [EXPANSION DEBUG]: Clearing cached categories 67
 SCRIPT       : 03:29:50.100 [EXPANSION DEBUG]: Clearing cached traders 14
 SCRIPT       : [MissionServer] OnMissionFinish - Server
 SCRIPT       : [ZEN|2026.05.27 03:29:50] [ZenModCore] OnMissionFinish.
 SCRIPT       : [ZEN|2026.05.27 03:29:50] Server shutdown detected.
 SCRIPT       : [ZEN|2026.05.27 03:29:50] Saving all DBs.
 SCRIPT       : int m_AIUpdates_Current = 0
 SCRIPT       : float aiUpdatesMin = 3.40282e+38
 SCRIPT       : float aiUpdatesMax = -3.40282e+38
 SCRIPT       : float aiUpdatesAvg = 0
 SCRIPT       : float m_AIUpdates_DTCurrent = 0
 SCRIPT       : float aiUpdatesDTMin = 3.40282e+38
 SCRIPT       : float aiUpdatesDTMax = -3.40282e+38
 SCRIPT       : float aiUpdatesDTAvg = 0
 SCRIPT       : [ZEN|2026.05.27 03:29:50] ~MissionBase()
 SCRIPT       : [PluginZenSkills] :: OnDestroy.
 SCRIPT       : [ZEN|2026.05.27 03:29:50] [ZenAdminCommandHandler] Destroyed.
 SCRIPT       : [DayZ Expansion] ~DayZGame
 SCRIPT       : 03:29:50 [EXPANSION DEBUG]: ExpansionQuestPersistentData<0x00000217FD843B60>~ExpansionQuestPersistentData (1)
 SCRIPT       : ~DayZGame()
 SCRIPT       : Cleaning up script module globals 'World'
  SCRIPT       : ~ExpansionAirdropContainerManager
 SCRIPT       : Cleaning up script module globals 'Game'
  SCRIPT       : [ZEN|2026.05.27 03:29:55] [ZenConfig] Destroyed: ZenCoreConfig
  SCRIPT       : [ZEN|2026.05.27 03:29:55] [ZenConfig] Destroyed: ZenSkillsHighscoresDB
  SCRIPT       : [ZEN|2026.05.27 03:29:55] [ZenConfig] Destroyed: ZenSkillsClientConfig
  SCRIPT       : [ZEN|2026.05.27 03:29:55] [ZenConfig] Destroyed: ZenSkillsConfig
  SCRIPT       : [ZEN|2026.05.27 03:29:55] [ZenConfig] Destroyed: ZenSkillsEXP
  SCRIPT       : [ZEN|2026.05.27 03:29:55] [ZenConfig] Destroyed: ZenSleepConfig
  SCRIPT       : [ZEN|2026.05.27 03:29:55] [ZenConfig] Destroyed: ZenZombieDoorsConfig
