---------------------------------------------
Log C:\SERVICES\ni13121453_1_SHARE\ftproot\dayzstandalone\config\script_2026-05-26_00-42-51.log started at 26.05. 00:42:53

SCRIPT       : Module: GameLib; loaded 43x files; 29x classes; used 41/2097 kB (1%) of static memory; defines: "DAYZ_1_29,SERVER_FOR_WINDOWS,SERVER,PLATFORM_WINDOWS,RELEASE,NO_GUI,NO_GUI_INGAME,BF_Define,DZ_Expansion_AI_Preload,DZ_Expansion_BaseBuilding_P
SCRIPT       : Registered 418 temporary action enum(s), UAN==418
SCRIPT    (W): @"ZenRepairWells/scripts/3_game/zenwellsconfig.c,17": FIX-ME: Unexpected statement 'ref'
SCRIPT       : Initializing attributes 'Game'
 SCRIPT       : Registering faction type eAIFactionShamans ID -1484989417
 SCRIPT       : Registering faction type eAIFactionObservers ID -563736721
 SCRIPT       : Registering faction type eAIFactionInvincibleObservers ID -1227299746
 SCRIPT       : Registering faction type eAIFactionRaiders ID 1535276022
 SCRIPT       : Registering faction type eAIFactionYeetBrigade ID 1408543989
 SCRIPT       : Registering faction type eAIFactionWest ID 113880155
 SCRIPT       : Registering faction type eAIFactionInvincibleYeetBrigade ID -1118767876
 SCRIPT       : Registering faction type eAIFactionEast ID 90522109
 SCRIPT       : Registering faction type eAIFactionGuards ID 963933710
 SCRIPT       : Registering faction type eAIFactionMercenaries ID 1629891834
 SCRIPT       : Registering faction type eAIFactionBrawlers ID 1955753718
 SCRIPT       : Registering faction type eAIFactionCivilian ID 1096178351
 SCRIPT       : Registering faction type eAIFactionPassive ID -1159399789
 SCRIPT       : Registering faction type eAIFactionInvincibleGuards ID 782746017
SCRIPT       : Module: Game; loaded 1123x files; 3010x classes; used 8822/33554 kB (26%) of static memory; defines: "DAYZ_1_29,SERVER_FOR_WINDOWS,SERVER,PLATFORM_WINDOWS,RELEASE,NO_GUI,NO_GUI_INGAME,BF_Define,DZ_Expansion_AI_Preload,DZ_Expansion_BaseBuild
SCRIPT       : ... Backlit Effects Enabled
SCRIPT       : VPPNotificationManager()
SCRIPT       : [VPPAT] Internal VPPNotifications module loaded!
SCRIPT       : [DayZ Game]:: DayZGame(): Initializing V++ Admin Tools.
SCRIPT       : 00:43:04.000 [EXPANSION LOG]: DayZGame<0x000001AD78322AF0> Start time (local time) 2026-05-26 00:42:36
SCRIPT       : 00:43:04.000 [EXPANSION LOG]: DayZGame<0x000001AD78322AF0> Start time (UTC) 2026-05-25 23:42:36
SCRIPT       : 00:43:04.000 [EXPANSION LOG]: DayZGame<0x000001AD78322AF0> Runtime since start (seconds) 28.668
SCRIPT    (W): @"Furniture/scripts/4_World/actions\srp_actiondemountfurniture.c,51": Missing ';' at the end of line
SCRIPT    (W): @"Furniture/scripts/4_World/actions\srp_actionremovegarbage.c,37": Missing ';' at the end of line
SCRIPT    (W): @"Furniture/scripts/4_World/entities\srp_openablefurniturebase.c,168": FIX-ME: Overriding function 'GetPlaceSoundset' but not marked as 'override'
SCRIPT    (W): @"Furniture/scripts/4_World/entities\srp_openablefurniturebase.c,173": FIX-ME: Overriding function 'GetDeploySoundset' but not marked as 'override'
SCRIPT    (W): @"KnockKnockZombies/scripts/4_World/player.c,66": FIX-ME: Unsafe down-casting, use 'PlayerBase.Cast' for safe down-casting
SCRIPT    (W): @"KnockKnockZombies/scripts/4_World/player.c,70": FIX-ME: Unsafe down-casting, use 'PlayerBase.Cast' for safe down-casting
SCRIPT    (W): @"KnockKnockZombies/scripts/4_World/player.c,74": FIX-ME: Unsafe down-casting, use 'PlayerBase.Cast' for safe down-casting
SCRIPT       : Initializing attributes 'World'
 SCRIPT       : Registering faction type eAIFactionLunatics ID 1167351711
 SCRIPT       : Registering faction type eAIFactionInfected ID 1371958374
SCRIPT       : Module: World; loaded 3767x files; 8953x classes; used 18092/33554 kB (53%) of static memory; defines: "DAYZ_1_29,SERVER_FOR_WINDOWS,SERVER,PLATFORM_WINDOWS,RELEASE,NO_GUI,NO_GUI_INGAME,BF_Define,DZ_Expansion_AI_Preload,DZ_Expansion_BaseBui
 SCRIPT       : Module: Mission; loaded 619x files; 1393x classes; used 6671/33554 kB (19%) of static memory; defines: "DAYZ_1_29,SERVER_FOR_WINDOWS,SERVER,PLATFORM_WINDOWS,RELEASE,NO_GUI,NO_GUI_INGAME,BF_Define,DZ_Expansion_AI_Preload,DZ_Expansion_BaseBu
 SCRIPT    (W): @"$CurrentDir:mpmissions\dayzOffline.chernarusplus\init.c,826": FIX-ME: Unsafe down-casting, use 'EntityAI.Cast' for safe down-casting
 SCRIPT       : Module: $CurrentDir:mpmissions\dayzOffline.chernarusplus\init.c; loaded 1x files; 7x classes; used 68/1048 kB (6%) of static memory; defines: "DAYZ_1_29,SERVER_FOR_WINDOWS,SERVER,PLATFORM_WINDOWS,RELEASE,NO_GUI,NO_GUI_INGAME,BF_Define,DZ_E
 SCRIPT       : [SERVER :: Vanilla++ AdminTools Plugins Registering]
 SCRIPT       : [ZEN|2026.05.26 00:44:31] [ZenConfig] Loading file: $profile:Zenarchist\Skills\ZenSkillsConfig.json
 SCRIPT       : [ZEN|2026.05.26 00:44:31] [ZenConfig] File loaded: ZenSkillsConfig.json version=1.29.1
 SCRIPT       : [PluginZenSkills] :: OnInit.
 SCRIPT       : [ZEN|2026.05.26 00:44:31] [ZenConfig] Loading file: $profile:Zenarchist\Skills\ZenSkillsEXP.json
 SCRIPT       : [ZEN|2026.05.26 00:44:31] [ZenConfig] File loaded: ZenSkillsEXP.json version=1.29.1
 SCRIPT       : [ZenZombieDoorsPlugin] :: OnInit
 SCRIPT       : [ZEN|2026.05.26 00:44:31] [ZenModCore] MissionBase()
 SCRIPT       : [ZenModCore] Listing CfgMods:
 SCRIPT       : #ifdef defaultAction
 SCRIPT       : #ifdef DayZ
 SCRIPT       : #ifdef BF_Define
 SCRIPT       : #ifdef DZ_Expansion_AI_Preload
 SCRIPT       : #ifdef DZ_Expansion_BaseBuilding_Preload
 SCRIPT       : #ifdef DZ_Expansion_Book_Preload
 SCRIPT       : #ifdef DZ_Expansion_Chat_Preload
 SCRIPT       : #ifdef DZ_Expansion_Core_Preload
 SCRIPT       : #ifdef DZ_Expansion_Garage_Preload
 SCRIPT       : #ifdef DZ_Expansion_Groups_Preload
 SCRIPT       : #ifdef DZ_Expansion_Hardline_Preload
 SCRIPT       : #ifdef DZ_Expansion_KillFeed_Preload
 SCRIPT       : #ifdef DZ_Expansion_MapAssets_Preload
 SCRIPT       : #ifdef DZ_Expansion_Market_Preload
 SCRIPT       : #ifdef DZ_Expansion_Missions_Preload
 SCRIPT       : #ifdef DZ_Expansion_ModStorage_Preload
 SCRIPT       : #ifdef DZ_Expansion_NameTags_Preload
 SCRIPT       : #ifdef DZ_Expansion_Navigation_Preload
 SCRIPT       : #ifdef DZ_Expansion_P2PMarket_Preload
 SCRIPT       : #ifdef DZ_Expansion_PersonalStorage_Preload
 SCRIPT       : #ifdef DZ_Expansion_Preload
 SCRIPT       : #ifdef DZ_Expansion_Quests_Preload
 SCRIPT       : #ifdef DZ_Expansion_SpawnSelection_Preload
 SCRIPT       : #ifdef DZ_Expansion_Vehicles_Preload
 SCRIPT       : #ifdef DZ_Expansion_Weapons_Preload
 SCRIPT       : #ifdef BVP_DoorPeek
 SCRIPT       : #ifdef DabsFramework
 SCRIPT       : #ifdef DZ_Expansion_DefineTest
 SCRIPT       : #ifdef DZ_Expansion_MapAssets
 SCRIPT       : #ifdef sakhal
 SCRIPT       : #ifdef EditorLoader
 SCRIPT       : #ifdef JM_CommunityFramework
 SCRIPT       : #ifdef TTC_Optics
 SCRIPT       : #ifdef TTC_Pistols
 SCRIPT       : #ifdef TTC_Rifles
 SCRIPT       : #ifdef TTC_Shotguns
 SCRIPT       : #ifdef TTC_SMG
 SCRIPT       : #ifdef AVPPAdminTools
 SCRIPT       : #ifdef WindstrideClothing
 SCRIPT       : #ifdef ZenLazyAction
 SCRIPT       : #ifdef ZenModCore
 SCRIPT       : #ifdef ZenRepairWells
 SCRIPT       : #ifdef ZenSkills
 SCRIPT       : #ifdef ZenSleep
 SCRIPT       : #ifdef DZ_Expansion_ModStorage
 SCRIPT       : #ifdef earlywinter_scripts
 SCRIPT       : #ifdef ZenZombieDoors
 SCRIPT       : #ifdef BuildingFortifications
 SCRIPT       : #ifdef DZ_Expansion_Core
 SCRIPT       : #ifdef DZ_Expansion_Garage
 SCRIPT       : #ifdef DZ_Expansion_Groups
 SCRIPT       : #ifdef DZ_Expansion_Market
 SCRIPT       : #ifdef DZ_Expansion_Missions
 SCRIPT       : #ifdef DZ_Expansion_NameTags
 SCRIPT       : #ifdef DZ_Expansion_Navigation
 SCRIPT       : #ifdef DZ_Expansion_NotificationScheduler
 SCRIPT       : #ifdef DZ_Expansion_P2PMarket
 SCRIPT       : #ifdef DZ_Expansion_PersonalStorage
 SCRIPT       : #ifdef DZ_Expansion_PersonalStorageNew
 SCRIPT       : #ifdef DZ_Expansion_PlayerList
 SCRIPT       : #ifdef DZ_Expansion
 SCRIPT       : #ifdef DZ_Expansion_SpawnSelection
 SCRIPT       : #ifdef DZ_Expansion_VanillaFixes
 SCRIPT       : #ifdef DZ_Expansion_Vehicles
 SCRIPT       : #ifdef DZ_Expansion_Weapons
 SCRIPT       : #ifdef Furniture
 SCRIPT       : #ifdef KnockKnockZombies
 SCRIPT       : #ifdef QDLY_Melee_Weapons
 SCRIPT       : #ifdef DZ_Expansion_AI
 SCRIPT       : #ifdef DZ_Expansion_BaseBuilding
 SCRIPT       : #ifdef DZ_Expansion_Book
 SCRIPT       : #ifdef DZ_Expansion_Chat
 SCRIPT       : #ifdef DZ_Expansion_Hardline
 SCRIPT       : #ifdef DZ_Expansion_Quests
 SCRIPT       : #ifdef DZ_Expansion_VirtualContainerStorage
 SCRIPT       : 00:44:31.697 [EXPANSION DEBUG]: [ExpansionCoreSettings] Load existing setting file:$profile:ExpansionMod\Settings\CoreSettings.json
 SCRIPT       : 00:44:31.702 [EXPANSION DEBUG]: [ExpansionLogSettings] Load existing setting file:$profile:ExpansionMod\Settings\LogsSettings.json
 SCRIPT       : 00:44:31.711 [EXPANSION DEBUG]: [ExpansionNotificationSettings] Load existing setting file:$profile:ExpansionMod\Settings\NotificationSettings.json
 SCRIPT       : 00:44:31.716 [EXPANSION DEBUG]: [ExpansionMonitoringSettings] Load existing setting file:$profile:ExpansionMod\Settings\MonitoringSettings.json
 SCRIPT       : 00:44:31.720 [EXPANSION DEBUG]: [ExpansionDamageSystemSettings] Load existing setting file:$profile:ExpansionMod\Settings\DamageSystemSettings.json
 SCRIPT       : 00:44:31.726 [EXPANSION DEBUG]: [ExpansionPartySettings] Load existing setting file:$profile:ExpansionMod\Settings\PartySettings.json
 SCRIPT       : 00:44:31.729 [EXPANSION DEBUG]: [ExpansionHardlineSettings] Load existing setting file:$mission:expansion\settings\HardlineSettings.json
 SCRIPT       : 00:44:31.748 [EXPANSION DEBUG]: [ExpansionMarketSettings] Load existing setting file:$mission:expansion\settings\MarketSettings.json
 SCRIPT       : ExpansionMarketSettings::LoadCategories - Adding category ID 1 (Exchange)
 SCRIPT       : ExpansionMarketSettings::LoadCategories - Adding category ID 2 (Ammo)
 SCRIPT       : ExpansionMarketSettings::LoadCategories - Adding category ID 3 (Ammo_Boxes)
 SCRIPT       : ExpansionMarketSettings::LoadCategories - Adding category ID 4 (Armbands)
 SCRIPT       : ExpansionMarketSettings::LoadCategories - Adding category ID 5 (Assault_Rifles)
 SCRIPT       : ExpansionMarketSettings::LoadCategories - Adding category ID 6 (Backpacks)
 SCRIPT       : ExpansionMarketSettings::LoadCategories - Adding category ID 7 (Bandanas)
 SCRIPT       : ExpansionMarketSettings::LoadCategories - Adding category ID 8 (Batteries)
 SCRIPT       : ExpansionMarketSettings::LoadCategories - Adding category ID 9 (Belts)
 SCRIPT       : ExpansionMarketSettings::LoadCategories - Adding category ID 10 (Blouses_And_Suits)
 SCRIPT       : ExpansionMarketSettings::LoadCategories - Adding category ID 11 (Boats)
 SCRIPT       : ExpansionMarketSettings::LoadCategories - Adding category ID 12 (Boots_And_Shoes)
 SCRIPT       : ExpansionMarketSettings::LoadCategories - Adding category ID 13 (Buttstocks)
 SCRIPT       : ExpansionMarketSettings::LoadCategories - Adding category ID 14 (Caps)
 SCRIPT       : ExpansionMarketSettings::LoadCategories - Adding category ID 15 (Cars)
 SCRIPT       : ExpansionMarketSettings::LoadCategories - Adding category ID 16 (Coats_And_Jackets)
 SCRIPT       : ExpansionMarketSettings::LoadCategories - Adding category ID 17 (Containers)
 SCRIPT       : ExpansionMarketSettings::LoadCategories - Adding category ID 18 (Drinks)
 SCRIPT       : ExpansionMarketSettings::LoadCategories - Adding category ID 19 (Electronics)
 SCRIPT       : ExpansionMarketSettings::LoadCategories - Adding category ID 20 (Submachine_Guns)
 SCRIPT       : ExpansionMarketSettings::LoadCategories - Adding category ID 21 (Explosives_And_Grenades)
 SCRIPT       : ExpansionMarketSettings::LoadCategories - Adding category ID 22 (Eyewear)
 SCRIPT       : ExpansionMarketSettings::LoadCategories - Adding category ID 23 (Fish)
 SCRIPT       : ExpansionMarketSettings::LoadCategories - Adding category ID 24 (Fishing)
 SCRIPT       : ExpansionMarketSettings::LoadCategories - Adding category ID 25 (Food)
 SCRIPT       : ExpansionMarketSettings::LoadCategories - Adding category ID 26 (Gardening)
 SCRIPT       : ExpansionMarketSettings::LoadCategories - Adding category ID 27 (Ghillies)
 SCRIPT       : ExpansionMarketSettings::LoadCategories - Adding category ID 28 (Gloves)
 SCRIPT       : ExpansionMarketSettings::LoadCategories - Adding category ID 29 (Handguards)
 SCRIPT       : ExpansionMarketSettings::LoadCategories - Adding category ID 30 (Hats_And_Hoods)
 SCRIPT       : ExpansionMarketSettings::LoadCategories - Adding category ID 31 (Holsters_And_Pouches)
 SCRIPT       : ExpansionMarketSettings::LoadCategories - Adding category ID 32 (Helicopters)
 SCRIPT       : ExpansionMarketSettings::LoadCategories - Adding category ID 33 (Helmets)
 SCRIPT       : ExpansionMarketSettings::LoadCategories - Adding category ID 34 (Kits)
 SCRIPT       : ExpansionMarketSettings::LoadCategories - Adding category ID 35 (Knifes)
 SCRIPT       : ExpansionMarketSettings::LoadCategories - Adding category ID 36 (Launchers)
 SCRIPT       : ExpansionMarketSettings::LoadCategories - Adding category ID 37 (Lights)
 SCRIPT       : ExpansionMarketSettings::LoadCategories - Adding category ID 38 (Liquids)
 SCRIPT       : ExpansionMarketSettings::LoadCategories - Adding category ID 39 (Locks)
 SCRIPT       : ExpansionMarketSettings::LoadCategories - Adding category ID 40 (Magazines)
 SCRIPT       : ExpansionMarketSettings::LoadCategories - Adding category ID 41 (Masks)
 SCRIPT       : ExpansionMarketSettings::LoadCategories - Adding category ID 42 (Meat)
 SCRIPT       : ExpansionMarketSettings::LoadCategories - Adding category ID 43 (Medical)
 SCRIPT       : ExpansionMarketSettings::LoadCategories - Adding category ID 44 (Melee_Weapons)
 SCRIPT       : ExpansionMarketSettings::LoadCategories - Adding category ID 45 (Muzzles)
 SCRIPT       : ExpansionMarketSettings::LoadCategories - Adding category ID 46 (Navigation)
 SCRIPT       : ExpansionMarketSettings::LoadCategories - Adding category ID 47 (Optics)
 SCRIPT       : ExpansionMarketSettings::LoadCategories - Adding category ID 48 (Pants_And_Shorts)
 SCRIPT       : ExpansionMarketSettings::LoadCategories - Adding category ID 49 (Pistols)
 SCRIPT       : ExpansionMarketSettings::LoadCategories - Adding category ID 50 (Rifles)
 SCRIPT       : ExpansionMarketSettings::LoadCategories - Adding category ID 51 (Shirts_And_TShirts)
 SCRIPT       : ExpansionMarketSettings::LoadCategories - Adding category ID 52 (Shotguns)
 SCRIPT       : ExpansionMarketSettings::LoadCategories - Adding category ID 53 (Skirts_And_Dresses)
 SCRIPT       : ExpansionMarketSettings::LoadCategories - Adding category ID 54 (Sniper_Rifles)
 SCRIPT       : ExpansionMarketSettings::LoadCategories - Adding category ID 55 (Supplies)
 SCRIPT       : ExpansionMarketSettings::LoadCategories - Adding category ID 56 (Sweaters_And_Hoodies)
 SCRIPT       : ExpansionMarketSettings::LoadCategories - Adding category ID 57 (Tents)
 SCRIPT       : ExpansionMarketSettings::LoadCategories - Adding category ID 58 (Tools)
 SCRIPT       : ExpansionMarketSettings::LoadCategories - Adding category ID 59 (Fruit_And_Vegetables)
 SCRIPT       : ExpansionMarketSettings::LoadCategories - Adding category ID 60 (Vehicle_Parts)
 SCRIPT       : ExpansionMarketSettings::LoadCategories - Adding category ID 61 (Vests)
 SCRIPT       : ExpansionMarketSettings::LoadCategories - Adding category ID 62 (Crossbows)
 SCRIPT       : ExpansionMarketSettings::LoadCategories - Adding category ID 63 (Event)
 SCRIPT       : ExpansionMarketSettings::LoadCategories - Adding category ID 64 (Spraycans)
 SCRIPT       : ExpansionMarketSettings::LoadCategories - Adding category ID 65 (Flags)
 SCRIPT       : ExpansionMarketSettings::LoadCategories - Adding category ID 66 (Bayonets)
 SCRIPT       : ExpansionMarketSettings::LoadCategories - Adding category ID 67 (Furnishings)
 SCRIPT       : 00:44:32.212 [EXPANSION DEBUG]: [ExpansionMarketSettings] No existing market zone setting files at:$mission:expansion\traderzones\. Creating defaults!
 SCRIPT       : 00:44:32.231 [EXPANSION DEBUG]: [ExpansionAirdropSettings] Load existing setting file:$profile:ExpansionMod\Settings\AirdropSettings.json
 SCRIPT       : 00:44:32.282 [EXPANSION DEBUG]: [ExpansionMissionSettings] Load existing setting file:$profile:ExpansionMod\Settings\MissionSettings.json
 SCRIPT       : 00:44:32.291 [EXPANSION DEBUG]: [ExpansionMapSettings] Load existing setting file:$mission:expansion\settings\MapSettings.json
 SCRIPT       : 00:44:32.327 [EXPANSION DEBUG]: [ExpansionPersonalStorageNewSettings] Load existing setting file:$profile:ExpansionMod\Settings\PersonalStorageNewSettings.json
 SCRIPT       : 00:44:32.330 [EXPANSION DEBUG]: [ExpansionGeneralSettings] Load existing setting file:$profile:ExpansionMod\Settings\GeneralSettings.json
 SCRIPT       : 00:44:32.335 [EXPANSION DEBUG]: [ExpansionPlayerListSettings] Load existing setting file:$profile:ExpansionMod\Settings\PlayerListSettings.json
 SCRIPT       : 00:44:32.338 [EXPANSION DEBUG]: [ExpansionSocialMediaSettings] Load existing setting file:$profile:ExpansionMod\Settings\SocialMediaSettings.json
 SCRIPT       : 00:44:32.343 [EXPANSION DEBUG]: [ExpansionSpawnSettings] Load existing setting file:$mission:expansion\settings\SpawnSettings.json
 SCRIPT       : 00:44:32.352 [EXPANSION DEBUG]: [ExpansionVehicleSettings] Load existing setting file:$profile:ExpansionMod\Settings\VehicleSettings.json
 SCRIPT       : 00:44:32.358 [EXPANSION DEBUG]: ExpansionAILocationSettings<0x000001B128E8A770> Load existing setting file:$mission:expansion\settings\AILocationSettings.json
 SCRIPT       : 00:44:32.573 [EXPANSION DEBUG]: [ExpansionAISettings] Load existing setting file:$profile:ExpansionMod\Settings\AISettings.json
 SCRIPT       : 00:44:32.576 [EXPANSION DEBUG]: [ExpansionAIPatrolSettings] Load existing setting file:$mission:expansion\settings\AIPatrolSettings.json
 SCRIPT       : 00:44:32.667 [EXPANSION DEBUG]: [ExpansionBaseBuildingSettings] Load existing setting file:$mission:expansion\settings\BaseBuildingSettings.json
 SCRIPT       : 00:44:32.672 [EXPANSION DEBUG]: [ExpansionRaidSettings] Load existing setting file:$profile:ExpansionMod\Settings\RaidSettings.json
 SCRIPT       : 00:44:32.676 [EXPANSION DEBUG]: [ExpansionTerritorySettings] Load existing setting file:$profile:ExpansionMod\Settings\TerritorySettings.json
 SCRIPT       : 00:44:32.689 [EXPANSION DEBUG]: [ExpansionChatSettings] Load existing setting file:$profile:ExpansionMod\Settings\ChatSettings.json
 SCRIPT       : Expansion version: 1.9.67
 SCRIPT       : [DefineTest] EXPANSIONMOD is defined
 SCRIPT       : [DefineTest] EXPANSIONMODAI is defined
 SCRIPT       : [DefineTest] EXPANSIONMODBASEBUILDING is defined
 SCRIPT       : [DefineTest] EXPANSIONMODBOOK is defined
 SCRIPT       : [DefineTest] EXPANSIONMODCHAT is defined
 SCRIPT       : [DefineTest] EXPANSIONMODCORE is defined
 SCRIPT       : [DefineTest] EXPANSIONMODGARAGE is defined
 SCRIPT       : [DefineTest] EXPANSIONMODGROUPS is defined
 SCRIPT       : [DefineTest] EXPANSIONMODHARDLINE is defined
 SCRIPT       : [DefineTest] EXPANSIONMODKILLFEED is defined
 SCRIPT       : [DefineTest] EXPANSIONMODMAPASSETS is defined
 SCRIPT       : [DefineTest] EXPANSIONMODMARKET is defined
 SCRIPT       : [DefineTest] EXPANSIONMODMISSIONS is defined
 SCRIPT       : [DefineTest] EXPANSIONMODNAMETAGS is defined
 SCRIPT       : [DefineTest] EXPANSIONMODNAVIGATION is defined
 SCRIPT       : [DefineTest] EXPANSIONMODP2PMARKET is defined
 SCRIPT       : [DefineTest] EXPANSIONMODPERSONALSTORAGE is defined
 SCRIPT       : [DefineTest] EXPANSIONMODQUESTS is defined
 SCRIPT       : [DefineTest] EXPANSIONMODSPAWNSELECTION is defined
 SCRIPT       : [DefineTest] EXPANSIONMODVEHICLE is defined
 SCRIPT       : [DefineTest] EXPANSIONMODWEAPONS is defined
 SCRIPT       : [DefineTest] CfgMods:
 SCRIPT       : defaultAction
 SCRIPT       : DayZ
 SCRIPT       : BF_Define
 SCRIPT       : DZ_Expansion_AI_Preload
 SCRIPT       : DZ_Expansion_BaseBuilding_Preload
 SCRIPT       : DZ_Expansion_Book_Preload
 SCRIPT       : DZ_Expansion_Chat_Preload
 SCRIPT       : DZ_Expansion_Core_Preload
 SCRIPT       : DZ_Expansion_Garage_Preload
 SCRIPT       : DZ_Expansion_Groups_Preload
 SCRIPT       : DZ_Expansion_Hardline_Preload
 SCRIPT       : DZ_Expansion_KillFeed_Preload
 SCRIPT       : DZ_Expansion_MapAssets_Preload
 SCRIPT       : DZ_Expansion_Market_Preload
 SCRIPT       : DZ_Expansion_Missions_Preload
 SCRIPT       : DZ_Expansion_ModStorage_Preload
 SCRIPT       : DZ_Expansion_NameTags_Preload
 SCRIPT       : DZ_Expansion_Navigation_Preload
 SCRIPT       : DZ_Expansion_P2PMarket_Preload
 SCRIPT       : DZ_Expansion_PersonalStorage_Preload
 SCRIPT       : DZ_Expansion_Preload
 SCRIPT       : DZ_Expansion_Quests_Preload
 SCRIPT       : DZ_Expansion_SpawnSelection_Preload
 SCRIPT       : DZ_Expansion_Vehicles_Preload
 SCRIPT       : DZ_Expansion_Weapons_Preload
 SCRIPT       : BVP_DoorPeek
 SCRIPT       : DabsFramework
 SCRIPT       : DZ_Expansion_DefineTest
 SCRIPT       : DZ_Expansion_MapAssets
 SCRIPT       : sakhal
 SCRIPT       : EditorLoader
 SCRIPT       : JM_CommunityFramework
 SCRIPT       : TTC_Optics
 SCRIPT       : TTC_Pistols
 SCRIPT       : TTC_Rifles
 SCRIPT       : TTC_Shotguns
 SCRIPT       : TTC_SMG
 SCRIPT       : AVPPAdminTools
 SCRIPT       : WindstrideClothing
 SCRIPT       : ZenLazyAction
 SCRIPT       : ZenModCore
 SCRIPT       : ZenRepairWells
 SCRIPT       : ZenSkills
 SCRIPT       : ZenSleep
 SCRIPT       : DZ_Expansion_ModStorage
 SCRIPT       : earlywinter_scripts
 SCRIPT       : ZenZombieDoors
 SCRIPT       : BuildingFortifications
 SCRIPT       : DZ_Expansion_Core
 SCRIPT       : DZ_Expansion_Garage
 SCRIPT       : DZ_Expansion_Groups
 SCRIPT       : DZ_Expansion_Market
 SCRIPT       : DZ_Expansion_Missions
 SCRIPT       : DZ_Expansion_NameTags
 SCRIPT       : DZ_Expansion_Navigation
 SCRIPT       : DZ_Expansion_NotificationScheduler
 SCRIPT       : DZ_Expansion_P2PMarket
 SCRIPT       : DZ_Expansion_PersonalStorage
 SCRIPT       : DZ_Expansion_PersonalStorageNew
 SCRIPT       : DZ_Expansion_PlayerList
 SCRIPT       : DZ_Expansion
 SCRIPT       : DZ_Expansion_SpawnSelection
 SCRIPT       : DZ_Expansion_VanillaFixes
 SCRIPT       : DZ_Expansion_Vehicles
 SCRIPT       : DZ_Expansion_Weapons
 SCRIPT       : Furniture
 SCRIPT       : KnockKnockZombies
 SCRIPT       : QDLY_Melee_Weapons
 SCRIPT       : DZ_Expansion_AI
 SCRIPT       : DZ_Expansion_BaseBuilding
 SCRIPT       : DZ_Expansion_Book
 SCRIPT       : DZ_Expansion_Chat
 SCRIPT       : DZ_Expansion_Hardline
 SCRIPT       : DZ_Expansion_Quests
 SCRIPT       : DZ_Expansion_VirtualContainerStorage
 SCRIPT       : [ZEN|2026.05.26 00:44:32] [ZenObjectHookSpawner] Init.
 SCRIPT       : [ZEN|2026.05.26 00:44:38] [ZenModCore] OnInit.
 SCRIPT       : [ZEN|2026.05.26 00:44:38] MissionBase::OnInit
 SCRIPT       : [ZEN|2026.05.26 00:44:38] [ZenModCore] Server session count: 8
 SCRIPT       : [ZEN|2026.05.26 00:44:38] [ZenModCore::ZenConfigRegister] Registering ZenConfigRegister RPCs.
 SCRIPT       : [ZEN|2026.05.26 00:44:38] [ZenConfig] Loading config files for map: chernarusplus
 SCRIPT       : [ZEN|2026.05.26 00:44:38] [ZenConfig] Loading file: $profile:Zenarchist\Core\ZenCoreConfig.json
 SCRIPT       : [ZEN|2026.05.26 00:44:38] [ZenConfig] File loaded: ZenCoreConfig.json version=1.29.3
 SCRIPT       : [ZEN|2026.05.26 00:44:38] [ZenConfig] Loading file: $profile:Zenarchist\Skills\DB\\ZenSkillsHighscoresDB.json
 SCRIPT       : [ZEN|2026.05.26 00:44:38] [ZenConfig] File loaded: ZenSkillsHighscoresDB.json version=1.29.1
 SCRIPT       : [ZEN|2026.05.26 00:44:38] [ZenConfig] Loading file: $profile:Zenarchist\ZenSleepConfig.json
 SCRIPT       : [ZEN|2026.05.26 00:44:38] [ZenConfig] File loaded: ZenSleepConfig.json version=1.29.1
 SCRIPT       : [ZEN|2026.05.26 00:44:38] [ZenConfig] Loading file: $profile:Zenarchist\ZenZombieDoorsConfig.json
 SCRIPT       : [ZEN|2026.05.26 00:44:38] [ZenConfig] File loaded: ZenZombieDoorsConfig.json version=1.29.1
 SCRIPT       : [ZEN|2026.05.26 00:44:38] [ZenAdminCommandHandler] Init RPCs.
 SCRIPT       : [ZEN|2026.05.26 00:44:38] Server session count: 8
 SCRIPT       : [MissionServer] OnInit - Server
 SCRIPT       : [ZenWellsConfig] Init
 SCRIPT       : [ZenRepairWells] OnInit - Loaded config successfully.
 SCRIPT       : [ZenSkills] MissionServer::OnInit
 SCRIPT       : [BuildingFortificationsConfig] Create Building Fortifications configuration instance..
 SCRIPT       : [BuildingFortificationsConfig] Loading existing Building Fortifications configuration file..
 SCRIPT       : [BuildingFortificationsConfig] Load existing Building Fortifications configuration file..
 SCRIPT       : [AYSA] [KNOCK KNOCK ZOMBIES] 
 SCRIPT       : [AYSA] ----- Loading cfg -----
 SCRIPT       : [AYSA] --------------
 SCRIPT       : [AYSA] [KNOCK KNOCK ZOMBIES] enabled
 SCRIPT       : [AYSA] --------------
 SCRIPT       : [ZEN|2026.05.26 00:44:38] MissionBase::OnMissionStart
 SCRIPT       : [BVP] Doors Config Loaded
 SCRIPT       : 00:44:40.019 [EXPANSION DEBUG]: LoadMissionTradersFile trader ExpansionTraderStaticBase<0x000001B13A7D0270> ExpansionExchang fileName Exchange
 SCRIPT       : 00:44:44.385 [EXPANSION DEBUG]: LoadMissionTradersFile trader ExpansionTraderDenis<0x000001B17B07B080> ExpansionTraderDenis: fileName Clothing
 SCRIPT       : 00:44:44.389 [EXPANSION DEBUG]: ExpansionTraderDenis<0x000001B17B07B080> ExpansionTraderDenis:::SetTraderObject ExpansionTraderObjectBase<0x000001B132DD2820> <3688.447021, 402.572998, 5979.035156>
 SCRIPT       : 00:44:44.443 [EXPANSION DEBUG]: LoadMissionTradersFile trader ExpansionTraderMaria<0x000001B1AF44F010> ExpansionTraderMaria: fileName Clothing_Accessories
 SCRIPT       : 00:44:44.449 [EXPANSION DEBUG]: ExpansionTraderMaria<0x000001B1AF44F010> ExpansionTraderMaria:::SetTraderObject ExpansionTraderObjectBase<0x000001B1E10471F0> <3685.804932, 402.572998, 5981.424805>
 SCRIPT       : 00:44:44.487 [EXPANSION DEBUG]: LoadMissionTradersFile trader ExpansionTraderQuinn<0x000001B16D17A020> ExpansionTraderQuinn: fileName Consumables
 SCRIPT       : 00:44:44.491 [EXPANSION DEBUG]: ExpansionTraderQuinn<0x000001B16D17A020> ExpansionTraderQuinn:::SetTraderObject ExpansionTraderObjectBase<0x000001B1E12ABCC0> <3705.351074, 402.643005, 5974.619141>
 SCRIPT       : 00:44:44.537 [EXPANSION DEBUG]: LoadMissionTradersFile trader ExpansionTraderNaomi<0x000001B1D6CB6D90> ExpansionTraderNaomi: fileName Weapons
 SCRIPT       : 00:44:44.543 [EXPANSION DEBUG]: ExpansionTraderNaomi<0x000001B1D6CB6D90> ExpansionTraderNaomi:::SetTraderObject ExpansionTraderObjectBase<0x000001B1E13B8C10> <3694.393066, 402.579987, 5977.171875>
 SCRIPT       : 00:44:44.586 [EXPANSION DEBUG]: LoadMissionTradersFile trader ExpansionTraderSeth<0x000001B1D6CA9550> ExpansionTraderSeth:19 fileName Attachments
 SCRIPT       : 00:44:44.587 [EXPANSION DEBUG]: ExpansionTraderSeth<0x000001B1D6CA9550> ExpansionTraderSeth:19::SetTraderObject ExpansionTraderObjectBase<0x000001B1E1603750> <3710.749023, 402.578003, 5992.686035>
 SCRIPT       : 00:44:44.616 [EXPANSION DEBUG]: LoadMissionTradersFile trader ExpansionTraderRolf<0x000001B1D6CACB60> ExpansionTraderRolf:19 fileName Vehicles
 SCRIPT       : 00:44:44.622 [EXPANSION DEBUG]: ExpansionTraderRolf<0x000001B1D6CACB60> ExpansionTraderRolf:19::SetTraderObject ExpansionTraderObjectBase<0x000001B1E160DE30> <3752.118896, 403.606995, 5993.716797>
 SCRIPT       : 00:44:44.674 [EXPANSION DEBUG]: LoadMissionTradersFile trader ExpansionTraderIndar<0x000001B1D6CB0170> ExpansionTraderIndar: fileName Components
 SCRIPT       : 00:44:44.680 [EXPANSION DEBUG]: ExpansionTraderIndar<0x000001B1D6CB0170> ExpansionTraderIndar:::SetTraderObject ExpansionTraderObjectBase<0x000001B1E1779370> <3705.658936, 402.579987, 5986.731934>
 SCRIPT       : 00:44:44.709 [EXPANSION DEBUG]: LoadMissionTradersFile trader ExpansionTraderJudy<0x000001B1E1A27680> ExpansionTraderJudy:19 fileName Medicals
 SCRIPT       : 00:44:44.715 [EXPANSION DEBUG]: ExpansionTraderJudy<0x000001B1E1A27680> ExpansionTraderJudy:19::SetTraderObject ExpansionTraderObjectBase<0x000001B1E19C0220> <3703.028076, 402.575989, 5980.686035>
 SCRIPT       : 00:44:44.722 [EXPANSION DEBUG]: LoadMissionTradersFile trader ExpansionTraderNaomi<0x000001B1E1A2AC90> ExpansionTraderNaomi: fileName Vehicle_Parts
 SCRIPT       : 00:44:44.723 [EXPANSION DEBUG]: ExpansionTraderNaomi<0x000001B1E1A2AC90> ExpansionTraderNaomi:::SetTraderObject ExpansionTraderObjectBase<0x000001B1E19A27C0> <3719.777100, 401.963989, 6008.973145>
 SCRIPT       : 00:44:44.755 [EXPANSION DEBUG]: LoadMissionTradersFile trader ExpansionTraderJose<0x000001B1E1A3BAE0> ExpansionTraderJose:19 fileName Spraycans
 SCRIPT       : 00:44:44.761 [EXPANSION DEBUG]: ExpansionTraderJose<0x000001B1E1A3BAE0> ExpansionTraderJose:19::SetTraderObject ExpansionTraderObjectBase<0x000001B1E1BCD1C0> <3733.934082, 403.105011, 6018.082031>
 SCRIPT       : 00:44:44.790 [EXPANSION DEBUG]: LoadMissionTradersFile trader ExpansionTraderLinda<0x000001B1E1A318B0> ExpansionTraderLinda: fileName Special
 SCRIPT       : 00:44:44.796 [EXPANSION DEBUG]: ExpansionTraderLinda<0x000001B1E1A318B0> ExpansionTraderLinda:::SetTraderObject ExpansionTraderObjectBase<0x000001B1E75BB4D0> <3736.435059, 403.080994, 6022.344238>
 SCRIPT       : 00:44:44.820 [EXPANSION DEBUG]: LoadMissionTradersFile trader ExpansionTraderNiki<0x000001B1E1A2E2A0> ExpansionTraderNiki:19 fileName BuildingSupplies
 SCRIPT       : 00:44:44.827 [EXPANSION DEBUG]: ExpansionTraderNiki<0x000001B1E1A2E2A0> ExpansionTraderNiki:19::SetTraderObject ExpansionTraderObjectBase<0x000001B1E7778050> <3742.210938, 403.045990, 6015.333984>
 SCRIPT       : [ExpansionQuestPersistentServerData] Load existing configuration file:$profile:ExpansionMod\Quests\PersistentServerData.json
 SCRIPT       : [ExpansionQuestPersistentServerData] Load existing configuration file:$profile:ExpansionMod\Quests\PersistentServerData.json
 SCRIPT       : [ExpansionQuestObjectiveTravelConfig] Load existing configuration file:$profile:ExpansionMod\Quests\Objectives\Travel\1-Travel-Canabal-1.json
 SCRIPT       : [ExpansionQuestObjectiveTravelConfig] Load existing configuration file:$profile:ExpansionMod\Quests\Objectives\Travel\10-Travel-HammerTime.json
 SCRIPT       : [ExpansionQuestObjectiveTravelConfig] Load existing configuration file:$profile:ExpansionMod\Quests\Objectives\Travel\2-Travel-Canabal-2.json
 SCRIPT       : [ExpansionQuestObjectiveTravelConfig] Load existing configuration file:$profile:ExpansionMod\Quests\Objectives\Travel\3-Travel-SafeZone.json
 SCRIPT       : [ExpansionQuestObjectiveTravelConfig] Load existing configuration file:$profile:ExpansionMod\Quests\Objectives\Travel\5-Travel-Police_5.json
 SCRIPT       : [ExpansionQuestObjectiveTravelConfig] Load existing configuration file:$profile:ExpansionMod\Quests\Objectives\Travel\6-Travel-SwampBandits_6.json
 SCRIPT       : [ExpansionQuestObjectiveTravelConfig] Load existing configuration file:$profile:ExpansionMod\Quests\Objectives\Travel\60-Travel-BelayaPoyana.json
 SCRIPT       : [ExpansionQuestObjectiveTravelConfig] Load existing configuration file:$profile:ExpansionMod\Quests\Objectives\Travel\7-Travel-Skalisty.json
 SCRIPT       : [ExpansionQuestObjectiveTravelConfig] Load existing configuration file:$profile:ExpansionMod\Quests\Objectives\Travel\70-Travel-Medical_Ambulance.json
 SCRIPT       : [ExpansionQuestObjectiveTravelConfig] Load existing configuration file:$profile:ExpansionMod\Quests\Objectives\Travel\71-Travel-School_Ambush.json
 SCRIPT       : [ExpansionQuestObjectiveTravelConfig] Load existing configuration file:$profile:ExpansionMod\Quests\Objectives\Travel\72-Travel-Lost_in_The_Sea.json
 SCRIPT       : [ExpansionQuestObjectiveTravelConfig] Load existing configuration file:$profile:ExpansionMod\Quests\Objectives\Travel\73-Travel-The_Lost_Survivor.json
 SCRIPT       : [ExpansionQuestObjectiveTravelConfig] Load existing configuration file:$profile:ExpansionMod\Quests\Objectives\Travel\74-Travel-PilotCrash.json
 SCRIPT       : [ExpansionQuestObjectiveTravelConfig] Load existing configuration file:$profile:ExpansionMod\Quests\Objectives\Travel\75-Travel-PilotCrash_1.json
 SCRIPT       : [ExpansionQuestObjectiveTravelConfig] Load existing configuration file:$profile:ExpansionMod\Quests\Objectives\Travel\76-Travel-PilotCrash_2.json
 SCRIPT       : [ExpansionQuestObjectiveTravelConfig] Load existing configuration file:$profile:ExpansionMod\Quests\Objectives\Travel\77-Travel-Medical_Ambulance_3.json
 SCRIPT       : [ExpansionQuestObjectiveTravelConfig] Load existing configuration file:$profile:ExpansionMod\Quests\Objectives\Travel\78-Travel-Medical_Ambulance_Speak_With_Doctor.json
 SCRIPT       : [ExpansionQuestObjectiveTravelConfig] Load existing configuration file:$profile:ExpansionMod\Quests\Objectives\Travel\79-Travel-Medical_Ambulance_2.json
 SCRIPT       : [ExpansionQuestObjectiveTravelConfig] Load existing configuration file:$profile:ExpansionMod\Quests\Objectives\Travel\8-Travel-T_8.json
 SCRIPT       : [ExpansionQuestObjectiveTravelConfig] Load existing configuration file:$profile:ExpansionMod\Quests\Objectives\Travel\9-Travel-PowerPlant_9.json
 SCRIPT       : [ExpansionQuestObjectiveTargetConfig] Load existing configuration file:$profile:ExpansionMod\Quests\Objectives\Target\1-Target-infected-1.json
 SCRIPT       : [ExpansionQuestObjectiveTargetConfig] Load existing configuration file:$profile:ExpansionMod\Quests\Objectives\Target\10-Target-zAnimals-10.json
 SCRIPT       : [ExpansionQuestObjectiveTargetConfig] Load existing configuration file:$profile:ExpansionMod\Quests\Objectives\Target\11-Target-zPatolAi-11.json
 SCRIPT       : [ExpansionQuestObjectiveTargetConfig] Load existing configuration file:$profile:ExpansionMod\Quests\Objectives\Target\12-Target-zPatolAi-12.json
 SCRIPT       : [ExpansionQuestObjectiveTargetConfig] Load existing configuration file:$profile:ExpansionMod\Quests\Objectives\Target\13-Target-zPatolAi-13.json
 SCRIPT       : [ExpansionQuestObjectiveTargetConfig] Load existing configuration file:$profile:ExpansionMod\Quests\Objectives\Target\14-The-Easter-Bunny-14.json
 SCRIPT       : [ExpansionQuestObjectiveTargetConfig] Load existing configuration file:$profile:ExpansionMod\Quests\Objectives\Target\15-Target-zSnakes-15.json
 SCRIPT       : [ExpansionQuestObjectiveTargetConfig] Load existing configuration file:$profile:ExpansionMod\Quests\Objectives\Target\2-Target-infected-2.json
 SCRIPT       : [ExpansionQuestObjectiveTargetConfig] Load existing configuration file:$profile:ExpansionMod\Quests\Objectives\Target\3-Target-infected-3.json
 SCRIPT       : [ExpansionQuestObjectiveTargetConfig] Load existing configuration file:$profile:ExpansionMod\Quests\Objectives\Target\32-Target-PowerPlant.json
 SCRIPT       : [ExpansionQuestObjectiveTargetConfig] Load existing configuration file:$profile:ExpansionMod\Quests\Objectives\Target\4-Target-infected-4.json
 SCRIPT       : [ExpansionQuestObjectiveTargetConfig] Load existing configuration file:$profile:ExpansionMod\Quests\Objectives\Target\5-Target-Mutants-5.json
 SCRIPT       : [ExpansionQuestObjectiveTargetConfig] Load existing configuration file:$profile:ExpansionMod\Quests\Objectives\Target\7-Target-zAnimals-07.json
 SCRIPT       : [ExpansionQuestObjectiveTargetConfig] Load existing configuration file:$profile:ExpansionMod\Quests\Objectives\Target\74-Target-PilotCrash.json
 SCRIPT       : [ExpansionQuestObjectiveTargetConfig] Load existing configuration file:$profile:ExpansionMod\Quests\Objectives\Target\75-Target-PilotCrash_1.json
 SCRIPT       : [ExpansionQuestObjectiveTargetConfig] Load existing configuration file:$profile:ExpansionMod\Quests\Objectives\Target\8-Target-zAnimals-08.json
 SCRIPT       : [ExpansionQuestObjectiveTargetConfig] Load existing configuration file:$profile:ExpansionMod\Quests\Objectives\Target\80-Target-Medical_Ambulance_2.json
 SCRIPT       : [ExpansionQuestObjectiveTargetConfig] Load existing configuration file:$profile:ExpansionMod\Quests\Objectives\Target\81-Target-Medical_Ambulance_3.json
 SCRIPT       : [ExpansionQuestObjectiveTargetConfig] Load existing configuration file:$profile:ExpansionMod\Quests\Objectives\Target\82-Target-FirstBlood.json
 SCRIPT       : [ExpansionQuestObjectiveTargetConfig] Load existing configuration file:$profile:ExpansionMod\Quests\Objectives\Target\83-Target-RealSurvivor.json
 SCRIPT       : [ExpansionQuestObjectiveTargetConfig] Load existing configuration file:$profile:ExpansionMod\Quests\Objectives\Target\84-Target-NoMercy.json
 SCRIPT       : [ExpansionQuestObjectiveTargetConfig] Load existing configuration file:$profile:ExpansionMod\Quests\Objectives\Target\85-Target-FirstKill-eAI.json
 SCRIPT       : [ExpansionQuestObjectiveTargetConfig] Load existing configuration file:$profile:ExpansionMod\Quests\Objectives\Target\86-Target-AIHunter-eAI.json
 SCRIPT       : [ExpansionQuestObjectiveTargetConfig] Load existing configuration file:$profile:ExpansionMod\Quests\Objectives\Target\87-Target-AISlayer-eAI.json
 SCRIPT       : [ExpansionQuestObjectiveTargetConfig] Load existing configuration file:$profile:ExpansionMod\Quests\Objectives\Target\88-Target-FirstWolf.json
 SCRIPT       : [ExpansionQuestObjectiveTargetConfig] Load existing configuration file:$profile:ExpansionMod\Quests\Objectives\Target\89-Target-WolfPack.json
 SCRIPT       : [ExpansionQuestObjectiveTargetConfig] Load existing configuration file:$profile:ExpansionMod\Quests\Objectives\Target\9-Target-Fox-09.json
 SCRIPT       : [ExpansionQuestObjectiveTargetConfig] Load existing configuration file:$profile:ExpansionMod\Quests\Objectives\Target\90-Target-WolfSlayer.json
 SCRIPT       : [ExpansionQuestObjectiveTargetConfig] Load existing configuration file:$profile:ExpansionMod\Quests\Objectives\Target\91-Target-FirstBear.json
 SCRIPT       : [ExpansionQuestObjectiveTargetConfig] Load existing configuration file:$profile:ExpansionMod\Quests\Objectives\Target\92-Target-BearHunter.json
 SCRIPT       : [ExpansionQuestObjectiveTargetConfig] Load existing configuration file:$profile:ExpansionMod\Quests\Objectives\Target\93-Target-BearSlayer.json
 SCRIPT       : [ExpansionQuestObjectiveDeliveryConfig] Load existing configuration file:$profile:ExpansionMod\Quests\Objectives\Delivery\1-Delivery-Steve-1.json
 SCRIPT       : [ExpansionQuestObjectiveDeliveryConfig] Load existing configuration file:$profile:ExpansionMod\Quests\Objectives\Delivery\2-Delivery-Peter-1.json
 SCRIPT       : [ExpansionQuestObjectiveDeliveryConfig] Load existing configuration file:$profile:ExpansionMod\Quests\Objectives\Delivery\5-Delivery-Note.json
 SCRIPT       : [ExpansionQuestObjectiveCollectionConfig] Load existing configuration file:$profile:ExpansionMod\Quests\Objectives\Collection\1-Collection-MetalWire.json
 SCRIPT       : [ExpansionQuestObjectiveCollectionConfig] Load existing configuration file:$profile:ExpansionMod\Quests\Objectives\Collection\10-Repair_Weapon.json
 SCRIPT       : [ExpansionQuestObjectiveCollectionConfig] Load existing configuration file:$profile:ExpansionMod\Quests\Objectives\Collection\12-Repair_Vest911.json
 SCRIPT       : [ExpansionQuestObjectiveCollectionConfig] Load existing configuration file:$profile:ExpansionMod\Quests\Objectives\Collection\13-Repair_ClothesBag912.json
 SCRIPT       : [ExpansionQuestObjectiveCollectionConfig] Load existing configuration file:$profile:ExpansionMod\Quests\Objectives\Collection\14-Medical_Heal913.json
 SCRIPT       : [ExpansionQuestObjectiveCollectionConfig] Load existing configuration file:$profile:ExpansionMod\Quests\Objectives\Collection\15-TP_1.json
 SCRIPT       : [ExpansionQuestObjectiveCollectionConfig] Load existing configuration file:$profile:ExpansionMod\Quests\Objectives\Collection\16-TP_2.json
 SCRIPT       : [ExpansionQuestObjectiveCollectionConfig] Load existing configuration file:$profile:ExpansionMod\Quests\Objectives\Collection\2-Collection-Mackerel.json
 SCRIPT       : [ExpansionQuestObjectiveCollectionConfig] Load existing configuration file:$profile:ExpansionMod\Quests\Objectives\Collection\3-Collection-Reindeer.json
 SCRIPT       : [ExpansionQuestObjectiveCollectionConfig] Load existing configuration file:$profile:ExpansionMod\Quests\Objectives\Collection\4-Collection-BearPelt.json
 SCRIPT       : [ExpansionQuestObjectiveCollectionConfig] Load existing configuration file:$profile:ExpansionMod\Quests\Objectives\Collection\5-Collection-DeerPelt.json
 SCRIPT       : [ExpansionQuestObjectiveCollectionConfig] Load existing configuration file:$profile:ExpansionMod\Quests\Objectives\Collection\6-Collection-Lock.json
 SCRIPT       : [ExpansionQuestObjectiveCollectionConfig] Load existing configuration file:$profile:ExpansionMod\Quests\Objectives\Collection\7-Collection-CrocodileSkin.json
 SCRIPT       : [ExpansionQuestObjectiveCollectionConfig] Load existing configuration file:$profile:ExpansionMod\Quests\Objectives\Collection\8-Fishing-Time.json
 SCRIPT       : [ExpansionQuestObjectiveCollectionConfig] Load existing configuration file:$profile:ExpansionMod\Quests\Objectives\Collection\9-Collection-Rat.json
 SCRIPT       : [ExpansionQuestObjectiveTreasureHuntConfig] Load existing configuration file:$profile:ExpansionMod\Quests\Objectives\TreasureHunt\1-TH_1.json
 SCRIPT       : [ExpansionQuestObjectiveTreasureHuntConfig] Load existing configuration file:$profile:ExpansionMod\Quests\Objectives\TreasureHunt\2-Thief of grave.json
 SCRIPT       : [ExpansionQuestObjectiveTreasureHuntConfig] Load existing configuration file:$profile:ExpansionMod\Quests\Objectives\TreasureHunt\3-Stolen-Ammunition.json
 SCRIPT       : [ExpansionQuestObjectiveActionConfig] Load existing configuration file:$profile:ExpansionMod\Quests\Objectives\Action\1-Medic.json
 SCRIPT       : [ExpansionQuestObjectiveActionConfig] Load existing configuration file:$profile:ExpansionMod\Quests\Objectives\Action\10-Medic.json
 SCRIPT       : [ExpansionQuestObjectiveActionConfig] Load existing configuration file:$profile:ExpansionMod\Quests\Objectives\Action\11-Medic.json
 SCRIPT       : [ExpansionQuestObjectiveActionConfig] Load existing configuration file:$profile:ExpansionMod\Quests\Objectives\Action\12-Medic.json
 SCRIPT       : [ExpansionQuestObjectiveActionConfig] Load existing configuration file:$profile:ExpansionMod\Quests\Objectives\Action\13-Medic.json
 SCRIPT       : [ExpansionQuestObjectiveActionConfig] Load existing configuration file:$profile:ExpansionMod\Quests\Objectives\Action\14-Medic.json
 SCRIPT       : [ExpansionQuestObjectiveActionConfig] Load existing configuration file:$profile:ExpansionMod\Quests\Objectives\Action\15-Medic.json
 SCRIPT       : [ExpansionQuestObjectiveActionConfig] Load existing configuration file:$profile:ExpansionMod\Quests\Objectives\Action\16-Medic.json
 SCRIPT       : [ExpansionQuestObjectiveActionConfig] Load existing configuration file:$profile:ExpansionMod\Quests\Objectives\Action\17-Medic.json
 SCRIPT       : [ExpansionQuestObjectiveActionConfig] Load existing configuration file:$profile:ExpansionMod\Quests\Objectives\Action\18-Horticulture.json
 SCRIPT       : [ExpansionQuestObjectiveActionConfig] Load existing configuration file:$profile:ExpansionMod\Quests\Objectives\Action\19-Horticulture.json
 SCRIPT       : [ExpansionQuestObjectiveActionConfig] Load existing configuration file:$profile:ExpansionMod\Quests\Objectives\Action\2-Medic.json
 SCRIPT       : [ExpansionQuestObjectiveActionConfig] Load existing configuration file:$profile:ExpansionMod\Quests\Objectives\Action\20-Horticulture.json
 SCRIPT       : [ExpansionQuestObjectiveActionConfig] Load existing configuration file:$profile:ExpansionMod\Quests\Objectives\Action\21-Horticulture.json
 SCRIPT       : [ExpansionQuestObjectiveActionConfig] Load existing configuration file:$profile:ExpansionMod\Quests\Objectives\Action\22-Horticulture.json
 SCRIPT       : [ExpansionQuestObjectiveActionConfig] Load existing configuration file:$profile:ExpansionMod\Quests\Objectives\Action\23-Horticulture.json
 SCRIPT       : [ExpansionQuestObjectiveActionConfig] Load existing configuration file:$profile:ExpansionMod\Quests\Objectives\Action\24-Horticulture.json
 SCRIPT       : [ExpansionQuestObjectiveActionConfig] Load existing configuration file:$profile:ExpansionMod\Quests\Objectives\Action\26-Vehicle_StartBoat.json
 SCRIPT       : [ExpansionQuestObjectiveActionConfig] Load existing configuration file:$profile:ExpansionMod\Quests\Objectives\Action\3-Medic.json
 SCRIPT       : [ExpansionQuestObjectiveActionConfig] Load existing configuration file:$profile:ExpansionMod\Quests\Objectives\Action\4-Medic.json
 SCRIPT       : [ExpansionQuestObjectiveActionConfig] Load existing configuration file:$profile:ExpansionMod\Quests\Objectives\Action\5-Medic.json
 SCRIPT       : [ExpansionQuestObjectiveActionConfig] Load existing configuration file:$profile:ExpansionMod\Quests\Objectives\Action\6-Medic.json
 SCRIPT       : [ExpansionQuestObjectiveActionConfig] Load existing configuration file:$profile:ExpansionMod\Quests\Objectives\Action\7-Medic.json
 SCRIPT       : [ExpansionQuestObjectiveActionConfig] Load existing configuration file:$profile:ExpansionMod\Quests\Objectives\Action\8-Medic.json
 SCRIPT       : [ExpansionQuestObjectiveActionConfig] Load existing configuration file:$profile:ExpansionMod\Quests\Objectives\Action\9-Medic.json
 SCRIPT       : [ExpansionQuestObjectiveCraftingConfig] Load existing configuration file:$profile:ExpansionMod\Quests\Objectives\Crafting\1-Crafting-FishingRod.json
 SCRIPT       : [ExpansionQuestObjectiveAIPatrolConfig] Load existing configuration file:$profile:ExpansionMod\Quests\Objectives\AIPatrol\1-AIpatrol.json
 SCRIPT       : [ExpansionQuestObjectiveAIPatrolConfig] Load existing configuration file:$profile:ExpansionMod\Quests\Objectives\AIPatrol\2-AIpatrol-PatrolSwamp_2.json
 SCRIPT       : [ExpansionQuestObjectiveAICampConfig] Load existing configuration file:$profile:ExpansionMod\Quests\Objectives\AICamp\1-AICamp-Canabal-1.json
 SCRIPT       : [ExpansionQuestObjectiveAICampConfig] Load existing configuration file:$profile:ExpansionMod\Quests\Objectives\AICamp\2-AICamp-Canabal-2.json
 SCRIPT       : [ExpansionQuestObjectiveAICampConfig] Load existing configuration file:$profile:ExpansionMod\Quests\Objectives\AICamp\3-AICamp-AIC_Example_3.json
 SCRIPT       : [ExpansionQuestObjectiveAICampConfig] Load existing configuration file:$profile:ExpansionMod\Quests\Objectives\AICamp\40-AICamp-AIC_Police_2.json
 SCRIPT       : [ExpansionQuestObjectiveAICampConfig] Load existing configuration file:$profile:ExpansionMod\Quests\Objectives\AICamp\5-AICamp-AIC_Plant_5.json
 SCRIPT       : [ExpansionQuestObjectiveAICampConfig] Load existing configuration file:$profile:ExpansionMod\Quests\Objectives\AICamp\50-AICamp-BelayaPolyana_1.json
 SCRIPT       : [ExpansionQuestObjectiveAICampConfig] Load existing configuration file:$profile:ExpansionMod\Quests\Objectives\AICamp\70-AICamp-Medical_Ambulance.json
 SCRIPT       : [ExpansionQuestObjectiveAICampConfig] Load existing configuration file:$profile:ExpansionMod\Quests\Objectives\AICamp\71-AICamp-School_Ambush.json
 SCRIPT       : [ExpansionQuestObjectiveAICampConfig] Load existing configuration file:$profile:ExpansionMod\Quests\Objectives\AICamp\72-AICamp-Medical_Ambulance_2.json
 SCRIPT       : [ExpansionQuestObjectiveAICampConfig] Load existing configuration file:$profile:ExpansionMod\Quests\Objectives\AICamp\73-AICamp-The_Lost_Survivor.json
 SCRIPT       : [ExpansionQuestObjectiveAICampConfig] Load existing configuration file:$profile:ExpansionMod\Quests\Objectives\AICamp\74-AICamp-AIPowerPlant_3.json
 SCRIPT       : [ExpansionQuestObjectiveAICampConfig] Load existing configuration file:$profile:ExpansionMod\Quests\Objectives\AICamp\75-AIPatrol-PatrolSwamp_2.json
 SCRIPT       : [ExpansionQuestObjectiveAICampConfig] Load existing configuration file:$profile:ExpansionMod\Quests\Objectives\AICamp\76-AICamp-PilotCrash_2.json
 SCRIPT       : [ExpansionQuestObjectiveAIEscortConfig] Load existing configuration file:$profile:ExpansionMod\Quests\Objectives\AIVIP\1-VIP.json
 SCRIPT       : [ExpansionQuestObjectiveAIEscortConfig] Load existing configuration file:$profile:ExpansionMod\Quests\Objectives\AIVIP\2-VIP.json
 SCRIPT       : [ExpansionQuestObjectiveAIEscortConfig] Load existing configuration file:$profile:ExpansionMod\Quests\Objectives\AIVIP\3-VIP - Medical_Ambulance.json
 SCRIPT       : [ExpansionQuestObjectiveAIEscortConfig] Load existing configuration file:$profile:ExpansionMod\Quests\Objectives\AIVIP\4-VIP.json
 SCRIPT       : [ExpansionQuestObjectiveAIEscortConfig] Load existing configuration file:$profile:ExpansionMod\Quests\Objectives\AIVIP\5-VIP.json
 SCRIPT       : [ExpansionQuestObjectiveAIEscortConfig] Load existing configuration file:$profile:ExpansionMod\Quests\Objectives\AIVIP\6-VIP - The_Lost_Survivor.json
 SCRIPT       : [ExpansionQuestObjectiveAIEscortConfig] Load existing configuration file:$profile:ExpansionMod\Quests\Objectives\AIVIP\7-VIP - PilotCrash.json
 SCRIPT       : [ExpansionQuestObjectiveAIEscortConfig] Load existing configuration file:$profile:ExpansionMod\Quests\Objectives\AIVIP\8-VIP - PilotCrash_1.json
 SCRIPT       : [ExpansionQuestObjectiveAIEscortConfig] Load existing configuration file:$profile:ExpansionMod\Quests\Objectives\AIVIP\9-VIP - PilotCrash_2.json
 SCRIPT       : [ExpansionQuestNPCData] Load existing configuration file:QuestNPC_1.json
 SCRIPT       : [ExpansionQuestNPCData] Load existing configuration file:QuestNPC_2.json
 SCRIPT       : [ExpansionQuestNPCData] Load existing configuration file:QuestNPC_3.json
 SCRIPT       : [ExpansionQuestNPCData] Load existing configuration file:QuestNPC_4000.json
 SCRIPT       : [ExpansionQuestNPCData] Load existing configuration file:QuestNPC_4001.json
 SCRIPT       : [ExpansionQuestNPCData] Load existing configuration file:QuestNPC_4003.json
 SCRIPT       : 00:44:58.478 [ExpansionQuestModule<0x000001AD0ED1AE70>] :: [INFO] :: [Expansion Quests] NPC with ID 4003 is set to inactive. Skip..
 SCRIPT       : [ExpansionQuestNPCData] Load existing configuration file:QuestNPC_4004.json
 SCRIPT       : [ExpansionQuestNPCData] Load existing configuration file:QuestNPC_4005.json
 SCRIPT       : [ExpansionQuestNPCData] Load existing configuration file:QuestNPC_4006.json
 SCRIPT       : [ExpansionQuestNPCData] Load existing configuration file:QuestNPC_9_SZ_HELI_PILOT.json
 SCRIPT       : [MissionServer] OnMissionStart - Server
 SCRIPT       : string dirtyName = 'Bullzed2'
 SCRIPT       : [ZEN|2026.05.26 00:44:58] [ZenModCore] OnMissionStart.
SCRIPT       : ExpansionMarketItem marketItem = ExpansionMarketItem<0x000001AF04127860>
SCRIPT       : int worth =   1
SCRIPT       : ExpansionZonePolygon<0x000001B382D623B0> position=<12015.854492, 0.000000, 12591.097656> radius=419.633
SCRIPT       : ExpansionZoneCircle<0x000001B39AAABD10> position=<1143.140015, 0.000000, 2423.270020> radius=700
SCRIPT       : ExpansionZoneCircle<0x000001B39AAAB590> position=<3728.270020, 0.000000, 6003.600098> radius=500
SCRIPT       : Found 3 zones!
SCRIPT       : Module: $profile:ExpansionMod\AI\FSM\Master.c; loaded 1x files; 153x classes; used 119/262 kB (45%) of static memory; defines: "DAYZ_1_29,SERVER_FOR_WINDOWS,SERVER,PLATFORM_WINDOWS,RELEASE,NO_GUI,NO_GUI_INGAME,BF_Define,DZ_Expansion_AI_Prel
SCRIPT       : 00:46:02.566 [ERROR] :: Unknown loadout requested ('Medic_Trader')
Function: 'Apply'
Stack trace:
DayZExpansion/Core/Scripts/4_World/dayzexpansion_core\classes\loadout\expansionloadout.c:3212
SCRIPT       : 00:46:02.666 [ERROR] :: Unknown loadout requested ('MMG_SNAFU_Atack')
Function: 'Apply'
Stack trace:
DayZExpansion/Core/Scripts/4_World/dayzexpansion_core\classes\loadout\expansionloadout.c:3212
SCRIPT       : [WeaponFSM::ValidateAndRepairHelper] :: [INFO] :: [wpnfsm] ValidateAndRepair Attempting to repair: Scout:63317 (owner ExpansionQuestNPCAIHassan<0x000001B3A75E7010> ExpansionQuestNPCAIHassan:63316) - MagazineRepair - BAREM_CLO_BUF_MA0<0x0000
SCRIPT       : [WeaponFSM::ValidateAndRepairHelper] :: [INFO] :: [wpnfsm] ValidateAndRepair Attempting to repair: Scout:63329 (owner ExpansionQuestNPCAIHassan<0x000001B3A7591010> ExpansionQuestNPCAIHassan:63328) - MagazineRepair - BAREM_CLO_BUF_MA0<0x0000
SCRIPT       : m_LoginTimeMs: 16200
 SCRIPT       : 00:46:24.427 [EXPANSION DEBUG]: ExpansionHardlineModule<0x000001AD77B661F0> ::LoadPlayerData - Loaded player hardline data for player Juto[ANwBQqVVStKCILjNoABDu3SscjO3bFF-nGQjnjwyOUM=]
SCRIPT       : [ZEN|2026.05.26 00:46:48] [ZenObjectHookSpawner] No hook configs to dump positions of.
 SCRIPT       : [AYSA] [KNOCK KNOCK ZOMBIES] 
 SCRIPT       : [AYSA] ----- Sending cfg -----
 SCRIPT       : [AYSA] ----- Juto -----
 SCRIPT       : ---- PlayerBase OnStoreLoad SUCCESS ----
 SCRIPT       : [BVP Doors] Sent full config to client: Juto
 SCRIPT       : 00:46:58.418 [EXPANSION DEBUG]: ExpansionPartyData<0x000001B1FC203E20>::OnJoin party Ratas de laboratiorio (ID 0) player Juto (ID ANwBQqVVStKCILjNoABDu3SscjO3bFF-nGQjnjwyOUM=)
 SCRIPT       : [ZEN|2026.05.26 00:46:58] [ZenModCore::ZenConfigRegister] Sent 3 config files to id=ANwBQqVVStKCILjNoABDu3SscjO3bFF-nGQjnjwyOUM=
 SCRIPT       : CustomMission<0x000001B0C6220C40>::SyncBFConfig - Send Building
 SCRIPT       : [VPPAT] Player "Juto" (steamId=76561198119114852) connected to server!
 SCRIPT       : [PlayerListManager] AddReceiver ► added: PlayerIdentity<0x000001B3B1A1ACD0>
SCRIPT       : [ZenSleep::ZenSleepEffectHandlerServer] Initialized ANwBQqVVStKCILjNoABDu3SscjO3bFF-nGQjnjwyOUM=
SCRIPT       : 00:46:59.299 [EXPANSION DEBUG]: eAI_SurvivorM_Peter<0x000001B3B762A020> eAI_SurvivorM_Peter:81 ---- PlayerBase::Expansion_OnEntityStorageLoad SUCCESS ----
SCRIPT       : 00:46:59.299 [ExpansionEntityStorage] HITCH: 80.1607ms
SCRIPT       : 00:46:59.772 [EXPANSION DEBUG]: eAI_SurvivorM_Oliver<0x000001B3BB7BB1C0> eAI_SurvivorM_Oliver: ---- PlayerBase::Expansion_OnEntityStorageLoad SUCCESS ----
SCRIPT       : 00:46:59.772 [ExpansionEntityStorage] HITCH: 447.837ms
SCRIPT       : 00:46:59.949 [EXPANSION DEBUG]: eAI_SurvivorM_Mirek<0x000001B3BCB3A9C0> eAI_SurvivorM_Mirek:81 ---- PlayerBase::Expansion_OnEntityStorageLoad SUCCESS ----
SCRIPT       : 00:46:59.949 [ExpansionEntityStorage] HITCH: 153.87ms
SCRIPT       : 00:47:00.050 [EXPANSION DEBUG]: eAI_SurvivorF_Baty<0x000001B3A93B4020> eAI_SurvivorF_Baty:8130 ---- PlayerBase::Expansion_OnEntityStorageLoad SUCCESS ----
SCRIPT       : 00:47:00.050 [ExpansionEntityStorage] HITCH: 77.9762ms
SCRIPT       : 00:47:00.111 [EXPANSION DEBUG]: eAI_SurvivorF_Baty<0x000001B3B5E68010> eAI_SurvivorF_Baty:8132 ---- PlayerBase::Expansion_OnEntityStorageLoad SUCCESS ----
SCRIPT       : 00:47:00.111 [ExpansionEntityStorage] HITCH: 35.5074ms
SCRIPT       : 00:47:00.175 [EXPANSION DEBUG]: eAI_SurvivorF_Maria<0x000001B3B631C020> eAI_SurvivorF_Maria:81 ---- PlayerBase::Expansion_OnEntityStorageLoad SUCCESS ----
SCRIPT       : 00:47:00.176 [ExpansionEntityStorage] HITCH: 42.4516ms
SCRIPT       : 00:47:00.256 [EXPANSION DEBUG]: eAI_SurvivorF_Naomi<0x000001B3B58BD020> eAI_SurvivorF_Naomi:81 ---- PlayerBase::Expansion_OnEntityStorageLoad SUCCESS ----
SCRIPT       : 00:47:00.256 [ExpansionEntityStorage] HITCH: 57.8946ms
SCRIPT       : 00:47:00.323 [EXPANSION DEBUG]: eAI_SurvivorM_Indar<0x000001B3BC542FF0> eAI_SurvivorM_Indar:81 ---- PlayerBase::Expansion_OnEntityStorageLoad SUCCESS ----
SCRIPT       : 00:47:00.323 [ExpansionEntityStorage] HITCH: 44.6904ms
SCRIPT       : 00:47:00.401 [EXPANSION DEBUG]: eAI_SurvivorM_Rolf<0x000001B3BB7B6030> eAI_SurvivorM_Rolf:8137 ---- PlayerBase::Expansion_OnEntityStorageLoad SUCCESS ----
SCRIPT       : 00:47:00.402 [ExpansionEntityStorage] HITCH: 55.9284ms
SCRIPT       : 00:47:00.484 [EXPANSION DEBUG]: eAI_SurvivorF_Maria<0x000001B3BCAA6010> eAI_SurvivorF_Maria:81 ---- PlayerBase::Expansion_OnEntityStorageLoad SUCCESS ----
SCRIPT       : 00:47:00.484 [ExpansionEntityStorage] HITCH: 59.5518ms
SCRIPT       : 00:47:25.202 [ExpansionEntityStorage] HITCH: 484.649ms
SCRIPT       : 00:47:54.857 [ExpansionEntityStorage] HITCH: 488.602ms
SCRIPT       : 00:48:23.963 [ExpansionEntityStorage] HITCH: 482.397ms
   SCRIPT       : ExpansionActionOpenTraderMenu::OnStartServer - Start
SCRIPT       : 00:48:55.415 [ExpansionEntityStorage] HITCH: 716.167ms
SCRIPT       : 00:49:25.480 [ExpansionEntityStorage] HITCH: 326.641ms
SCRIPT       : 00:49:56.863 [ExpansionEntityStorage] HITCH: 2430.31ms
   SCRIPT       : ExpansionActionOpenTraderMenu::OnStartServer - Start
   SCRIPT       : ExpansionActionOpenTraderMenu::OnStartServer - Start
SCRIPT       : 00:50:26.339 [ExpansionEntityStorage] HITCH: 935.096ms
SCRIPT       : 00:50:55.319 [ExpansionEntityStorage] HITCH: 332.827ms
SCRIPT       : 00:51:24.193 [ExpansionEntityStorage] HITCH: 515.023ms
SCRIPT       : 00:51:29.425 [EXPANSION DEBUG]: [ExpansionMissionEventAirdrop] Adjusted container weights:
SCRIPT       : 00:51:29.425 [EXPANSION DEBUG]: ExpansionAirdropContainer 134
SCRIPT       : 00:51:29.425 [EXPANSION DEBUG]: ExpansionAirdropContainer_Medical 138
SCRIPT       : 00:51:29.426 [EXPANSION DEBUG]: ExpansionAirdropContainer_Basebuilding 133
SCRIPT       : 00:51:29.426 [EXPANSION DEBUG]: ExpansionAirdropContainer_Military 129
SCRIPT       : 00:51:29.426 [EXPANSION DEBUG]: ExpansionAirdropPlane::Expansion_GetSpawnPoint - drop position <11125.000000, 0.000000, 14040.000000> - map is chernarusplus - size 15360 - center <7100.000000, 300.000000, 7750.000000>
SCRIPT       : 00:51:29.426 [EXPANSION DEBUG]: ExpansionAirdropPlane::Expansion_GetSpawnPoint - selected spawn point <0.000000, 450.607025, 313.505219>
SCRIPT       : 00:51:53.263 [ExpansionEntityStorage] HITCH: 646.153ms
SCRIPT       : 00:52:23.712 [ExpansionEntityStorage] HITCH: 2076.05ms
SCRIPT       : 00:52:52.823 [ExpansionEntityStorage] HITCH: 525.821ms
SCRIPT       : 00:53:22.485 [ExpansionEntityStorage] HITCH: 1309.5ms
SCRIPT       : 00:53:51.878 [ExpansionEntityStorage] HITCH: 697.086ms
SCRIPT       : 00:54:21.613 [ExpansionEntityStorage] HITCH: 1275.46ms
SCRIPT       : 00:54:51.189 [ExpansionEntityStorage] HITCH: 502.122ms
SCRIPT       : 00:55:19.929 [ExpansionEntityStorage] HITCH: 481.274ms
SCRIPT       : 00:55:48.542 [ExpansionEntityStorage] HITCH: 280.505ms
SCRIPT       : 00:56:17.459 [ExpansionEntityStorage] HITCH: 624.953ms
SCRIPT       : 00:56:46.586 [ExpansionEntityStorage] HITCH: 659.842ms
SCRIPT       : 00:57:15.622 [ExpansionEntityStorage] HITCH: 643.66ms
SCRIPT       : 00:57:44.845 [ExpansionEntityStorage] HITCH: 593.13ms
SCRIPT       : 00:58:14.066 [ExpansionEntityStorage] HITCH: 656.879ms
SCRIPT       : 00:58:43.036 [ExpansionEntityStorage] HITCH: 531.89ms
SCRIPT       : 00:59:13.341 [ExpansionEntityStorage] HITCH: 1392.83ms
SCRIPT       : 00:59:42.848 [ExpansionEntityStorage] HITCH: 610.02ms
SCRIPT       : 01:00:11.613 [ExpansionEntityStorage] HITCH: 537.332ms
SCRIPT       : 01:00:40.724 [ExpansionEntityStorage] HITCH: 286.111ms
SCRIPT       : 01:01:09.723 [ExpansionEntityStorage] HITCH: 684.737ms
SCRIPT       : 01:01:38.670 [ExpansionEntityStorage] HITCH: 724.506ms
SCRIPT       : 01:02:07.648 [ExpansionEntityStorage] HITCH: 575.786ms
SCRIPT       : 01:02:36.708 [ExpansionEntityStorage] HITCH: 636.494ms
SCRIPT       : 01:03:06.336 [ExpansionEntityStorage] HITCH: 1216.81ms
SCRIPT       : 01:03:13.139 [EXPANSION LOG]: ExpansionAirdropContainerBase_Server<0x000001B3C9866AC0> Expan Expansion_InitAirdrop - total weight (kg) 307.695 - nominal fall speed 4.51924 m/s, wind impact strength 0.149359
SCRIPT       : 01:03:35.488 [ExpansionEntityStorage] HITCH: 632.359ms
SCRIPT       : 01:04:05.066 [ExpansionEntityStorage] HITCH: 1060.72ms
SCRIPT       : 01:04:34.343 [ExpansionEntityStorage] HITCH: 884.18ms
SCRIPT       : 01:05:03.461 [ExpansionEntityStorage] HITCH: 793.671ms
SCRIPT       : 01:05:32.071 [ExpansionEntityStorage] HITCH: 312.414ms
SCRIPT       : 01:06:01.212 [ExpansionEntityStorage] HITCH: 761.599ms
SCRIPT       : 01:06:30.221 [ExpansionEntityStorage] HITCH: 654.534ms
SCRIPT       : 01:06:59.522 [ExpansionEntityStorage] HITCH: 581.017ms
SCRIPT       : 01:07:28.320 [ExpansionEntityStorage] HITCH: 501.626ms
SCRIPT       : 01:07:57.346 [ExpansionEntityStorage] HITCH: 431.019ms
 SCRIPT       : [Logout]: New player ANwBQqVVStKCILjNoABDu3SscjO3bFF-nGQjnjwyOUM= with instant logout
 SCRIPT       : 01:08:22.427 [EXPANSION DEBUG]: ExpansionPartyData<0x000001B1FC203E20>::OnLeave party Ratas de laboratiorio (ID 0) player Juto (ID ANwBQqVVStKCILjNoABDu3SscjO3bFF-nGQjnjwyOUM=)
 SCRIPT       : 01:08:22.604 [EXPANSION DEBUG]: ExpansionQuestPersistentData<0x000001B3B9CDE010>~ExpansionQuestPersistentData (38)
 SCRIPT       : [ZenSkills] Saving skill DB to file for player: ANwBQqVVStKCILjNoABDu3SscjO3bFF-nGQjnjwyOUM=
 SCRIPT       : [Logout]: Player ANwBQqVVStKCILjNoABDu3SscjO3bFF-nGQjnjwyOUM= finished
 SCRIPT       : Player "Juto" (steamid=76561198119114852) disconnected from server.
 SCRIPT       : [PlayerListManager] SyncEntryToReceivers ► uid: ANwBQqVVStKCILjNoABDu3SscjO3bFF-nGQjnjwyOUM= isn't in the players list! sending a remove.
 SCRIPT       : HandleOnPlayerDisconnected -> PlayerListManager.RemoveEntry ► ANwBQqVVStKCILjNoABDu3SscjO3bFF-nGQjnjwyOUM=
 SCRIPT       : [ZEN|2026.05.26 01:08:22] [ZenSkillsHighscoresDB] Saving to file: $profile:Zenarchist\Skills\DB\\ZenSkillsHighscoresDB.json
 SCRIPT       : 01:08:23.251 [ExpansionEntityStorage] HITCH: 601.33ms
 SCRIPT       : 01:08:23.974 [ExpansionEntityStorage] HITCH: 522.698ms
 SCRIPT       : 01:08:24.627 [ExpansionEntityStorage] HITCH: 424.991ms
 SCRIPT       : 01:08:25.431 [ExpansionEntityStorage] HITCH: 587.211ms
 SCRIPT       : 01:08:26.018 [ExpansionEntityStorage] HITCH: 363.227ms
 SCRIPT       : 01:08:26.990 [ExpansionEntityStorage] HITCH: 733.747ms
 SCRIPT       : 01:08:27.719 [ExpansionEntityStorage] HITCH: 518.927ms
 SCRIPT       : 01:08:28.215 [ExpansionEntityStorage] HITCH: 296.378ms
 SCRIPT       : 01:08:29.037 [ExpansionEntityStorage] HITCH: 554.316ms
 SCRIPT       : 01:08:29.913 [ExpansionEntityStorage] HITCH: 560.613ms
 SCRIPT       : Player "Juto" (steamid=76561198119114852) initiated disconnect process...
SCRIPT       : 01:08:33.882 [ExpansionEntityStorage] HITCH: 655.011ms
SCRIPT       : 01:08:34.607 [ExpansionEntityStorage] HITCH: 518.7ms
SCRIPT       : 01:08:35.268 [ExpansionEntityStorage] HITCH: 449.816ms
SCRIPT       : 01:08:36.731 [ExpansionEntityStorage] HITCH: 725.216ms
SCRIPT       : 01:08:37.468 [ExpansionEntityStorage] HITCH: 508.969ms
SCRIPT       : 01:08:38.471 [ExpansionEntityStorage] HITCH: 747.65ms
SCRIPT       : 01:08:39.221 [ExpansionEntityStorage] HITCH: 538.239ms
SCRIPT       : 01:08:39.960 [ExpansionEntityStorage] HITCH: 416.464ms
SCRIPT       : 01:08:40.865 [ExpansionEntityStorage] HITCH: 594.295ms
SCRIPT       : 01:08:41.651 [ExpansionEntityStorage] HITCH: 571.587ms
SCRIPT       : 01:09:11.604 [ExpansionEntityStorage] HITCH: 1571.96ms
SCRIPT       : 01:09:12.274 [ExpansionEntityStorage] HITCH: 473.483ms
SCRIPT       : 01:09:12.915 [ExpansionEntityStorage] HITCH: 432.708ms
SCRIPT       : 01:09:13.847 [ExpansionEntityStorage] HITCH: 723.085ms
SCRIPT       : 01:09:14.481 [ExpansionEntityStorage] HITCH: 350.688ms
SCRIPT       : 01:09:15.390 [ExpansionEntityStorage] HITCH: 694.403ms
SCRIPT       : 01:09:17.030 [ExpansionEntityStorage] HITCH: 1419.27ms
SCRIPT       : 01:09:19.636 [ExpansionEntityStorage] HITCH: 1054.07ms
SCRIPT       : 01:09:20.405 [ExpansionEntityStorage] HITCH: 566.658ms
SCRIPT       : 01:09:21.149 [ExpansionEntityStorage] HITCH: 531.4ms
SCRIPT       : 01:09:54.142 [ExpansionEntityStorage] HITCH: 3199.46ms
SCRIPT       : 01:09:55.299 [ExpansionEntityStorage] HITCH: 616.362ms
SCRIPT       : 01:09:55.949 [ExpansionEntityStorage] HITCH: 418.365ms
SCRIPT       : 01:09:56.696 [ExpansionEntityStorage] HITCH: 536.338ms
SCRIPT       : 01:09:57.246 [ExpansionEntityStorage] HITCH: 344.406ms
SCRIPT       : 01:09:58.151 [ExpansionEntityStorage] HITCH: 699.887ms
SCRIPT       : 01:09:58.904 [ExpansionEntityStorage] HITCH: 542.107ms
SCRIPT       : 01:09:59.936 [ExpansionEntityStorage] HITCH: 802.255ms
SCRIPT       : 01:10:03.717 [ExpansionEntityStorage] HITCH: 3144.2ms
SCRIPT       : 01:10:04.526 [ExpansionEntityStorage] HITCH: 602.265ms
 SCRIPT       : [ZEN|2026.05.26 01:10:07] MissionBase::OnMissionFinish
 SCRIPT       : Clear up static fireplaces: 0
 SCRIPT       : 01:10:07.348 [EXPANSION DEBUG]: Clearing cached categories 67
 SCRIPT       : 01:10:07.350 [EXPANSION DEBUG]: Clearing cached traders 17
 SCRIPT       : [MissionServer] OnMissionFinish - Server
 SCRIPT       : [ZEN|2026.05.26 01:10:07] [ZenModCore] OnMissionFinish.
 SCRIPT       : [ZEN|2026.05.26 01:10:07] Server shutdown detected.
 SCRIPT       : [ZEN|2026.05.26 01:10:07] Saving all DBs.
 SCRIPT       : int m_AIUpdates_Current = 0
 SCRIPT       : float aiUpdatesMin = 3.40282e+38
 SCRIPT       : float aiUpdatesMax = -3.40282e+38
 SCRIPT       : float aiUpdatesAvg = 0
 SCRIPT       : float m_AIUpdates_DTCurrent = 0
 SCRIPT       : float aiUpdatesDTMin = 3.40282e+38
 SCRIPT       : float aiUpdatesDTMax = -3.40282e+38
 SCRIPT       : float aiUpdatesDTAvg = 0
 SCRIPT       : [ZEN|2026.05.26 01:10:07] ~MissionBase()
 SCRIPT       : [PluginZenSkills] :: OnDestroy.
 SCRIPT       : [ZEN|2026.05.26 01:10:07] [ZenAdminCommandHandler] Destroyed.
 SCRIPT       : [DayZ Expansion] ~DayZGame
 SCRIPT       : 01:10:07 [EXPANSION DEBUG]: ExpansionQuestPersistentData<0x000001B3B9D6C8B0>~ExpansionQuestPersistentData (1)
 SCRIPT       : ~DayZGame()
 SCRIPT       : Cleaning up script module globals 'World'
  SCRIPT       : ~ExpansionAirdropContainerManager
 SCRIPT       : Cleaning up script module globals 'Game'
  SCRIPT       : [ZEN|2026.05.26 01:10:12] [ZenConfig] Destroyed: ZenCoreConfig
  SCRIPT       : [ZEN|2026.05.26 01:10:12] [ZenConfig] Destroyed: ZenSkillsHighscoresDB
  SCRIPT       : [ZEN|2026.05.26 01:10:12] [ZenConfig] Destroyed: ZenSkillsClientConfig
  SCRIPT       : [ZEN|2026.05.26 01:10:12] [ZenConfig] Destroyed: ZenSkillsConfig
  SCRIPT       : [ZEN|2026.05.26 01:10:12] [ZenConfig] Destroyed: ZenSkillsEXP
  SCRIPT       : [ZEN|2026.05.26 01:10:12] [ZenConfig] Destroyed: ZenSleepConfig
  SCRIPT       : [ZEN|2026.05.26 01:10:12] [ZenConfig] Destroyed: ZenZombieDoorsConfig
