---------------------------------------------
Log C:\SERVICES\ni13121453_1_SHARE\ftproot\dayzstandalone\config\script_2026-05-27_21-24-29.log started at 27.05. 21:24:31

SCRIPT       : Module: GameLib; loaded 43x files; 29x classes; used 41/2097 kB (1%) of static memory; defines: "DAYZ_1_29,SERVER_FOR_WINDOWS,SERVER,PLATFORM_WINDOWS,RELEASE,NO_GUI,NO_GUI_INGAME,BF_Define,DZ_Expansion_AI_Preload,DZ_Expansion_BaseBuilding_P
SCRIPT       : Registered 418 temporary action enum(s), UAN==418
SCRIPT    (W): @"ZenRepairWells/scripts/3_game/zenwellsconfig.c,17": FIX-ME: Unexpected statement 'ref'
SCRIPT       : Initializing attributes 'Game'
 SCRIPT       : Registering faction type eAIFactionShamans ID -1484989417
 SCRIPT       : Registering faction type eAIFactionObservers ID -563736721
 SCRIPT       : Registering faction type eAIFactionInvincibleObservers ID -1227299746
 SCRIPT       : Registering faction type eAIFactionRaiders ID 1535276022
 SCRIPT       : Registering faction type eAIFactionYeetBrigade ID 1408543989
 SCRIPT       : Registering faction type eAIFactionWest ID 113880155
 SCRIPT       : Registering faction type eAIFactionInvincibleYeetBrigade ID -1118767876
 SCRIPT       : Registering faction type eAIFactionEast ID 90522109
 SCRIPT       : Registering faction type eAIFactionGuards ID 963933710
 SCRIPT       : Registering faction type eAIFactionMercenaries ID 1629891834
 SCRIPT       : Registering faction type eAIFactionBrawlers ID 1955753718
 SCRIPT       : Registering faction type eAIFactionCivilian ID 1096178351
 SCRIPT       : Registering faction type eAIFactionPassive ID -1159399789
 SCRIPT       : Registering faction type eAIFactionInvincibleGuards ID 782746017
SCRIPT       : Module: Game; loaded 1123x files; 3010x classes; used 8822/33554 kB (26%) of static memory; defines: "DAYZ_1_29,SERVER_FOR_WINDOWS,SERVER,PLATFORM_WINDOWS,RELEASE,NO_GUI,NO_GUI_INGAME,BF_Define,DZ_Expansion_AI_Preload,DZ_Expansion_BaseBuild
SCRIPT       : ... Backlit Effects Enabled
SCRIPT       : VPPNotificationManager()
SCRIPT       : [VPPAT] Internal VPPNotifications module loaded!
SCRIPT       : [DayZ Game]:: DayZGame(): Initializing V++ Admin Tools.
SCRIPT       : 21:24:47.000 [EXPANSION LOG]: DayZGame<0x000001E2BDE48610> Start time (local time) 2026-05-27 21:24:07
SCRIPT       : 21:24:47.000 [EXPANSION LOG]: DayZGame<0x000001E2BDE48610> Start time (UTC) 2026-05-27 20:24:07
SCRIPT       : 21:24:47.000 [EXPANSION LOG]: DayZGame<0x000001E2BDE48610> Runtime since start (seconds) 40.459
SCRIPT    (W): @"Furniture/scripts/4_World/actions\srp_actiondemountfurniture.c,51": Missing ';' at the end of line
SCRIPT    (W): @"Furniture/scripts/4_World/actions\srp_actionremovegarbage.c,37": Missing ';' at the end of line
SCRIPT    (W): @"ACO_Core\Scripts\4_World/clothing\scarf.c,10": FIX-ME: Overriding function 'ShowSingleHiddenSelection' but not marked as 'override'
SCRIPT    (W): @"ACO_Core\Scripts\4_World/clothing\belts.c,10": FIX-ME: Overriding function 'ShowSingleHiddenSelection' but not marked as 'override'
SCRIPT    (W): @"ACO_Core\Scripts\4_World/clothing\tops.c,10": FIX-ME: Overriding function 'ShowSingleHiddenSelection' but not marked as 'override'
SCRIPT    (W): @"ACO_Core\Scripts\4_World/clothing\balaclava.c,37": FIX-ME: Overriding function 'ShowSingleHiddenSelection' but not marked as 'override'
SCRIPT    (W): @"ACO_Core\Scripts\4_World/clothing\coats.c,10": FIX-ME: Overriding function 'ShowSingleHiddenSelection' but not marked as 'override'
SCRIPT    (W): @"ACO_Core\Scripts\4_World/clothing\vests.c,30": FIX-ME: Overriding function 'ShowSingleHiddenSelection' but not marked as 'override'
SCRIPT    (W): @"ACO_Core\Scripts\4_World/clothing\helmets.c,11": FIX-ME: Overriding function 'ShowSingleHiddenSelection' but not marked as 'override'
SCRIPT    (W): @"Furniture/scripts/4_World/entities\srp_openablefurniturebase.c,168": FIX-ME: Overriding function 'GetPlaceSoundset' but not marked as 'override'
SCRIPT    (W): @"Furniture/scripts/4_World/entities\srp_openablefurniturebase.c,173": FIX-ME: Overriding function 'GetDeploySoundset' but not marked as 'override'
SCRIPT    (W): @"ACO_Core\Scripts\4_World/clothing\shemagh.c,10": FIX-ME: Overriding function 'ShowSingleHiddenSelection' but not marked as 'override'
SCRIPT    (W): @"ACO_Core\Scripts\4_World/clothing\balaclava.c,63": FIX-ME: Overriding function 'ShowSingleHiddenSelection' but not marked as 'override'
SCRIPT    (W): @"ACO_Core\Scripts\4_World/clothing\shawl.c,10": FIX-ME: Overriding function 'ShowSingleHiddenSelection' but not marked as 'override'
SCRIPT    (W): @"ACO_Core\Scripts\4_World/clothing\slings.c,10": FIX-ME: Overriding function 'ShowSingleHiddenSelection' but not marked as 'override'
SCRIPT    (W): @"ACO_Core\Scripts\4_World/clothing\balaclava.c,10": FIX-ME: Overriding function 'ShowSingleHiddenSelection' but not marked as 'override'
SCRIPT    (W): @"ACO_Core\Scripts\4_World/clothing\armband.c,10": FIX-ME: Overriding function 'ShowSingleHiddenSelection' but not marked as 'override'
SCRIPT    (W): @"ACO_Core\Scripts\4_World/clothing\vests.c,10": FIX-ME: Overriding function 'ShowSingleHiddenSelection' but not marked as 'override'
SCRIPT    (W): @"ACO_Core\Scripts\4_World/clothing\hats.c,11": FIX-ME: Overriding function 'ShowSingleHiddenSelection' but not marked as 'override'
SCRIPT    (W): @"ACO_Core\Scripts\4_World/clothing\belts.c,76": FIX-ME: Overriding function 'ShowSingleHiddenSelection' but not marked as 'override'
SCRIPT    (W): @"ACO_Core\Scripts\4_World/clothing\masks.c,10": FIX-ME: Overriding function 'ShowSingleHiddenSelection' but not marked as 'override'
SCRIPT    (W): @"ACO_Core\Scripts\4_World/clothing\shemagh.c,49": FIX-ME: Overriding function 'ShowSingleHiddenSelection' but not marked as 'override'
SCRIPT    (W): @"ACO_Core\Scripts\4_World/clothing\pants.c,10": FIX-ME: Overriding function 'ShowSingleHiddenSelection' but not marked as 'override'
SCRIPT    (W): @"ACO_Core\Scripts\4_World/clothing\goggles.c,11": FIX-ME: Overriding function 'ShowSingleHiddenSelection' but not marked as 'override'
SCRIPT    (W): @"KnockKnockZombies/scripts/4_World/player.c,66": FIX-ME: Unsafe down-casting, use 'PlayerBase.Cast' for safe down-casting
SCRIPT    (W): @"KnockKnockZombies/scripts/4_World/player.c,70": FIX-ME: Unsafe down-casting, use 'PlayerBase.Cast' for safe down-casting
SCRIPT    (W): @"KnockKnockZombies/scripts/4_World/player.c,74": FIX-ME: Unsafe down-casting, use 'PlayerBase.Cast' for safe down-casting
SCRIPT       : Initializing attributes 'World'
 SCRIPT       : Registering faction type eAIFactionLunatics ID 1167351711
 SCRIPT       : Registering faction type eAIFactionInfected ID 1371958374
SCRIPT       : Module: World; loaded 3806x files; 9226x classes; used 18215/33554 kB (54%) of static memory; defines: "DAYZ_1_29,SERVER_FOR_WINDOWS,SERVER,PLATFORM_WINDOWS,RELEASE,NO_GUI,NO_GUI_INGAME,BF_Define,DZ_Expansion_AI_Preload,DZ_Expansion_BaseBui
 SCRIPT       : Module: Mission; loaded 619x files; 1393x classes; used 6671/33554 kB (19%) of static memory; defines: "DAYZ_1_29,SERVER_FOR_WINDOWS,SERVER,PLATFORM_WINDOWS,RELEASE,NO_GUI,NO_GUI_INGAME,BF_Define,DZ_Expansion_AI_Preload,DZ_Expansion_BaseBu
 SCRIPT    (W): @"$CurrentDir:mpmissions\dayzOffline.chernarusplus\init.c,826": FIX-ME: Unsafe down-casting, use 'EntityAI.Cast' for safe down-casting
 SCRIPT       : Module: $CurrentDir:mpmissions\dayzOffline.chernarusplus\init.c; loaded 1x files; 7x classes; used 68/1048 kB (6%) of static memory; defines: "DAYZ_1_29,SERVER_FOR_WINDOWS,SERVER,PLATFORM_WINDOWS,RELEASE,NO_GUI,NO_GUI_INGAME,BF_Define,DZ_E
 SCRIPT       : [SERVER :: Vanilla++ AdminTools Plugins Registering]
 SCRIPT       : [ZEN|2026.05.27 21:26:17] [ZenConfig] Loading file: $profile:Zenarchist\Skills\ZenSkillsConfig.json
 SCRIPT       : [ZEN|2026.05.27 21:26:17] [ZenConfig] File loaded: ZenSkillsConfig.json version=1.29.1
 SCRIPT       : [PluginZenSkills] :: OnInit.
 SCRIPT       : [ZEN|2026.05.27 21:26:19] [ZenConfig] Loading file: $profile:Zenarchist\Skills\ZenSkillsEXP.json
 SCRIPT       : [ZEN|2026.05.27 21:26:19] [ZenConfig] File loaded: ZenSkillsEXP.json version=1.29.1
 SCRIPT       : [ZenZombieDoorsPlugin] :: OnInit
 SCRIPT       : [ZEN|2026.05.27 21:26:19] [ZenModCore] MissionBase()
 SCRIPT       : [ZenModCore] Listing CfgMods:
 SCRIPT       : #ifdef defaultAction
 SCRIPT       : #ifdef DayZ
 SCRIPT       : #ifdef BF_Define
 SCRIPT       : #ifdef DZ_Expansion_AI_Preload
 SCRIPT       : #ifdef DZ_Expansion_BaseBuilding_Preload
 SCRIPT       : #ifdef DZ_Expansion_Book_Preload
 SCRIPT       : #ifdef DZ_Expansion_Chat_Preload
 SCRIPT       : #ifdef DZ_Expansion_Core_Preload
 SCRIPT       : #ifdef DZ_Expansion_Garage_Preload
 SCRIPT       : #ifdef DZ_Expansion_Groups_Preload
 SCRIPT       : #ifdef DZ_Expansion_Hardline_Preload
 SCRIPT       : #ifdef DZ_Expansion_KillFeed_Preload
 SCRIPT       : #ifdef DZ_Expansion_MapAssets_Preload
 SCRIPT       : #ifdef DZ_Expansion_Market_Preload
 SCRIPT       : #ifdef DZ_Expansion_Missions_Preload
 SCRIPT       : #ifdef DZ_Expansion_ModStorage_Preload
 SCRIPT       : #ifdef DZ_Expansion_NameTags_Preload
 SCRIPT       : #ifdef DZ_Expansion_Navigation_Preload
 SCRIPT       : #ifdef DZ_Expansion_P2PMarket_Preload
 SCRIPT       : #ifdef DZ_Expansion_PersonalStorage_Preload
 SCRIPT       : #ifdef DZ_Expansion_Preload
 SCRIPT       : #ifdef DZ_Expansion_Quests_Preload
 SCRIPT       : #ifdef DZ_Expansion_SpawnSelection_Preload
 SCRIPT       : #ifdef DZ_Expansion_Vehicles_Preload
 SCRIPT       : #ifdef DZ_Expansion_Weapons_Preload
 SCRIPT       : #ifdef ALV_Better_Beards
 SCRIPT       : #ifdef BVP_DoorPeek
 SCRIPT       : #ifdef DabsFramework
 SCRIPT       : #ifdef DZ_Expansion_DefineTest
 SCRIPT       : #ifdef DZ_Expansion_MapAssets
 SCRIPT       : #ifdef sakhal
 SCRIPT       : #ifdef EditorLoader
 SCRIPT       : #ifdef JM_CommunityFramework
 SCRIPT       : #ifdef LightObjects
 SCRIPT       : #ifdef TTC_Optics
 SCRIPT       : #ifdef TTC_Pistols
 SCRIPT       : #ifdef TTC_Rifles
 SCRIPT       : #ifdef TTC_Shotguns
 SCRIPT       : #ifdef TTC_SMG
 SCRIPT       : #ifdef AVPPAdminTools
 SCRIPT       : #ifdef WindstrideClothing
 SCRIPT       : #ifdef ZenLazyAction
 SCRIPT       : #ifdef ZenModCore
 SCRIPT       : #ifdef ZenRepairWells
 SCRIPT       : #ifdef ZenSkills
 SCRIPT       : #ifdef ZenSleep
 SCRIPT       : #ifdef DZ_Expansion_ModStorage
 SCRIPT       : #ifdef earlywinter_scripts
 SCRIPT       : #ifdef ZenZombieDoors
 SCRIPT       : #ifdef BuildingFortifications
 SCRIPT       : #ifdef DZ_Expansion_Core
 SCRIPT       : #ifdef DZ_Expansion_Garage
 SCRIPT       : #ifdef DZ_Expansion_Groups
 SCRIPT       : #ifdef DZ_Expansion_Market
 SCRIPT       : #ifdef DZ_Expansion_Missions
 SCRIPT       : #ifdef DZ_Expansion_NameTags
 SCRIPT       : #ifdef DZ_Expansion_Navigation
 SCRIPT       : #ifdef DZ_Expansion_NotificationScheduler
 SCRIPT       : #ifdef DZ_Expansion_P2PMarket
 SCRIPT       : #ifdef DZ_Expansion_PersonalStorage
 SCRIPT       : #ifdef DZ_Expansion_PersonalStorageNew
 SCRIPT       : #ifdef DZ_Expansion_PlayerList
 SCRIPT       : #ifdef DZ_Expansion
 SCRIPT       : #ifdef DZ_Expansion_SpawnSelection
 SCRIPT       : #ifdef DZ_Expansion_VanillaFixes
 SCRIPT       : #ifdef DZ_Expansion_Vehicles
 SCRIPT       : #ifdef DZ_Expansion_Weapons
 SCRIPT       : #ifdef Furniture
 SCRIPT       : #ifdef KnockKnockZombies
 SCRIPT       : #ifdef QDLY_Melee_Weapons
 SCRIPT       : #ifdef ACO_Core
 SCRIPT       : #ifdef ACO_Headgear
 SCRIPT       : #ifdef ACO_Lower
 SCRIPT       : #ifdef ACO_Other
 SCRIPT       : #ifdef ACO_Upper
 SCRIPT       : #ifdef DZ_Expansion_AI
 SCRIPT       : #ifdef DZ_Expansion_BaseBuilding
 SCRIPT       : #ifdef DZ_Expansion_Book
 SCRIPT       : #ifdef DZ_Expansion_Chat
 SCRIPT       : #ifdef DZ_Expansion_Hardline
 SCRIPT       : #ifdef DZ_Expansion_Quests
 SCRIPT       : #ifdef DZ_Expansion_VirtualContainerStorage
 SCRIPT       : 21:26:19.373 [EXPANSION DEBUG]: [ExpansionCoreSettings] Load existing setting file:$profile:ExpansionMod\Settings\CoreSettings.json
 SCRIPT       : 21:26:19.378 [EXPANSION DEBUG]: [ExpansionLogSettings] Load existing setting file:$profile:ExpansionMod\Settings\LogsSettings.json
 SCRIPT       : 21:26:19.387 [EXPANSION DEBUG]: [ExpansionNotificationSettings] Load existing setting file:$profile:ExpansionMod\Settings\NotificationSettings.json
 SCRIPT       : 21:26:19.393 [EXPANSION DEBUG]: [ExpansionMonitoringSettings] Load existing setting file:$profile:ExpansionMod\Settings\MonitoringSettings.json
 SCRIPT       : 21:26:19.396 [EXPANSION DEBUG]: [ExpansionDamageSystemSettings] Load existing setting file:$profile:ExpansionMod\Settings\DamageSystemSettings.json
 SCRIPT       : 21:26:19.402 [EXPANSION DEBUG]: [ExpansionPartySettings] Load existing setting file:$profile:ExpansionMod\Settings\PartySettings.json
 SCRIPT       : 21:26:19.406 [EXPANSION DEBUG]: [ExpansionHardlineSettings] Load existing setting file:$mission:expansion\settings\HardlineSettings.json
 SCRIPT       : 21:26:19.435 [EXPANSION DEBUG]: [ExpansionMarketSettings] Load existing setting file:$mission:expansion\settings\MarketSettings.json
 SCRIPT       : ExpansionMarketSettings::LoadCategories - Adding category ID 1 (Exchange)
 SCRIPT       : ExpansionMarketSettings::LoadCategories - Adding category ID 2 (Ammo)
 SCRIPT       : ExpansionMarketSettings::LoadCategories - Adding category ID 3 (Ammo_Boxes)
 SCRIPT       : ExpansionMarketSettings::LoadCategories - Adding category ID 4 (Armbands)
 SCRIPT       : ExpansionMarketSettings::LoadCategories - Adding category ID 5 (Assault_Rifles)
 SCRIPT       : ExpansionMarketSettings::LoadCategories - Adding category ID 6 (Backpacks)
 SCRIPT       : ExpansionMarketSettings::LoadCategories - Adding category ID 7 (Bandanas)
 SCRIPT       : ExpansionMarketSettings::LoadCategories - Adding category ID 8 (Batteries)
 SCRIPT       : ExpansionMarketSettings::LoadCategories - Adding category ID 9 (Belts)
 SCRIPT       : ExpansionMarketSettings::LoadCategories - Adding category ID 10 (Blouses_And_Suits)
 SCRIPT       : ExpansionMarketSettings::LoadCategories - Adding category ID 11 (Boats)
 SCRIPT       : ExpansionMarketSettings::LoadCategories - Adding category ID 12 (Boots_And_Shoes)
 SCRIPT       : ExpansionMarketSettings::LoadCategories - Adding category ID 13 (Buttstocks)
 SCRIPT       : ExpansionMarketSettings::LoadCategories - Adding category ID 14 (Caps)
 SCRIPT       : ExpansionMarketSettings::LoadCategories - Adding category ID 15 (Cars)
 SCRIPT       : ExpansionMarketSettings::LoadCategories - Adding category ID 16 (Coats_And_Jackets)
 SCRIPT       : ExpansionMarketSettings::LoadCategories - Adding category ID 17 (Containers)
 SCRIPT       : ExpansionMarketSettings::LoadCategories - Adding category ID 18 (Drinks)
 SCRIPT       : ExpansionMarketSettings::LoadCategories - Adding category ID 19 (Electronics)
 SCRIPT       : ExpansionMarketSettings::LoadCategories - Adding category ID 20 (Submachine_Guns)
 SCRIPT       : ExpansionMarketSettings::LoadCategories - Adding category ID 21 (Explosives_And_Grenades)
 SCRIPT       : ExpansionMarketSettings::LoadCategories - Adding category ID 22 (Eyewear)
 SCRIPT       : ExpansionMarketSettings::LoadCategories - Adding category ID 23 (Fish)
 SCRIPT       : ExpansionMarketSettings::LoadCategories - Adding category ID 24 (Fishing)
 SCRIPT       : ExpansionMarketSettings::LoadCategories - Adding category ID 25 (Food)
 SCRIPT       : ExpansionMarketSettings::LoadCategories - Adding category ID 26 (Gardening)
 SCRIPT       : ExpansionMarketSettings::LoadCategories - Adding category ID 27 (Ghillies)
 SCRIPT       : ExpansionMarketSettings::LoadCategories - Adding category ID 28 (Gloves)
 SCRIPT       : ExpansionMarketSettings::LoadCategories - Adding category ID 29 (Handguards)
 SCRIPT       : ExpansionMarketSettings::LoadCategories - Adding category ID 30 (Hats_And_Hoods)
 SCRIPT       : ExpansionMarketSettings::LoadCategories - Adding category ID 31 (Holsters_And_Pouches)
 SCRIPT       : ExpansionMarketSettings::LoadCategories - Adding category ID 32 (Helicopters)
 SCRIPT       : ExpansionMarketSettings::LoadCategories - Adding category ID 33 (Helmets)
 SCRIPT       : ExpansionMarketSettings::LoadCategories - Adding category ID 34 (Kits)
 SCRIPT       : ExpansionMarketSettings::LoadCategories - Adding category ID 35 (Knifes)
 SCRIPT       : ExpansionMarketSettings::LoadCategories - Adding category ID 36 (Launchers)
 SCRIPT       : ExpansionMarketSettings::LoadCategories - Adding category ID 37 (Lights)
 SCRIPT       : ExpansionMarketSettings::LoadCategories - Adding category ID 38 (Liquids)
 SCRIPT       : ExpansionMarketSettings::LoadCategories - Adding category ID 39 (Locks)
 SCRIPT       : ExpansionMarketSettings::LoadCategories - Adding category ID 40 (Magazines)
 SCRIPT       : ExpansionMarketSettings::LoadCategories - Adding category ID 41 (Masks)
 SCRIPT       : ExpansionMarketSettings::LoadCategories - Adding category ID 42 (Meat)
 SCRIPT       : ExpansionMarketSettings::LoadCategories - Adding category ID 43 (Medical)
 SCRIPT       : ExpansionMarketSettings::LoadCategories - Adding category ID 44 (Melee_Weapons)
 SCRIPT       : ExpansionMarketSettings::LoadCategories - Adding category ID 45 (Muzzles)
 SCRIPT       : ExpansionMarketSettings::LoadCategories - Adding category ID 46 (Navigation)
 SCRIPT       : ExpansionMarketSettings::LoadCategories - Adding category ID 47 (Optics)
 SCRIPT       : ExpansionMarketSettings::LoadCategories - Adding category ID 48 (Pants_And_Shorts)
 SCRIPT       : ExpansionMarketSettings::LoadCategories - Adding category ID 49 (Pistols)
 SCRIPT       : ExpansionMarketSettings::LoadCategories - Adding category ID 50 (Rifles)
 SCRIPT       : ExpansionMarketSettings::LoadCategories - Adding category ID 51 (Shirts_And_TShirts)
 SCRIPT       : ExpansionMarketSettings::LoadCategories - Adding category ID 52 (Shotguns)
 SCRIPT       : ExpansionMarketSettings::LoadCategories - Adding category ID 53 (Skirts_And_Dresses)
 SCRIPT       : ExpansionMarketSettings::LoadCategories - Adding category ID 54 (Sniper_Rifles)
 SCRIPT       : ExpansionMarketSettings::LoadCategories - Adding category ID 55 (Supplies)
 SCRIPT       : ExpansionMarketSettings::LoadCategories - Adding category ID 56 (Sweaters_And_Hoodies)
 SCRIPT       : ExpansionMarketSettings::LoadCategories - Adding category ID 57 (Tents)
 SCRIPT       : ExpansionMarketSettings::LoadCategories - Adding category ID 58 (Tools)
 SCRIPT       : ExpansionMarketSettings::LoadCategories - Adding category ID 59 (Fruit_And_Vegetables)
 SCRIPT       : ExpansionMarketSettings::LoadCategories - Adding category ID 60 (Vehicle_Parts)
 SCRIPT       : ExpansionMarketSettings::LoadCategories - Adding category ID 61 (Vests)
 SCRIPT       : ExpansionMarketSettings::LoadCategories - Adding category ID 62 (Crossbows)
 SCRIPT       : ExpansionMarketSettings::LoadCategories - Adding category ID 63 (Event)
 SCRIPT       : ExpansionMarketSettings::LoadCategories - Adding category ID 64 (Spraycans)
 SCRIPT       : ExpansionMarketSettings::LoadCategories - Adding category ID 65 (Flags)
 SCRIPT       : ExpansionMarketSettings::LoadCategories - Adding category ID 66 (Bayonets)
 SCRIPT       : ExpansionMarketSettings::LoadCategories - Adding category ID 67 (Furnishings)
 SCRIPT       : 21:26:20.032 [EXPANSION DEBUG]: [ExpansionAirdropSettings] Load existing setting file:$profile:ExpansionMod\Settings\AirdropSettings.json
 SCRIPT       : 21:26:20.106 [EXPANSION DEBUG]: [ExpansionMissionSettings] Load existing setting file:$profile:ExpansionMod\Settings\MissionSettings.json
 SCRIPT       : 21:26:20.113 [EXPANSION DEBUG]: [ExpansionMapSettings] Load existing setting file:$mission:expansion\settings\MapSettings.json
 SCRIPT       : 21:26:20.153 [EXPANSION DEBUG]: [ExpansionPersonalStorageNewSettings] Load existing setting file:$profile:ExpansionMod\Settings\PersonalStorageNewSettings.json
 SCRIPT       : 21:26:20.157 [EXPANSION DEBUG]: [ExpansionGeneralSettings] Load existing setting file:$profile:ExpansionMod\Settings\GeneralSettings.json
 SCRIPT       : 21:26:20.161 [EXPANSION DEBUG]: [ExpansionPlayerListSettings] Load existing setting file:$profile:ExpansionMod\Settings\PlayerListSettings.json
 SCRIPT       : 21:26:20.164 [EXPANSION DEBUG]: [ExpansionSocialMediaSettings] Load existing setting file:$profile:ExpansionMod\Settings\SocialMediaSettings.json
 SCRIPT       : 21:26:20.169 [EXPANSION DEBUG]: [ExpansionSpawnSettings] Load existing setting file:$mission:expansion\settings\SpawnSettings.json
 SCRIPT       : 21:26:20.179 [EXPANSION DEBUG]: [ExpansionVehicleSettings] Load existing setting file:$profile:ExpansionMod\Settings\VehicleSettings.json
 SCRIPT       : 21:26:20.185 [EXPANSION DEBUG]: ExpansionAILocationSettings<0x000001E6AFBE7860> Load existing setting file:$mission:expansion\settings\AILocationSettings.json
 SCRIPT       : 21:26:20.530 [EXPANSION DEBUG]: [ExpansionAISettings] Load existing setting file:$profile:ExpansionMod\Settings\AISettings.json
 SCRIPT       : 21:26:20.534 [EXPANSION DEBUG]: [ExpansionAIPatrolSettings] Load existing setting file:$mission:expansion\settings\AIPatrolSettings.json
 SCRIPT       : 21:26:20.677 [EXPANSION DEBUG]: [ExpansionBaseBuildingSettings] Load existing setting file:$mission:expansion\settings\BaseBuildingSettings.json
 SCRIPT       : 21:26:20.683 [EXPANSION DEBUG]: [ExpansionRaidSettings] Load existing setting file:$profile:ExpansionMod\Settings\RaidSettings.json
 SCRIPT       : 21:26:20.687 [EXPANSION DEBUG]: [ExpansionTerritorySettings] Load existing setting file:$profile:ExpansionMod\Settings\TerritorySettings.json
 SCRIPT       : 21:26:20.703 [EXPANSION DEBUG]: [ExpansionChatSettings] Load existing setting file:$profile:ExpansionMod\Settings\ChatSettings.json
 SCRIPT       : Expansion version: 1.9.67
 SCRIPT       : [DefineTest] EXPANSIONMOD is defined
 SCRIPT       : [DefineTest] EXPANSIONMODAI is defined
 SCRIPT       : [DefineTest] EXPANSIONMODBASEBUILDING is defined
 SCRIPT       : [DefineTest] EXPANSIONMODBOOK is defined
 SCRIPT       : [DefineTest] EXPANSIONMODCHAT is defined
 SCRIPT       : [DefineTest] EXPANSIONMODCORE is defined
 SCRIPT       : [DefineTest] EXPANSIONMODGARAGE is defined
 SCRIPT       : [DefineTest] EXPANSIONMODGROUPS is defined
 SCRIPT       : [DefineTest] EXPANSIONMODHARDLINE is defined
 SCRIPT       : [DefineTest] EXPANSIONMODKILLFEED is defined
 SCRIPT       : [DefineTest] EXPANSIONMODMAPASSETS is defined
 SCRIPT       : [DefineTest] EXPANSIONMODMARKET is defined
 SCRIPT       : [DefineTest] EXPANSIONMODMISSIONS is defined
 SCRIPT       : [DefineTest] EXPANSIONMODNAMETAGS is defined
 SCRIPT       : [DefineTest] EXPANSIONMODNAVIGATION is defined
 SCRIPT       : [DefineTest] EXPANSIONMODP2PMARKET is defined
 SCRIPT       : [DefineTest] EXPANSIONMODPERSONALSTORAGE is defined
 SCRIPT       : [DefineTest] EXPANSIONMODQUESTS is defined
 SCRIPT       : [DefineTest] EXPANSIONMODSPAWNSELECTION is defined
 SCRIPT       : [DefineTest] EXPANSIONMODVEHICLE is defined
 SCRIPT       : [DefineTest] EXPANSIONMODWEAPONS is defined
 SCRIPT       : [DefineTest] CfgMods:
 SCRIPT       : defaultAction
 SCRIPT       : DayZ
 SCRIPT       : BF_Define
 SCRIPT       : DZ_Expansion_AI_Preload
 SCRIPT       : DZ_Expansion_BaseBuilding_Preload
 SCRIPT       : DZ_Expansion_Book_Preload
 SCRIPT       : DZ_Expansion_Chat_Preload
 SCRIPT       : DZ_Expansion_Core_Preload
 SCRIPT       : DZ_Expansion_Garage_Preload
 SCRIPT       : DZ_Expansion_Groups_Preload
 SCRIPT       : DZ_Expansion_Hardline_Preload
 SCRIPT       : DZ_Expansion_KillFeed_Preload
 SCRIPT       : DZ_Expansion_MapAssets_Preload
 SCRIPT       : DZ_Expansion_Market_Preload
 SCRIPT       : DZ_Expansion_Missions_Preload
 SCRIPT       : DZ_Expansion_ModStorage_Preload
 SCRIPT       : DZ_Expansion_NameTags_Preload
 SCRIPT       : DZ_Expansion_Navigation_Preload
 SCRIPT       : DZ_Expansion_P2PMarket_Preload
 SCRIPT       : DZ_Expansion_PersonalStorage_Preload
 SCRIPT       : DZ_Expansion_Preload
 SCRIPT       : DZ_Expansion_Quests_Preload
 SCRIPT       : DZ_Expansion_SpawnSelection_Preload
 SCRIPT       : DZ_Expansion_Vehicles_Preload
 SCRIPT       : DZ_Expansion_Weapons_Preload
 SCRIPT       : ALV_Better_Beards
 SCRIPT       : BVP_DoorPeek
 SCRIPT       : DabsFramework
 SCRIPT       : DZ_Expansion_DefineTest
 SCRIPT       : DZ_Expansion_MapAssets
 SCRIPT       : sakhal
 SCRIPT       : EditorLoader
 SCRIPT       : JM_CommunityFramework
 SCRIPT       : LightObjects
 SCRIPT       : TTC_Optics
 SCRIPT       : TTC_Pistols
 SCRIPT       : TTC_Rifles
 SCRIPT       : TTC_Shotguns
 SCRIPT       : TTC_SMG
 SCRIPT       : AVPPAdminTools
 SCRIPT       : WindstrideClothing
 SCRIPT       : ZenLazyAction
 SCRIPT       : ZenModCore
 SCRIPT       : ZenRepairWells
 SCRIPT       : ZenSkills
 SCRIPT       : ZenSleep
 SCRIPT       : DZ_Expansion_ModStorage
 SCRIPT       : earlywinter_scripts
 SCRIPT       : ZenZombieDoors
 SCRIPT       : BuildingFortifications
 SCRIPT       : DZ_Expansion_Core
 SCRIPT       : DZ_Expansion_Garage
 SCRIPT       : DZ_Expansion_Groups
 SCRIPT       : DZ_Expansion_Market
 SCRIPT       : DZ_Expansion_Missions
 SCRIPT       : DZ_Expansion_NameTags
 SCRIPT       : DZ_Expansion_Navigation
 SCRIPT       : DZ_Expansion_NotificationScheduler
 SCRIPT       : DZ_Expansion_P2PMarket
 SCRIPT       : DZ_Expansion_PersonalStorage
 SCRIPT       : DZ_Expansion_PersonalStorageNew
 SCRIPT       : DZ_Expansion_PlayerList
 SCRIPT       : DZ_Expansion
 SCRIPT       : DZ_Expansion_SpawnSelection
 SCRIPT       : DZ_Expansion_VanillaFixes
 SCRIPT       : DZ_Expansion_Vehicles
 SCRIPT       : DZ_Expansion_Weapons
 SCRIPT       : Furniture
 SCRIPT       : KnockKnockZombies
 SCRIPT       : QDLY_Melee_Weapons
 SCRIPT       : ACO_Core
 SCRIPT       : ACO_Headgear
 SCRIPT       : ACO_Lower
 SCRIPT       : ACO_Other
 SCRIPT       : ACO_Upper
 SCRIPT       : DZ_Expansion_AI
 SCRIPT       : DZ_Expansion_BaseBuilding
 SCRIPT       : DZ_Expansion_Book
 SCRIPT       : DZ_Expansion_Chat
 SCRIPT       : DZ_Expansion_Hardline
 SCRIPT       : DZ_Expansion_Quests
 SCRIPT       : DZ_Expansion_VirtualContainerStorage
 SCRIPT       : [ZEN|2026.05.27 21:26:20] [ZenObjectHookSpawner] Init.
 SCRIPT       : [ZEN|2026.05.27 21:26:30] [ZenModCore] OnInit.
 SCRIPT       : [ZEN|2026.05.27 21:26:30] MissionBase::OnInit
 SCRIPT       : [ZEN|2026.05.27 21:26:30] [ZenModCore] ********** FRESH WIPE DETECTED! **********
 SCRIPT       : [ZEN|2026.05.27 21:26:30] [ZenModCore::ZenConfigRegister] Registering ZenConfigRegister RPCs.
 SCRIPT       : [ZEN|2026.05.27 21:26:30] [ZenConfig] Loading config files for map: chernarusplus
 SCRIPT       : [ZEN|2026.05.27 21:26:30] [ZenConfig] Loading file: $profile:Zenarchist\Core\ZenCoreConfig.json
 SCRIPT       : [ZEN|2026.05.27 21:26:30] [ZenConfig] File loaded: ZenCoreConfig.json version=1.29.3
 SCRIPT       : [ZEN|2026.05.27 21:26:30] [ZenConfig] Loading file: $profile:Zenarchist\Skills\DB\\ZenSkillsHighscoresDB.json
 SCRIPT       : [ZEN|2026.05.27 21:26:30] [ZenConfig] File loaded: ZenSkillsHighscoresDB.json version=1.29.1
 SCRIPT       : [ZEN|2026.05.27 21:26:30] [ZenConfig] Loading file: $profile:Zenarchist\ZenSleepConfig.json
 SCRIPT       : [ZEN|2026.05.27 21:26:30] [ZenConfig] File loaded: ZenSleepConfig.json version=1.29.1
 SCRIPT       : [ZEN|2026.05.27 21:26:30] [ZenConfig] Loading file: $profile:Zenarchist\ZenZombieDoorsConfig.json
 SCRIPT       : [ZEN|2026.05.27 21:26:30] [ZenConfig] File loaded: ZenZombieDoorsConfig.json version=1.29.1
 SCRIPT       : [ZEN|2026.05.27 21:26:30] [ZenAdminCommandHandler] Init RPCs.
 SCRIPT       : [ZEN|2026.05.27 21:26:30] Server session count: 0
 SCRIPT       : [MissionServer] OnInit - Server
 SCRIPT       : [ZenWellsConfig] Init
 SCRIPT       : [ZenRepairWells] OnInit - Loaded config successfully.
 SCRIPT       : [ZenSkills] MissionServer::OnInit
 SCRIPT       : [BuildingFortificationsConfig] Create Building Fortifications configuration instance..
 SCRIPT       : [BuildingFortificationsConfig] Loading existing Building Fortifications configuration file..
 SCRIPT       : [BuildingFortificationsConfig] Load existing Building Fortifications configuration file..
 SCRIPT       : [AYSA] [KNOCK KNOCK ZOMBIES] 
 SCRIPT       : [AYSA] ----- Loading cfg -----
 SCRIPT       : [AYSA] --------------
 SCRIPT       : [AYSA] [KNOCK KNOCK ZOMBIES] enabled
 SCRIPT       : [AYSA] --------------
 SCRIPT       : [ZEN|2026.05.27 21:26:30] MissionBase::OnMissionStart
 SCRIPT       : [BVP] Doors Config Loaded
 SCRIPT       : Campfire_WithHeat::EEInit()
 SCRIPT       : Campfire_WithHeat::EEInit()
 SCRIPT       : 21:26:33.154 [EXPANSION DEBUG]: LoadMissionTradersFile trader ExpansionTraderStaticBase<0x000001E6C1F1F840> ExpansionExchang fileName Exchange
 SCRIPT       : 21:26:33.159 [ERROR] :: MARKET CONFIGURATION ERROR: Trader does not exist: Exchange
 SCRIPT       : 21:26:39.458 [EXPANSION DEBUG]: LoadMissionTradersFile trader ExpansionTraderDenis<0x000001E7407A6080> ExpansionTraderDenis: fileName Clothing
 SCRIPT       : 21:26:39.459 [EXPANSION DEBUG]: ExpansionTraderDenis<0x000001E7407A6080> ExpansionTraderDenis:::SetTraderObject ExpansionTraderObjectBase<0x000001E75B77ABB0> <3688.447021, 401.953003, 5979.035156>
 SCRIPT       : 21:26:39.544 [EXPANSION DEBUG]: LoadMissionTradersFile trader ExpansionTraderMaria<0x000001E6C59FE0A0> ExpansionTraderMaria: fileName Clothing_Accessories
 SCRIPT       : 21:26:39.545 [EXPANSION DEBUG]: ExpansionTraderMaria<0x000001E6C59FE0A0> ExpansionTraderMaria:::SetTraderObject ExpansionTraderObjectBase<0x000001E7662DB0F0> <3685.804932, 401.953003, 5981.424805>
 SCRIPT       : 21:26:39.592 [EXPANSION DEBUG]: LoadMissionTradersFile trader ExpansionTraderQuinn<0x000001E6C248BC30> ExpansionTraderQuinn: fileName Consumables
 SCRIPT       : 21:26:39.593 [EXPANSION DEBUG]: ExpansionTraderQuinn<0x000001E6C248BC30> ExpansionTraderQuinn:::SetTraderObject ExpansionTraderObjectBase<0x000001E7662E2650> <3705.351074, 402.023010, 5974.619141>
 SCRIPT       : 21:26:39.613 [EXPANSION DEBUG]: LoadMissionTradersFile trader ExpansionTraderQuinn<0x000001E75AFB1F40> ExpansionTraderQuinn: fileName Consumables
 SCRIPT       : 21:26:39.614 [EXPANSION DEBUG]: ExpansionTraderQuinn<0x000001E75AFB1F40> ExpansionTraderQuinn:::SetTraderObject ExpansionTraderObjectBase<0x000001E7665C6AA0> <3705.351074, 402.023010, 5974.619141>
 SCRIPT       : 21:26:39.689 [EXPANSION DEBUG]: LoadMissionTradersFile trader ExpansionTraderNaomi<0x000001E75AFAE930> ExpansionTraderNaomi: fileName Weapons
 SCRIPT       : 21:26:39.689 [EXPANSION DEBUG]: ExpansionTraderNaomi<0x000001E75AFAE930> ExpansionTraderNaomi:::SetTraderObject ExpansionTraderObjectBase<0x000001E7665CC2C0> <3694.393066, 401.959991, 5977.171875>
 SCRIPT       : 21:26:39.743 [EXPANSION DEBUG]: LoadMissionTradersFile trader ExpansionTraderSeth<0x000001E75AFAB320> ExpansionTraderSeth:19 fileName Attachments
 SCRIPT       : 21:26:39.743 [EXPANSION DEBUG]: ExpansionTraderSeth<0x000001E75AFAB320> ExpansionTraderSeth:19::SetTraderObject ExpansionTraderObjectBase<0x000001E766685E10> <3694.135986, 402.104004, 5973.784180>
 SCRIPT       : 21:26:39.814 [EXPANSION DEBUG]: LoadMissionTradersFile trader ExpansionTraderRolf<0x000001E75AFBF780> ExpansionTraderRolf:19 fileName Vehicles
 SCRIPT       : 21:26:39.815 [EXPANSION DEBUG]: ExpansionTraderRolf<0x000001E75AFBF780> ExpansionTraderRolf:19::SetTraderObject ExpansionTraderObjectBase<0x000001E7667CF970> <3720.393066, 401.410645, 6010.149414>
 SCRIPT       : 21:26:39.860 [EXPANSION DEBUG]: LoadMissionTradersFile trader ExpansionTraderIndar<0x000001E7668F8290> ExpansionTraderIndar: fileName Components
 SCRIPT       : 21:26:39.861 [EXPANSION DEBUG]: ExpansionTraderIndar<0x000001E7668F8290> ExpansionTraderIndar:::SetTraderObject ExpansionTraderObjectBase<0x000001E76687E0E0> <3705.658936, 401.959991, 5986.731934>
 SCRIPT       : 21:26:39.900 [EXPANSION DEBUG]: LoadMissionTradersFile trader ExpansionTraderJudy<0x000001E7669024C0> ExpansionTraderJudy:19 fileName Medicals
 SCRIPT       : 21:26:39.900 [EXPANSION DEBUG]: ExpansionTraderJudy<0x000001E7669024C0> ExpansionTraderJudy:19::SetTraderObject ExpansionTraderObjectBase<0x000001E766A79050> <3703.028076, 401.955994, 5980.686035>
 SCRIPT       : 21:26:39.910 [EXPANSION DEBUG]: LoadMissionTradersFile trader ExpansionTraderNaomi<0x000001E7668FB8A0> ExpansionTraderNaomi: fileName Vehicle_Parts
 SCRIPT       : 21:26:39.910 [EXPANSION DEBUG]: ExpansionTraderNaomi<0x000001E7668FB8A0> ExpansionTraderNaomi:::SetTraderObject ExpansionTraderObjectBase<0x000001E766A7B330> <3704.439941, 402.024902, 5959.735840>
 SCRIPT       : 21:26:39.945 [EXPANSION DEBUG]: LoadMissionTradersFile trader ExpansionTraderJose<0x000001E7668FEEB0> ExpansionTraderJose:19 fileName Spraycans
 SCRIPT       : 21:26:39.945 [EXPANSION DEBUG]: ExpansionTraderJose<0x000001E7668FEEB0> ExpansionTraderJose:19::SetTraderObject ExpansionTraderObjectBase<0x000001E766A84C90> <3733.934082, 402.484985, 6018.082031>
 SCRIPT       : 21:26:39.980 [EXPANSION DEBUG]: LoadMissionTradersFile trader ExpansionTraderLinda<0x000001E7668EE060> ExpansionTraderLinda: fileName Special
 SCRIPT       : 21:26:39.981 [EXPANSION DEBUG]: ExpansionTraderLinda<0x000001E7668EE060> ExpansionTraderLinda:::SetTraderObject ExpansionTraderObjectBase<0x000001E766C339F0> <3711.202148, 401.942261, 5972.026855>
 SCRIPT       : 21:26:40.015 [EXPANSION DEBUG]: LoadMissionTradersFile trader ExpansionTraderNiki<0x000001E766905AD0> ExpansionTraderNiki:20 fileName BuildingSupplies
 SCRIPT       : 21:26:40.015 [EXPANSION DEBUG]: ExpansionTraderNiki<0x000001E766905AD0> ExpansionTraderNiki:20::SetTraderObject ExpansionTraderObjectBase<0x000001E766DFB310> <3711.041504, 402.024963, 5961.082031>
 SCRIPT       : [ExpansionQuestPersistentServerData] Load existing configuration file:$profile:ExpansionMod\Quests\PersistentServerData.json
 SCRIPT       : [ExpansionQuestPersistentServerData] Load existing configuration file:$profile:ExpansionMod\Quests\PersistentServerData.json
 SCRIPT       : [ExpansionQuestObjectiveTravelConfig] Load existing configuration file:$profile:ExpansionMod\Quests\Objectives\Travel\1-Travel-Canabal-1.json
 SCRIPT       : [ExpansionQuestObjectiveTravelConfig] Load existing configuration file:$profile:ExpansionMod\Quests\Objectives\Travel\10-Travel-HammerTime.json
 SCRIPT       : [ExpansionQuestObjectiveTravelConfig] Load existing configuration file:$profile:ExpansionMod\Quests\Objectives\Travel\2-Travel-Canabal-2.json
 SCRIPT       : [ExpansionQuestObjectiveTravelConfig] Load existing configuration file:$profile:ExpansionMod\Quests\Objectives\Travel\3-Travel-SafeZone.json
 SCRIPT       : [ExpansionQuestObjectiveTravelConfig] Load existing configuration file:$profile:ExpansionMod\Quests\Objectives\Travel\5-Travel-Police_5.json
 SCRIPT       : [ExpansionQuestObjectiveTravelConfig] Load existing configuration file:$profile:ExpansionMod\Quests\Objectives\Travel\6-Travel-SwampBandits_6.json
 SCRIPT       : [ExpansionQuestObjectiveTravelConfig] Load existing configuration file:$profile:ExpansionMod\Quests\Objectives\Travel\60-Travel-BelayaPoyana.json
 SCRIPT       : [ExpansionQuestObjectiveTravelConfig] Load existing configuration file:$profile:ExpansionMod\Quests\Objectives\Travel\7-Travel-Skalisty.json
 SCRIPT       : [ExpansionQuestObjectiveTravelConfig] Load existing configuration file:$profile:ExpansionMod\Quests\Objectives\Travel\70-Travel-Medical_Ambulance.json
 SCRIPT       : [ExpansionQuestObjectiveTravelConfig] Load existing configuration file:$profile:ExpansionMod\Quests\Objectives\Travel\71-Travel-School_Ambush.json
 SCRIPT       : [ExpansionQuestObjectiveTravelConfig] Load existing configuration file:$profile:ExpansionMod\Quests\Objectives\Travel\72-Travel-Lost_in_The_Sea.json
 SCRIPT       : [ExpansionQuestObjectiveTravelConfig] Load existing configuration file:$profile:ExpansionMod\Quests\Objectives\Travel\73-Travel-The_Lost_Survivor.json
 SCRIPT       : [ExpansionQuestObjectiveTravelConfig] Load existing configuration file:$profile:ExpansionMod\Quests\Objectives\Travel\74-Travel-PilotCrash.json
 SCRIPT       : [ExpansionQuestObjectiveTravelConfig] Load existing configuration file:$profile:ExpansionMod\Quests\Objectives\Travel\75-Travel-PilotCrash_1.json
 SCRIPT       : [ExpansionQuestObjectiveTravelConfig] Load existing configuration file:$profile:ExpansionMod\Quests\Objectives\Travel\76-Travel-PilotCrash_2.json
 SCRIPT       : [ExpansionQuestObjectiveTravelConfig] Load existing configuration file:$profile:ExpansionMod\Quests\Objectives\Travel\77-Travel-Medical_Ambulance_3.json
 SCRIPT       : [ExpansionQuestObjectiveTravelConfig] Load existing configuration file:$profile:ExpansionMod\Quests\Objectives\Travel\78-Travel-Medical_Ambulance_Speak_With_Doctor.json
 SCRIPT       : [ExpansionQuestObjectiveTravelConfig] Load existing configuration file:$profile:ExpansionMod\Quests\Objectives\Travel\79-Travel-Medical_Ambulance_2.json
 SCRIPT       : [ExpansionQuestObjectiveTravelConfig] Load existing configuration file:$profile:ExpansionMod\Quests\Objectives\Travel\8-Travel-T_8.json
 SCRIPT       : [ExpansionQuestObjectiveTravelConfig] Load existing configuration file:$profile:ExpansionMod\Quests\Objectives\Travel\9-Travel-PowerPlant_9.json
 SCRIPT       : [ExpansionQuestObjectiveTargetConfig] Load existing configuration file:$profile:ExpansionMod\Quests\Objectives\Target\1-Target-infected-1.json
 SCRIPT       : [ExpansionQuestObjectiveTargetConfig] Load existing configuration file:$profile:ExpansionMod\Quests\Objectives\Target\10-Target-zAnimals-10.json
 SCRIPT       : [ExpansionQuestObjectiveTargetConfig] Load existing configuration file:$profile:ExpansionMod\Quests\Objectives\Target\11-Target-zPatolAi-11.json
 SCRIPT       : [ExpansionQuestObjectiveTargetConfig] Load existing configuration file:$profile:ExpansionMod\Quests\Objectives\Target\12-Target-zPatolAi-12.json
 SCRIPT       : [ExpansionQuestObjectiveTargetConfig] Load existing configuration file:$profile:ExpansionMod\Quests\Objectives\Target\13-Target-zPatolAi-13.json
 SCRIPT       : [ExpansionQuestObjectiveTargetConfig] Load existing configuration file:$profile:ExpansionMod\Quests\Objectives\Target\14-The-Easter-Bunny-14.json
 SCRIPT       : [ExpansionQuestObjectiveTargetConfig] Load existing configuration file:$profile:ExpansionMod\Quests\Objectives\Target\15-Target-zSnakes-15.json
 SCRIPT       : [ExpansionQuestObjectiveTargetConfig] Load existing configuration file:$profile:ExpansionMod\Quests\Objectives\Target\2-Target-infected-2.json
 SCRIPT       : [ExpansionQuestObjectiveTargetConfig] Load existing configuration file:$profile:ExpansionMod\Quests\Objectives\Target\3-Target-infected-3.json
 SCRIPT       : [ExpansionQuestObjectiveTargetConfig] Load existing configuration file:$profile:ExpansionMod\Quests\Objectives\Target\32-Target-PowerPlant.json
 SCRIPT       : [ExpansionQuestObjectiveTargetConfig] Load existing configuration file:$profile:ExpansionMod\Quests\Objectives\Target\4-Target-infected-4.json
 SCRIPT       : [ExpansionQuestObjectiveTargetConfig] Load existing configuration file:$profile:ExpansionMod\Quests\Objectives\Target\5-Target-Mutants-5.json
 SCRIPT       : [ExpansionQuestObjectiveTargetConfig] Load existing configuration file:$profile:ExpansionMod\Quests\Objectives\Target\7-Target-zAnimals-07.json
 SCRIPT       : [ExpansionQuestObjectiveTargetConfig] Load existing configuration file:$profile:ExpansionMod\Quests\Objectives\Target\74-Target-PilotCrash.json
 SCRIPT       : [ExpansionQuestObjectiveTargetConfig] Load existing configuration file:$profile:ExpansionMod\Quests\Objectives\Target\75-Target-PilotCrash_1.json
 SCRIPT       : [ExpansionQuestObjectiveTargetConfig] Load existing configuration file:$profile:ExpansionMod\Quests\Objectives\Target\8-Target-zAnimals-08.json
 SCRIPT       : [ExpansionQuestObjectiveTargetConfig] Load existing configuration file:$profile:ExpansionMod\Quests\Objectives\Target\80-Target-Medical_Ambulance_2.json
 SCRIPT       : [ExpansionQuestObjectiveTargetConfig] Load existing configuration file:$profile:ExpansionMod\Quests\Objectives\Target\81-Target-Medical_Ambulance_3.json
 SCRIPT       : [ExpansionQuestObjectiveTargetConfig] Load existing configuration file:$profile:ExpansionMod\Quests\Objectives\Target\82-Target-FirstBlood.json
 SCRIPT       : [ExpansionQuestObjectiveTargetConfig] Load existing configuration file:$profile:ExpansionMod\Quests\Objectives\Target\83-Target-RealSurvivor.json
 SCRIPT       : [ExpansionQuestObjectiveTargetConfig] Load existing configuration file:$profile:ExpansionMod\Quests\Objectives\Target\84-Target-NoMercy.json
 SCRIPT       : [ExpansionQuestObjectiveTargetConfig] Load existing configuration file:$profile:ExpansionMod\Quests\Objectives\Target\85-Target-FirstKill-eAI.json
 SCRIPT       : [ExpansionQuestObjectiveTargetConfig] Load existing configuration file:$profile:ExpansionMod\Quests\Objectives\Target\86-Target-AIHunter-eAI.json
 SCRIPT       : [ExpansionQuestObjectiveTargetConfig] Load existing configuration file:$profile:ExpansionMod\Quests\Objectives\Target\87-Target-AISlayer-eAI.json
 SCRIPT       : [ExpansionQuestObjectiveTargetConfig] Load existing configuration file:$profile:ExpansionMod\Quests\Objectives\Target\88-Target-FirstWolf.json
 SCRIPT       : [ExpansionQuestObjectiveTargetConfig] Load existing configuration file:$profile:ExpansionMod\Quests\Objectives\Target\89-Target-WolfPack.json
 SCRIPT       : [ExpansionQuestObjectiveTargetConfig] Load existing configuration file:$profile:ExpansionMod\Quests\Objectives\Target\9-Target-Fox-09.json
 SCRIPT       : [ExpansionQuestObjectiveTargetConfig] Load existing configuration file:$profile:ExpansionMod\Quests\Objectives\Target\90-Target-WolfSlayer.json
 SCRIPT       : [ExpansionQuestObjectiveTargetConfig] Load existing configuration file:$profile:ExpansionMod\Quests\Objectives\Target\91-Target-FirstBear.json
 SCRIPT       : [ExpansionQuestObjectiveTargetConfig] Load existing configuration file:$profile:ExpansionMod\Quests\Objectives\Target\92-Target-BearHunter.json
 SCRIPT       : [ExpansionQuestObjectiveTargetConfig] Load existing configuration file:$profile:ExpansionMod\Quests\Objectives\Target\93-Target-BearSlayer.json
 SCRIPT       : [ExpansionQuestObjectiveDeliveryConfig] Load existing configuration file:$profile:ExpansionMod\Quests\Objectives\Delivery\1-Delivery-Steve-1.json
 SCRIPT       : [ExpansionQuestObjectiveDeliveryConfig] Load existing configuration file:$profile:ExpansionMod\Quests\Objectives\Delivery\2-Delivery-Peter-1.json
 SCRIPT       : [ExpansionQuestObjectiveDeliveryConfig] Load existing configuration file:$profile:ExpansionMod\Quests\Objectives\Delivery\5-Delivery-Note.json
 SCRIPT       : [ExpansionQuestObjectiveCollectionConfig] Load existing configuration file:$profile:ExpansionMod\Quests\Objectives\Collection\1-Collection-MetalWire.json
 SCRIPT       : [ExpansionQuestObjectiveCollectionConfig] Load existing configuration file:$profile:ExpansionMod\Quests\Objectives\Collection\10-Repair_Weapon.json
 SCRIPT       : [ExpansionQuestObjectiveCollectionConfig] Load existing configuration file:$profile:ExpansionMod\Quests\Objectives\Collection\12-Repair_Vest911.json
 SCRIPT       : [ExpansionQuestObjectiveCollectionConfig] Load existing configuration file:$profile:ExpansionMod\Quests\Objectives\Collection\13-Repair_ClothesBag912.json
 SCRIPT       : [ExpansionQuestObjectiveCollectionConfig] Load existing configuration file:$profile:ExpansionMod\Quests\Objectives\Collection\14-Medical_Heal913.json
 SCRIPT       : [ExpansionQuestObjectiveCollectionConfig] Load existing configuration file:$profile:ExpansionMod\Quests\Objectives\Collection\15-TP_1.json
 SCRIPT       : [ExpansionQuestObjectiveCollectionConfig] Load existing configuration file:$profile:ExpansionMod\Quests\Objectives\Collection\16-TP_2.json
 SCRIPT       : [ExpansionQuestObjectiveCollectionConfig] Load existing configuration file:$profile:ExpansionMod\Quests\Objectives\Collection\2-Collection-Mackerel.json
 SCRIPT       : [ExpansionQuestObjectiveCollectionConfig] Load existing configuration file:$profile:ExpansionMod\Quests\Objectives\Collection\3-Collection-Reindeer.json
 SCRIPT       : [ExpansionQuestObjectiveCollectionConfig] Load existing configuration file:$profile:ExpansionMod\Quests\Objectives\Collection\4-Collection-BearPelt.json
 SCRIPT       : [ExpansionQuestObjectiveCollectionConfig] Load existing configuration file:$profile:ExpansionMod\Quests\Objectives\Collection\5-Collection-DeerPelt.json
 SCRIPT       : [ExpansionQuestObjectiveCollectionConfig] Load existing configuration file:$profile:ExpansionMod\Quests\Objectives\Collection\6-Collection-Lock.json
 SCRIPT       : [ExpansionQuestObjectiveCollectionConfig] Load existing configuration file:$profile:ExpansionMod\Quests\Objectives\Collection\7-Collection-CrocodileSkin.json
 SCRIPT       : [ExpansionQuestObjectiveCollectionConfig] Load existing configuration file:$profile:ExpansionMod\Quests\Objectives\Collection\8-Fishing-Time.json
 SCRIPT       : [ExpansionQuestObjectiveCollectionConfig] Load existing configuration file:$profile:ExpansionMod\Quests\Objectives\Collection\9-Collection-Rat.json
 SCRIPT       : [ExpansionQuestObjectiveTreasureHuntConfig] Load existing configuration file:$profile:ExpansionMod\Quests\Objectives\TreasureHunt\1-TH_1.json
 SCRIPT       : [ExpansionQuestObjectiveTreasureHuntConfig] Load existing configuration file:$profile:ExpansionMod\Quests\Objectives\TreasureHunt\2-Thief of grave.json
 SCRIPT       : [ExpansionQuestObjectiveTreasureHuntConfig] Load existing configuration file:$profile:ExpansionMod\Quests\Objectives\TreasureHunt\3-Stolen-Ammunition.json
 SCRIPT       : [ExpansionQuestObjectiveActionConfig] Load existing configuration file:$profile:ExpansionMod\Quests\Objectives\Action\1-Medic.json
 SCRIPT       : [ExpansionQuestObjectiveActionConfig] Load existing configuration file:$profile:ExpansionMod\Quests\Objectives\Action\10-Medic.json
 SCRIPT       : [ExpansionQuestObjectiveActionConfig] Load existing configuration file:$profile:ExpansionMod\Quests\Objectives\Action\11-Medic.json
 SCRIPT       : [ExpansionQuestObjectiveActionConfig] Load existing configuration file:$profile:ExpansionMod\Quests\Objectives\Action\12-Medic.json
 SCRIPT       : [ExpansionQuestObjectiveActionConfig] Load existing configuration file:$profile:ExpansionMod\Quests\Objectives\Action\13-Medic.json
 SCRIPT       : [ExpansionQuestObjectiveActionConfig] Load existing configuration file:$profile:ExpansionMod\Quests\Objectives\Action\14-Medic.json
 SCRIPT       : [ExpansionQuestObjectiveActionConfig] Load existing configuration file:$profile:ExpansionMod\Quests\Objectives\Action\15-Medic.json
 SCRIPT       : [ExpansionQuestObjectiveActionConfig] Load existing configuration file:$profile:ExpansionMod\Quests\Objectives\Action\16-Medic.json
 SCRIPT       : [ExpansionQuestObjectiveActionConfig] Load existing configuration file:$profile:ExpansionMod\Quests\Objectives\Action\17-Medic.json
 SCRIPT       : [ExpansionQuestObjectiveActionConfig] Load existing configuration file:$profile:ExpansionMod\Quests\Objectives\Action\18-Horticulture.json
 SCRIPT       : [ExpansionQuestObjectiveActionConfig] Load existing configuration file:$profile:ExpansionMod\Quests\Objectives\Action\19-Horticulture.json
 SCRIPT       : [ExpansionQuestObjectiveActionConfig] Load existing configuration file:$profile:ExpansionMod\Quests\Objectives\Action\2-Medic.json
 SCRIPT       : [ExpansionQuestObjectiveActionConfig] Load existing configuration file:$profile:ExpansionMod\Quests\Objectives\Action\20-Horticulture.json
 SCRIPT       : [ExpansionQuestObjectiveActionConfig] Load existing configuration file:$profile:ExpansionMod\Quests\Objectives\Action\21-Horticulture.json
 SCRIPT       : [ExpansionQuestObjectiveActionConfig] Load existing configuration file:$profile:ExpansionMod\Quests\Objectives\Action\22-Horticulture.json
 SCRIPT       : [ExpansionQuestObjectiveActionConfig] Load existing configuration file:$profile:ExpansionMod\Quests\Objectives\Action\23-Horticulture.json
 SCRIPT       : [ExpansionQuestObjectiveActionConfig] Load existing configuration file:$profile:ExpansionMod\Quests\Objectives\Action\24-Horticulture.json
 SCRIPT       : [ExpansionQuestObjectiveActionConfig] Load existing configuration file:$profile:ExpansionMod\Quests\Objectives\Action\26-Vehicle_StartBoat.json
 SCRIPT       : [ExpansionQuestObjectiveActionConfig] Load existing configuration file:$profile:ExpansionMod\Quests\Objectives\Action\3-Medic.json
 SCRIPT       : [ExpansionQuestObjectiveActionConfig] Load existing configuration file:$profile:ExpansionMod\Quests\Objectives\Action\4-Medic.json
 SCRIPT       : [ExpansionQuestObjectiveActionConfig] Load existing configuration file:$profile:ExpansionMod\Quests\Objectives\Action\5-Medic.json
 SCRIPT       : [ExpansionQuestObjectiveActionConfig] Load existing configuration file:$profile:ExpansionMod\Quests\Objectives\Action\6-Medic.json
 SCRIPT       : [ExpansionQuestObjectiveActionConfig] Load existing configuration file:$profile:ExpansionMod\Quests\Objectives\Action\7-Medic.json
 SCRIPT       : [ExpansionQuestObjectiveActionConfig] Load existing configuration file:$profile:ExpansionMod\Quests\Objectives\Action\8-Medic.json
 SCRIPT       : [ExpansionQuestObjectiveActionConfig] Load existing configuration file:$profile:ExpansionMod\Quests\Objectives\Action\9-Medic.json
 SCRIPT       : [ExpansionQuestObjectiveCraftingConfig] Load existing configuration file:$profile:ExpansionMod\Quests\Objectives\Crafting\1-Crafting-FishingRod.json
 SCRIPT       : [ExpansionQuestObjectiveAIPatrolConfig] Load existing configuration file:$profile:ExpansionMod\Quests\Objectives\AIPatrol\1-AIpatrol.json
 SCRIPT       : [ExpansionQuestObjectiveAIPatrolConfig] Load existing configuration file:$profile:ExpansionMod\Quests\Objectives\AIPatrol\2-AIpatrol-PatrolSwamp_2.json
 SCRIPT       : [ExpansionQuestObjectiveAICampConfig] Load existing configuration file:$profile:ExpansionMod\Quests\Objectives\AICamp\1-AICamp-Canabal-1.json
 SCRIPT       : [ExpansionQuestObjectiveAICampConfig] Load existing configuration file:$profile:ExpansionMod\Quests\Objectives\AICamp\2-AICamp-Canabal-2.json
 SCRIPT       : [ExpansionQuestObjectiveAICampConfig] Load existing configuration file:$profile:ExpansionMod\Quests\Objectives\AICamp\3-AICamp-AIC_Example_3.json
 SCRIPT       : [ExpansionQuestObjectiveAICampConfig] Load existing configuration file:$profile:ExpansionMod\Quests\Objectives\AICamp\40-AICamp-AIC_Police_2.json
 SCRIPT       : [ExpansionQuestObjectiveAICampConfig] Load existing configuration file:$profile:ExpansionMod\Quests\Objectives\AICamp\5-AICamp-AIC_Plant_5.json
 SCRIPT       : [ExpansionQuestObjectiveAICampConfig] Load existing configuration file:$profile:ExpansionMod\Quests\Objectives\AICamp\50-AICamp-BelayaPolyana_1.json
 SCRIPT       : [ExpansionQuestObjectiveAICampConfig] Load existing configuration file:$profile:ExpansionMod\Quests\Objectives\AICamp\70-AICamp-Medical_Ambulance.json
 SCRIPT       : [ExpansionQuestObjectiveAICampConfig] Load existing configuration file:$profile:ExpansionMod\Quests\Objectives\AICamp\71-AICamp-School_Ambush.json
 SCRIPT       : [ExpansionQuestObjectiveAICampConfig] Load existing configuration file:$profile:ExpansionMod\Quests\Objectives\AICamp\72-AICamp-Medical_Ambulance_2.json
 SCRIPT       : [ExpansionQuestObjectiveAICampConfig] Load existing configuration file:$profile:ExpansionMod\Quests\Objectives\AICamp\73-AICamp-The_Lost_Survivor.json
 SCRIPT       : [ExpansionQuestObjectiveAICampConfig] Load existing configuration file:$profile:ExpansionMod\Quests\Objectives\AICamp\74-AICamp-AIPowerPlant_3.json
 SCRIPT       : [ExpansionQuestObjectiveAICampConfig] Load existing configuration file:$profile:ExpansionMod\Quests\Objectives\AICamp\75-AIPatrol-PatrolSwamp_2.json
 SCRIPT       : [ExpansionQuestObjectiveAICampConfig] Load existing configuration file:$profile:ExpansionMod\Quests\Objectives\AICamp\76-AICamp-PilotCrash_2.json
 SCRIPT       : [ExpansionQuestObjectiveAIEscortConfig] Load existing configuration file:$profile:ExpansionMod\Quests\Objectives\AIVIP\1-VIP.json
 SCRIPT       : [ExpansionQuestObjectiveAIEscortConfig] Load existing configuration file:$profile:ExpansionMod\Quests\Objectives\AIVIP\2-VIP.json
 SCRIPT       : [ExpansionQuestObjectiveAIEscortConfig] Load existing configuration file:$profile:ExpansionMod\Quests\Objectives\AIVIP\3-VIP - Medical_Ambulance.json
 SCRIPT       : [ExpansionQuestObjectiveAIEscortConfig] Load existing configuration file:$profile:ExpansionMod\Quests\Objectives\AIVIP\4-VIP.json
 SCRIPT       : [ExpansionQuestObjectiveAIEscortConfig] Load existing configuration file:$profile:ExpansionMod\Quests\Objectives\AIVIP\5-VIP.json
 SCRIPT       : [ExpansionQuestObjectiveAIEscortConfig] Load existing configuration file:$profile:ExpansionMod\Quests\Objectives\AIVIP\6-VIP - The_Lost_Survivor.json
 SCRIPT       : [ExpansionQuestObjectiveAIEscortConfig] Load existing configuration file:$profile:ExpansionMod\Quests\Objectives\AIVIP\7-VIP - PilotCrash.json
 SCRIPT       : [ExpansionQuestObjectiveAIEscortConfig] Load existing configuration file:$profile:ExpansionMod\Quests\Objectives\AIVIP\8-VIP - PilotCrash_1.json
 SCRIPT       : [ExpansionQuestObjectiveAIEscortConfig] Load existing configuration file:$profile:ExpansionMod\Quests\Objectives\AIVIP\9-VIP - PilotCrash_2.json
 SCRIPT       : [ExpansionQuestNPCData] Load existing configuration file:QuestNPC_1.json
 SCRIPT       : [ExpansionQuestNPCData] Load existing configuration file:QuestNPC_2.json
 SCRIPT       : [ExpansionQuestNPCData] Load existing configuration file:QuestNPC_3.json
 SCRIPT       : [ExpansionQuestNPCData] Load existing configuration file:QuestNPC_4000.json
 SCRIPT       : [ExpansionQuestNPCData] Load existing configuration file:QuestNPC_4001.json
 SCRIPT       : [ExpansionQuestNPCData] Load existing configuration file:QuestNPC_4003.json
 SCRIPT       : 21:26:57.407 [ExpansionQuestModule<0x000001E2CE3F26B0>] :: [INFO] :: [Expansion Quests] NPC with ID 4003 is set to inactive. Skip..
 SCRIPT       : [ExpansionQuestNPCData] Load existing configuration file:QuestNPC_4005.json
 SCRIPT       : [ExpansionQuestNPCData] Load existing configuration file:QuestNPC_4006.json
 SCRIPT       : [MissionServer] OnMissionStart - Server
 SCRIPT       : string dirtyName = 'Bullzed-Test'
 SCRIPT       : [ZEN|2026.05.27 21:26:57] [ZenModCore] OnMissionStart.
SCRIPT       : ExpansionZonePolygon<0x000001E92F62F330> position=<12015.854492, 0.000000, 12591.097656> radius=419.633
SCRIPT       : ExpansionZoneCircle<0x000001E94C964E80> position=<1143.140015, 0.000000, 2423.270020> radius=700
SCRIPT       : ExpansionZoneCircle<0x000001E94C964DC0> position=<3728.270020, 0.000000, 6003.600098> radius=500
SCRIPT       : Found 3 zones!
SCRIPT       : ExpansionMarketItem marketItem = ExpansionMarketItem<0x000001E4867C9B50>
SCRIPT       : int worth =   1
SCRIPT       : Module: $profile:ExpansionMod\AI\FSM\Master.c; loaded 1x files; 153x classes; used 119/262 kB (45%) of static memory; defines: "DAYZ_1_29,SERVER_FOR_WINDOWS,SERVER,PLATFORM_WINDOWS,RELEASE,NO_GUI,NO_GUI_INGAME,BF_Define,DZ_Expansion_AI_Prel
SCRIPT       : 21:28:10.315 [ERROR] :: Unknown loadout requested ('Medic_Trader')
Function: 'Apply'
Stack trace:
DayZExpansion/Core/Scripts/4_World/dayzexpansion_core\classes\loadout\expansionloadout.c:3212
SCRIPT       : 21:28:10.444 [ERROR] :: Unknown loadout requested ('MMG_SNAFU_Atack')
Function: 'Apply'
Stack trace:
DayZExpansion/Core/Scripts/4_World/dayzexpansion_core\classes\loadout\expansionloadout.c:3212
SCRIPT       : [WeaponFSM::ValidateAndRepairHelper] :: [INFO] :: [wpnfsm] ValidateAndRepair Attempting to repair: Scout:62614 (owner ExpansionQuestNPCAIHassan<0x000001E954ABA010> ExpansionQuestNPCAIHassan:62613) - MagazineRepair - BAREM_CLO_BUF_MA0<0x0000
SCRIPT       : m_LoginTimeMs: 16200
 SCRIPT       : 21:28:38.559 [EXPANSION DEBUG]: ExpansionHardlineModule<0x000001E2CE308B60> ::LoadPlayerData - Loaded player hardline data for player Juts[ANwBQqVVStKCILjNoABDu3SscjO3bFF-nGQjnjwyOUM=]
 SCRIPT       : [AYSA] [KNOCK KNOCK ZOMBIES] 
 SCRIPT       : [AYSA] ----- Sending cfg -----
 SCRIPT       : [AYSA] ----- Juts -----
SCRIPT       : [ZEN|2026.05.27 21:29:03] [ZenObjectHookSpawner] No hook configs to dump positions of.
 SCRIPT       : [BVP Doors] Sent full config to client: Juts
 SCRIPT       : 21:29:06.239 [EXPANSION DEBUG]: ExpansionPartyData<0x000001E784E98360>::OnJoin party Ratas de laboratiorio (ID 0) player Juts (ID ANwBQqVVStKCILjNoABDu3SscjO3bFF-nGQjnjwyOUM=)
 SCRIPT       : [ZEN|2026.05.27 21:29:06] [ZenModCore::ZenConfigRegister] Sent 3 config files to id=ANwBQqVVStKCILjNoABDu3SscjO3bFF-nGQjnjwyOUM=
 SCRIPT       : CustomMission<0x000001E6418B34D0>::SyncBFConfig - Send Building
 SCRIPT       : [VPPAT] Player "Juts" (steamId=76561198119114852) connected to server!
 SCRIPT       : [PlayerListManager] AddReceiver ► added: PlayerIdentity<0x000001E953E807B0>
SCRIPT       : [ZenSleep::ZenSleepEffectHandlerServer] Initialized ANwBQqVVStKCILjNoABDu3SscjO3bFF-nGQjnjwyOUM=
SCRIPT       : 21:29:10.212 [ExpansionEntityStorage] HITCH: 583.778ms
 SCRIPT       : [Permissions Manager] Admin (Juts) (76561198119114852) Successfully Logged in!
SCRIPT       : 21:29:39.589 [ExpansionEntityStorage] HITCH: 233.737ms
SCRIPT       : 21:30:08.397 [ExpansionEntityStorage] HITCH: 260.153ms
SCRIPT       : 21:30:37.964 [ExpansionEntityStorage] HITCH: 684.808ms
SCRIPT       : 21:31:07.408 [ExpansionEntityStorage] HITCH: 261.907ms
 SCRIPT       : 21:31:25.566 [EXPANSION DEBUG]: ExpansionHardlineModule<0x000001E2CE308B60> ::LoadPlayerData - Loaded player hardline data for player Luisokhans[RtfYOYlH1-UQIr5-dCP4WXazcchC6u6wDXef5qFUQ1g=]
SCRIPT       : 21:31:37.968 [ExpansionEntityStorage] HITCH: 1011.57ms
 SCRIPT       : [AYSA] [KNOCK KNOCK ZOMBIES] 
 SCRIPT       : [AYSA] ----- Sending cfg -----
 SCRIPT       : [AYSA] ----- Luisokhans -----
 SCRIPT       : [BVP Doors] Sent full config to client: Luisokhans
 SCRIPT       : 21:31:55.730 [EXPANSION DEBUG]: ExpansionPartyData<0x000001E784E98360>::OnJoin party Ratas de laboratiorio (ID 0) player Luisokhans (ID RtfYOYlH1-UQIr5-dCP4WXazcchC6u6wDXef5qFUQ1g=)
 SCRIPT       : [ZEN|2026.05.27 21:31:55] [ZenModCore::ZenConfigRegister] Sent 3 config files to id=RtfYOYlH1-UQIr5-dCP4WXazcchC6u6wDXef5qFUQ1g=
 SCRIPT       : CustomMission<0x000001E6418B34D0>::SyncBFConfig - Send Building
 SCRIPT       : [VPPAT] Player "Luisokhans" (steamId=76561198028932484) connected to server!
SCRIPT       : [ZenSleep::ZenSleepEffectHandlerServer] Initialized RtfYOYlH1-UQIr5-dCP4WXazcchC6u6wDXef5qFUQ1g=
SCRIPT       : 21:32:09.478 [ExpansionEntityStorage] HITCH: 340.986ms
SCRIPT       : 21:32:40.178 [ExpansionEntityStorage] HITCH: 366.688ms
SCRIPT       : 21:33:13.518 [ExpansionEntityStorage] HITCH: 1472.85ms
   SCRIPT       : [inv] ReplaceItemWithNewLambdaBase Step B) remove OK, loc={ type=HANDS item=DogFoodCan:43830 parent=SurvivorM_Quinn:83465:INSTANCETYPE_SERVER }
SCRIPT       : 21:33:41.586 [EXPANSION DEBUG]: [ExpansionMissionEventAirdrop] Adjusted container weights:
SCRIPT       : 21:33:41.586 [EXPANSION DEBUG]: ExpansionAirdropContainer 174
SCRIPT       : 21:33:41.586 [EXPANSION DEBUG]: ExpansionAirdropContainer_Medical 178
SCRIPT       : 21:33:41.586 [EXPANSION DEBUG]: ExpansionAirdropContainer_Basebuilding 173
SCRIPT       : 21:33:41.586 [EXPANSION DEBUG]: ExpansionAirdropContainer_Military 169
SCRIPT       : 21:33:41.586 [EXPANSION DEBUG]: ExpansionAirdropPlane::Expansion_GetSpawnPoint - drop position <9371.000000, 0.000000, 2229.000000> - map is chernarusplus - size 15360 - center <7100.000000, 300.000000, 7750.000000>
SCRIPT       : 21:33:41.586 [EXPANSION DEBUG]: ExpansionAirdropPlane::Expansion_GetSpawnPoint - selected spawn point <0.000000, 917.261658, 14835.520508>
SCRIPT       : 21:33:44.579 [ExpansionEntityStorage] HITCH: 284.025ms
SCRIPT       : 21:34:15.331 [ExpansionEntityStorage] HITCH: 333.787ms
SCRIPT       : 21:34:46.332 [ExpansionEntityStorage] HITCH: 422.434ms
SCRIPT       : 21:35:19.278 [ExpansionEntityStorage] HITCH: 406.435ms
SCRIPT       : 21:35:51.604 [ExpansionEntityStorage] HITCH: 1302.83ms
   SCRIPT       : [inv] ReplaceItemWithNewLambdaBase Step B) remove OK, loc={ type=HANDS item=LongWoodenStick:85007 parent=SurvivorM_Mirek:84455:INSTANCETYPE_SERVER }
SCRIPT       : 21:36:53.015 [ExpansionEntityStorage] HITCH: 305.99ms
SCRIPT       : 21:37:25.498 [ExpansionEntityStorage] HITCH: 743.103ms
SCRIPT       : 21:37:57.027 [ExpansionEntityStorage] HITCH: 502.893ms
SCRIPT       : 21:38:27.914 [ExpansionEntityStorage] HITCH: 653.549ms
SCRIPT       : 21:39:01.579 [ExpansionEntityStorage] HITCH: 1030.86ms
SCRIPT       : 21:39:33.054 [ExpansionEntityStorage] HITCH: 368.336ms
SCRIPT       : 21:40:03.022 [ExpansionEntityStorage] HITCH: 580.537ms
   SCRIPT       : [inv] ReplaceItemWithNewLambdaBase Step B) remove OK, loc={ type=HANDS item=LongWoodenStick:86109 parent=SurvivorM_Quinn:83465:INSTANCETYPE_SERVER }
SCRIPT       : 21:40:32.585 [ExpansionEntityStorage] HITCH: 365.236ms
SCRIPT       : 21:41:03.222 [ExpansionEntityStorage] HITCH: 432.352ms
SCRIPT       : 21:41:35.133 [ExpansionEntityStorage] HITCH: 885.938ms
SCRIPT       : 21:42:06.297 [ExpansionEntityStorage] HITCH: 356.55ms
SCRIPT       : 21:42:40.411 [ExpansionEntityStorage] HITCH: 954.515ms
SCRIPT       : 21:43:12.345 [ExpansionEntityStorage] HITCH: 172.78ms
SCRIPT       : 21:43:43.982 [ExpansionEntityStorage] HITCH: 890.692ms
SCRIPT       : 21:44:10.936 [EXPANSION LOG]: ExpansionAirdropContainerBase_Server<0x000001E9784A6020> Expan Expansion_InitAirdrop - total weight (kg) 303.53 - nominal fall speed 4.50882 m/s, wind impact strength 0.149706
SCRIPT       : 21:44:14.163 [ExpansionEntityStorage] HITCH: 535.896ms
SCRIPT       : 21:45:15.400 [ExpansionEntityStorage] HITCH: 614.845ms
SCRIPT       : 21:46:14.925 [ExpansionEntityStorage] HITCH: 481.715ms
   SCRIPT       : [inv] ReplaceItemWithNewLambdaBase Step B) remove OK, loc={ type=HANDS item=UnknownFoodCan:42669 parent=SurvivorM_Quinn:83465:INSTANCETYPE_SERVER }
SCRIPT       : 21:46:44.467 [ExpansionEntityStorage] HITCH: 529.807ms
SCRIPT       : 21:47:14.443 [ExpansionEntityStorage] HITCH: 812.551ms
SCRIPT       : 21:47:44.588 [ExpansionEntityStorage] HITCH: 506.574ms
SCRIPT       : 21:48:14.108 [ExpansionEntityStorage] HITCH: 524.419ms
SCRIPT       : 21:48:43.536 [ExpansionEntityStorage] HITCH: 537.971ms
SCRIPT       : 21:49:13.482 [ExpansionEntityStorage] HITCH: 554.388ms
SCRIPT       : 21:49:43.251 [ExpansionEntityStorage] HITCH: 754.777ms
SCRIPT       : 21:50:13.316 [ExpansionEntityStorage] HITCH: 391.139ms
SCRIPT       : 21:50:43.282 [ExpansionEntityStorage] HITCH: 725.3ms
SCRIPT       : 21:51:12.495 [ExpansionEntityStorage] HITCH: 203.748ms
   SCRIPT       : [inv] ReplaceItemWithNewLambdaBase Step B) remove OK, loc={ type=HANDS item=LongWoodenStick:88533 parent=SurvivorM_Mirek:84455:INSTANCETYPE_SERVER }
SCRIPT       : 21:51:42.114 [ExpansionEntityStorage] HITCH: 665.895ms
SCRIPT       : 21:52:12.075 [ExpansionEntityStorage] HITCH: 1071.05ms
   SCRIPT       : [inv] ReplaceItemWithNewLambdaBase Step B) remove OK, loc={ type=HANDS item=LongWoodenStick:88461 parent=SurvivorM_Mirek:84455:INSTANCETYPE_SERVER }
SCRIPT       : 21:53:11.507 [ExpansionEntityStorage] HITCH: 710.075ms
 SCRIPT       : [Logout]: New player RtfYOYlH1-UQIr5-dCP4WXazcchC6u6wDXef5qFUQ1g= with logout time 15
 SCRIPT       : Player "Luisokhans" (steamid=76561198028932484) initiated disconnect process...
SCRIPT       : 21:53:46.626 [EXPANSION DEBUG]: ExpansionPartyData<0x000001E784E98360>::OnLeave party Ratas de laboratiorio (ID 0) player Luisokhans (ID RtfYOYlH1-UQIr5-dCP4WXazcchC6u6wDXef5qFUQ1g=)
SCRIPT       : 21:53:46.695 [EXPANSION DEBUG]: ExpansionQuestPersistentData<0x000001E96EFBEC80>~ExpansionQuestPersistentData (13)
SCRIPT       : [ZenSkills] Saving skill DB to file for player: RtfYOYlH1-UQIr5-dCP4WXazcchC6u6wDXef5qFUQ1g=
SCRIPT       : [Logout]: Player RtfYOYlH1-UQIr5-dCP4WXazcchC6u6wDXef5qFUQ1g= finished
SCRIPT       : Player "Luisokhans" (steamid=76561198028932484) disconnected from server.
SCRIPT       : [PlayerListManager] SyncEntryToReceivers ► uid: RtfYOYlH1-UQIr5-dCP4WXazcchC6u6wDXef5qFUQ1g= isn't in the players list! sending a remove.
SCRIPT       : HandleOnPlayerDisconnected -> PlayerListManager.RemoveEntry ► RtfYOYlH1-UQIr5-dCP4WXazcchC6u6wDXef5qFUQ1g=
SCRIPT       : [ZEN|2026.05.27 21:53:46] [ZenSkillsHighscoresDB] Saving to file: $profile:Zenarchist\Skills\DB\\ZenSkillsHighscoresDB.json
SCRIPT       : 21:54:10.416 [ExpansionEntityStorage] HITCH: 428.975ms
 SCRIPT       : [Logout]: New player ANwBQqVVStKCILjNoABDu3SscjO3bFF-nGQjnjwyOUM= with logout time 15
 SCRIPT       : Player "Juts" (steamid=76561198119114852) initiated disconnect process...
 SCRIPT       : Player "Juts" (steamid=76561198119114852) disconnected early from server (EXIT NOW).
SCRIPT       : 21:54:37.536 [EXPANSION DEBUG]: ExpansionPartyData<0x000001E784E98360>::OnLeave party Ratas de laboratiorio (ID 0) player Juts (ID ANwBQqVVStKCILjNoABDu3SscjO3bFF-nGQjnjwyOUM=)
SCRIPT       : 21:54:37.607 [EXPANSION DEBUG]: ExpansionQuestPersistentData<0x000001E95F443820>~ExpansionQuestPersistentData (13)
SCRIPT       : [ZenSkills] Saving skill DB to file for player: ANwBQqVVStKCILjNoABDu3SscjO3bFF-nGQjnjwyOUM=
SCRIPT       : [Logout]: Player ANwBQqVVStKCILjNoABDu3SscjO3bFF-nGQjnjwyOUM= finished
SCRIPT       : [PlayerListManager] SyncEntryToReceivers ► uid: ANwBQqVVStKCILjNoABDu3SscjO3bFF-nGQjnjwyOUM= isn't in the players list! sending a remove.
SCRIPT       : PlayerDisconnected -> PlayerListManager.RemoveEntry ► ANwBQqVVStKCILjNoABDu3SscjO3bFF-nGQjnjwyOUM=
SCRIPT       : [ZEN|2026.05.27 21:54:37] [ZenSkillsHighscoresDB] Saving to file: $profile:Zenarchist\Skills\DB\\ZenSkillsHighscoresDB.json
SCRIPT       : 21:54:38.134 [ExpansionEntityStorage] HITCH: 502.417ms
SCRIPT       : 21:54:38.951 [ExpansionEntityStorage] HITCH: 574.706ms
SCRIPT       : 21:54:39.798 [ExpansionEntityStorage] HITCH: 597.241ms
SCRIPT       : 21:54:40.492 [ExpansionEntityStorage] HITCH: 439.73ms
SCRIPT       : 21:54:41.373 [ExpansionEntityStorage] HITCH: 625.455ms
SCRIPT       : 21:54:42.135 [ExpansionEntityStorage] HITCH: 504.816ms
SCRIPT       : 21:54:42.958 [ExpansionEntityStorage] HITCH: 566.583ms
SCRIPT       : 21:54:43.815 [ExpansionEntityStorage] HITCH: 592.815ms
SCRIPT       : 21:54:44.382 [ExpansionEntityStorage] HITCH: 353.592ms
SCRIPT       : 21:54:45.176 [ExpansionEntityStorage] HITCH: 578.465ms
SCRIPT       : 21:54:45.562 [ExpansionEntityStorage] HITCH: 163.986ms
SCRIPT       : 21:54:46.364 [ExpansionEntityStorage] HITCH: 585.982ms
SCRIPT       : 21:54:47.085 [ExpansionEntityStorage] HITCH: 505.621ms
SCRIPT       : 21:54:48.409 [ExpansionEntityStorage] HITCH: 927.473ms
SCRIPT       : 21:54:51.132 [ExpansionEntityStorage] HITCH: 525.524ms
SCRIPT       : 21:54:51.767 [ExpansionEntityStorage] HITCH: 406.472ms
SCRIPT       : 21:54:52.394 [ExpansionEntityStorage] HITCH: 404.752ms
SCRIPT       : 21:54:54.124 [ExpansionEntityStorage] HITCH: 1497.83ms
SCRIPT       : 21:54:55.498 [ExpansionEntityStorage] HITCH: 350.343ms
SCRIPT       : 21:54:56.280 [ExpansionEntityStorage] HITCH: 564.838ms
SCRIPT       : 21:54:58.979 [ExpansionEntityStorage] HITCH: 1989.58ms
SCRIPT       : 21:54:59.695 [ExpansionEntityStorage] HITCH: 498.501ms
SCRIPT       : 21:55:01.051 [ExpansionEntityStorage] HITCH: 729.763ms
SCRIPT       : 21:55:01.666 [ExpansionEntityStorage] HITCH: 411.879ms
SCRIPT       : 21:55:02.383 [ExpansionEntityStorage] HITCH: 506.895ms
SCRIPT       : 21:55:02.752 [ExpansionEntityStorage] HITCH: 157.11ms
SCRIPT       : 21:55:06.427 [ExpansionEntityStorage] HITCH: 2734.44ms
SCRIPT       : 21:55:10.670 [ExpansionEntityStorage] HITCH: 2292ms
 SCRIPT       : [ZEN|2026.05.27 21:55:14] MissionBase::OnMissionFinish
 SCRIPT       : Clear up static fireplaces: 0
 SCRIPT       : 21:55:14.422 [EXPANSION DEBUG]: Clearing cached categories 67
 SCRIPT       : 21:55:14.424 [EXPANSION DEBUG]: Clearing cached traders 14
 SCRIPT       : [MissionServer] OnMissionFinish - Server
 SCRIPT       : [ZEN|2026.05.27 21:55:14] [ZenModCore] OnMissionFinish.
 SCRIPT       : [ZEN|2026.05.27 21:55:14] Server shutdown detected.
 SCRIPT       : [ZEN|2026.05.27 21:55:14] Saving all DBs.
 SCRIPT       : int m_AIUpdates_Current = 0
 SCRIPT       : float aiUpdatesMin = 3.40282e+38
 SCRIPT       : float aiUpdatesMax = -3.40282e+38
 SCRIPT       : float aiUpdatesAvg = 0
 SCRIPT       : float m_AIUpdates_DTCurrent = 0
 SCRIPT       : float aiUpdatesDTMin = 3.40282e+38
 SCRIPT       : float aiUpdatesDTMax = -3.40282e+38
 SCRIPT       : float aiUpdatesDTAvg = 0
 SCRIPT       : [ZEN|2026.05.27 21:55:14] ~MissionBase()
 SCRIPT       : [PluginZenSkills] :: OnDestroy.
 SCRIPT       : [ZEN|2026.05.27 21:55:14] [ZenAdminCommandHandler] Destroyed.
 SCRIPT       : [DayZ Expansion] ~DayZGame
 SCRIPT       : 21:55:14 [EXPANSION DEBUG]: ExpansionQuestPersistentData<0x000001E95F443B40>~ExpansionQuestPersistentData (1)
 SCRIPT       : ~DayZGame()
 SCRIPT       : Cleaning up script module globals 'World'
  SCRIPT       : ~ExpansionAirdropContainerManager
 SCRIPT       : Cleaning up script module globals 'Game'
  SCRIPT       : [ZEN|2026.05.27 21:55:19] [ZenConfig] Destroyed: ZenCoreConfig
  SCRIPT       : [ZEN|2026.05.27 21:55:19] [ZenConfig] Destroyed: ZenSkillsHighscoresDB
  SCRIPT       : [ZEN|2026.05.27 21:55:19] [ZenConfig] Destroyed: ZenSkillsClientConfig
  SCRIPT       : [ZEN|2026.05.27 21:55:19] [ZenConfig] Destroyed: ZenSkillsConfig
  SCRIPT       : [ZEN|2026.05.27 21:55:19] [ZenConfig] Destroyed: ZenSkillsEXP
  SCRIPT       : [ZEN|2026.05.27 21:55:19] [ZenConfig] Destroyed: ZenSleepConfig
  SCRIPT       : [ZEN|2026.05.27 21:55:19] [ZenConfig] Destroyed: ZenZombieDoorsConfig
