---------------------------------------------
Log C:\SERVICES\ni13121453_1_SHARE\ftproot\dayzstandalone\config\crash_2026-05-27_08-00-33.log started at 27.05. 11:09:45



------------------------------------
UKLN058, 27.05 2026 11:09:45
Virtual Machine Exception

Reason: [CF_ModStorageObject<ItemBase>::OnStoreLoad_CF] :: [WARNING] :: Shemag_Brown<0x0000028C17643FC0> Shemag_Brown:96289::CF_OnStoreLoad failed

Class:      'CF_ModStorageObject<ItemBase>'
Function: 'OnStoreLoad_CF'
Stack trace:
JM/CF/Scripts/4_World/communityframework\modstorage\cf_modstorageobject.c:153 Function OnStoreLoad_CF
JM/CF/Scripts/4_World/communityframework\modstorage\cf_modstorageobject.c:115 Function OnStoreLoad
JM/CF/Scripts/4_World/communityframework\entities\itembase.c:19 Function OnStoreLoad
DayZExpansion/Core/Scripts/4_World/dayzexpansion_core\entities\itembase.c:116 Function OnStoreLoad
DayZExpansion/Core/Scripts/4_World/dayzexpansion_core\classes\expansionentitystorage.c:880 Function Restore_Phase3a
DayZExpansion/Core/Scripts/4_World/dayzexpansion_core\classes\expansionentitystorage.c:536 Function Restore
DayZExpansion/Core/Scripts/4_World/dayzexpansion_core\classes\expansionentitystorage.c:795 Function Restore_Phase2
DayZExpansion/Core/Scripts/4_World/dayzexpansion_core\classes\expansionentitystorage.c:530 Function Restore
DayZExpansion/Core/Scripts/4_World/dayzexpansion_core\classes\expansionentitystorage.c:795 Function Restore_Phase2
DayZExpansion/Core/Scripts/4_World/dayzexpansion_core\classes\expansionentitystorage.c:530 Function Restore
DayZExpansion/Core/Scripts/4_World/dayzexpansion_core\classes\expansionentitystorage.c:1184 Function RestoreFromFile
DayZExpansion/AI/Scripts/4_World/dayzexpansion_ai\classes\eaigroup.c:1472 Function Load
DayZExpansion/AI/Scripts/4_World/dayzexpansion_ai\classes\patrols\eaidynamicpatrol.c:561 Function Spawn
DayZExpansion/AI/Scripts/4_World/dayzexpansion_ai\classes\patrols\eaidynamicpatrolspheretrigger.c:146 Function eAI_PatrolSpawn
DayZExpansion/AI/Scripts/4_World/dayzexpansion_ai\classes\patrols\eaidynamicpatrolspheretrigger.c:139 Function eAI_PatrolSpawnCheck
scripts/3_Game/dayzgame.c:2982 Function OnUpdate
0_DayZExpansion_Core_Preload/3_Game/dayzgame.c:16 Function OnUpdate
JM/CF/Scripts/3_Game/communityframework\game\dayzgame.c:46 Function OnUpdate
VPPAdminTools/3_Game/vppadmintools\vanillaplusplus.c:213 Function OnUpdate
DayZExpansion/AI/Scripts/3_Game/dayzexpansion_ai\dayzgame.c:101 Function OnUpdate

Runtime mode
CLI params: ip 85.190.149.78 port 10300 cpuCount 4 limitFPS 100 config serverDZ.cfg mod @CF;@Dabs-Framework;@Zens-Core-Mod;@DayZ-Expansion-Bundle;@DayZ-Expansion-Licensed;@DayZ-Editor-Loader;@VPPAdminTools;@Alevarics-Clothing-Overhaul;@Building-Fortifications;@Early-Winter-or-late-Fall-in-Chernarus;@Furniture;@Knock-Knock-Zombies;@Mortys-Weapons;@Peek-Doors;@Quadleys-Tools-and-Melee-Weapons;@WindstridesClothingPack;@Zens-Lazy-Actions;@Zens-Skill-Perk-Tree;@Zens-Sleeping-Mod;@Zens-Repairable-Wells;@Zens-Zombie-Door-Bangers profiles C:\SERVICES\ni13121453_1_SHARE\ftproot\dayzstandalone/config BEPath C:\SERVICES\ni13121453_1_SHARE\ftproot\dayzstandalone\battleye nologs  freezecheck  
