---------------------------------------------
Log C:\SERVICES\ni13121453_1_SHARE\ftproot\dayzstandalone\config\crash_2026-05-26_16-50-56.log started at 26.05. 16:53:06



------------------------------------
UKLN058, 26.05 2026 16:53:06
Virtual Machine Exception

Reason: File $profile:ExpansionMod\Quests\NPCs\QuestNPC_3.json:
JSON ERROR:
The document root must not be followed by other values.

Function: 'Error'
Stack trace:
scripts/1_Core/proto\endebug.c:92 Function Error
DayZExpansion/Core/Scripts/3_Game/dayzexpansion_core\tools\expansionjsonfileparser.c:39 Function Load
DayZExpansion/Quests/Scripts/4_World/dayzexpansion_quests\systems\quests\expansionquestnpcdata.c:343 Function Load
DayZExpansion/Quests/Scripts/4_World/dayzexpansion_quests\systems\quests\expansionquestmodule.c:3042 Function GetQuestNPCData
DayZExpansion/Quests/Scripts/4_World/dayzexpansion_quests\systems\quests\expansionquestmodule.c:2720 Function LoadQuestNPCData
DayZExpansion/Quests/Scripts/4_World/dayzexpansion_quests\systems\quests\expansionquestmodule.c:401 Function ServerModuleInit
DayZExpansion/Quests/Scripts/4_World/dayzexpansion_quests\systems\quests\expansionquestmodule.c:187 Function OnMissionStart
JM/CF/Scripts/1_Core/communityframework\module\cf_modulecoreevent.c:48 Function OnMissionStart
JM/CF/Scripts/1_Core/communityframework\module\cf_modulecoremanager.c:190 Function OnMissionStart
JM/CF/Scripts/5_Mission/communityframework\mission\missionserver.c:37 Function OnMissionStart
VPPAdminTools/5_Mission/vppadmintools\missionserver.c:12 Function OnMissionStart
ZenModCore/scripts/5_Mission/zenmodcore\missionserver.c:13 Function OnMissionStart
DayZExpansion/Core/Scripts/5_Mission/dayzexpansion_core\mission\missionserver.c:53 Function OnMissionStart
DayZExpansion/AI/Scripts/5_Mission/dayzexpansion_ai\mission\missionserver.c:96 Function OnMissionStart

Runtime mode
CLI params: ip 85.190.149.78 port 10300 cpuCount 4 limitFPS 100 config serverDZ.cfg mod @CF;@Dabs-Framework;@Zens-Core-Mod;@DayZ-Expansion-Bundle;@DayZ-Expansion-Licensed;@DayZ-Editor-Loader;@VPPAdminTools;@Building-Fortifications;@Early-Winter-or-late-Fall-in-Chernarus;@Furniture;@Knock-Knock-Zombies;@Mortys-Weapons;@Peek-Doors;@Quadleys-Tools-and-Melee-Weapons;@WindstridesClothingPack;@Zens-Lazy-Actions;@Zens-Skill-Perk-Tree;@Zens-Sleeping-Mod;@Zens-Repairable-Wells;@Zens-Zombie-Door-Bangers profiles C:\SERVICES\ni13121453_1_SHARE\ftproot\dayzstandalone/config BEPath C:\SERVICES\ni13121453_1_SHARE\ftproot\dayzstandalone\battleye nologs  freezecheck  
