---------------------------------------------
Log error_2026-05-26_00-05-18.log started at 2026-05-26 00:06:35



------------------------------------
UKLN058, 2026-05-26
00:06:35.861 [ERROR] :: MARKET CONFIGURATION ERROR: Trader is not within a trader zone: ExpansionTraderStaticBase<0x00000142BA37F9C0> ExpansionExchang <3696.382080, 403.510010, 5992.154785>


------------------------------------
UKLN058, 2026-05-26
00:06:40.662 [ERROR] :: MARKET CONFIGURATION ERROR: Trader is not within a trader zone: ExpansionTraderDenis<0x00000142D93F5020> ExpansionTraderDenis: <3687.524902, 402.923004, 5978.648926>


------------------------------------
UKLN058, 2026-05-26
00:06:40.721 [ERROR] :: MARKET CONFIGURATION ERROR: Trader is not within a trader zone: ExpansionTraderMaria<0x00000142C7F22010> ExpansionTraderMaria: <3684.871094, 402.923004, 5981.068848>


------------------------------------
UKLN058, 2026-05-26
00:06:40.766 [ERROR] :: MARKET CONFIGURATION ERROR: Trader is not within a trader zone: ExpansionTraderQuinn<0x00000142C3AB0010> ExpansionTraderQuinn: <3705.103027, 402.993011, 5975.586914>


------------------------------------
UKLN058, 2026-05-26
00:06:40.814 [ERROR] :: MARKET CONFIGURATION ERROR: Trader is not within a trader zone: ExpansionTraderNaomi<0x000001435E8A0160> ExpansionTraderNaomi: <3693.405029, 402.929993, 5977.014160>


------------------------------------
UKLN058, 2026-05-26
00:06:40.864 [ERROR] :: MARKET CONFIGURATION ERROR: Trader is not within a trader zone: ExpansionTraderSeth<0x000001435E8A6D80> ExpansionTraderSeth:21 <3711.428955, 402.928009, 5991.952148>


------------------------------------
UKLN058, 2026-05-26
00:06:40.901 [ERROR] :: MARKET CONFIGURATION ERROR: Trader is not within a trader zone: ExpansionTraderRolf<0x000001435E8A3770> ExpansionTraderRolf:21 <3752.589111, 403.957001, 5992.833984>


------------------------------------
UKLN058, 2026-05-26
00:06:40.969 [ERROR] :: MARKET CONFIGURATION ERROR: Trader is not within a trader zone: ExpansionTraderIndar<0x0000014368F2AEB0> ExpansionTraderIndar: <3706.468018, 402.929993, 5986.144043>


------------------------------------
UKLN058, 2026-05-26
00:06:41.015 [ERROR] :: MARKET CONFIGURATION ERROR: Trader is not within a trader zone: ExpansionTraderJudy<0x0000014368F278A0> ExpansionTraderJudy:21 <3704.014893, 402.925995, 5980.842773>


------------------------------------
UKLN058, 2026-05-26
00:06:41.028 [ERROR] :: MARKET CONFIGURATION ERROR: Trader is not within a trader zone: ExpansionTraderNaomi<0x0000014368F1D670> ExpansionTraderNaomi: <3720.483887, 402.313995, 6008.266113>


------------------------------------
UKLN058, 2026-05-26
00:06:41.069 [ERROR] :: MARKET CONFIGURATION ERROR: Trader is not within a trader zone: ExpansionTraderJose<0x0000014368F2E4C0> ExpansionTraderJose:21 <3733.096924, 403.454987, 6017.534180>


------------------------------------
UKLN058, 2026-05-26
00:06:41.104 [ERROR] :: MARKET CONFIGURATION ERROR: Trader is not within a trader zone: ExpansionTraderLinda<0x0000014368F1A060> ExpansionTraderLinda: <3737.419922, 403.431000, 6022.517090>


------------------------------------
UKLN058, 2026-05-26
00:06:41.134 [ERROR] :: MARKET CONFIGURATION ERROR: Trader is not within a trader zone: ExpansionTraderNiki<0x0000014368F31AD0> ExpansionTraderNiki:21 <3742.992920, 403.395996, 6015.958008>


------------------------------------
UKLN058, 2026-05-26
00:07:54.208 [ERROR] :: Unknown loadout requested ('Medic_Trader')
Function: 'Apply'
Stack trace:
DayZExpansion/Core/Scripts/4_World/dayzexpansion_core\classes\loadout\expansionloadout.c:3212
DayZExpansion/Quests/Scripts/4_World/dayzexpansion_quests\systems\quests\expansionquestnpcdata.c:278
DayZExpansion/Quests/Scripts/4_World/dayzexpansion_quests\systems\quests\expansionquestmodule.c:2702
DayZExpansion/Quests/Scripts/4_World/dayzexpansion_quests\systems\quests\expansionquestmodule.c:422
JM/CF/Scripts/1_Core/communityframework\module\cf_modulecoreevent.c:80
JM/CF/Scripts/1_Core/communityframework\module\cf_modulecoremanager.c:204
JM/CF/Scripts/5_Mission/communityframework\mission\missionserver.c:51
DayZExpansion/Core/Scripts/5_Mission/dayzexpansion_core\mission\missionserver.c:75
DayZExpansion/AI/Scripts/5_Mission/dayzexpansion_ai\mission\missionserver.c:115
DayZExpansion/Core/Scripts/5_Mission/dayzexpansion_core\mission\missionbase.c:52
JM/CF/Scripts/5_Mission/communityframework\mission\missionserver.c:56
scripts/3_Game/dayzgame.c:2968
0_DayZExpansion_Core_Preload/3_Game/dayzgame.c:16
JM/CF/Scripts/3_Game/communityframework\game\dayzgame.c:46
VPPAdminTools/3_Game/vppadmintools\vanillaplusplus.c:213
DayZExpansion/AI/Scripts/3_Game/dayzexpansion_ai\dayzgame.c:101


------------------------------------
UKLN058, 2026-05-26
00:07:54.303 [ERROR] :: Unknown loadout requested ('MMG_SNAFU_Atack')
Function: 'Apply'
Stack trace:
DayZExpansion/Core/Scripts/4_World/dayzexpansion_core\classes\loadout\expansionloadout.c:3212
DayZExpansion/Quests/Scripts/4_World/dayzexpansion_quests\systems\quests\expansionquestnpcdata.c:278
DayZExpansion/Quests/Scripts/4_World/dayzexpansion_quests\systems\quests\expansionquestmodule.c:2702
DayZExpansion/Quests/Scripts/4_World/dayzexpansion_quests\systems\quests\expansionquestmodule.c:422
JM/CF/Scripts/1_Core/communityframework\module\cf_modulecoreevent.c:80
JM/CF/Scripts/1_Core/communityframework\module\cf_modulecoremanager.c:204
JM/CF/Scripts/5_Mission/communityframework\mission\missionserver.c:51
DayZExpansion/Core/Scripts/5_Mission/dayzexpansion_core\mission\missionserver.c:75
DayZExpansion/AI/Scripts/5_Mission/dayzexpansion_ai\mission\missionserver.c:115
DayZExpansion/Core/Scripts/5_Mission/dayzexpansion_core\mission\missionbase.c:52
JM/CF/Scripts/5_Mission/communityframework\mission\missionserver.c:56
scripts/3_Game/dayzgame.c:2968
0_DayZExpansion_Core_Preload/3_Game/dayzgame.c:16
JM/CF/Scripts/3_Game/communityframework\game\dayzgame.c:46
VPPAdminTools/3_Game/vppadmintools\vanillaplusplus.c:213
DayZExpansion/AI/Scripts/3_Game/dayzexpansion_ai\dayzgame.c:101
