---------------------------------------------
Log error_2026-05-26_00-18-49.log started at 2026-05-26 00:20:22



------------------------------------
UKLN058, 2026-05-26
00:20:22.205 [ERROR] :: MARKET CONFIGURATION ERROR: Trader is not within a trader zone: ExpansionTraderStaticBase<0x000002393B16DFB0> ExpansionExchang <3696.382080, 403.510010, 5992.154785>


------------------------------------
UKLN058, 2026-05-26
00:20:26.326 [ERROR] :: MARKET CONFIGURATION ERROR: Trader is not within a trader zone: ExpansionTraderDenis<0x000002362A20C090> ExpansionTraderDenis: <3687.524902, 402.923004, 5978.648926>


------------------------------------
UKLN058, 2026-05-26
00:20:26.393 [ERROR] :: MARKET CONFIGURATION ERROR: Trader is not within a trader zone: ExpansionTraderMaria<0x00000239A17A5010> ExpansionTraderMaria: <3684.871094, 402.923004, 5981.068848>


------------------------------------
UKLN058, 2026-05-26
00:20:26.446 [ERROR] :: MARKET CONFIGURATION ERROR: Trader is not within a trader zone: ExpansionTraderQuinn<0x00000239BC3C0010> ExpansionTraderQuinn: <3705.103027, 402.993011, 5975.586914>


------------------------------------
UKLN058, 2026-05-26
00:20:26.501 [ERROR] :: MARKET CONFIGURATION ERROR: Trader is not within a trader zone: ExpansionTraderNaomi<0x00000239D80B7B60> ExpansionTraderNaomi: <3693.405029, 402.929993, 5977.014160>


------------------------------------
UKLN058, 2026-05-26
00:20:26.557 [ERROR] :: MARKET CONFIGURATION ERROR: Trader is not within a trader zone: ExpansionTraderSeth<0x00000239D80BE780> ExpansionTraderSeth:21 <3711.428955, 402.928009, 5991.952148>


------------------------------------
UKLN058, 2026-05-26
00:20:26.597 [ERROR] :: MARKET CONFIGURATION ERROR: Trader is not within a trader zone: ExpansionTraderRolf<0x00000239D80B4550> ExpansionTraderRolf:21 <3752.589111, 403.957001, 5992.833984>


------------------------------------
UKLN058, 2026-05-26
00:20:26.657 [ERROR] :: MARKET CONFIGURATION ERROR: Trader is not within a trader zone: ExpansionTraderIndar<0x00000239D80C1D90> ExpansionTraderIndar: <3706.468018, 402.929993, 5986.144043>


------------------------------------
UKLN058, 2026-05-26
00:20:26.695 [ERROR] :: MARKET CONFIGURATION ERROR: Trader is not within a trader zone: ExpansionTraderJudy<0x00000239E9C36460> ExpansionTraderJudy:21 <3704.014893, 402.925995, 5980.842773>


------------------------------------
UKLN058, 2026-05-26
00:20:26.709 [ERROR] :: MARKET CONFIGURATION ERROR: Trader is not within a trader zone: ExpansionTraderNaomi<0x00000239E9C472B0> ExpansionTraderNaomi: <3720.483887, 402.313995, 6008.266113>


------------------------------------
UKLN058, 2026-05-26
00:20:26.751 [ERROR] :: MARKET CONFIGURATION ERROR: Trader is not within a trader zone: ExpansionTraderJose<0x00000239E9C39A70> ExpansionTraderJose:21 <3733.096924, 403.454987, 6017.534180>


------------------------------------
UKLN058, 2026-05-26
00:20:26.791 [ERROR] :: MARKET CONFIGURATION ERROR: Trader is not within a trader zone: ExpansionTraderLinda<0x00000239E9C3D080> ExpansionTraderLinda: <3737.419922, 403.431000, 6022.517090>


------------------------------------
UKLN058, 2026-05-26
00:20:26.824 [ERROR] :: MARKET CONFIGURATION ERROR: Trader is not within a trader zone: ExpansionTraderNiki<0x00000239E9C32E50> ExpansionTraderNiki:21 <3742.992920, 403.395996, 6015.958008>
