---------------------------------------------
Log C:\SERVICES\ni13121453_1_SHARE\ftproot\dayzstandalone\config\script_2026-05-27_01-32-34.log started at 27.05. 01:32:37

SCRIPT       : Module: GameLib; loaded 43x files; 29x classes; used 41/2097 kB (1%) of static memory; defines: "DAYZ_1_29,SERVER_FOR_WINDOWS,SERVER,PLATFORM_WINDOWS,RELEASE,NO_GUI,NO_GUI_INGAME,BF_Define,DZ_Expansion_AI_Preload,DZ_Expansion_BaseBuilding_P
SCRIPT       : Registered 418 temporary action enum(s), UAN==418
SCRIPT    (W): @"ZenRepairWells/scripts/3_game/zenwellsconfig.c,17": FIX-ME: Unexpected statement 'ref'
SCRIPT       : Initializing attributes 'Game'
 SCRIPT       : Registering faction type eAIFactionShamans ID -1484989417
 SCRIPT       : Registering faction type eAIFactionObservers ID -563736721
 SCRIPT       : Registering faction type eAIFactionInvincibleObservers ID -1227299746
 SCRIPT       : Registering faction type eAIFactionRaiders ID 1535276022
 SCRIPT       : Registering faction type eAIFactionYeetBrigade ID 1408543989
 SCRIPT       : Registering faction type eAIFactionWest ID 113880155
 SCRIPT       : Registering faction type eAIFactionInvincibleYeetBrigade ID -1118767876
 SCRIPT       : Registering faction type eAIFactionEast ID 90522109
 SCRIPT       : Registering faction type eAIFactionGuards ID 963933710
 SCRIPT       : Registering faction type eAIFactionMercenaries ID 1629891834
 SCRIPT       : Registering faction type eAIFactionBrawlers ID 1955753718
 SCRIPT       : Registering faction type eAIFactionCivilian ID 1096178351
 SCRIPT       : Registering faction type eAIFactionPassive ID -1159399789
 SCRIPT       : Registering faction type eAIFactionInvincibleGuards ID 782746017
SCRIPT       : Module: Game; loaded 1123x files; 3010x classes; used 8822/33554 kB (26%) of static memory; defines: "DAYZ_1_29,SERVER_FOR_WINDOWS,SERVER,PLATFORM_WINDOWS,RELEASE,NO_GUI,NO_GUI_INGAME,BF_Define,DZ_Expansion_AI_Preload,DZ_Expansion_BaseBuild
SCRIPT       : ... Backlit Effects Enabled
SCRIPT       : VPPNotificationManager()
SCRIPT       : [VPPAT] Internal VPPNotifications module loaded!
SCRIPT       : [DayZ Game]:: DayZGame(): Initializing V++ Admin Tools.
SCRIPT       : 01:32:48.000 [EXPANSION LOG]: DayZGame<0x00000208CC61E010> Start time (local time) 2026-05-27 01:32:16
SCRIPT       : 01:32:48.001 [EXPANSION LOG]: DayZGame<0x00000208CC61E010> Start time (UTC) 2026-05-27 00:32:16
SCRIPT       : 01:32:48.001 [EXPANSION LOG]: DayZGame<0x00000208CC61E010> Runtime since start (seconds) 32.732
SCRIPT    (W): @"Furniture/scripts/4_World/actions\srp_actiondemountfurniture.c,51": Missing ';' at the end of line
SCRIPT    (W): @"Furniture/scripts/4_World/actions\srp_actionremovegarbage.c,37": Missing ';' at the end of line
SCRIPT    (W): @"Furniture/scripts/4_World/entities\srp_openablefurniturebase.c,168": FIX-ME: Overriding function 'GetPlaceSoundset' but not marked as 'override'
SCRIPT    (W): @"Furniture/scripts/4_World/entities\srp_openablefurniturebase.c,173": FIX-ME: Overriding function 'GetDeploySoundset' but not marked as 'override'
SCRIPT    (W): @"KnockKnockZombies/scripts/4_World/player.c,66": FIX-ME: Unsafe down-casting, use 'PlayerBase.Cast' for safe down-casting
SCRIPT    (W): @"KnockKnockZombies/scripts/4_World/player.c,70": FIX-ME: Unsafe down-casting, use 'PlayerBase.Cast' for safe down-casting
SCRIPT    (W): @"KnockKnockZombies/scripts/4_World/player.c,74": FIX-ME: Unsafe down-casting, use 'PlayerBase.Cast' for safe down-casting
SCRIPT       : Initializing attributes 'World'
 SCRIPT       : Registering faction type eAIFactionLunatics ID 1167351711
 SCRIPT       : Registering faction type eAIFactionInfected ID 1371958374
SCRIPT       : Module: World; loaded 3767x files; 8953x classes; used 18091/33554 kB (53%) of static memory; defines: "DAYZ_1_29,SERVER_FOR_WINDOWS,SERVER,PLATFORM_WINDOWS,RELEASE,NO_GUI,NO_GUI_INGAME,BF_Define,DZ_Expansion_AI_Preload,DZ_Expansion_BaseBui
 SCRIPT       : Module: Mission; loaded 619x files; 1393x classes; used 6671/33554 kB (19%) of static memory; defines: "DAYZ_1_29,SERVER_FOR_WINDOWS,SERVER,PLATFORM_WINDOWS,RELEASE,NO_GUI,NO_GUI_INGAME,BF_Define,DZ_Expansion_AI_Preload,DZ_Expansion_BaseBu
 SCRIPT    (W): @"$CurrentDir:mpmissions\dayzOffline.chernarusplus\init.c,826": FIX-ME: Unsafe down-casting, use 'EntityAI.Cast' for safe down-casting
 SCRIPT       : Module: $CurrentDir:mpmissions\dayzOffline.chernarusplus\init.c; loaded 1x files; 7x classes; used 68/1048 kB (6%) of static memory; defines: "DAYZ_1_29,SERVER_FOR_WINDOWS,SERVER,PLATFORM_WINDOWS,RELEASE,NO_GUI,NO_GUI_INGAME,BF_Define,DZ_E
 SCRIPT       : [SERVER :: Vanilla++ AdminTools Plugins Registering]
 SCRIPT       : [ZEN|2026.05.27 01:34:14] [ZenConfig] Loading file: $profile:Zenarchist\Skills\ZenSkillsConfig.json
 SCRIPT       : [ZEN|2026.05.27 01:34:14] [ZenConfig] File loaded: ZenSkillsConfig.json version=1.29.1
 SCRIPT       : [PluginZenSkills] :: OnInit.
 SCRIPT       : [ZEN|2026.05.27 01:34:15] [ZenConfig] Loading file: $profile:Zenarchist\Skills\ZenSkillsEXP.json
 SCRIPT       : [ZEN|2026.05.27 01:34:15] [ZenConfig] File loaded: ZenSkillsEXP.json version=1.29.1
 SCRIPT       : [ZenZombieDoorsPlugin] :: OnInit
 SCRIPT       : [ZEN|2026.05.27 01:34:15] [ZenModCore] MissionBase()
 SCRIPT       : [ZenModCore] Listing CfgMods:
 SCRIPT       : #ifdef defaultAction
 SCRIPT       : #ifdef DayZ
 SCRIPT       : #ifdef BF_Define
 SCRIPT       : #ifdef DZ_Expansion_AI_Preload
 SCRIPT       : #ifdef DZ_Expansion_BaseBuilding_Preload
 SCRIPT       : #ifdef DZ_Expansion_Book_Preload
 SCRIPT       : #ifdef DZ_Expansion_Chat_Preload
 SCRIPT       : #ifdef DZ_Expansion_Core_Preload
 SCRIPT       : #ifdef DZ_Expansion_Garage_Preload
 SCRIPT       : #ifdef DZ_Expansion_Groups_Preload
 SCRIPT       : #ifdef DZ_Expansion_Hardline_Preload
 SCRIPT       : #ifdef DZ_Expansion_KillFeed_Preload
 SCRIPT       : #ifdef DZ_Expansion_MapAssets_Preload
 SCRIPT       : #ifdef DZ_Expansion_Market_Preload
 SCRIPT       : #ifdef DZ_Expansion_Missions_Preload
 SCRIPT       : #ifdef DZ_Expansion_ModStorage_Preload
 SCRIPT       : #ifdef DZ_Expansion_NameTags_Preload
 SCRIPT       : #ifdef DZ_Expansion_Navigation_Preload
 SCRIPT       : #ifdef DZ_Expansion_P2PMarket_Preload
 SCRIPT       : #ifdef DZ_Expansion_PersonalStorage_Preload
 SCRIPT       : #ifdef DZ_Expansion_Preload
 SCRIPT       : #ifdef DZ_Expansion_Quests_Preload
 SCRIPT       : #ifdef DZ_Expansion_SpawnSelection_Preload
 SCRIPT       : #ifdef DZ_Expansion_Vehicles_Preload
 SCRIPT       : #ifdef DZ_Expansion_Weapons_Preload
 SCRIPT       : #ifdef BVP_DoorPeek
 SCRIPT       : #ifdef DabsFramework
 SCRIPT       : #ifdef DZ_Expansion_DefineTest
 SCRIPT       : #ifdef DZ_Expansion_MapAssets
 SCRIPT       : #ifdef sakhal
 SCRIPT       : #ifdef EditorLoader
 SCRIPT       : #ifdef JM_CommunityFramework
 SCRIPT       : #ifdef TTC_Optics
 SCRIPT       : #ifdef TTC_Pistols
 SCRIPT       : #ifdef TTC_Rifles
 SCRIPT       : #ifdef TTC_Shotguns
 SCRIPT       : #ifdef TTC_SMG
 SCRIPT       : #ifdef AVPPAdminTools
 SCRIPT       : #ifdef WindstrideClothing
 SCRIPT       : #ifdef ZenLazyAction
 SCRIPT       : #ifdef ZenModCore
 SCRIPT       : #ifdef ZenRepairWells
 SCRIPT       : #ifdef ZenSkills
 SCRIPT       : #ifdef ZenSleep
 SCRIPT       : #ifdef DZ_Expansion_ModStorage
 SCRIPT       : #ifdef earlywinter_scripts
 SCRIPT       : #ifdef ZenZombieDoors
 SCRIPT       : #ifdef BuildingFortifications
 SCRIPT       : #ifdef DZ_Expansion_Core
 SCRIPT       : #ifdef DZ_Expansion_Garage
 SCRIPT       : #ifdef DZ_Expansion_Groups
 SCRIPT       : #ifdef DZ_Expansion_Market
 SCRIPT       : #ifdef DZ_Expansion_Missions
 SCRIPT       : #ifdef DZ_Expansion_NameTags
 SCRIPT       : #ifdef DZ_Expansion_Navigation
 SCRIPT       : #ifdef DZ_Expansion_NotificationScheduler
 SCRIPT       : #ifdef DZ_Expansion_P2PMarket
 SCRIPT       : #ifdef DZ_Expansion_PersonalStorage
 SCRIPT       : #ifdef DZ_Expansion_PersonalStorageNew
 SCRIPT       : #ifdef DZ_Expansion_PlayerList
 SCRIPT       : #ifdef DZ_Expansion
 SCRIPT       : #ifdef DZ_Expansion_SpawnSelection
 SCRIPT       : #ifdef DZ_Expansion_VanillaFixes
 SCRIPT       : #ifdef DZ_Expansion_Vehicles
 SCRIPT       : #ifdef DZ_Expansion_Weapons
 SCRIPT       : #ifdef Furniture
 SCRIPT       : #ifdef KnockKnockZombies
 SCRIPT       : #ifdef QDLY_Melee_Weapons
 SCRIPT       : #ifdef DZ_Expansion_AI
 SCRIPT       : #ifdef DZ_Expansion_BaseBuilding
 SCRIPT       : #ifdef DZ_Expansion_Book
 SCRIPT       : #ifdef DZ_Expansion_Chat
 SCRIPT       : #ifdef DZ_Expansion_Hardline
 SCRIPT       : #ifdef DZ_Expansion_Quests
 SCRIPT       : #ifdef DZ_Expansion_VirtualContainerStorage
 SCRIPT       : 01:34:15.176 [EXPANSION DEBUG]: [ExpansionCoreSettings] Load existing setting file:$profile:ExpansionMod\Settings\CoreSettings.json
 SCRIPT       : 01:34:15.181 [EXPANSION DEBUG]: [ExpansionLogSettings] Load existing setting file:$profile:ExpansionMod\Settings\LogsSettings.json
 SCRIPT       : 01:34:15.191 [EXPANSION DEBUG]: [ExpansionNotificationSettings] Load existing setting file:$profile:ExpansionMod\Settings\NotificationSettings.json
 SCRIPT       : 01:34:15.196 [EXPANSION DEBUG]: [ExpansionMonitoringSettings] Load existing setting file:$profile:ExpansionMod\Settings\MonitoringSettings.json
 SCRIPT       : 01:34:15.199 [EXPANSION DEBUG]: [ExpansionDamageSystemSettings] Load existing setting file:$profile:ExpansionMod\Settings\DamageSystemSettings.json
 SCRIPT       : 01:34:15.205 [EXPANSION DEBUG]: [ExpansionPartySettings] Load existing setting file:$profile:ExpansionMod\Settings\PartySettings.json
 SCRIPT       : 01:34:15.208 [EXPANSION DEBUG]: [ExpansionHardlineSettings] Load existing setting file:$mission:expansion\settings\HardlineSettings.json
 SCRIPT       : 01:34:15.227 [EXPANSION DEBUG]: [ExpansionMarketSettings] Load existing setting file:$mission:expansion\settings\MarketSettings.json
 SCRIPT       : ExpansionMarketSettings::LoadCategories - Adding category ID 1 (Exchange)
 SCRIPT       : ExpansionMarketSettings::LoadCategories - Adding category ID 2 (Ammo)
 SCRIPT       : ExpansionMarketSettings::LoadCategories - Adding category ID 3 (Ammo_Boxes)
 SCRIPT       : ExpansionMarketSettings::LoadCategories - Adding category ID 4 (Armbands)
 SCRIPT       : ExpansionMarketSettings::LoadCategories - Adding category ID 5 (Assault_Rifles)
 SCRIPT       : ExpansionMarketSettings::LoadCategories - Adding category ID 6 (Backpacks)
 SCRIPT       : ExpansionMarketSettings::LoadCategories - Adding category ID 7 (Bandanas)
 SCRIPT       : ExpansionMarketSettings::LoadCategories - Adding category ID 8 (Batteries)
 SCRIPT       : ExpansionMarketSettings::LoadCategories - Adding category ID 9 (Belts)
 SCRIPT       : ExpansionMarketSettings::LoadCategories - Adding category ID 10 (Blouses_And_Suits)
 SCRIPT       : ExpansionMarketSettings::LoadCategories - Adding category ID 11 (Boats)
 SCRIPT       : ExpansionMarketSettings::LoadCategories - Adding category ID 12 (Boots_And_Shoes)
 SCRIPT       : ExpansionMarketSettings::LoadCategories - Adding category ID 13 (Buttstocks)
 SCRIPT       : ExpansionMarketSettings::LoadCategories - Adding category ID 14 (Caps)
 SCRIPT       : ExpansionMarketSettings::LoadCategories - Adding category ID 15 (Cars)
 SCRIPT       : ExpansionMarketSettings::LoadCategories - Adding category ID 16 (Coats_And_Jackets)
 SCRIPT       : ExpansionMarketSettings::LoadCategories - Adding category ID 17 (Containers)
 SCRIPT       : ExpansionMarketSettings::LoadCategories - Adding category ID 18 (Drinks)
 SCRIPT       : ExpansionMarketSettings::LoadCategories - Adding category ID 19 (Electronics)
 SCRIPT       : ExpansionMarketSettings::LoadCategories - Adding category ID 20 (Submachine_Guns)
 SCRIPT       : ExpansionMarketSettings::LoadCategories - Adding category ID 21 (Explosives_And_Grenades)
 SCRIPT       : ExpansionMarketSettings::LoadCategories - Adding category ID 22 (Eyewear)
 SCRIPT       : ExpansionMarketSettings::LoadCategories - Adding category ID 23 (Fish)
 SCRIPT       : ExpansionMarketSettings::LoadCategories - Adding category ID 24 (Fishing)
 SCRIPT       : ExpansionMarketSettings::LoadCategories - Adding category ID 25 (Food)
 SCRIPT       : ExpansionMarketSettings::LoadCategories - Adding category ID 26 (Gardening)
 SCRIPT       : ExpansionMarketSettings::LoadCategories - Adding category ID 27 (Ghillies)
 SCRIPT       : ExpansionMarketSettings::LoadCategories - Adding category ID 28 (Gloves)
 SCRIPT       : ExpansionMarketSettings::LoadCategories - Adding category ID 29 (Handguards)
 SCRIPT       : ExpansionMarketSettings::LoadCategories - Adding category ID 30 (Hats_And_Hoods)
 SCRIPT       : ExpansionMarketSettings::LoadCategories - Adding category ID 31 (Holsters_And_Pouches)
 SCRIPT       : ExpansionMarketSettings::LoadCategories - Adding category ID 32 (Helicopters)
 SCRIPT       : ExpansionMarketSettings::LoadCategories - Adding category ID 33 (Helmets)
 SCRIPT       : ExpansionMarketSettings::LoadCategories - Adding category ID 34 (Kits)
 SCRIPT       : ExpansionMarketSettings::LoadCategories - Adding category ID 35 (Knifes)
 SCRIPT       : ExpansionMarketSettings::LoadCategories - Adding category ID 36 (Launchers)
 SCRIPT       : ExpansionMarketSettings::LoadCategories - Adding category ID 37 (Lights)
 SCRIPT       : ExpansionMarketSettings::LoadCategories - Adding category ID 38 (Liquids)
 SCRIPT       : ExpansionMarketSettings::LoadCategories - Adding category ID 39 (Locks)
 SCRIPT       : ExpansionMarketSettings::LoadCategories - Adding category ID 40 (Magazines)
 SCRIPT       : ExpansionMarketSettings::LoadCategories - Adding category ID 41 (Masks)
 SCRIPT       : ExpansionMarketSettings::LoadCategories - Adding category ID 42 (Meat)
 SCRIPT       : ExpansionMarketSettings::LoadCategories - Adding category ID 43 (Medical)
 SCRIPT       : ExpansionMarketSettings::LoadCategories - Adding category ID 44 (Melee_Weapons)
 SCRIPT       : ExpansionMarketSettings::LoadCategories - Adding category ID 45 (Muzzles)
 SCRIPT       : ExpansionMarketSettings::LoadCategories - Adding category ID 46 (Navigation)
 SCRIPT       : ExpansionMarketSettings::LoadCategories - Adding category ID 47 (Optics)
 SCRIPT       : ExpansionMarketSettings::LoadCategories - Adding category ID 48 (Pants_And_Shorts)
 SCRIPT       : ExpansionMarketSettings::LoadCategories - Adding category ID 49 (Pistols)
 SCRIPT       : ExpansionMarketSettings::LoadCategories - Adding category ID 50 (Rifles)
 SCRIPT       : ExpansionMarketSettings::LoadCategories - Adding category ID 51 (Shirts_And_TShirts)
 SCRIPT       : ExpansionMarketSettings::LoadCategories - Adding category ID 52 (Shotguns)
 SCRIPT       : ExpansionMarketSettings::LoadCategories - Adding category ID 53 (Skirts_And_Dresses)
 SCRIPT       : ExpansionMarketSettings::LoadCategories - Adding category ID 54 (Sniper_Rifles)
 SCRIPT       : ExpansionMarketSettings::LoadCategories - Adding category ID 55 (Supplies)
 SCRIPT       : ExpansionMarketSettings::LoadCategories - Adding category ID 56 (Sweaters_And_Hoodies)
 SCRIPT       : ExpansionMarketSettings::LoadCategories - Adding category ID 57 (Tents)
 SCRIPT       : ExpansionMarketSettings::LoadCategories - Adding category ID 58 (Tools)
 SCRIPT       : ExpansionMarketSettings::LoadCategories - Adding category ID 59 (Fruit_And_Vegetables)
 SCRIPT       : ExpansionMarketSettings::LoadCategories - Adding category ID 60 (Vehicle_Parts)
 SCRIPT       : ExpansionMarketSettings::LoadCategories - Adding category ID 61 (Vests)
 SCRIPT       : ExpansionMarketSettings::LoadCategories - Adding category ID 62 (Crossbows)
 SCRIPT       : ExpansionMarketSettings::LoadCategories - Adding category ID 63 (Event)
 SCRIPT       : ExpansionMarketSettings::LoadCategories - Adding category ID 64 (Spraycans)
 SCRIPT       : ExpansionMarketSettings::LoadCategories - Adding category ID 65 (Flags)
 SCRIPT       : ExpansionMarketSettings::LoadCategories - Adding category ID 66 (Bayonets)
 SCRIPT       : ExpansionMarketSettings::LoadCategories - Adding category ID 67 (Furnishings)
 SCRIPT       : 01:34:15.712 [EXPANSION DEBUG]: [ExpansionAirdropSettings] Load existing setting file:$profile:ExpansionMod\Settings\AirdropSettings.json
 SCRIPT       : 01:34:15.768 [EXPANSION DEBUG]: [ExpansionMissionSettings] Load existing setting file:$profile:ExpansionMod\Settings\MissionSettings.json
 SCRIPT       : 01:34:15.776 [EXPANSION DEBUG]: [ExpansionMapSettings] Load existing setting file:$mission:expansion\settings\MapSettings.json
 SCRIPT       : 01:34:15.813 [EXPANSION DEBUG]: [ExpansionPersonalStorageNewSettings] Load existing setting file:$profile:ExpansionMod\Settings\PersonalStorageNewSettings.json
 SCRIPT       : 01:34:15.816 [EXPANSION DEBUG]: [ExpansionGeneralSettings] Load existing setting file:$profile:ExpansionMod\Settings\GeneralSettings.json
 SCRIPT       : 01:34:15.820 [EXPANSION DEBUG]: [ExpansionPlayerListSettings] Load existing setting file:$profile:ExpansionMod\Settings\PlayerListSettings.json
 SCRIPT       : 01:34:15.824 [EXPANSION DEBUG]: [ExpansionSocialMediaSettings] Load existing setting file:$profile:ExpansionMod\Settings\SocialMediaSettings.json
 SCRIPT       : 01:34:15.829 [EXPANSION DEBUG]: [ExpansionSpawnSettings] Load existing setting file:$mission:expansion\settings\SpawnSettings.json
 SCRIPT       : 01:34:15.837 [EXPANSION DEBUG]: [ExpansionVehicleSettings] Load existing setting file:$profile:ExpansionMod\Settings\VehicleSettings.json
 SCRIPT       : 01:34:15.843 [EXPANSION DEBUG]: ExpansionAILocationSettings<0x0000020CA90B05A0> Load existing setting file:$mission:expansion\settings\AILocationSettings.json
 SCRIPT       : 01:34:16.080 [EXPANSION DEBUG]: [ExpansionAISettings] Load existing setting file:$profile:ExpansionMod\Settings\AISettings.json
 SCRIPT       : 01:34:16.084 [EXPANSION DEBUG]: [ExpansionAIPatrolSettings] Load existing setting file:$mission:expansion\settings\AIPatrolSettings.json
 SCRIPT       : 01:34:16.191 [EXPANSION DEBUG]: [ExpansionBaseBuildingSettings] Load existing setting file:$mission:expansion\settings\BaseBuildingSettings.json
 SCRIPT       : 01:34:16.197 [EXPANSION DEBUG]: [ExpansionRaidSettings] Load existing setting file:$profile:ExpansionMod\Settings\RaidSettings.json
 SCRIPT       : 01:34:16.201 [EXPANSION DEBUG]: [ExpansionTerritorySettings] Load existing setting file:$profile:ExpansionMod\Settings\TerritorySettings.json
 SCRIPT       : 01:34:16.215 [EXPANSION DEBUG]: [ExpansionChatSettings] Load existing setting file:$profile:ExpansionMod\Settings\ChatSettings.json
 SCRIPT       : Expansion version: 1.9.67
 SCRIPT       : [DefineTest] EXPANSIONMOD is defined
 SCRIPT       : [DefineTest] EXPANSIONMODAI is defined
 SCRIPT       : [DefineTest] EXPANSIONMODBASEBUILDING is defined
 SCRIPT       : [DefineTest] EXPANSIONMODBOOK is defined
 SCRIPT       : [DefineTest] EXPANSIONMODCHAT is defined
 SCRIPT       : [DefineTest] EXPANSIONMODCORE is defined
 SCRIPT       : [DefineTest] EXPANSIONMODGARAGE is defined
 SCRIPT       : [DefineTest] EXPANSIONMODGROUPS is defined
 SCRIPT       : [DefineTest] EXPANSIONMODHARDLINE is defined
 SCRIPT       : [DefineTest] EXPANSIONMODKILLFEED is defined
 SCRIPT       : [DefineTest] EXPANSIONMODMAPASSETS is defined
 SCRIPT       : [DefineTest] EXPANSIONMODMARKET is defined
 SCRIPT       : [DefineTest] EXPANSIONMODMISSIONS is defined
 SCRIPT       : [DefineTest] EXPANSIONMODNAMETAGS is defined
 SCRIPT       : [DefineTest] EXPANSIONMODNAVIGATION is defined
 SCRIPT       : [DefineTest] EXPANSIONMODP2PMARKET is defined
 SCRIPT       : [DefineTest] EXPANSIONMODPERSONALSTORAGE is defined
 SCRIPT       : [DefineTest] EXPANSIONMODQUESTS is defined
 SCRIPT       : [DefineTest] EXPANSIONMODSPAWNSELECTION is defined
 SCRIPT       : [DefineTest] EXPANSIONMODVEHICLE is defined
 SCRIPT       : [DefineTest] EXPANSIONMODWEAPONS is defined
 SCRIPT       : [DefineTest] CfgMods:
 SCRIPT       : defaultAction
 SCRIPT       : DayZ
 SCRIPT       : BF_Define
 SCRIPT       : DZ_Expansion_AI_Preload
 SCRIPT       : DZ_Expansion_BaseBuilding_Preload
 SCRIPT       : DZ_Expansion_Book_Preload
 SCRIPT       : DZ_Expansion_Chat_Preload
 SCRIPT       : DZ_Expansion_Core_Preload
 SCRIPT       : DZ_Expansion_Garage_Preload
 SCRIPT       : DZ_Expansion_Groups_Preload
 SCRIPT       : DZ_Expansion_Hardline_Preload
 SCRIPT       : DZ_Expansion_KillFeed_Preload
 SCRIPT       : DZ_Expansion_MapAssets_Preload
 SCRIPT       : DZ_Expansion_Market_Preload
 SCRIPT       : DZ_Expansion_Missions_Preload
 SCRIPT       : DZ_Expansion_ModStorage_Preload
 SCRIPT       : DZ_Expansion_NameTags_Preload
 SCRIPT       : DZ_Expansion_Navigation_Preload
 SCRIPT       : DZ_Expansion_P2PMarket_Preload
 SCRIPT       : DZ_Expansion_PersonalStorage_Preload
 SCRIPT       : DZ_Expansion_Preload
 SCRIPT       : DZ_Expansion_Quests_Preload
 SCRIPT       : DZ_Expansion_SpawnSelection_Preload
 SCRIPT       : DZ_Expansion_Vehicles_Preload
 SCRIPT       : DZ_Expansion_Weapons_Preload
 SCRIPT       : BVP_DoorPeek
 SCRIPT       : DabsFramework
 SCRIPT       : DZ_Expansion_DefineTest
 SCRIPT       : DZ_Expansion_MapAssets
 SCRIPT       : sakhal
 SCRIPT       : EditorLoader
 SCRIPT       : JM_CommunityFramework
 SCRIPT       : TTC_Optics
 SCRIPT       : TTC_Pistols
 SCRIPT       : TTC_Rifles
 SCRIPT       : TTC_Shotguns
 SCRIPT       : TTC_SMG
 SCRIPT       : AVPPAdminTools
 SCRIPT       : WindstrideClothing
 SCRIPT       : ZenLazyAction
 SCRIPT       : ZenModCore
 SCRIPT       : ZenRepairWells
 SCRIPT       : ZenSkills
 SCRIPT       : ZenSleep
 SCRIPT       : DZ_Expansion_ModStorage
 SCRIPT       : earlywinter_scripts
 SCRIPT       : ZenZombieDoors
 SCRIPT       : BuildingFortifications
 SCRIPT       : DZ_Expansion_Core
 SCRIPT       : DZ_Expansion_Garage
 SCRIPT       : DZ_Expansion_Groups
 SCRIPT       : DZ_Expansion_Market
 SCRIPT       : DZ_Expansion_Missions
 SCRIPT       : DZ_Expansion_NameTags
 SCRIPT       : DZ_Expansion_Navigation
 SCRIPT       : DZ_Expansion_NotificationScheduler
 SCRIPT       : DZ_Expansion_P2PMarket
 SCRIPT       : DZ_Expansion_PersonalStorage
 SCRIPT       : DZ_Expansion_PersonalStorageNew
 SCRIPT       : DZ_Expansion_PlayerList
 SCRIPT       : DZ_Expansion
 SCRIPT       : DZ_Expansion_SpawnSelection
 SCRIPT       : DZ_Expansion_VanillaFixes
 SCRIPT       : DZ_Expansion_Vehicles
 SCRIPT       : DZ_Expansion_Weapons
 SCRIPT       : Furniture
 SCRIPT       : KnockKnockZombies
 SCRIPT       : QDLY_Melee_Weapons
 SCRIPT       : DZ_Expansion_AI
 SCRIPT       : DZ_Expansion_BaseBuilding
 SCRIPT       : DZ_Expansion_Book
 SCRIPT       : DZ_Expansion_Chat
 SCRIPT       : DZ_Expansion_Hardline
 SCRIPT       : DZ_Expansion_Quests
 SCRIPT       : DZ_Expansion_VirtualContainerStorage
 SCRIPT       : [ZEN|2026.05.27 01:34:16] [ZenObjectHookSpawner] Init.
 SCRIPT       : [ZEN|2026.05.27 01:34:22] [ZenModCore] OnInit.
 SCRIPT       : [ZEN|2026.05.27 01:34:22] MissionBase::OnInit
 SCRIPT       : [ZEN|2026.05.27 01:34:22] [ZenModCore] Server session count: 6
 SCRIPT       : [ZEN|2026.05.27 01:34:22] [ZenModCore::ZenConfigRegister] Registering ZenConfigRegister RPCs.
 SCRIPT       : [ZEN|2026.05.27 01:34:22] [ZenConfig] Loading config files for map: chernarusplus
 SCRIPT       : [ZEN|2026.05.27 01:34:22] [ZenConfig] Loading file: $profile:Zenarchist\Core\ZenCoreConfig.json
 SCRIPT       : [ZEN|2026.05.27 01:34:22] [ZenConfig] File loaded: ZenCoreConfig.json version=1.29.3
 SCRIPT       : [ZEN|2026.05.27 01:34:22] [ZenConfig] Loading file: $profile:Zenarchist\Skills\DB\\ZenSkillsHighscoresDB.json
 SCRIPT       : [ZEN|2026.05.27 01:34:22] [ZenConfig] File loaded: ZenSkillsHighscoresDB.json version=1.29.1
 SCRIPT       : [ZEN|2026.05.27 01:34:22] [ZenConfig] Loading file: $profile:Zenarchist\ZenSleepConfig.json
 SCRIPT       : [ZEN|2026.05.27 01:34:22] [ZenConfig] File loaded: ZenSleepConfig.json version=1.29.1
 SCRIPT       : [ZEN|2026.05.27 01:34:22] [ZenConfig] Loading file: $profile:Zenarchist\ZenZombieDoorsConfig.json
 SCRIPT       : [ZEN|2026.05.27 01:34:22] [ZenConfig] File loaded: ZenZombieDoorsConfig.json version=1.29.1
 SCRIPT       : [ZEN|2026.05.27 01:34:22] [ZenAdminCommandHandler] Init RPCs.
 SCRIPT       : [ZEN|2026.05.27 01:34:22] Server session count: 6
 SCRIPT       : [MissionServer] OnInit - Server
 SCRIPT       : [ZenWellsConfig] Init
 SCRIPT       : [ZenRepairWells] OnInit - Loaded config successfully.
 SCRIPT       : [ZenSkills] MissionServer::OnInit
 SCRIPT       : [BuildingFortificationsConfig] Create Building Fortifications configuration instance..
 SCRIPT       : [BuildingFortificationsConfig] Loading existing Building Fortifications configuration file..
 SCRIPT       : [BuildingFortificationsConfig] Load existing Building Fortifications configuration file..
 SCRIPT       : [AYSA] [KNOCK KNOCK ZOMBIES] 
 SCRIPT       : [AYSA] ----- Loading cfg -----
 SCRIPT       : [AYSA] --------------
 SCRIPT       : [AYSA] [KNOCK KNOCK ZOMBIES] enabled
 SCRIPT       : [AYSA] --------------
 SCRIPT       : [ZEN|2026.05.27 01:34:22] MissionBase::OnMissionStart
 SCRIPT       : [BVP] Doors Config Loaded
 SCRIPT       : 01:34:24.003 [EXPANSION DEBUG]: LoadMissionTradersFile trader ExpansionTraderStaticBase<0x0000020CBA2248C0> ExpansionExchang fileName Exchange
 SCRIPT       : 01:34:24.007 [ERROR] :: MARKET CONFIGURATION ERROR: Trader does not exist: Exchange
 SCRIPT       : 01:34:28.785 [EXPANSION DEBUG]: LoadMissionTradersFile trader ExpansionTraderDenis<0x0000020CC0CC0020> ExpansionTraderDenis: fileName Clothing
 SCRIPT       : 01:34:28.785 [EXPANSION DEBUG]: ExpansionTraderDenis<0x0000020CC0CC0020> ExpansionTraderDenis:::SetTraderObject ExpansionTraderObjectBase<0x0000020CC0B5E690> <3688.447021, 401.872986, 5979.035156>
 SCRIPT       : 01:34:28.847 [EXPANSION DEBUG]: LoadMissionTradersFile trader ExpansionTraderMaria<0x0000020CC07C4010> ExpansionTraderMaria: fileName Clothing_Accessories
 SCRIPT       : 01:34:28.847 [EXPANSION DEBUG]: ExpansionTraderMaria<0x0000020CC07C4010> ExpansionTraderMaria:::SetTraderObject ExpansionTraderObjectBase<0x0000020D60B07E70> <3685.804932, 401.872986, 5981.424805>
 SCRIPT       : 01:34:28.892 [EXPANSION DEBUG]: LoadMissionTradersFile trader ExpansionTraderQuinn<0x0000020CC6663080> ExpansionTraderQuinn: fileName Consumables
 SCRIPT       : 01:34:28.892 [EXPANSION DEBUG]: ExpansionTraderQuinn<0x0000020CC6663080> ExpansionTraderQuinn:::SetTraderObject ExpansionTraderObjectBase<0x0000020D60D45C70> <3705.351074, 401.942993, 5974.619141>
 SCRIPT       : 01:34:28.937 [EXPANSION DEBUG]: LoadMissionTradersFile trader ExpansionTraderNaomi<0x0000020D55AC0540> ExpansionTraderNaomi: fileName Weapons
 SCRIPT       : 01:34:28.938 [EXPANSION DEBUG]: ExpansionTraderNaomi<0x0000020D55AC0540> ExpansionTraderNaomi:::SetTraderObject ExpansionTraderObjectBase<0x0000020D60F35220> <3694.393066, 401.880005, 5977.171875>
 SCRIPT       : 01:34:28.989 [EXPANSION DEBUG]: LoadMissionTradersFile trader ExpansionTraderSeth<0x0000020D55ABCF30> ExpansionTraderSeth:19 fileName Attachments
 SCRIPT       : 01:34:28.990 [EXPANSION DEBUG]: ExpansionTraderSeth<0x0000020D55ABCF30> ExpansionTraderSeth:19::SetTraderObject ExpansionTraderObjectBase<0x0000020D60F3BE80> <3710.749023, 401.877991, 5992.686035>
 SCRIPT       : 01:34:29.022 [EXPANSION DEBUG]: LoadMissionTradersFile trader ExpansionTraderRolf<0x0000020D55ACA770> ExpansionTraderRolf:19 fileName Vehicles
 SCRIPT       : 01:34:29.023 [EXPANSION DEBUG]: ExpansionTraderRolf<0x0000020D55ACA770> ExpansionTraderRolf:19::SetTraderObject ExpansionTraderObjectBase<0x0000020D61143480> <3752.118896, 402.907013, 5993.716797>
 SCRIPT       : 01:34:29.078 [EXPANSION DEBUG]: LoadMissionTradersFile trader ExpansionTraderIndar<0x0000020D61347C90> ExpansionTraderIndar: fileName Components
 SCRIPT       : 01:34:29.078 [EXPANSION DEBUG]: ExpansionTraderIndar<0x0000020D61347C90> ExpansionTraderIndar:::SetTraderObject ExpansionTraderObjectBase<0x0000020D6129F800> <3705.658936, 401.880005, 5986.731934>
 SCRIPT       : 01:34:29.110 [EXPANSION DEBUG]: LoadMissionTradersFile trader ExpansionTraderJudy<0x0000020D61341070> ExpansionTraderJudy:19 fileName Medicals
 SCRIPT       : 01:34:29.110 [EXPANSION DEBUG]: ExpansionTraderJudy<0x0000020D61341070> ExpansionTraderJudy:19::SetTraderObject ExpansionTraderObjectBase<0x0000020D614CA720> <3703.028076, 401.876007, 5980.686035>
 SCRIPT       : 01:34:29.118 [EXPANSION DEBUG]: LoadMissionTradersFile trader ExpansionTraderNaomi<0x0000020D6134B2A0> ExpansionTraderNaomi: fileName Vehicle_Parts
 SCRIPT       : 01:34:29.118 [EXPANSION DEBUG]: ExpansionTraderNaomi<0x0000020D6134B2A0> ExpansionTraderNaomi:::SetTraderObject ExpansionTraderObjectBase<0x0000020D614CC460> <3719.777100, 401.264008, 6008.973145>
 SCRIPT       : 01:34:29.156 [EXPANSION DEBUG]: LoadMissionTradersFile trader ExpansionTraderJose<0x0000020D61351EC0> ExpansionTraderJose:19 fileName Spraycans
 SCRIPT       : 01:34:29.156 [EXPANSION DEBUG]: ExpansionTraderJose<0x0000020D61351EC0> ExpansionTraderJose:19::SetTraderObject ExpansionTraderObjectBase<0x0000020D677BBA60> <3733.934082, 402.404999, 6018.082031>
 SCRIPT       : 01:34:29.190 [EXPANSION DEBUG]: LoadMissionTradersFile trader ExpansionTraderLinda<0x0000020D613554D0> ExpansionTraderLinda: fileName Special
 SCRIPT       : 01:34:29.190 [EXPANSION DEBUG]: ExpansionTraderLinda<0x0000020D613554D0> ExpansionTraderLinda:::SetTraderObject ExpansionTraderObjectBase<0x0000020D61283C00> <3736.435059, 402.381012, 6022.344238>
 SCRIPT       : 01:34:29.216 [EXPANSION DEBUG]: LoadMissionTradersFile trader ExpansionTraderNiki<0x0000020D61358AE0> ExpansionTraderNiki:19 fileName BuildingSupplies
 SCRIPT       : 01:34:29.216 [EXPANSION DEBUG]: ExpansionTraderNiki<0x0000020D61358AE0> ExpansionTraderNiki:19::SetTraderObject ExpansionTraderObjectBase<0x0000020D67AA0C00> <3742.210938, 402.346008, 6015.333984>
 SCRIPT       : [ExpansionQuestPersistentServerData] Load existing configuration file:$profile:ExpansionMod\Quests\PersistentServerData.json
 SCRIPT       : [ExpansionQuestPersistentServerData] Load existing configuration file:$profile:ExpansionMod\Quests\PersistentServerData.json
 SCRIPT       : [ExpansionQuestObjectiveTravelConfig] Load existing configuration file:$profile:ExpansionMod\Quests\Objectives\Travel\1-Travel-Canabal-1.json
 SCRIPT       : [ExpansionQuestObjectiveTravelConfig] Load existing configuration file:$profile:ExpansionMod\Quests\Objectives\Travel\10-Travel-HammerTime.json
 SCRIPT       : [ExpansionQuestObjectiveTravelConfig] Load existing configuration file:$profile:ExpansionMod\Quests\Objectives\Travel\2-Travel-Canabal-2.json
 SCRIPT       : [ExpansionQuestObjectiveTravelConfig] Load existing configuration file:$profile:ExpansionMod\Quests\Objectives\Travel\3-Travel-SafeZone.json
 SCRIPT       : [ExpansionQuestObjectiveTravelConfig] Load existing configuration file:$profile:ExpansionMod\Quests\Objectives\Travel\5-Travel-Police_5.json
 SCRIPT       : [ExpansionQuestObjectiveTravelConfig] Load existing configuration file:$profile:ExpansionMod\Quests\Objectives\Travel\6-Travel-SwampBandits_6.json
 SCRIPT       : [ExpansionQuestObjectiveTravelConfig] Load existing configuration file:$profile:ExpansionMod\Quests\Objectives\Travel\60-Travel-BelayaPoyana.json
 SCRIPT       : [ExpansionQuestObjectiveTravelConfig] Load existing configuration file:$profile:ExpansionMod\Quests\Objectives\Travel\7-Travel-Skalisty.json
 SCRIPT       : [ExpansionQuestObjectiveTravelConfig] Load existing configuration file:$profile:ExpansionMod\Quests\Objectives\Travel\70-Travel-Medical_Ambulance.json
 SCRIPT       : [ExpansionQuestObjectiveTravelConfig] Load existing configuration file:$profile:ExpansionMod\Quests\Objectives\Travel\71-Travel-School_Ambush.json
 SCRIPT       : [ExpansionQuestObjectiveTravelConfig] Load existing configuration file:$profile:ExpansionMod\Quests\Objectives\Travel\72-Travel-Lost_in_The_Sea.json
 SCRIPT       : [ExpansionQuestObjectiveTravelConfig] Load existing configuration file:$profile:ExpansionMod\Quests\Objectives\Travel\73-Travel-The_Lost_Survivor.json
 SCRIPT       : [ExpansionQuestObjectiveTravelConfig] Load existing configuration file:$profile:ExpansionMod\Quests\Objectives\Travel\74-Travel-PilotCrash.json
 SCRIPT       : [ExpansionQuestObjectiveTravelConfig] Load existing configuration file:$profile:ExpansionMod\Quests\Objectives\Travel\75-Travel-PilotCrash_1.json
 SCRIPT       : [ExpansionQuestObjectiveTravelConfig] Load existing configuration file:$profile:ExpansionMod\Quests\Objectives\Travel\76-Travel-PilotCrash_2.json
 SCRIPT       : [ExpansionQuestObjectiveTravelConfig] Load existing configuration file:$profile:ExpansionMod\Quests\Objectives\Travel\77-Travel-Medical_Ambulance_3.json
 SCRIPT       : [ExpansionQuestObjectiveTravelConfig] Load existing configuration file:$profile:ExpansionMod\Quests\Objectives\Travel\78-Travel-Medical_Ambulance_Speak_With_Doctor.json
 SCRIPT       : [ExpansionQuestObjectiveTravelConfig] Load existing configuration file:$profile:ExpansionMod\Quests\Objectives\Travel\79-Travel-Medical_Ambulance_2.json
 SCRIPT       : [ExpansionQuestObjectiveTravelConfig] Load existing configuration file:$profile:ExpansionMod\Quests\Objectives\Travel\8-Travel-T_8.json
 SCRIPT       : [ExpansionQuestObjectiveTravelConfig] Load existing configuration file:$profile:ExpansionMod\Quests\Objectives\Travel\9-Travel-PowerPlant_9.json
 SCRIPT       : [ExpansionQuestObjectiveTargetConfig] Load existing configuration file:$profile:ExpansionMod\Quests\Objectives\Target\1-Target-infected-1.json
 SCRIPT       : [ExpansionQuestObjectiveTargetConfig] Load existing configuration file:$profile:ExpansionMod\Quests\Objectives\Target\10-Target-zAnimals-10.json
 SCRIPT       : [ExpansionQuestObjectiveTargetConfig] Load existing configuration file:$profile:ExpansionMod\Quests\Objectives\Target\11-Target-zPatolAi-11.json
 SCRIPT       : [ExpansionQuestObjectiveTargetConfig] Load existing configuration file:$profile:ExpansionMod\Quests\Objectives\Target\12-Target-zPatolAi-12.json
 SCRIPT       : [ExpansionQuestObjectiveTargetConfig] Load existing configuration file:$profile:ExpansionMod\Quests\Objectives\Target\13-Target-zPatolAi-13.json
 SCRIPT       : [ExpansionQuestObjectiveTargetConfig] Load existing configuration file:$profile:ExpansionMod\Quests\Objectives\Target\14-The-Easter-Bunny-14.json
 SCRIPT       : [ExpansionQuestObjectiveTargetConfig] Load existing configuration file:$profile:ExpansionMod\Quests\Objectives\Target\15-Target-zSnakes-15.json
 SCRIPT       : [ExpansionQuestObjectiveTargetConfig] Load existing configuration file:$profile:ExpansionMod\Quests\Objectives\Target\2-Target-infected-2.json
 SCRIPT       : [ExpansionQuestObjectiveTargetConfig] Load existing configuration file:$profile:ExpansionMod\Quests\Objectives\Target\3-Target-infected-3.json
 SCRIPT       : [ExpansionQuestObjectiveTargetConfig] Load existing configuration file:$profile:ExpansionMod\Quests\Objectives\Target\32-Target-PowerPlant.json
 SCRIPT       : [ExpansionQuestObjectiveTargetConfig] Load existing configuration file:$profile:ExpansionMod\Quests\Objectives\Target\4-Target-infected-4.json
 SCRIPT       : [ExpansionQuestObjectiveTargetConfig] Load existing configuration file:$profile:ExpansionMod\Quests\Objectives\Target\5-Target-Mutants-5.json
 SCRIPT       : [ExpansionQuestObjectiveTargetConfig] Load existing configuration file:$profile:ExpansionMod\Quests\Objectives\Target\7-Target-zAnimals-07.json
 SCRIPT       : [ExpansionQuestObjectiveTargetConfig] Load existing configuration file:$profile:ExpansionMod\Quests\Objectives\Target\74-Target-PilotCrash.json
 SCRIPT       : [ExpansionQuestObjectiveTargetConfig] Load existing configuration file:$profile:ExpansionMod\Quests\Objectives\Target\75-Target-PilotCrash_1.json
 SCRIPT       : [ExpansionQuestObjectiveTargetConfig] Load existing configuration file:$profile:ExpansionMod\Quests\Objectives\Target\8-Target-zAnimals-08.json
 SCRIPT       : [ExpansionQuestObjectiveTargetConfig] Load existing configuration file:$profile:ExpansionMod\Quests\Objectives\Target\80-Target-Medical_Ambulance_2.json
 SCRIPT       : [ExpansionQuestObjectiveTargetConfig] Load existing configuration file:$profile:ExpansionMod\Quests\Objectives\Target\81-Target-Medical_Ambulance_3.json
 SCRIPT       : [ExpansionQuestObjectiveTargetConfig] Load existing configuration file:$profile:ExpansionMod\Quests\Objectives\Target\82-Target-FirstBlood.json
 SCRIPT       : [ExpansionQuestObjectiveTargetConfig] Load existing configuration file:$profile:ExpansionMod\Quests\Objectives\Target\83-Target-RealSurvivor.json
 SCRIPT       : [ExpansionQuestObjectiveTargetConfig] Load existing configuration file:$profile:ExpansionMod\Quests\Objectives\Target\84-Target-NoMercy.json
 SCRIPT       : [ExpansionQuestObjectiveTargetConfig] Load existing configuration file:$profile:ExpansionMod\Quests\Objectives\Target\85-Target-FirstKill-eAI.json
 SCRIPT       : [ExpansionQuestObjectiveTargetConfig] Load existing configuration file:$profile:ExpansionMod\Quests\Objectives\Target\86-Target-AIHunter-eAI.json
 SCRIPT       : [ExpansionQuestObjectiveTargetConfig] Load existing configuration file:$profile:ExpansionMod\Quests\Objectives\Target\87-Target-AISlayer-eAI.json
 SCRIPT       : [ExpansionQuestObjectiveTargetConfig] Load existing configuration file:$profile:ExpansionMod\Quests\Objectives\Target\88-Target-FirstWolf.json
 SCRIPT       : [ExpansionQuestObjectiveTargetConfig] Load existing configuration file:$profile:ExpansionMod\Quests\Objectives\Target\89-Target-WolfPack.json
 SCRIPT       : [ExpansionQuestObjectiveTargetConfig] Load existing configuration file:$profile:ExpansionMod\Quests\Objectives\Target\9-Target-Fox-09.json
 SCRIPT       : [ExpansionQuestObjectiveTargetConfig] Load existing configuration file:$profile:ExpansionMod\Quests\Objectives\Target\90-Target-WolfSlayer.json
 SCRIPT       : [ExpansionQuestObjectiveTargetConfig] Load existing configuration file:$profile:ExpansionMod\Quests\Objectives\Target\91-Target-FirstBear.json
 SCRIPT       : [ExpansionQuestObjectiveTargetConfig] Load existing configuration file:$profile:ExpansionMod\Quests\Objectives\Target\92-Target-BearHunter.json
 SCRIPT       : [ExpansionQuestObjectiveTargetConfig] Load existing configuration file:$profile:ExpansionMod\Quests\Objectives\Target\93-Target-BearSlayer.json
 SCRIPT       : [ExpansionQuestObjectiveDeliveryConfig] Load existing configuration file:$profile:ExpansionMod\Quests\Objectives\Delivery\1-Delivery-Steve-1.json
 SCRIPT       : [ExpansionQuestObjectiveDeliveryConfig] Load existing configuration file:$profile:ExpansionMod\Quests\Objectives\Delivery\2-Delivery-Peter-1.json
 SCRIPT       : [ExpansionQuestObjectiveDeliveryConfig] Load existing configuration file:$profile:ExpansionMod\Quests\Objectives\Delivery\5-Delivery-Note.json
 SCRIPT       : [ExpansionQuestObjectiveCollectionConfig] Load existing configuration file:$profile:ExpansionMod\Quests\Objectives\Collection\1-Collection-MetalWire.json
 SCRIPT       : [ExpansionQuestObjectiveCollectionConfig] Load existing configuration file:$profile:ExpansionMod\Quests\Objectives\Collection\10-Repair_Weapon.json
 SCRIPT       : [ExpansionQuestObjectiveCollectionConfig] Load existing configuration file:$profile:ExpansionMod\Quests\Objectives\Collection\12-Repair_Vest911.json
 SCRIPT       : [ExpansionQuestObjectiveCollectionConfig] Load existing configuration file:$profile:ExpansionMod\Quests\Objectives\Collection\13-Repair_ClothesBag912.json
 SCRIPT       : [ExpansionQuestObjectiveCollectionConfig] Load existing configuration file:$profile:ExpansionMod\Quests\Objectives\Collection\14-Medical_Heal913.json
 SCRIPT       : [ExpansionQuestObjectiveCollectionConfig] Load existing configuration file:$profile:ExpansionMod\Quests\Objectives\Collection\15-TP_1.json
 SCRIPT       : [ExpansionQuestObjectiveCollectionConfig] Load existing configuration file:$profile:ExpansionMod\Quests\Objectives\Collection\16-TP_2.json
 SCRIPT       : [ExpansionQuestObjectiveCollectionConfig] Load existing configuration file:$profile:ExpansionMod\Quests\Objectives\Collection\2-Collection-Mackerel.json
 SCRIPT       : [ExpansionQuestObjectiveCollectionConfig] Load existing configuration file:$profile:ExpansionMod\Quests\Objectives\Collection\3-Collection-Reindeer.json
 SCRIPT       : [ExpansionQuestObjectiveCollectionConfig] Load existing configuration file:$profile:ExpansionMod\Quests\Objectives\Collection\4-Collection-BearPelt.json
 SCRIPT       : [ExpansionQuestObjectiveCollectionConfig] Load existing configuration file:$profile:ExpansionMod\Quests\Objectives\Collection\5-Collection-DeerPelt.json
 SCRIPT       : [ExpansionQuestObjectiveCollectionConfig] Load existing configuration file:$profile:ExpansionMod\Quests\Objectives\Collection\6-Collection-Lock.json
 SCRIPT       : [ExpansionQuestObjectiveCollectionConfig] Load existing configuration file:$profile:ExpansionMod\Quests\Objectives\Collection\7-Collection-CrocodileSkin.json
 SCRIPT       : [ExpansionQuestObjectiveCollectionConfig] Load existing configuration file:$profile:ExpansionMod\Quests\Objectives\Collection\8-Fishing-Time.json
 SCRIPT       : [ExpansionQuestObjectiveCollectionConfig] Load existing configuration file:$profile:ExpansionMod\Quests\Objectives\Collection\9-Collection-Rat.json
 SCRIPT       : [ExpansionQuestObjectiveTreasureHuntConfig] Load existing configuration file:$profile:ExpansionMod\Quests\Objectives\TreasureHunt\1-TH_1.json
 SCRIPT       : [ExpansionQuestObjectiveTreasureHuntConfig] Load existing configuration file:$profile:ExpansionMod\Quests\Objectives\TreasureHunt\2-Thief of grave.json
 SCRIPT       : [ExpansionQuestObjectiveTreasureHuntConfig] Load existing configuration file:$profile:ExpansionMod\Quests\Objectives\TreasureHunt\3-Stolen-Ammunition.json
 SCRIPT       : [ExpansionQuestObjectiveActionConfig] Load existing configuration file:$profile:ExpansionMod\Quests\Objectives\Action\1-Medic.json
 SCRIPT       : [ExpansionQuestObjectiveActionConfig] Load existing configuration file:$profile:ExpansionMod\Quests\Objectives\Action\10-Medic.json
 SCRIPT       : [ExpansionQuestObjectiveActionConfig] Load existing configuration file:$profile:ExpansionMod\Quests\Objectives\Action\11-Medic.json
 SCRIPT       : [ExpansionQuestObjectiveActionConfig] Load existing configuration file:$profile:ExpansionMod\Quests\Objectives\Action\12-Medic.json
 SCRIPT       : [ExpansionQuestObjectiveActionConfig] Load existing configuration file:$profile:ExpansionMod\Quests\Objectives\Action\13-Medic.json
 SCRIPT       : [ExpansionQuestObjectiveActionConfig] Load existing configuration file:$profile:ExpansionMod\Quests\Objectives\Action\14-Medic.json
 SCRIPT       : [ExpansionQuestObjectiveActionConfig] Load existing configuration file:$profile:ExpansionMod\Quests\Objectives\Action\15-Medic.json
 SCRIPT       : [ExpansionQuestObjectiveActionConfig] Load existing configuration file:$profile:ExpansionMod\Quests\Objectives\Action\16-Medic.json
 SCRIPT       : [ExpansionQuestObjectiveActionConfig] Load existing configuration file:$profile:ExpansionMod\Quests\Objectives\Action\17-Medic.json
 SCRIPT       : [ExpansionQuestObjectiveActionConfig] Load existing configuration file:$profile:ExpansionMod\Quests\Objectives\Action\18-Horticulture.json
 SCRIPT       : [ExpansionQuestObjectiveActionConfig] Load existing configuration file:$profile:ExpansionMod\Quests\Objectives\Action\19-Horticulture.json
 SCRIPT       : [ExpansionQuestObjectiveActionConfig] Load existing configuration file:$profile:ExpansionMod\Quests\Objectives\Action\2-Medic.json
 SCRIPT       : [ExpansionQuestObjectiveActionConfig] Load existing configuration file:$profile:ExpansionMod\Quests\Objectives\Action\20-Horticulture.json
 SCRIPT       : [ExpansionQuestObjectiveActionConfig] Load existing configuration file:$profile:ExpansionMod\Quests\Objectives\Action\21-Horticulture.json
 SCRIPT       : [ExpansionQuestObjectiveActionConfig] Load existing configuration file:$profile:ExpansionMod\Quests\Objectives\Action\22-Horticulture.json
 SCRIPT       : [ExpansionQuestObjectiveActionConfig] Load existing configuration file:$profile:ExpansionMod\Quests\Objectives\Action\23-Horticulture.json
 SCRIPT       : [ExpansionQuestObjectiveActionConfig] Load existing configuration file:$profile:ExpansionMod\Quests\Objectives\Action\24-Horticulture.json
 SCRIPT       : [ExpansionQuestObjectiveActionConfig] Load existing configuration file:$profile:ExpansionMod\Quests\Objectives\Action\26-Vehicle_StartBoat.json
 SCRIPT       : [ExpansionQuestObjectiveActionConfig] Load existing configuration file:$profile:ExpansionMod\Quests\Objectives\Action\3-Medic.json
 SCRIPT       : [ExpansionQuestObjectiveActionConfig] Load existing configuration file:$profile:ExpansionMod\Quests\Objectives\Action\4-Medic.json
 SCRIPT       : [ExpansionQuestObjectiveActionConfig] Load existing configuration file:$profile:ExpansionMod\Quests\Objectives\Action\5-Medic.json
 SCRIPT       : [ExpansionQuestObjectiveActionConfig] Load existing configuration file:$profile:ExpansionMod\Quests\Objectives\Action\6-Medic.json
 SCRIPT       : [ExpansionQuestObjectiveActionConfig] Load existing configuration file:$profile:ExpansionMod\Quests\Objectives\Action\7-Medic.json
 SCRIPT       : [ExpansionQuestObjectiveActionConfig] Load existing configuration file:$profile:ExpansionMod\Quests\Objectives\Action\8-Medic.json
 SCRIPT       : [ExpansionQuestObjectiveActionConfig] Load existing configuration file:$profile:ExpansionMod\Quests\Objectives\Action\9-Medic.json
 SCRIPT       : [ExpansionQuestObjectiveCraftingConfig] Load existing configuration file:$profile:ExpansionMod\Quests\Objectives\Crafting\1-Crafting-FishingRod.json
 SCRIPT       : [ExpansionQuestObjectiveAIPatrolConfig] Load existing configuration file:$profile:ExpansionMod\Quests\Objectives\AIPatrol\1-AIpatrol.json
 SCRIPT       : [ExpansionQuestObjectiveAIPatrolConfig] Load existing configuration file:$profile:ExpansionMod\Quests\Objectives\AIPatrol\2-AIpatrol-PatrolSwamp_2.json
 SCRIPT       : [ExpansionQuestObjectiveAICampConfig] Load existing configuration file:$profile:ExpansionMod\Quests\Objectives\AICamp\1-AICamp-Canabal-1.json
 SCRIPT       : [ExpansionQuestObjectiveAICampConfig] Load existing configuration file:$profile:ExpansionMod\Quests\Objectives\AICamp\2-AICamp-Canabal-2.json
 SCRIPT       : [ExpansionQuestObjectiveAICampConfig] Load existing configuration file:$profile:ExpansionMod\Quests\Objectives\AICamp\3-AICamp-AIC_Example_3.json
 SCRIPT       : [ExpansionQuestObjectiveAICampConfig] Load existing configuration file:$profile:ExpansionMod\Quests\Objectives\AICamp\40-AICamp-AIC_Police_2.json
 SCRIPT       : [ExpansionQuestObjectiveAICampConfig] Load existing configuration file:$profile:ExpansionMod\Quests\Objectives\AICamp\5-AICamp-AIC_Plant_5.json
 SCRIPT       : [ExpansionQuestObjectiveAICampConfig] Load existing configuration file:$profile:ExpansionMod\Quests\Objectives\AICamp\50-AICamp-BelayaPolyana_1.json
 SCRIPT       : [ExpansionQuestObjectiveAICampConfig] Load existing configuration file:$profile:ExpansionMod\Quests\Objectives\AICamp\70-AICamp-Medical_Ambulance.json
 SCRIPT       : [ExpansionQuestObjectiveAICampConfig] Load existing configuration file:$profile:ExpansionMod\Quests\Objectives\AICamp\71-AICamp-School_Ambush.json
 SCRIPT       : [ExpansionQuestObjectiveAICampConfig] Load existing configuration file:$profile:ExpansionMod\Quests\Objectives\AICamp\72-AICamp-Medical_Ambulance_2.json
 SCRIPT       : [ExpansionQuestObjectiveAICampConfig] Load existing configuration file:$profile:ExpansionMod\Quests\Objectives\AICamp\73-AICamp-The_Lost_Survivor.json
 SCRIPT       : [ExpansionQuestObjectiveAICampConfig] Load existing configuration file:$profile:ExpansionMod\Quests\Objectives\AICamp\74-AICamp-AIPowerPlant_3.json
 SCRIPT       : [ExpansionQuestObjectiveAICampConfig] Load existing configuration file:$profile:ExpansionMod\Quests\Objectives\AICamp\75-AIPatrol-PatrolSwamp_2.json
 SCRIPT       : [ExpansionQuestObjectiveAICampConfig] Load existing configuration file:$profile:ExpansionMod\Quests\Objectives\AICamp\76-AICamp-PilotCrash_2.json
 SCRIPT       : [ExpansionQuestObjectiveAIEscortConfig] Load existing configuration file:$profile:ExpansionMod\Quests\Objectives\AIVIP\1-VIP.json
 SCRIPT       : [ExpansionQuestObjectiveAIEscortConfig] Load existing configuration file:$profile:ExpansionMod\Quests\Objectives\AIVIP\2-VIP.json
 SCRIPT       : [ExpansionQuestObjectiveAIEscortConfig] Load existing configuration file:$profile:ExpansionMod\Quests\Objectives\AIVIP\3-VIP - Medical_Ambulance.json
 SCRIPT       : [ExpansionQuestObjectiveAIEscortConfig] Load existing configuration file:$profile:ExpansionMod\Quests\Objectives\AIVIP\4-VIP.json
 SCRIPT       : [ExpansionQuestObjectiveAIEscortConfig] Load existing configuration file:$profile:ExpansionMod\Quests\Objectives\AIVIP\5-VIP.json
 SCRIPT       : [ExpansionQuestObjectiveAIEscortConfig] Load existing configuration file:$profile:ExpansionMod\Quests\Objectives\AIVIP\6-VIP - The_Lost_Survivor.json
 SCRIPT       : [ExpansionQuestObjectiveAIEscortConfig] Load existing configuration file:$profile:ExpansionMod\Quests\Objectives\AIVIP\7-VIP - PilotCrash.json
 SCRIPT       : [ExpansionQuestObjectiveAIEscortConfig] Load existing configuration file:$profile:ExpansionMod\Quests\Objectives\AIVIP\8-VIP - PilotCrash_1.json
 SCRIPT       : [ExpansionQuestObjectiveAIEscortConfig] Load existing configuration file:$profile:ExpansionMod\Quests\Objectives\AIVIP\9-VIP - PilotCrash_2.json
 SCRIPT       : [ExpansionQuestNPCData] Load existing configuration file:QuestNPC_1.json
 SCRIPT       : [ExpansionQuestNPCData] Load existing configuration file:QuestNPC_2.json
 SCRIPT       : [ExpansionQuestNPCData] Load existing configuration file:QuestNPC_3.json
 SCRIPT       : [ExpansionQuestNPCData] Load existing configuration file:QuestNPC_4000.json
 SCRIPT       : [ExpansionQuestNPCData] Load existing configuration file:QuestNPC_4001.json
 SCRIPT       : [ExpansionQuestNPCData] Load existing configuration file:QuestNPC_4003.json
 SCRIPT       : 01:34:42.642 [ExpansionQuestModule<0x00000208DBFC3C00>] :: [INFO] :: [Expansion Quests] NPC with ID 4003 is set to inactive. Skip..
 SCRIPT       : [ExpansionQuestNPCData] Load existing configuration file:QuestNPC_4005.json
 SCRIPT       : [ExpansionQuestNPCData] Load existing configuration file:QuestNPC_4006.json
 SCRIPT       : [MissionServer] OnMissionStart - Server
 SCRIPT       : string dirtyName = 'Bullzed-Test'
 SCRIPT       : [ZEN|2026.05.27 01:34:42] [ZenModCore] OnMissionStart.
SCRIPT       : ExpansionMarketItem marketItem = ExpansionMarketItem<0x0000020A84036D60>
SCRIPT       : int worth =   1
SCRIPT       : ExpansionZonePolygon<0x0000020E48A6C430> position=<12015.854492, 0.000000, 12591.097656> radius=419.633
SCRIPT       : ExpansionZoneCircle<0x0000020F1619E460> position=<1143.140015, 0.000000, 2423.270020> radius=700
SCRIPT       : ExpansionZoneCircle<0x0000020F1619F000> position=<3728.270020, 0.000000, 6003.600098> radius=500
SCRIPT       : Found 3 zones!
SCRIPT       : Module: $profile:ExpansionMod\AI\FSM\Master.c; loaded 1x files; 153x classes; used 119/262 kB (45%) of static memory; defines: "DAYZ_1_29,SERVER_FOR_WINDOWS,SERVER,PLATFORM_WINDOWS,RELEASE,NO_GUI,NO_GUI_INGAME,BF_Define,DZ_Expansion_AI_Prel
SCRIPT       : 01:35:41.682 [ERROR] :: Unknown loadout requested ('Medic_Trader')
Function: 'Apply'
Stack trace:
DayZExpansion/Core/Scripts/4_World/dayzexpansion_core\classes\loadout\expansionloadout.c:3212
SCRIPT       : 01:35:41.780 [ERROR] :: Unknown loadout requested ('MMG_SNAFU_Atack')
Function: 'Apply'
Stack trace:
DayZExpansion/Core/Scripts/4_World/dayzexpansion_core\classes\loadout\expansionloadout.c:3212
SCRIPT       : m_LoginTimeMs: 16200
 SCRIPT       : 01:35:59.941 [EXPANSION DEBUG]: ExpansionHardlineModule<0x00000208A5E78A20> ::LoadPlayerData - Loaded player hardline data for player Juts[ANwBQqVVStKCILjNoABDu3SscjO3bFF-nGQjnjwyOUM=]
SCRIPT       : [ZEN|2026.05.27 01:36:24] [ZenObjectHookSpawner] No hook configs to dump positions of.
 SCRIPT       : [AYSA] [KNOCK KNOCK ZOMBIES] 
 SCRIPT       : [AYSA] ----- Sending cfg -----
 SCRIPT       : [AYSA] ----- Juts -----
 SCRIPT       : ---- PlayerBase OnStoreLoad SUCCESS ----
 SCRIPT       : [BVP Doors] Sent full config to client: Juts
 SCRIPT       : 01:36:31.844 [EXPANSION DEBUG]: ExpansionPartyData<0x0000020D7F107D30>::OnJoin party Ratas de laboratiorio (ID 0) player Juts (ID ANwBQqVVStKCILjNoABDu3SscjO3bFF-nGQjnjwyOUM=)
 SCRIPT       : [ZEN|2026.05.27 01:36:31] [ZenModCore::ZenConfigRegister] Sent 3 config files to id=ANwBQqVVStKCILjNoABDu3SscjO3bFF-nGQjnjwyOUM=
 SCRIPT       : CustomMission<0x0000020C987CEBC0>::SyncBFConfig - Send Building
 SCRIPT       : [VPPAT] Player "Juts" (steamId=76561198119114852) connected to server!
 SCRIPT       : [PlayerListManager] AddReceiver ► added: PlayerIdentity<0x0000020F1E874570>
SCRIPT       : [ZenSleep::ZenSleepEffectHandlerServer] Initialized ANwBQqVVStKCILjNoABDu3SscjO3bFF-nGQjnjwyOUM=
SCRIPT       : 01:36:32.571 [EXPANSION DEBUG]: eAI_SurvivorF_Frida<0x0000020A84DF16C0> eAI_SurvivorF_Frida:76 ---- PlayerBase::Expansion_OnEntityStorageLoad SUCCESS ----
SCRIPT       : 01:36:32.571 [ExpansionEntityStorage] HITCH: 75.1357ms
SCRIPT       : 01:36:32.644 [EXPANSION DEBUG]: eAI_SurvivorF_Keiko<0x0000020F3476C120> eAI_SurvivorF_Keiko:76 ---- PlayerBase::Expansion_OnEntityStorageLoad SUCCESS ----
SCRIPT       : 01:36:32.644 [ExpansionEntityStorage] HITCH: 49.4363ms
SCRIPT       : 01:36:32.827 [EXPANSION DEBUG]: eAI_SurvivorF_Maria<0x0000020F3446C020> eAI_SurvivorF_Maria:76 ---- PlayerBase::Expansion_OnEntityStorageLoad SUCCESS ----
SCRIPT       : 01:36:32.828 [ExpansionEntityStorage] HITCH: 108.573ms
SCRIPT       : 01:36:32.930 [EXPANSION DEBUG]: eAI_SurvivorM_Boris<0x0000020F2E5F2020> eAI_SurvivorM_Boris:76 ---- PlayerBase::Expansion_OnEntityStorageLoad SUCCESS ----
SCRIPT       : 01:36:32.930 [ExpansionEntityStorage] HITCH: 79.5603ms
SCRIPT       : 01:36:33.042 [EXPANSION DEBUG]: eAI_SurvivorF_Helga<0x0000020A84627010> eAI_SurvivorF_Helga:76 ---- PlayerBase::Expansion_OnEntityStorageLoad SUCCESS ----
SCRIPT       : 01:36:33.042 [ExpansionEntityStorage] HITCH: 87.4077ms
SCRIPT       : 01:36:33.126 [EXPANSION DEBUG]: eAI_SurvivorF_Baty<0x0000020F2FD02010> eAI_SurvivorF_Baty:7666 ---- PlayerBase::Expansion_OnEntityStorageLoad SUCCESS ----
SCRIPT       : 01:36:33.126 [ExpansionEntityStorage] HITCH: 60.3425ms
SCRIPT       : 01:36:33.220 [EXPANSION DEBUG]: eAI_SurvivorF_Keiko<0x0000020F3152A020> eAI_SurvivorF_Keiko:76 ---- PlayerBase::Expansion_OnEntityStorageLoad SUCCESS ----
SCRIPT       : 01:36:33.220 [ExpansionEntityStorage] HITCH: 70.0254ms
SCRIPT       : 01:36:33.329 [EXPANSION DEBUG]: eAI_SurvivorF_Irena<0x0000020F343D0010> eAI_SurvivorF_Irena:76 ---- PlayerBase::Expansion_OnEntityStorageLoad SUCCESS ----
SCRIPT       : 01:36:33.330 [ExpansionEntityStorage] HITCH: 87.7046ms
SCRIPT       : 01:36:33.475 [EXPANSION DEBUG]: eAI_SurvivorM_Oliver<0x0000020F34725030> eAI_SurvivorM_Oliver: ---- PlayerBase::Expansion_OnEntityStorageLoad SUCCESS ----
SCRIPT       : 01:36:33.475 [ExpansionEntityStorage] HITCH: 73.413ms
SCRIPT       : 01:36:59.816 [ExpansionEntityStorage] HITCH: 765.511ms
SCRIPT       : 01:37:28.055 [ExpansionEntityStorage] HITCH: 241.337ms
SCRIPT       : 01:37:56.369 [ExpansionEntityStorage] HITCH: 282.755ms
SCRIPT       : 01:38:26.286 [ExpansionEntityStorage] HITCH: 801.574ms
SCRIPT       : 01:38:56.041 [ExpansionEntityStorage] HITCH: 773.868ms
SCRIPT       : 01:39:25.896 [ExpansionEntityStorage] HITCH: 840.496ms
SCRIPT       : 01:39:54.375 [ExpansionEntityStorage] HITCH: 474.407ms
SCRIPT       : 01:40:23.279 [ExpansionEntityStorage] HITCH: 795.17ms
SCRIPT       : 01:40:52.146 [ExpansionEntityStorage] HITCH: 848.722ms
SCRIPT       : 01:41:02.634 [EXPANSION DEBUG]: [ExpansionMissionEventAirdrop] Adjusted container weights:
SCRIPT       : 01:41:02.635 [EXPANSION DEBUG]: ExpansionAirdropContainer 134
SCRIPT       : 01:41:02.635 [EXPANSION DEBUG]: ExpansionAirdropContainer_Medical 138
SCRIPT       : 01:41:02.635 [EXPANSION DEBUG]: ExpansionAirdropContainer_Basebuilding 133
SCRIPT       : 01:41:02.635 [EXPANSION DEBUG]: ExpansionAirdropContainer_Military 129
SCRIPT       : 01:41:02.635 [EXPANSION DEBUG]: ExpansionAirdropPlane::Expansion_GetSpawnPoint - drop position <11125.000000, 0.000000, 14040.000000> - map is chernarusplus - size 15360 - center <7100.000000, 300.000000, 7750.000000>
SCRIPT       : 01:41:02.635 [EXPANSION DEBUG]: ExpansionAirdropPlane::Expansion_GetSpawnPoint - selected spawn point <2431.382080, 450.620178, 0.000000>
   SCRIPT       : ExpansionActionOpenTraderMenu::OnStartServer - Start
SCRIPT       : 01:41:23.035 [ExpansionEntityStorage] HITCH: 2577.46ms
SCRIPT       : 01:41:51.553 [ExpansionEntityStorage] HITCH: 648.426ms
   SCRIPT       : ExpansionActionOpenTraderMenu::OnStartServer - Start
SCRIPT       : 01:42:20.129 [ExpansionEntityStorage] HITCH: 266.127ms
   SCRIPT       : ExpansionActionOpenTraderMenu::OnStartServer - Start
SCRIPT       : 01:42:48.520 [ExpansionEntityStorage] HITCH: 242.022ms
   SCRIPT       : ExpansionActionOpenTraderMenu::OnStartServer - Start
   SCRIPT       : ExpansionActionOpenTraderMenu::OnStartServer - Start
SCRIPT       : 01:43:17.506 [ExpansionEntityStorage] HITCH: 759.673ms
SCRIPT       : 01:43:45.763 [ExpansionEntityStorage] HITCH: 260.504ms
   SCRIPT       : ExpansionActionOpenTraderMenu::OnStartServer - Start
SCRIPT       : 01:44:14.281 [ExpansionEntityStorage] HITCH: 493.043ms
 SCRIPT       : [Permissions Manager] Admin (Juts) (76561198119114852) Successfully Logged in!
SCRIPT       : 01:44:46.132 [ExpansionEntityStorage] HITCH: 2756.29ms
SCRIPT       : 01:45:15.136 [ExpansionEntityStorage] HITCH: 686.548ms
SCRIPT       : 01:45:44.455 [ExpansionEntityStorage] HITCH: 1322.89ms
SCRIPT       : 01:46:13.170 [ExpansionEntityStorage] HITCH: 724.44ms
SCRIPT       : 01:46:42.563 [ExpansionEntityStorage] HITCH: 1244.25ms
SCRIPT       : 01:47:11.856 [ExpansionEntityStorage] HITCH: 841.868ms
   SCRIPT       : ExpansionActionOpenTraderMenu::OnStartServer - Start
SCRIPT       : 01:47:40.270 [ExpansionEntityStorage] HITCH: 380.257ms
SCRIPT       : 01:48:10.104 [ExpansionEntityStorage] HITCH: 1726.65ms
SCRIPT       : 01:48:38.381 [ExpansionEntityStorage] HITCH: 240.635ms
SCRIPT       : 01:49:06.681 [ExpansionEntityStorage] HITCH: 243.564ms
SCRIPT       : 01:49:36.851 [ExpansionEntityStorage] HITCH: 1054.06ms
SCRIPT       : 01:50:05.509 [ExpansionEntityStorage] HITCH: 656.19ms
SCRIPT       : 01:50:34.214 [ExpansionEntityStorage] HITCH: 334.754ms
SCRIPT       : 01:51:04.656 [ExpansionEntityStorage] HITCH: 2370.91ms
SCRIPT       : 01:51:35.296 [ExpansionEntityStorage] HITCH: 2452.85ms
SCRIPT       : 01:52:03.032 [EXPANSION LOG]: ExpansionAirdropContainerBase_Server<0x0000020F581F9FC0> Expan Expansion_InitAirdrop - total weight (kg) 306.33 - nominal fall speed 4.51583 m/s, wind impact strength 0.149472
SCRIPT       : 01:52:06.177 [ExpansionEntityStorage] HITCH: 2395.54ms
SCRIPT       : 01:52:35.784 [ExpansionEntityStorage] HITCH: 1541.31ms
SCRIPT       : 01:53:05.081 [ExpansionEntityStorage] HITCH: 1204.04ms
SCRIPT       : 01:53:34.100 [ExpansionEntityStorage] HITCH: 849.262ms
SCRIPT       : 01:54:03.428 [ExpansionEntityStorage] HITCH: 1388.15ms
SCRIPT       : 01:54:33.112 [ExpansionEntityStorage] HITCH: 682.637ms
SCRIPT       : 01:55:01.367 [ExpansionEntityStorage] HITCH: 237.708ms
SCRIPT       : 01:55:29.650 [ExpansionEntityStorage] HITCH: 278.853ms
SCRIPT       : 01:55:58.982 [ExpansionEntityStorage] HITCH: 1270.81ms
SCRIPT       : 01:56:27.680 [ExpansionEntityStorage] HITCH: 316.938ms
SCRIPT       : 01:56:57.393 [ExpansionEntityStorage] HITCH: 457.164ms
SCRIPT       : 01:57:26.257 [ExpansionEntityStorage] HITCH: 720.925ms
SCRIPT       : 01:57:55.771 [ExpansionEntityStorage] HITCH: 1547.65ms
SCRIPT       : 01:58:24.686 [ExpansionEntityStorage] HITCH: 866.735ms
SCRIPT       : 01:58:53.533 [ExpansionEntityStorage] HITCH: 504.708ms
SCRIPT       : 01:59:22.341 [ExpansionEntityStorage] HITCH: 707.689ms
SCRIPT       : 01:59:51.126 [ExpansionEntityStorage] HITCH: 834.969ms
SCRIPT       : 02:00:19.578 [ExpansionEntityStorage] HITCH: 511.386ms
SCRIPT       : 02:00:48.485 [ExpansionEntityStorage] HITCH: 865.817ms
SCRIPT       : 02:01:16.867 [ExpansionEntityStorage] HITCH: 283.198ms
SCRIPT       : 02:01:35.649 [EXPANSION DEBUG]: eAI_SurvivorM_Taiki<0x0000020F2E2E9020> eAI_SurvivorM_Taiki:76 Ignoring melee weapon because it was recently dropped: BaseballBat<0x0000020F3BA9BA60> BaseballBat:89964 (type=BaseballBat health=99.8335)
SCRIPT       : 02:01:45.191 [ExpansionEntityStorage] HITCH: 297.782ms
SCRIPT       : 02:02:14.366 [ExpansionEntityStorage] HITCH: 695.412ms
SCRIPT       : 02:02:42.697 [ExpansionEntityStorage] HITCH: 256.574ms
SCRIPT       : 02:03:11.619 [ExpansionEntityStorage] HITCH: 778.187ms
SCRIPT       : 02:03:40.340 [ExpansionEntityStorage] HITCH: 729.216ms
SCRIPT       : 02:04:09.431 [ExpansionEntityStorage] HITCH: 982.658ms
SCRIPT       : 02:04:38.592 [ExpansionEntityStorage] HITCH: 965.543ms
   SCRIPT       : ExpansionActionOpenTraderMenu::OnStartServer - Start
SCRIPT       : 02:05:09.232 [ExpansionEntityStorage] HITCH: 544.177ms
SCRIPT       : 02:05:38.224 [ExpansionEntityStorage] HITCH: 657.751ms
SCRIPT       : 02:06:07.304 [ExpansionEntityStorage] HITCH: 1115.42ms
SCRIPT       : 02:06:35.935 [ExpansionEntityStorage] HITCH: 600.299ms
SCRIPT       : 02:07:07.492 [ExpansionEntityStorage] HITCH: 3188.61ms
SCRIPT       : 02:07:07.980 [ExpansionEntityStorage] HITCH: 292.948ms
SCRIPT       : 02:07:36.570 [ExpansionEntityStorage] HITCH: 542.407ms
SCRIPT       : 02:08:08.486 [ExpansionEntityStorage] HITCH: 3875.82ms
SCRIPT       : 02:08:08.900 [ExpansionEntityStorage] HITCH: 228.278ms
SCRIPT       : 02:08:38.359 [ExpansionEntityStorage] HITCH: 1450.88ms
SCRIPT       : 02:09:07.094 [ExpansionEntityStorage] HITCH: 815.934ms
SCRIPT       : 02:09:37.534 [ExpansionEntityStorage] HITCH: 2466.68ms
SCRIPT       : 02:10:06.637 [ExpansionEntityStorage] HITCH: 995.712ms
SCRIPT       : 02:10:35.197 [ExpansionEntityStorage] HITCH: 534.766ms
SCRIPT       : 02:11:03.900 [ExpansionEntityStorage] HITCH: 737.049ms
SCRIPT       : 02:11:32.680 [ExpansionEntityStorage] HITCH: 802.79ms
SCRIPT       : 02:12:01.126 [ExpansionEntityStorage] HITCH: 520.964ms
SCRIPT       : 02:12:29.767 [ExpansionEntityStorage] HITCH: 677.21ms
SCRIPT       : 02:12:58.065 [ExpansionEntityStorage] HITCH: 292.322ms
SCRIPT       : [ExpansionAirdropContainerManager] Container at <11157.009766, 102.961510, 14015.485352> was deleted
SCRIPT       : ~ExpansionAirdropContainerManager
SCRIPT       : 02:13:26.430 [ExpansionEntityStorage] HITCH: 273.971ms
SCRIPT       : 02:13:56.305 [ExpansionEntityStorage] HITCH: 732.107ms
SCRIPT       : 02:14:25.637 [ExpansionEntityStorage] HITCH: 234.939ms
SCRIPT       : 02:14:53.982 [ExpansionEntityStorage] HITCH: 371.793ms
SCRIPT       : 02:15:22.891 [ExpansionEntityStorage] HITCH: 763.495ms
SCRIPT       : 02:15:52.819 [ExpansionEntityStorage] HITCH: 1961.25ms
SCRIPT       : 02:16:23.859 [ExpansionEntityStorage] HITCH: 3026.13ms
SCRIPT       : 02:16:58.280 [ExpansionEntityStorage] HITCH: 703.976ms
SCRIPT       : 02:17:27.137 [ExpansionEntityStorage] HITCH: 855.977ms
SCRIPT       : 02:17:56.482 [ExpansionEntityStorage] HITCH: 1090.36ms
SCRIPT       : 02:18:25.131 [ExpansionEntityStorage] HITCH: 764.51ms
SCRIPT       : 02:18:54.277 [ExpansionEntityStorage] HITCH: 1112.49ms
SCRIPT       : 02:19:23.399 [ExpansionEntityStorage] HITCH: 1172.07ms
SCRIPT       : 02:19:55.152 [ExpansionEntityStorage] HITCH: 577.335ms
SCRIPT       : 02:20:28.375 [ExpansionEntityStorage] HITCH: 4794.51ms
SCRIPT       : 02:20:28.870 [ExpansionEntityStorage] HITCH: 258.765ms
SCRIPT       : 02:20:57.699 [ExpansionEntityStorage] HITCH: 697.603ms
SCRIPT       : 02:21:27.831 [ExpansionEntityStorage] HITCH: 2173.31ms
SCRIPT       : 02:21:59.207 [ExpansionEntityStorage] HITCH: 1502.83ms
SCRIPT       : 02:22:28.566 [ExpansionEntityStorage] HITCH: 1375.78ms
SCRIPT       : 02:22:57.462 [ExpansionEntityStorage] HITCH: 1017.05ms
SCRIPT       : 02:23:36.955 [ExpansionEntityStorage] HITCH: 6865.92ms
SCRIPT       : 02:24:08.523 [ExpansionEntityStorage] HITCH: 860.205ms
SCRIPT       : 02:24:40.645 [ExpansionEntityStorage] HITCH: 773.575ms
SCRIPT       : 02:25:08.849 [ExpansionEntityStorage] HITCH: 324.333ms
SCRIPT       : 02:25:37.360 [ExpansionEntityStorage] HITCH: 403.221ms
SCRIPT       : 02:26:07.910 [ExpansionEntityStorage] HITCH: 2466.42ms
SCRIPT       : 02:26:36.134 [ExpansionEntityStorage] HITCH: 250.664ms
 SCRIPT       : [Logout]: New player ANwBQqVVStKCILjNoABDu3SscjO3bFF-nGQjnjwyOUM= with logout time 15
 SCRIPT       : Player "Juts" (steamid=76561198119114852) initiated disconnect process...
 SCRIPT       : Player "Juts" (steamid=76561198119114852) disconnected early from server (EXIT NOW).
SCRIPT       : 02:27:01.910 [EXPANSION DEBUG]: ExpansionPartyData<0x0000020D7F107D30>::OnLeave party Ratas de laboratiorio (ID 0) player Juts (ID ANwBQqVVStKCILjNoABDu3SscjO3bFF-nGQjnjwyOUM=)
SCRIPT       : 02:27:02.089 [EXPANSION DEBUG]: ExpansionQuestPersistentData<0x0000020E24B5A2E0>~ExpansionQuestPersistentData (13)
SCRIPT       : [ZenSkills] Saving skill DB to file for player: ANwBQqVVStKCILjNoABDu3SscjO3bFF-nGQjnjwyOUM=
SCRIPT       : [Logout]: Player ANwBQqVVStKCILjNoABDu3SscjO3bFF-nGQjnjwyOUM= finished
SCRIPT       : [PlayerListManager] SyncEntryToReceivers ► uid: ANwBQqVVStKCILjNoABDu3SscjO3bFF-nGQjnjwyOUM= isn't in the players list! sending a remove.
SCRIPT       : PlayerDisconnected -> PlayerListManager.RemoveEntry ► ANwBQqVVStKCILjNoABDu3SscjO3bFF-nGQjnjwyOUM=
SCRIPT       : [ZEN|2026.05.27 02:27:02] [ZenSkillsHighscoresDB] Saving to file: $profile:Zenarchist\Skills\DB\\ZenSkillsHighscoresDB.json
SCRIPT       : 02:27:02.937 [ExpansionEntityStorage] HITCH: 707.446ms
SCRIPT       : 02:27:03.355 [ExpansionEntityStorage] HITCH: 234.667ms
SCRIPT       : 02:27:04.723 [ExpansionEntityStorage] HITCH: 1163.87ms
SCRIPT       : 02:27:07.142 [ExpansionEntityStorage] HITCH: 2031.42ms
SCRIPT       : 02:27:08.085 [ExpansionEntityStorage] HITCH: 763.536ms
SCRIPT       : 02:27:09.583 [ExpansionEntityStorage] HITCH: 1329.57ms
SCRIPT       : 02:27:10.384 [ExpansionEntityStorage] HITCH: 613.943ms
SCRIPT       : 02:27:11.423 [ExpansionEntityStorage] HITCH: 829.706ms
SCRIPT       : 02:27:12.615 [ExpansionEntityStorage] HITCH: 1026ms
SCRIPT       : 02:27:13.330 [ExpansionEntityStorage] HITCH: 543.705ms
SCRIPT       : 02:27:14.280 [ExpansionEntityStorage] HITCH: 743.793ms
SCRIPT       : 02:27:14.855 [ExpansionEntityStorage] HITCH: 376.837ms
SCRIPT       : 02:27:15.475 [ExpansionEntityStorage] HITCH: 414.357ms
SCRIPT       : 02:27:18.788 [ExpansionEntityStorage] HITCH: 717.823ms
SCRIPT       : 02:27:19.231 [ExpansionEntityStorage] HITCH: 250.432ms
SCRIPT       : 02:27:19.819 [ExpansionEntityStorage] HITCH: 377.835ms
SCRIPT       : 02:27:21.424 [ExpansionEntityStorage] HITCH: 1155.23ms
SCRIPT       : 02:27:22.557 [ExpansionEntityStorage] HITCH: 916.887ms
SCRIPT       : 02:27:23.877 [ExpansionEntityStorage] HITCH: 1135.88ms
SCRIPT       : 02:27:24.566 [ExpansionEntityStorage] HITCH: 499.423ms
SCRIPT       : 02:27:25.612 [ExpansionEntityStorage] HITCH: 839.974ms
SCRIPT       : 02:27:26.343 [ExpansionEntityStorage] HITCH: 552.341ms
SCRIPT       : 02:27:27.070 [ExpansionEntityStorage] HITCH: 524.511ms
SCRIPT       : 02:27:27.809 [ExpansionEntityStorage] HITCH: 433.325ms
SCRIPT       : 02:27:30.051 [ExpansionEntityStorage] HITCH: 2028.21ms
SCRIPT       : 02:27:33.000 [ExpansionEntityStorage] HITCH: 2772.52ms
 SCRIPT       : [ZEN|2026.05.27 02:27:36] MissionBase::OnMissionFinish
 SCRIPT       : Clear up static fireplaces: 0
 SCRIPT       : 02:27:40.320 [EXPANSION DEBUG]: Clearing cached categories 67
 SCRIPT       : 02:27:40.322 [EXPANSION DEBUG]: Clearing cached traders 14
 SCRIPT       : [MissionServer] OnMissionFinish - Server
 SCRIPT       : [ZEN|2026.05.27 02:27:40] [ZenModCore] OnMissionFinish.
 SCRIPT       : [ZEN|2026.05.27 02:27:40] Server shutdown detected.
 SCRIPT       : [ZEN|2026.05.27 02:27:40] Saving all DBs.
 SCRIPT       : int m_AIUpdates_Current = 0
 SCRIPT       : float aiUpdatesMin = 3.40282e+38
 SCRIPT       : float aiUpdatesMax = -3.40282e+38
 SCRIPT       : float aiUpdatesAvg = 0
 SCRIPT       : float m_AIUpdates_DTCurrent = 0
 SCRIPT       : float aiUpdatesDTMin = 3.40282e+38
 SCRIPT       : float aiUpdatesDTMax = -3.40282e+38
 SCRIPT       : float aiUpdatesDTAvg = 0
 SCRIPT       : [ZEN|2026.05.27 02:27:40] ~MissionBase()
 SCRIPT       : [PluginZenSkills] :: OnDestroy.
 SCRIPT       : [ZEN|2026.05.27 02:27:40] [ZenAdminCommandHandler] Destroyed.
 SCRIPT       : [DayZ Expansion] ~DayZGame
 SCRIPT       : 02:27:40 [EXPANSION DEBUG]: ExpansionQuestPersistentData<0x0000020E152D30F0>~ExpansionQuestPersistentData (1)
 SCRIPT       : ~DayZGame()
 SCRIPT       : Cleaning up script module globals 'Game'
  SCRIPT       : [ZEN|2026.05.27 02:27:45] [ZenConfig] Destroyed: ZenCoreConfig
  SCRIPT       : [ZEN|2026.05.27 02:27:45] [ZenConfig] Destroyed: ZenSkillsHighscoresDB
  SCRIPT       : [ZEN|2026.05.27 02:27:45] [ZenConfig] Destroyed: ZenSkillsClientConfig
  SCRIPT       : [ZEN|2026.05.27 02:27:45] [ZenConfig] Destroyed: ZenSkillsConfig
  SCRIPT       : [ZEN|2026.05.27 02:27:45] [ZenConfig] Destroyed: ZenSkillsEXP
  SCRIPT       : [ZEN|2026.05.27 02:27:45] [ZenConfig] Destroyed: ZenSleepConfig
  SCRIPT       : [ZEN|2026.05.27 02:27:45] [ZenConfig] Destroyed: ZenZombieDoorsConfig
