---------------------------------------------
Log C:\SERVICES\ni13121453_1_SHARE\ftproot\dayzstandalone\config\script_2026-05-26_08-00-23.log started at 26.05. 08:00:26

SCRIPT       : Module: GameLib; loaded 43x files; 29x classes; used 41/2097 kB (1%) of static memory; defines: "DAYZ_1_29,SERVER_FOR_WINDOWS,SERVER,PLATFORM_WINDOWS,RELEASE,NO_GUI,NO_GUI_INGAME,BF_Define,DZ_Expansion_AI_Preload,DZ_Expansion_BaseBuilding_P
SCRIPT       : Registered 418 temporary action enum(s), UAN==418
SCRIPT    (W): @"ZenRepairWells/scripts/3_game/zenwellsconfig.c,17": FIX-ME: Unexpected statement 'ref'
SCRIPT       : Initializing attributes 'Game'
 SCRIPT       : Registering faction type eAIFactionShamans ID -1484989417
 SCRIPT       : Registering faction type eAIFactionObservers ID -563736721
 SCRIPT       : Registering faction type eAIFactionInvincibleObservers ID -1227299746
 SCRIPT       : Registering faction type eAIFactionRaiders ID 1535276022
 SCRIPT       : Registering faction type eAIFactionYeetBrigade ID 1408543989
 SCRIPT       : Registering faction type eAIFactionWest ID 113880155
 SCRIPT       : Registering faction type eAIFactionInvincibleYeetBrigade ID -1118767876
 SCRIPT       : Registering faction type eAIFactionEast ID 90522109
 SCRIPT       : Registering faction type eAIFactionGuards ID 963933710
 SCRIPT       : Registering faction type eAIFactionMercenaries ID 1629891834
 SCRIPT       : Registering faction type eAIFactionBrawlers ID 1955753718
 SCRIPT       : Registering faction type eAIFactionCivilian ID 1096178351
 SCRIPT       : Registering faction type eAIFactionPassive ID -1159399789
 SCRIPT       : Registering faction type eAIFactionInvincibleGuards ID 782746017
SCRIPT       : Module: Game; loaded 1123x files; 3010x classes; used 8822/33554 kB (26%) of static memory; defines: "DAYZ_1_29,SERVER_FOR_WINDOWS,SERVER,PLATFORM_WINDOWS,RELEASE,NO_GUI,NO_GUI_INGAME,BF_Define,DZ_Expansion_AI_Preload,DZ_Expansion_BaseBuild
SCRIPT       : ... Backlit Effects Enabled
SCRIPT       : VPPNotificationManager()
SCRIPT       : [VPPAT] Internal VPPNotifications module loaded!
SCRIPT       : [DayZ Game]:: DayZGame(): Initializing V++ Admin Tools.
SCRIPT       : 08:00:37.001 [EXPANSION LOG]: DayZGame<0x000001BB36065970> Start time (local time) 2026-05-26 08:00:07
SCRIPT       : 08:00:37.001 [EXPANSION LOG]: DayZGame<0x000001BB36065970> Start time (UTC) 2026-05-26 07:00:07
SCRIPT       : 08:00:37.001 [EXPANSION LOG]: DayZGame<0x000001BB36065970> Runtime since start (seconds) 30.31
SCRIPT    (W): @"Furniture/scripts/4_World/actions\srp_actiondemountfurniture.c,51": Missing ';' at the end of line
SCRIPT    (W): @"Furniture/scripts/4_World/actions\srp_actionremovegarbage.c,37": Missing ';' at the end of line
SCRIPT    (W): @"Furniture/scripts/4_World/entities\srp_openablefurniturebase.c,168": FIX-ME: Overriding function 'GetPlaceSoundset' but not marked as 'override'
SCRIPT    (W): @"Furniture/scripts/4_World/entities\srp_openablefurniturebase.c,173": FIX-ME: Overriding function 'GetDeploySoundset' but not marked as 'override'
SCRIPT    (W): @"KnockKnockZombies/scripts/4_World/player.c,66": FIX-ME: Unsafe down-casting, use 'PlayerBase.Cast' for safe down-casting
SCRIPT    (W): @"KnockKnockZombies/scripts/4_World/player.c,70": FIX-ME: Unsafe down-casting, use 'PlayerBase.Cast' for safe down-casting
SCRIPT    (W): @"KnockKnockZombies/scripts/4_World/player.c,74": FIX-ME: Unsafe down-casting, use 'PlayerBase.Cast' for safe down-casting
SCRIPT       : Initializing attributes 'World'
 SCRIPT       : Registering faction type eAIFactionLunatics ID 1167351711
 SCRIPT       : Registering faction type eAIFactionInfected ID 1371958374
SCRIPT       : Module: World; loaded 3767x files; 8953x classes; used 18090/33554 kB (53%) of static memory; defines: "DAYZ_1_29,SERVER_FOR_WINDOWS,SERVER,PLATFORM_WINDOWS,RELEASE,NO_GUI,NO_GUI_INGAME,BF_Define,DZ_Expansion_AI_Preload,DZ_Expansion_BaseBui
 SCRIPT       : Module: Mission; loaded 619x files; 1393x classes; used 6671/33554 kB (19%) of static memory; defines: "DAYZ_1_29,SERVER_FOR_WINDOWS,SERVER,PLATFORM_WINDOWS,RELEASE,NO_GUI,NO_GUI_INGAME,BF_Define,DZ_Expansion_AI_Preload,DZ_Expansion_BaseBu
 SCRIPT    (W): @"$CurrentDir:mpmissions\dayzOffline.chernarusplus\init.c,826": FIX-ME: Unsafe down-casting, use 'EntityAI.Cast' for safe down-casting
 SCRIPT       : Module: $CurrentDir:mpmissions\dayzOffline.chernarusplus\init.c; loaded 1x files; 7x classes; used 68/1048 kB (6%) of static memory; defines: "DAYZ_1_29,SERVER_FOR_WINDOWS,SERVER,PLATFORM_WINDOWS,RELEASE,NO_GUI,NO_GUI_INGAME,BF_Define,DZ_E
 SCRIPT       : [SERVER :: Vanilla++ AdminTools Plugins Registering]
 SCRIPT       : [ZEN|2026.05.26 08:01:56] [ZenConfig] Loading file: $profile:Zenarchist\Skills\ZenSkillsConfig.json
 SCRIPT       : [ZEN|2026.05.26 08:01:56] [ZenConfig] File loaded: ZenSkillsConfig.json version=1.29.1
 SCRIPT       : [PluginZenSkills] :: OnInit.
 SCRIPT       : [ZEN|2026.05.26 08:01:57] [ZenConfig] Loading file: $profile:Zenarchist\Skills\ZenSkillsEXP.json
 SCRIPT       : [ZEN|2026.05.26 08:01:57] [ZenConfig] File loaded: ZenSkillsEXP.json version=1.29.1
 SCRIPT       : [ZenZombieDoorsPlugin] :: OnInit
 SCRIPT       : [ZEN|2026.05.26 08:01:57] [ZenModCore] MissionBase()
 SCRIPT       : [ZenModCore] Listing CfgMods:
 SCRIPT       : #ifdef defaultAction
 SCRIPT       : #ifdef DayZ
 SCRIPT       : #ifdef BF_Define
 SCRIPT       : #ifdef DZ_Expansion_AI_Preload
 SCRIPT       : #ifdef DZ_Expansion_BaseBuilding_Preload
 SCRIPT       : #ifdef DZ_Expansion_Book_Preload
 SCRIPT       : #ifdef DZ_Expansion_Chat_Preload
 SCRIPT       : #ifdef DZ_Expansion_Core_Preload
 SCRIPT       : #ifdef DZ_Expansion_Garage_Preload
 SCRIPT       : #ifdef DZ_Expansion_Groups_Preload
 SCRIPT       : #ifdef DZ_Expansion_Hardline_Preload
 SCRIPT       : #ifdef DZ_Expansion_KillFeed_Preload
 SCRIPT       : #ifdef DZ_Expansion_MapAssets_Preload
 SCRIPT       : #ifdef DZ_Expansion_Market_Preload
 SCRIPT       : #ifdef DZ_Expansion_Missions_Preload
 SCRIPT       : #ifdef DZ_Expansion_ModStorage_Preload
 SCRIPT       : #ifdef DZ_Expansion_NameTags_Preload
 SCRIPT       : #ifdef DZ_Expansion_Navigation_Preload
 SCRIPT       : #ifdef DZ_Expansion_P2PMarket_Preload
 SCRIPT       : #ifdef DZ_Expansion_PersonalStorage_Preload
 SCRIPT       : #ifdef DZ_Expansion_Preload
 SCRIPT       : #ifdef DZ_Expansion_Quests_Preload
 SCRIPT       : #ifdef DZ_Expansion_SpawnSelection_Preload
 SCRIPT       : #ifdef DZ_Expansion_Vehicles_Preload
 SCRIPT       : #ifdef DZ_Expansion_Weapons_Preload
 SCRIPT       : #ifdef BVP_DoorPeek
 SCRIPT       : #ifdef DabsFramework
 SCRIPT       : #ifdef DZ_Expansion_DefineTest
 SCRIPT       : #ifdef DZ_Expansion_MapAssets
 SCRIPT       : #ifdef sakhal
 SCRIPT       : #ifdef EditorLoader
 SCRIPT       : #ifdef JM_CommunityFramework
 SCRIPT       : #ifdef TTC_Optics
 SCRIPT       : #ifdef TTC_Pistols
 SCRIPT       : #ifdef TTC_Rifles
 SCRIPT       : #ifdef TTC_Shotguns
 SCRIPT       : #ifdef TTC_SMG
 SCRIPT       : #ifdef AVPPAdminTools
 SCRIPT       : #ifdef WindstrideClothing
 SCRIPT       : #ifdef ZenLazyAction
 SCRIPT       : #ifdef ZenModCore
 SCRIPT       : #ifdef ZenRepairWells
 SCRIPT       : #ifdef ZenSkills
 SCRIPT       : #ifdef ZenSleep
 SCRIPT       : #ifdef DZ_Expansion_ModStorage
 SCRIPT       : #ifdef earlywinter_scripts
 SCRIPT       : #ifdef ZenZombieDoors
 SCRIPT       : #ifdef BuildingFortifications
 SCRIPT       : #ifdef DZ_Expansion_Core
 SCRIPT       : #ifdef DZ_Expansion_Garage
 SCRIPT       : #ifdef DZ_Expansion_Groups
 SCRIPT       : #ifdef DZ_Expansion_Market
 SCRIPT       : #ifdef DZ_Expansion_Missions
 SCRIPT       : #ifdef DZ_Expansion_NameTags
 SCRIPT       : #ifdef DZ_Expansion_Navigation
 SCRIPT       : #ifdef DZ_Expansion_NotificationScheduler
 SCRIPT       : #ifdef DZ_Expansion_P2PMarket
 SCRIPT       : #ifdef DZ_Expansion_PersonalStorage
 SCRIPT       : #ifdef DZ_Expansion_PersonalStorageNew
 SCRIPT       : #ifdef DZ_Expansion_PlayerList
 SCRIPT       : #ifdef DZ_Expansion
 SCRIPT       : #ifdef DZ_Expansion_SpawnSelection
 SCRIPT       : #ifdef DZ_Expansion_VanillaFixes
 SCRIPT       : #ifdef DZ_Expansion_Vehicles
 SCRIPT       : #ifdef DZ_Expansion_Weapons
 SCRIPT       : #ifdef Furniture
 SCRIPT       : #ifdef KnockKnockZombies
 SCRIPT       : #ifdef QDLY_Melee_Weapons
 SCRIPT       : #ifdef DZ_Expansion_AI
 SCRIPT       : #ifdef DZ_Expansion_BaseBuilding
 SCRIPT       : #ifdef DZ_Expansion_Book
 SCRIPT       : #ifdef DZ_Expansion_Chat
 SCRIPT       : #ifdef DZ_Expansion_Hardline
 SCRIPT       : #ifdef DZ_Expansion_Quests
 SCRIPT       : #ifdef DZ_Expansion_VirtualContainerStorage
 SCRIPT       : 08:01:57.524 [EXPANSION DEBUG]: [ExpansionCoreSettings] Load existing setting file:$profile:ExpansionMod\Settings\CoreSettings.json
 SCRIPT       : 08:01:57.528 [EXPANSION DEBUG]: [ExpansionLogSettings] Load existing setting file:$profile:ExpansionMod\Settings\LogsSettings.json
 SCRIPT       : 08:01:57.538 [EXPANSION DEBUG]: [ExpansionNotificationSettings] Load existing setting file:$profile:ExpansionMod\Settings\NotificationSettings.json
 SCRIPT       : 08:01:57.542 [EXPANSION DEBUG]: [ExpansionMonitoringSettings] Load existing setting file:$profile:ExpansionMod\Settings\MonitoringSettings.json
 SCRIPT       : 08:01:57.546 [EXPANSION DEBUG]: [ExpansionDamageSystemSettings] Load existing setting file:$profile:ExpansionMod\Settings\DamageSystemSettings.json
 SCRIPT       : 08:01:57.552 [EXPANSION DEBUG]: [ExpansionPartySettings] Load existing setting file:$profile:ExpansionMod\Settings\PartySettings.json
 SCRIPT       : 08:01:57.557 [EXPANSION DEBUG]: [ExpansionHardlineSettings] Load existing setting file:$mission:expansion\settings\HardlineSettings.json
 SCRIPT       : 08:01:57.579 [EXPANSION DEBUG]: [ExpansionMarketSettings] Load existing setting file:$mission:expansion\settings\MarketSettings.json
 SCRIPT       : ExpansionMarketSettings::LoadCategories - Adding category ID 1 (Exchange)
 SCRIPT       : ExpansionMarketSettings::LoadCategories - Adding category ID 2 (Ammo)
 SCRIPT       : ExpansionMarketSettings::LoadCategories - Adding category ID 3 (Ammo_Boxes)
 SCRIPT       : ExpansionMarketSettings::LoadCategories - Adding category ID 4 (Armbands)
 SCRIPT       : ExpansionMarketSettings::LoadCategories - Adding category ID 5 (Assault_Rifles)
 SCRIPT       : ExpansionMarketSettings::LoadCategories - Adding category ID 6 (Backpacks)
 SCRIPT       : ExpansionMarketSettings::LoadCategories - Adding category ID 7 (Bandanas)
 SCRIPT       : ExpansionMarketSettings::LoadCategories - Adding category ID 8 (Batteries)
 SCRIPT       : ExpansionMarketSettings::LoadCategories - Adding category ID 9 (Belts)
 SCRIPT       : ExpansionMarketSettings::LoadCategories - Adding category ID 10 (Blouses_And_Suits)
 SCRIPT       : ExpansionMarketSettings::LoadCategories - Adding category ID 11 (Boats)
 SCRIPT       : ExpansionMarketSettings::LoadCategories - Adding category ID 12 (Boots_And_Shoes)
 SCRIPT       : ExpansionMarketSettings::LoadCategories - Adding category ID 13 (Buttstocks)
 SCRIPT       : ExpansionMarketSettings::LoadCategories - Adding category ID 14 (Caps)
 SCRIPT       : ExpansionMarketSettings::LoadCategories - Adding category ID 15 (Cars)
 SCRIPT       : ExpansionMarketSettings::LoadCategories - Adding category ID 16 (Coats_And_Jackets)
 SCRIPT       : ExpansionMarketSettings::LoadCategories - Adding category ID 17 (Containers)
 SCRIPT       : ExpansionMarketSettings::LoadCategories - Adding category ID 18 (Drinks)
 SCRIPT       : ExpansionMarketSettings::LoadCategories - Adding category ID 19 (Electronics)
 SCRIPT       : ExpansionMarketSettings::LoadCategories - Adding category ID 20 (Submachine_Guns)
 SCRIPT       : ExpansionMarketSettings::LoadCategories - Adding category ID 21 (Explosives_And_Grenades)
 SCRIPT       : ExpansionMarketSettings::LoadCategories - Adding category ID 22 (Eyewear)
 SCRIPT       : ExpansionMarketSettings::LoadCategories - Adding category ID 23 (Fish)
 SCRIPT       : ExpansionMarketSettings::LoadCategories - Adding category ID 24 (Fishing)
 SCRIPT       : ExpansionMarketSettings::LoadCategories - Adding category ID 25 (Food)
 SCRIPT       : ExpansionMarketSettings::LoadCategories - Adding category ID 26 (Gardening)
 SCRIPT       : ExpansionMarketSettings::LoadCategories - Adding category ID 27 (Ghillies)
 SCRIPT       : ExpansionMarketSettings::LoadCategories - Adding category ID 28 (Gloves)
 SCRIPT       : ExpansionMarketSettings::LoadCategories - Adding category ID 29 (Handguards)
 SCRIPT       : ExpansionMarketSettings::LoadCategories - Adding category ID 30 (Hats_And_Hoods)
 SCRIPT       : ExpansionMarketSettings::LoadCategories - Adding category ID 31 (Holsters_And_Pouches)
 SCRIPT       : ExpansionMarketSettings::LoadCategories - Adding category ID 32 (Helicopters)
 SCRIPT       : ExpansionMarketSettings::LoadCategories - Adding category ID 33 (Helmets)
 SCRIPT       : ExpansionMarketSettings::LoadCategories - Adding category ID 34 (Kits)
 SCRIPT       : ExpansionMarketSettings::LoadCategories - Adding category ID 35 (Knifes)
 SCRIPT       : ExpansionMarketSettings::LoadCategories - Adding category ID 36 (Launchers)
 SCRIPT       : ExpansionMarketSettings::LoadCategories - Adding category ID 37 (Lights)
 SCRIPT       : ExpansionMarketSettings::LoadCategories - Adding category ID 38 (Liquids)
 SCRIPT       : ExpansionMarketSettings::LoadCategories - Adding category ID 39 (Locks)
 SCRIPT       : ExpansionMarketSettings::LoadCategories - Adding category ID 40 (Magazines)
 SCRIPT       : ExpansionMarketSettings::LoadCategories - Adding category ID 41 (Masks)
 SCRIPT       : ExpansionMarketSettings::LoadCategories - Adding category ID 42 (Meat)
 SCRIPT       : ExpansionMarketSettings::LoadCategories - Adding category ID 43 (Medical)
 SCRIPT       : ExpansionMarketSettings::LoadCategories - Adding category ID 44 (Melee_Weapons)
 SCRIPT       : ExpansionMarketSettings::LoadCategories - Adding category ID 45 (Muzzles)
 SCRIPT       : ExpansionMarketSettings::LoadCategories - Adding category ID 46 (Navigation)
 SCRIPT       : ExpansionMarketSettings::LoadCategories - Adding category ID 47 (Optics)
 SCRIPT       : ExpansionMarketSettings::LoadCategories - Adding category ID 48 (Pants_And_Shorts)
 SCRIPT       : ExpansionMarketSettings::LoadCategories - Adding category ID 49 (Pistols)
 SCRIPT       : ExpansionMarketSettings::LoadCategories - Adding category ID 50 (Rifles)
 SCRIPT       : ExpansionMarketSettings::LoadCategories - Adding category ID 51 (Shirts_And_TShirts)
 SCRIPT       : ExpansionMarketSettings::LoadCategories - Adding category ID 52 (Shotguns)
 SCRIPT       : ExpansionMarketSettings::LoadCategories - Adding category ID 53 (Skirts_And_Dresses)
 SCRIPT       : ExpansionMarketSettings::LoadCategories - Adding category ID 54 (Sniper_Rifles)
 SCRIPT       : ExpansionMarketSettings::LoadCategories - Adding category ID 55 (Supplies)
 SCRIPT       : ExpansionMarketSettings::LoadCategories - Adding category ID 56 (Sweaters_And_Hoodies)
 SCRIPT       : ExpansionMarketSettings::LoadCategories - Adding category ID 57 (Tents)
 SCRIPT       : ExpansionMarketSettings::LoadCategories - Adding category ID 58 (Tools)
 SCRIPT       : ExpansionMarketSettings::LoadCategories - Adding category ID 59 (Fruit_And_Vegetables)
 SCRIPT       : ExpansionMarketSettings::LoadCategories - Adding category ID 60 (Vehicle_Parts)
 SCRIPT       : ExpansionMarketSettings::LoadCategories - Adding category ID 61 (Vests)
 SCRIPT       : ExpansionMarketSettings::LoadCategories - Adding category ID 62 (Crossbows)
 SCRIPT       : ExpansionMarketSettings::LoadCategories - Adding category ID 63 (Event)
 SCRIPT       : ExpansionMarketSettings::LoadCategories - Adding category ID 64 (Spraycans)
 SCRIPT       : ExpansionMarketSettings::LoadCategories - Adding category ID 65 (Flags)
 SCRIPT       : ExpansionMarketSettings::LoadCategories - Adding category ID 66 (Bayonets)
 SCRIPT       : ExpansionMarketSettings::LoadCategories - Adding category ID 67 (Furnishings)
 SCRIPT       : 08:01:58.113 [EXPANSION DEBUG]: [ExpansionAirdropSettings] Load existing setting file:$profile:ExpansionMod\Settings\AirdropSettings.json
 SCRIPT       : 08:01:58.170 [EXPANSION DEBUG]: [ExpansionMissionSettings] Load existing setting file:$profile:ExpansionMod\Settings\MissionSettings.json
 SCRIPT       : 08:01:58.178 [EXPANSION DEBUG]: [ExpansionMapSettings] Load existing setting file:$mission:expansion\settings\MapSettings.json
 SCRIPT       : 08:01:58.217 [EXPANSION DEBUG]: [ExpansionPersonalStorageNewSettings] Load existing setting file:$profile:ExpansionMod\Settings\PersonalStorageNewSettings.json
 SCRIPT       : 08:01:58.220 [EXPANSION DEBUG]: [ExpansionGeneralSettings] Load existing setting file:$profile:ExpansionMod\Settings\GeneralSettings.json
 SCRIPT       : 08:01:58.224 [EXPANSION DEBUG]: [ExpansionPlayerListSettings] Load existing setting file:$profile:ExpansionMod\Settings\PlayerListSettings.json
 SCRIPT       : 08:01:58.227 [EXPANSION DEBUG]: [ExpansionSocialMediaSettings] Load existing setting file:$profile:ExpansionMod\Settings\SocialMediaSettings.json
 SCRIPT       : 08:01:58.232 [EXPANSION DEBUG]: [ExpansionSpawnSettings] Load existing setting file:$mission:expansion\settings\SpawnSettings.json
 SCRIPT       : 08:01:58.241 [EXPANSION DEBUG]: [ExpansionVehicleSettings] Load existing setting file:$profile:ExpansionMod\Settings\VehicleSettings.json
 SCRIPT       : 08:01:58.246 [EXPANSION DEBUG]: ExpansionAILocationSettings<0x000001BF28A64A20> Load existing setting file:$mission:expansion\settings\AILocationSettings.json
 SCRIPT       : 08:01:58.493 [EXPANSION DEBUG]: [ExpansionAISettings] Load existing setting file:$profile:ExpansionMod\Settings\AISettings.json
 SCRIPT       : 08:01:58.497 [EXPANSION DEBUG]: [ExpansionAIPatrolSettings] Load existing setting file:$mission:expansion\settings\AIPatrolSettings.json
 SCRIPT       : 08:01:58.599 [EXPANSION DEBUG]: [ExpansionBaseBuildingSettings] Load existing setting file:$mission:expansion\settings\BaseBuildingSettings.json
 SCRIPT       : 08:01:58.605 [EXPANSION DEBUG]: [ExpansionRaidSettings] Load existing setting file:$profile:ExpansionMod\Settings\RaidSettings.json
 SCRIPT       : 08:01:58.609 [EXPANSION DEBUG]: [ExpansionTerritorySettings] Load existing setting file:$profile:ExpansionMod\Settings\TerritorySettings.json
 SCRIPT       : 08:01:58.622 [EXPANSION DEBUG]: [ExpansionChatSettings] Load existing setting file:$profile:ExpansionMod\Settings\ChatSettings.json
 SCRIPT       : Expansion version: 1.9.67
 SCRIPT       : [DefineTest] EXPANSIONMOD is defined
 SCRIPT       : [DefineTest] EXPANSIONMODAI is defined
 SCRIPT       : [DefineTest] EXPANSIONMODBASEBUILDING is defined
 SCRIPT       : [DefineTest] EXPANSIONMODBOOK is defined
 SCRIPT       : [DefineTest] EXPANSIONMODCHAT is defined
 SCRIPT       : [DefineTest] EXPANSIONMODCORE is defined
 SCRIPT       : [DefineTest] EXPANSIONMODGARAGE is defined
 SCRIPT       : [DefineTest] EXPANSIONMODGROUPS is defined
 SCRIPT       : [DefineTest] EXPANSIONMODHARDLINE is defined
 SCRIPT       : [DefineTest] EXPANSIONMODKILLFEED is defined
 SCRIPT       : [DefineTest] EXPANSIONMODMAPASSETS is defined
 SCRIPT       : [DefineTest] EXPANSIONMODMARKET is defined
 SCRIPT       : [DefineTest] EXPANSIONMODMISSIONS is defined
 SCRIPT       : [DefineTest] EXPANSIONMODNAMETAGS is defined
 SCRIPT       : [DefineTest] EXPANSIONMODNAVIGATION is defined
 SCRIPT       : [DefineTest] EXPANSIONMODP2PMARKET is defined
 SCRIPT       : [DefineTest] EXPANSIONMODPERSONALSTORAGE is defined
 SCRIPT       : [DefineTest] EXPANSIONMODQUESTS is defined
 SCRIPT       : [DefineTest] EXPANSIONMODSPAWNSELECTION is defined
 SCRIPT       : [DefineTest] EXPANSIONMODVEHICLE is defined
 SCRIPT       : [DefineTest] EXPANSIONMODWEAPONS is defined
 SCRIPT       : [DefineTest] CfgMods:
 SCRIPT       : defaultAction
 SCRIPT       : DayZ
 SCRIPT       : BF_Define
 SCRIPT       : DZ_Expansion_AI_Preload
 SCRIPT       : DZ_Expansion_BaseBuilding_Preload
 SCRIPT       : DZ_Expansion_Book_Preload
 SCRIPT       : DZ_Expansion_Chat_Preload
 SCRIPT       : DZ_Expansion_Core_Preload
 SCRIPT       : DZ_Expansion_Garage_Preload
 SCRIPT       : DZ_Expansion_Groups_Preload
 SCRIPT       : DZ_Expansion_Hardline_Preload
 SCRIPT       : DZ_Expansion_KillFeed_Preload
 SCRIPT       : DZ_Expansion_MapAssets_Preload
 SCRIPT       : DZ_Expansion_Market_Preload
 SCRIPT       : DZ_Expansion_Missions_Preload
 SCRIPT       : DZ_Expansion_ModStorage_Preload
 SCRIPT       : DZ_Expansion_NameTags_Preload
 SCRIPT       : DZ_Expansion_Navigation_Preload
 SCRIPT       : DZ_Expansion_P2PMarket_Preload
 SCRIPT       : DZ_Expansion_PersonalStorage_Preload
 SCRIPT       : DZ_Expansion_Preload
 SCRIPT       : DZ_Expansion_Quests_Preload
 SCRIPT       : DZ_Expansion_SpawnSelection_Preload
 SCRIPT       : DZ_Expansion_Vehicles_Preload
 SCRIPT       : DZ_Expansion_Weapons_Preload
 SCRIPT       : BVP_DoorPeek
 SCRIPT       : DabsFramework
 SCRIPT       : DZ_Expansion_DefineTest
 SCRIPT       : DZ_Expansion_MapAssets
 SCRIPT       : sakhal
 SCRIPT       : EditorLoader
 SCRIPT       : JM_CommunityFramework
 SCRIPT       : TTC_Optics
 SCRIPT       : TTC_Pistols
 SCRIPT       : TTC_Rifles
 SCRIPT       : TTC_Shotguns
 SCRIPT       : TTC_SMG
 SCRIPT       : AVPPAdminTools
 SCRIPT       : WindstrideClothing
 SCRIPT       : ZenLazyAction
 SCRIPT       : ZenModCore
 SCRIPT       : ZenRepairWells
 SCRIPT       : ZenSkills
 SCRIPT       : ZenSleep
 SCRIPT       : DZ_Expansion_ModStorage
 SCRIPT       : earlywinter_scripts
 SCRIPT       : ZenZombieDoors
 SCRIPT       : BuildingFortifications
 SCRIPT       : DZ_Expansion_Core
 SCRIPT       : DZ_Expansion_Garage
 SCRIPT       : DZ_Expansion_Groups
 SCRIPT       : DZ_Expansion_Market
 SCRIPT       : DZ_Expansion_Missions
 SCRIPT       : DZ_Expansion_NameTags
 SCRIPT       : DZ_Expansion_Navigation
 SCRIPT       : DZ_Expansion_NotificationScheduler
 SCRIPT       : DZ_Expansion_P2PMarket
 SCRIPT       : DZ_Expansion_PersonalStorage
 SCRIPT       : DZ_Expansion_PersonalStorageNew
 SCRIPT       : DZ_Expansion_PlayerList
 SCRIPT       : DZ_Expansion
 SCRIPT       : DZ_Expansion_SpawnSelection
 SCRIPT       : DZ_Expansion_VanillaFixes
 SCRIPT       : DZ_Expansion_Vehicles
 SCRIPT       : DZ_Expansion_Weapons
 SCRIPT       : Furniture
 SCRIPT       : KnockKnockZombies
 SCRIPT       : QDLY_Melee_Weapons
 SCRIPT       : DZ_Expansion_AI
 SCRIPT       : DZ_Expansion_BaseBuilding
 SCRIPT       : DZ_Expansion_Book
 SCRIPT       : DZ_Expansion_Chat
 SCRIPT       : DZ_Expansion_Hardline
 SCRIPT       : DZ_Expansion_Quests
 SCRIPT       : DZ_Expansion_VirtualContainerStorage
 SCRIPT       : [ZEN|2026.05.26 08:01:58] [ZenObjectHookSpawner] Init.
 SCRIPT       : [ZEN|2026.05.26 08:02:04] [ZenModCore] OnInit.
 SCRIPT       : [ZEN|2026.05.26 08:02:04] MissionBase::OnInit
 SCRIPT       : [ZEN|2026.05.26 08:02:04] [ZenModCore] Server session count: 10
 SCRIPT       : [ZEN|2026.05.26 08:02:04] [ZenModCore::ZenConfigRegister] Registering ZenConfigRegister RPCs.
 SCRIPT       : [ZEN|2026.05.26 08:02:04] [ZenConfig] Loading config files for map: chernarusplus
 SCRIPT       : [ZEN|2026.05.26 08:02:04] [ZenConfig] Loading file: $profile:Zenarchist\Core\ZenCoreConfig.json
 SCRIPT       : [ZEN|2026.05.26 08:02:04] [ZenConfig] File loaded: ZenCoreConfig.json version=1.29.3
 SCRIPT       : [ZEN|2026.05.26 08:02:04] [ZenConfig] Loading file: $profile:Zenarchist\Skills\DB\\ZenSkillsHighscoresDB.json
 SCRIPT       : [ZEN|2026.05.26 08:02:04] [ZenConfig] File loaded: ZenSkillsHighscoresDB.json version=1.29.1
 SCRIPT       : [ZEN|2026.05.26 08:02:04] [ZenConfig] Loading file: $profile:Zenarchist\ZenSleepConfig.json
 SCRIPT       : [ZEN|2026.05.26 08:02:04] [ZenConfig] File loaded: ZenSleepConfig.json version=1.29.1
 SCRIPT       : [ZEN|2026.05.26 08:02:04] [ZenConfig] Loading file: $profile:Zenarchist\ZenZombieDoorsConfig.json
 SCRIPT       : [ZEN|2026.05.26 08:02:04] [ZenConfig] File loaded: ZenZombieDoorsConfig.json version=1.29.1
 SCRIPT       : [ZEN|2026.05.26 08:02:04] [ZenAdminCommandHandler] Init RPCs.
 SCRIPT       : [ZEN|2026.05.26 08:02:04] Server session count: 10
 SCRIPT       : [MissionServer] OnInit - Server
 SCRIPT       : [ZenWellsConfig] Init
 SCRIPT       : [ZenRepairWells] OnInit - Loaded config successfully.
 SCRIPT       : [ZenSkills] MissionServer::OnInit
 SCRIPT       : [BuildingFortificationsConfig] Create Building Fortifications configuration instance..
 SCRIPT       : [BuildingFortificationsConfig] Loading existing Building Fortifications configuration file..
 SCRIPT       : [BuildingFortificationsConfig] Load existing Building Fortifications configuration file..
 SCRIPT       : [AYSA] [KNOCK KNOCK ZOMBIES] 
 SCRIPT       : [AYSA] ----- Loading cfg -----
 SCRIPT       : [AYSA] --------------
 SCRIPT       : [AYSA] [KNOCK KNOCK ZOMBIES] enabled
 SCRIPT       : [AYSA] --------------
 SCRIPT       : [ZEN|2026.05.26 08:02:04] MissionBase::OnMissionStart
 SCRIPT       : [BVP] Doors Config Loaded
 SCRIPT       : 08:02:06.200 [EXPANSION DEBUG]: LoadMissionTradersFile trader ExpansionTraderStaticBase<0x000001BF39F92740> ExpansionExchang fileName Exchange
 SCRIPT       : 08:02:06.205 [ERROR] :: MARKET CONFIGURATION ERROR: Trader is not within a trader zone: ExpansionTraderStaticBase<0x000001BF39F92740> ExpansionExchang <0.696000, 0.460000, 0.427000>
 SCRIPT       : 08:02:10.842 [EXPANSION DEBUG]: LoadMissionTradersFile trader ExpansionTraderDenis<0x000001BF40C0A070> ExpansionTraderDenis: fileName Clothing
 SCRIPT       : 08:02:10.842 [EXPANSION DEBUG]: ExpansionTraderDenis<0x000001BF40C0A070> ExpansionTraderDenis:::SetTraderObject ExpansionTraderObjectBase<0x000001BFDEAE4690> <3688.447021, 401.872986, 5979.035156>
 SCRIPT       : 08:02:10.992 [EXPANSION DEBUG]: LoadMissionTradersFile trader ExpansionTraderMaria<0x000001BD47DB8020> ExpansionTraderMaria: fileName Clothing_Accessories
 SCRIPT       : 08:02:10.992 [EXPANSION DEBUG]: ExpansionTraderMaria<0x000001BD47DB8020> ExpansionTraderMaria:::SetTraderObject ExpansionTraderObjectBase<0x000001BFDEE65940> <3685.804932, 401.872986, 5981.424805>
 SCRIPT       : 08:02:11.081 [EXPANSION DEBUG]: LoadMissionTradersFile trader ExpansionTraderQuinn<0x000001BF82D36020> ExpansionTraderQuinn: fileName Consumables
 SCRIPT       : 08:02:11.081 [EXPANSION DEBUG]: ExpansionTraderQuinn<0x000001BF82D36020> ExpansionTraderQuinn:::SetTraderObject ExpansionTraderObjectBase<0x000001BFDF0613A0> <3705.351074, 401.942993, 5974.619141>
 SCRIPT       : 08:02:11.139 [EXPANSION DEBUG]: LoadMissionTradersFile trader ExpansionTraderNaomi<0x000001BFD4A1BD80> ExpansionTraderNaomi: fileName Weapons
 SCRIPT       : 08:02:11.139 [EXPANSION DEBUG]: ExpansionTraderNaomi<0x000001BFD4A1BD80> ExpansionTraderNaomi:::SetTraderObject ExpansionTraderObjectBase<0x000001BFDEAE3AF0> <3694.393066, 401.880005, 5977.171875>
 SCRIPT       : 08:02:11.204 [EXPANSION DEBUG]: LoadMissionTradersFile trader ExpansionTraderSeth<0x000001BFD4A04310> ExpansionTraderSeth:19 fileName Attachments
 SCRIPT       : 08:02:11.204 [EXPANSION DEBUG]: ExpansionTraderSeth<0x000001BFD4A04310> ExpansionTraderSeth:19::SetTraderObject ExpansionTraderObjectBase<0x000001BFDF328050> <3710.749023, 401.877991, 5992.686035>
 SCRIPT       : 08:02:11.239 [EXPANSION DEBUG]: LoadMissionTradersFile trader ExpansionTraderRolf<0x000001BFD4A0AF30> ExpansionTraderRolf:19 fileName Vehicles
 SCRIPT       : 08:02:11.239 [EXPANSION DEBUG]: ExpansionTraderRolf<0x000001BFD4A0AF30> ExpansionTraderRolf:19::SetTraderObject ExpansionTraderObjectBase<0x000001BFDF510AC0> <3752.118896, 402.907013, 5993.716797>
 SCRIPT       : 08:02:11.322 [EXPANSION DEBUG]: LoadMissionTradersFile trader ExpansionTraderIndar<0x000001BFE68718A0> ExpansionTraderIndar: fileName Components
 SCRIPT       : 08:02:11.323 [EXPANSION DEBUG]: ExpansionTraderIndar<0x000001BFE68718A0> ExpansionTraderIndar:::SetTraderObject ExpansionTraderObjectBase<0x000001BFE6801F90> <3705.658936, 401.880005, 5986.731934>
 SCRIPT       : 08:02:11.359 [EXPANSION DEBUG]: LoadMissionTradersFile trader ExpansionTraderJudy<0x000001BFE6874EB0> ExpansionTraderJudy:19 fileName Medicals
 SCRIPT       : 08:02:11.359 [EXPANSION DEBUG]: ExpansionTraderJudy<0x000001BFE6874EB0> ExpansionTraderJudy:19::SetTraderObject ExpansionTraderObjectBase<0x000001BFE69675E0> <3703.028076, 401.876007, 5980.686035>
 SCRIPT       : 08:02:11.367 [EXPANSION DEBUG]: LoadMissionTradersFile trader ExpansionTraderNaomi<0x000001BFE6867670> ExpansionTraderNaomi: fileName Vehicle_Parts
 SCRIPT       : 08:02:11.368 [EXPANSION DEBUG]: ExpansionTraderNaomi<0x000001BFE6867670> ExpansionTraderNaomi:::SetTraderObject ExpansionTraderObjectBase<0x000001BFE696A340> <3719.777100, 401.264008, 6008.973145>
 SCRIPT       : 08:02:11.433 [EXPANSION DEBUG]: LoadMissionTradersFile trader ExpansionTraderJose<0x000001BFE68784C0> ExpansionTraderJose:19 fileName Spraycans
 SCRIPT       : 08:02:11.434 [EXPANSION DEBUG]: ExpansionTraderJose<0x000001BFE68784C0> ExpansionTraderJose:19::SetTraderObject ExpansionTraderObjectBase<0x000001BFE6AF9F10> <3733.934082, 402.404999, 6018.082031>
 SCRIPT       : 08:02:11.473 [EXPANSION DEBUG]: LoadMissionTradersFile trader ExpansionTraderLinda<0x000001BFE687BAD0> ExpansionTraderLinda: fileName Special
 SCRIPT       : 08:02:11.473 [EXPANSION DEBUG]: ExpansionTraderLinda<0x000001BFE687BAD0> ExpansionTraderLinda:::SetTraderObject ExpansionTraderObjectBase<0x000001BFE6B01F50> <3736.435059, 402.381012, 6022.344238>
 SCRIPT       : 08:02:11.499 [EXPANSION DEBUG]: LoadMissionTradersFile trader ExpansionTraderNiki<0x000001BFE686AC80> ExpansionTraderNiki:19 fileName BuildingSupplies
 SCRIPT       : 08:02:11.499 [EXPANSION DEBUG]: ExpansionTraderNiki<0x000001BFE686AC80> ExpansionTraderNiki:19::SetTraderObject ExpansionTraderObjectBase<0x000001BFE6C6ECC0> <3742.210938, 402.346008, 6015.333984>
 SCRIPT       : [ExpansionQuestPersistentServerData] Load existing configuration file:$profile:ExpansionMod\Quests\PersistentServerData.json
 SCRIPT       : [ExpansionQuestPersistentServerData] Load existing configuration file:$profile:ExpansionMod\Quests\PersistentServerData.json
 SCRIPT       : [ExpansionQuestObjectiveTravelConfig] Load existing configuration file:$profile:ExpansionMod\Quests\Objectives\Travel\1-Travel-Canabal-1.json
 SCRIPT       : [ExpansionQuestObjectiveTravelConfig] Load existing configuration file:$profile:ExpansionMod\Quests\Objectives\Travel\10-Travel-HammerTime.json
 SCRIPT       : [ExpansionQuestObjectiveTravelConfig] Load existing configuration file:$profile:ExpansionMod\Quests\Objectives\Travel\2-Travel-Canabal-2.json
 SCRIPT       : [ExpansionQuestObjectiveTravelConfig] Load existing configuration file:$profile:ExpansionMod\Quests\Objectives\Travel\3-Travel-SafeZone.json
 SCRIPT       : [ExpansionQuestObjectiveTravelConfig] Load existing configuration file:$profile:ExpansionMod\Quests\Objectives\Travel\5-Travel-Police_5.json
 SCRIPT       : [ExpansionQuestObjectiveTravelConfig] Load existing configuration file:$profile:ExpansionMod\Quests\Objectives\Travel\6-Travel-SwampBandits_6.json
 SCRIPT       : [ExpansionQuestObjectiveTravelConfig] Load existing configuration file:$profile:ExpansionMod\Quests\Objectives\Travel\60-Travel-BelayaPoyana.json
 SCRIPT       : [ExpansionQuestObjectiveTravelConfig] Load existing configuration file:$profile:ExpansionMod\Quests\Objectives\Travel\7-Travel-Skalisty.json
 SCRIPT       : [ExpansionQuestObjectiveTravelConfig] Load existing configuration file:$profile:ExpansionMod\Quests\Objectives\Travel\70-Travel-Medical_Ambulance.json
 SCRIPT       : [ExpansionQuestObjectiveTravelConfig] Load existing configuration file:$profile:ExpansionMod\Quests\Objectives\Travel\71-Travel-School_Ambush.json
 SCRIPT       : [ExpansionQuestObjectiveTravelConfig] Load existing configuration file:$profile:ExpansionMod\Quests\Objectives\Travel\72-Travel-Lost_in_The_Sea.json
 SCRIPT       : [ExpansionQuestObjectiveTravelConfig] Load existing configuration file:$profile:ExpansionMod\Quests\Objectives\Travel\73-Travel-The_Lost_Survivor.json
 SCRIPT       : [ExpansionQuestObjectiveTravelConfig] Load existing configuration file:$profile:ExpansionMod\Quests\Objectives\Travel\74-Travel-PilotCrash.json
 SCRIPT       : [ExpansionQuestObjectiveTravelConfig] Load existing configuration file:$profile:ExpansionMod\Quests\Objectives\Travel\75-Travel-PilotCrash_1.json
 SCRIPT       : [ExpansionQuestObjectiveTravelConfig] Load existing configuration file:$profile:ExpansionMod\Quests\Objectives\Travel\76-Travel-PilotCrash_2.json
 SCRIPT       : [ExpansionQuestObjectiveTravelConfig] Load existing configuration file:$profile:ExpansionMod\Quests\Objectives\Travel\77-Travel-Medical_Ambulance_3.json
 SCRIPT       : [ExpansionQuestObjectiveTravelConfig] Load existing configuration file:$profile:ExpansionMod\Quests\Objectives\Travel\78-Travel-Medical_Ambulance_Speak_With_Doctor.json
 SCRIPT       : [ExpansionQuestObjectiveTravelConfig] Load existing configuration file:$profile:ExpansionMod\Quests\Objectives\Travel\79-Travel-Medical_Ambulance_2.json
 SCRIPT       : [ExpansionQuestObjectiveTravelConfig] Load existing configuration file:$profile:ExpansionMod\Quests\Objectives\Travel\8-Travel-T_8.json
 SCRIPT       : [ExpansionQuestObjectiveTravelConfig] Load existing configuration file:$profile:ExpansionMod\Quests\Objectives\Travel\9-Travel-PowerPlant_9.json
 SCRIPT       : [ExpansionQuestObjectiveTargetConfig] Load existing configuration file:$profile:ExpansionMod\Quests\Objectives\Target\1-Target-infected-1.json
 SCRIPT       : [ExpansionQuestObjectiveTargetConfig] Load existing configuration file:$profile:ExpansionMod\Quests\Objectives\Target\10-Target-zAnimals-10.json
 SCRIPT       : [ExpansionQuestObjectiveTargetConfig] Load existing configuration file:$profile:ExpansionMod\Quests\Objectives\Target\11-Target-zPatolAi-11.json
 SCRIPT       : [ExpansionQuestObjectiveTargetConfig] Load existing configuration file:$profile:ExpansionMod\Quests\Objectives\Target\12-Target-zPatolAi-12.json
 SCRIPT       : [ExpansionQuestObjectiveTargetConfig] Load existing configuration file:$profile:ExpansionMod\Quests\Objectives\Target\13-Target-zPatolAi-13.json
 SCRIPT       : [ExpansionQuestObjectiveTargetConfig] Load existing configuration file:$profile:ExpansionMod\Quests\Objectives\Target\14-The-Easter-Bunny-14.json
 SCRIPT       : [ExpansionQuestObjectiveTargetConfig] Load existing configuration file:$profile:ExpansionMod\Quests\Objectives\Target\15-Target-zSnakes-15.json
 SCRIPT       : [ExpansionQuestObjectiveTargetConfig] Load existing configuration file:$profile:ExpansionMod\Quests\Objectives\Target\2-Target-infected-2.json
 SCRIPT       : [ExpansionQuestObjectiveTargetConfig] Load existing configuration file:$profile:ExpansionMod\Quests\Objectives\Target\3-Target-infected-3.json
 SCRIPT       : [ExpansionQuestObjectiveTargetConfig] Load existing configuration file:$profile:ExpansionMod\Quests\Objectives\Target\32-Target-PowerPlant.json
 SCRIPT       : [ExpansionQuestObjectiveTargetConfig] Load existing configuration file:$profile:ExpansionMod\Quests\Objectives\Target\4-Target-infected-4.json
 SCRIPT       : [ExpansionQuestObjectiveTargetConfig] Load existing configuration file:$profile:ExpansionMod\Quests\Objectives\Target\5-Target-Mutants-5.json
 SCRIPT       : [ExpansionQuestObjectiveTargetConfig] Load existing configuration file:$profile:ExpansionMod\Quests\Objectives\Target\7-Target-zAnimals-07.json
 SCRIPT       : [ExpansionQuestObjectiveTargetConfig] Load existing configuration file:$profile:ExpansionMod\Quests\Objectives\Target\74-Target-PilotCrash.json
 SCRIPT       : [ExpansionQuestObjectiveTargetConfig] Load existing configuration file:$profile:ExpansionMod\Quests\Objectives\Target\75-Target-PilotCrash_1.json
 SCRIPT       : [ExpansionQuestObjectiveTargetConfig] Load existing configuration file:$profile:ExpansionMod\Quests\Objectives\Target\8-Target-zAnimals-08.json
 SCRIPT       : [ExpansionQuestObjectiveTargetConfig] Load existing configuration file:$profile:ExpansionMod\Quests\Objectives\Target\80-Target-Medical_Ambulance_2.json
 SCRIPT       : [ExpansionQuestObjectiveTargetConfig] Load existing configuration file:$profile:ExpansionMod\Quests\Objectives\Target\81-Target-Medical_Ambulance_3.json
 SCRIPT       : [ExpansionQuestObjectiveTargetConfig] Load existing configuration file:$profile:ExpansionMod\Quests\Objectives\Target\82-Target-FirstBlood.json
 SCRIPT       : [ExpansionQuestObjectiveTargetConfig] Load existing configuration file:$profile:ExpansionMod\Quests\Objectives\Target\83-Target-RealSurvivor.json
 SCRIPT       : [ExpansionQuestObjectiveTargetConfig] Load existing configuration file:$profile:ExpansionMod\Quests\Objectives\Target\84-Target-NoMercy.json
 SCRIPT       : [ExpansionQuestObjectiveTargetConfig] Load existing configuration file:$profile:ExpansionMod\Quests\Objectives\Target\85-Target-FirstKill-eAI.json
 SCRIPT       : [ExpansionQuestObjectiveTargetConfig] Load existing configuration file:$profile:ExpansionMod\Quests\Objectives\Target\86-Target-AIHunter-eAI.json
 SCRIPT       : [ExpansionQuestObjectiveTargetConfig] Load existing configuration file:$profile:ExpansionMod\Quests\Objectives\Target\87-Target-AISlayer-eAI.json
 SCRIPT       : [ExpansionQuestObjectiveTargetConfig] Load existing configuration file:$profile:ExpansionMod\Quests\Objectives\Target\88-Target-FirstWolf.json
 SCRIPT       : [ExpansionQuestObjectiveTargetConfig] Load existing configuration file:$profile:ExpansionMod\Quests\Objectives\Target\89-Target-WolfPack.json
 SCRIPT       : [ExpansionQuestObjectiveTargetConfig] Load existing configuration file:$profile:ExpansionMod\Quests\Objectives\Target\9-Target-Fox-09.json
 SCRIPT       : [ExpansionQuestObjectiveTargetConfig] Load existing configuration file:$profile:ExpansionMod\Quests\Objectives\Target\90-Target-WolfSlayer.json
 SCRIPT       : [ExpansionQuestObjectiveTargetConfig] Load existing configuration file:$profile:ExpansionMod\Quests\Objectives\Target\91-Target-FirstBear.json
 SCRIPT       : [ExpansionQuestObjectiveTargetConfig] Load existing configuration file:$profile:ExpansionMod\Quests\Objectives\Target\92-Target-BearHunter.json
 SCRIPT       : [ExpansionQuestObjectiveTargetConfig] Load existing configuration file:$profile:ExpansionMod\Quests\Objectives\Target\93-Target-BearSlayer.json
 SCRIPT       : [ExpansionQuestObjectiveDeliveryConfig] Load existing configuration file:$profile:ExpansionMod\Quests\Objectives\Delivery\1-Delivery-Steve-1.json
 SCRIPT       : [ExpansionQuestObjectiveDeliveryConfig] Load existing configuration file:$profile:ExpansionMod\Quests\Objectives\Delivery\2-Delivery-Peter-1.json
 SCRIPT       : [ExpansionQuestObjectiveDeliveryConfig] Load existing configuration file:$profile:ExpansionMod\Quests\Objectives\Delivery\5-Delivery-Note.json
 SCRIPT       : [ExpansionQuestObjectiveCollectionConfig] Load existing configuration file:$profile:ExpansionMod\Quests\Objectives\Collection\1-Collection-MetalWire.json
 SCRIPT       : [ExpansionQuestObjectiveCollectionConfig] Load existing configuration file:$profile:ExpansionMod\Quests\Objectives\Collection\10-Repair_Weapon.json
 SCRIPT       : [ExpansionQuestObjectiveCollectionConfig] Load existing configuration file:$profile:ExpansionMod\Quests\Objectives\Collection\12-Repair_Vest911.json
 SCRIPT       : [ExpansionQuestObjectiveCollectionConfig] Load existing configuration file:$profile:ExpansionMod\Quests\Objectives\Collection\13-Repair_ClothesBag912.json
 SCRIPT       : [ExpansionQuestObjectiveCollectionConfig] Load existing configuration file:$profile:ExpansionMod\Quests\Objectives\Collection\14-Medical_Heal913.json
 SCRIPT       : [ExpansionQuestObjectiveCollectionConfig] Load existing configuration file:$profile:ExpansionMod\Quests\Objectives\Collection\15-TP_1.json
 SCRIPT       : [ExpansionQuestObjectiveCollectionConfig] Load existing configuration file:$profile:ExpansionMod\Quests\Objectives\Collection\16-TP_2.json
 SCRIPT       : [ExpansionQuestObjectiveCollectionConfig] Load existing configuration file:$profile:ExpansionMod\Quests\Objectives\Collection\2-Collection-Mackerel.json
 SCRIPT       : [ExpansionQuestObjectiveCollectionConfig] Load existing configuration file:$profile:ExpansionMod\Quests\Objectives\Collection\3-Collection-Reindeer.json
 SCRIPT       : [ExpansionQuestObjectiveCollectionConfig] Load existing configuration file:$profile:ExpansionMod\Quests\Objectives\Collection\4-Collection-BearPelt.json
 SCRIPT       : [ExpansionQuestObjectiveCollectionConfig] Load existing configuration file:$profile:ExpansionMod\Quests\Objectives\Collection\5-Collection-DeerPelt.json
 SCRIPT       : [ExpansionQuestObjectiveCollectionConfig] Load existing configuration file:$profile:ExpansionMod\Quests\Objectives\Collection\6-Collection-Lock.json
 SCRIPT       : [ExpansionQuestObjectiveCollectionConfig] Load existing configuration file:$profile:ExpansionMod\Quests\Objectives\Collection\7-Collection-CrocodileSkin.json
 SCRIPT       : [ExpansionQuestObjectiveCollectionConfig] Load existing configuration file:$profile:ExpansionMod\Quests\Objectives\Collection\8-Fishing-Time.json
 SCRIPT       : [ExpansionQuestObjectiveCollectionConfig] Load existing configuration file:$profile:ExpansionMod\Quests\Objectives\Collection\9-Collection-Rat.json
 SCRIPT       : [ExpansionQuestObjectiveTreasureHuntConfig] Load existing configuration file:$profile:ExpansionMod\Quests\Objectives\TreasureHunt\1-TH_1.json
 SCRIPT       : [ExpansionQuestObjectiveTreasureHuntConfig] Load existing configuration file:$profile:ExpansionMod\Quests\Objectives\TreasureHunt\2-Thief of grave.json
 SCRIPT       : [ExpansionQuestObjectiveTreasureHuntConfig] Load existing configuration file:$profile:ExpansionMod\Quests\Objectives\TreasureHunt\3-Stolen-Ammunition.json
 SCRIPT       : [ExpansionQuestObjectiveActionConfig] Load existing configuration file:$profile:ExpansionMod\Quests\Objectives\Action\1-Medic.json
 SCRIPT       : [ExpansionQuestObjectiveActionConfig] Load existing configuration file:$profile:ExpansionMod\Quests\Objectives\Action\10-Medic.json
 SCRIPT       : [ExpansionQuestObjectiveActionConfig] Load existing configuration file:$profile:ExpansionMod\Quests\Objectives\Action\11-Medic.json
 SCRIPT       : [ExpansionQuestObjectiveActionConfig] Load existing configuration file:$profile:ExpansionMod\Quests\Objectives\Action\12-Medic.json
 SCRIPT       : [ExpansionQuestObjectiveActionConfig] Load existing configuration file:$profile:ExpansionMod\Quests\Objectives\Action\13-Medic.json
 SCRIPT       : [ExpansionQuestObjectiveActionConfig] Load existing configuration file:$profile:ExpansionMod\Quests\Objectives\Action\14-Medic.json
 SCRIPT       : [ExpansionQuestObjectiveActionConfig] Load existing configuration file:$profile:ExpansionMod\Quests\Objectives\Action\15-Medic.json
 SCRIPT       : [ExpansionQuestObjectiveActionConfig] Load existing configuration file:$profile:ExpansionMod\Quests\Objectives\Action\16-Medic.json
 SCRIPT       : [ExpansionQuestObjectiveActionConfig] Load existing configuration file:$profile:ExpansionMod\Quests\Objectives\Action\17-Medic.json
 SCRIPT       : [ExpansionQuestObjectiveActionConfig] Load existing configuration file:$profile:ExpansionMod\Quests\Objectives\Action\18-Horticulture.json
 SCRIPT       : [ExpansionQuestObjectiveActionConfig] Load existing configuration file:$profile:ExpansionMod\Quests\Objectives\Action\19-Horticulture.json
 SCRIPT       : [ExpansionQuestObjectiveActionConfig] Load existing configuration file:$profile:ExpansionMod\Quests\Objectives\Action\2-Medic.json
 SCRIPT       : [ExpansionQuestObjectiveActionConfig] Load existing configuration file:$profile:ExpansionMod\Quests\Objectives\Action\20-Horticulture.json
 SCRIPT       : [ExpansionQuestObjectiveActionConfig] Load existing configuration file:$profile:ExpansionMod\Quests\Objectives\Action\21-Horticulture.json
 SCRIPT       : [ExpansionQuestObjectiveActionConfig] Load existing configuration file:$profile:ExpansionMod\Quests\Objectives\Action\22-Horticulture.json
 SCRIPT       : [ExpansionQuestObjectiveActionConfig] Load existing configuration file:$profile:ExpansionMod\Quests\Objectives\Action\23-Horticulture.json
 SCRIPT       : [ExpansionQuestObjectiveActionConfig] Load existing configuration file:$profile:ExpansionMod\Quests\Objectives\Action\24-Horticulture.json
 SCRIPT       : [ExpansionQuestObjectiveActionConfig] Load existing configuration file:$profile:ExpansionMod\Quests\Objectives\Action\26-Vehicle_StartBoat.json
 SCRIPT       : [ExpansionQuestObjectiveActionConfig] Load existing configuration file:$profile:ExpansionMod\Quests\Objectives\Action\3-Medic.json
 SCRIPT       : [ExpansionQuestObjectiveActionConfig] Load existing configuration file:$profile:ExpansionMod\Quests\Objectives\Action\4-Medic.json
 SCRIPT       : [ExpansionQuestObjectiveActionConfig] Load existing configuration file:$profile:ExpansionMod\Quests\Objectives\Action\5-Medic.json
 SCRIPT       : [ExpansionQuestObjectiveActionConfig] Load existing configuration file:$profile:ExpansionMod\Quests\Objectives\Action\6-Medic.json
 SCRIPT       : [ExpansionQuestObjectiveActionConfig] Load existing configuration file:$profile:ExpansionMod\Quests\Objectives\Action\7-Medic.json
 SCRIPT       : [ExpansionQuestObjectiveActionConfig] Load existing configuration file:$profile:ExpansionMod\Quests\Objectives\Action\8-Medic.json
 SCRIPT       : [ExpansionQuestObjectiveActionConfig] Load existing configuration file:$profile:ExpansionMod\Quests\Objectives\Action\9-Medic.json
 SCRIPT       : [ExpansionQuestObjectiveCraftingConfig] Load existing configuration file:$profile:ExpansionMod\Quests\Objectives\Crafting\1-Crafting-FishingRod.json
 SCRIPT       : [ExpansionQuestObjectiveAIPatrolConfig] Load existing configuration file:$profile:ExpansionMod\Quests\Objectives\AIPatrol\1-AIpatrol.json
 SCRIPT       : [ExpansionQuestObjectiveAIPatrolConfig] Load existing configuration file:$profile:ExpansionMod\Quests\Objectives\AIPatrol\2-AIpatrol-PatrolSwamp_2.json
 SCRIPT       : [ExpansionQuestObjectiveAICampConfig] Load existing configuration file:$profile:ExpansionMod\Quests\Objectives\AICamp\1-AICamp-Canabal-1.json
 SCRIPT       : [ExpansionQuestObjectiveAICampConfig] Load existing configuration file:$profile:ExpansionMod\Quests\Objectives\AICamp\2-AICamp-Canabal-2.json
 SCRIPT       : [ExpansionQuestObjectiveAICampConfig] Load existing configuration file:$profile:ExpansionMod\Quests\Objectives\AICamp\3-AICamp-AIC_Example_3.json
 SCRIPT       : [ExpansionQuestObjectiveAICampConfig] Load existing configuration file:$profile:ExpansionMod\Quests\Objectives\AICamp\40-AICamp-AIC_Police_2.json
 SCRIPT       : [ExpansionQuestObjectiveAICampConfig] Load existing configuration file:$profile:ExpansionMod\Quests\Objectives\AICamp\5-AICamp-AIC_Plant_5.json
 SCRIPT       : [ExpansionQuestObjectiveAICampConfig] Load existing configuration file:$profile:ExpansionMod\Quests\Objectives\AICamp\50-AICamp-BelayaPolyana_1.json
 SCRIPT       : [ExpansionQuestObjectiveAICampConfig] Load existing configuration file:$profile:ExpansionMod\Quests\Objectives\AICamp\70-AICamp-Medical_Ambulance.json
 SCRIPT       : [ExpansionQuestObjectiveAICampConfig] Load existing configuration file:$profile:ExpansionMod\Quests\Objectives\AICamp\71-AICamp-School_Ambush.json
 SCRIPT       : [ExpansionQuestObjectiveAICampConfig] Load existing configuration file:$profile:ExpansionMod\Quests\Objectives\AICamp\72-AICamp-Medical_Ambulance_2.json
 SCRIPT       : [ExpansionQuestObjectiveAICampConfig] Load existing configuration file:$profile:ExpansionMod\Quests\Objectives\AICamp\73-AICamp-The_Lost_Survivor.json
 SCRIPT       : [ExpansionQuestObjectiveAICampConfig] Load existing configuration file:$profile:ExpansionMod\Quests\Objectives\AICamp\74-AICamp-AIPowerPlant_3.json
 SCRIPT       : [ExpansionQuestObjectiveAICampConfig] Load existing configuration file:$profile:ExpansionMod\Quests\Objectives\AICamp\75-AIPatrol-PatrolSwamp_2.json
 SCRIPT       : [ExpansionQuestObjectiveAICampConfig] Load existing configuration file:$profile:ExpansionMod\Quests\Objectives\AICamp\76-AICamp-PilotCrash_2.json
 SCRIPT       : [ExpansionQuestObjectiveAIEscortConfig] Load existing configuration file:$profile:ExpansionMod\Quests\Objectives\AIVIP\1-VIP.json
 SCRIPT       : [ExpansionQuestObjectiveAIEscortConfig] Load existing configuration file:$profile:ExpansionMod\Quests\Objectives\AIVIP\2-VIP.json
 SCRIPT       : [ExpansionQuestObjectiveAIEscortConfig] Load existing configuration file:$profile:ExpansionMod\Quests\Objectives\AIVIP\3-VIP - Medical_Ambulance.json
 SCRIPT       : [ExpansionQuestObjectiveAIEscortConfig] Load existing configuration file:$profile:ExpansionMod\Quests\Objectives\AIVIP\4-VIP.json
 SCRIPT       : [ExpansionQuestObjectiveAIEscortConfig] Load existing configuration file:$profile:ExpansionMod\Quests\Objectives\AIVIP\5-VIP.json
 SCRIPT       : [ExpansionQuestObjectiveAIEscortConfig] Load existing configuration file:$profile:ExpansionMod\Quests\Objectives\AIVIP\6-VIP - The_Lost_Survivor.json
 SCRIPT       : [ExpansionQuestObjectiveAIEscortConfig] Load existing configuration file:$profile:ExpansionMod\Quests\Objectives\AIVIP\7-VIP - PilotCrash.json
 SCRIPT       : [ExpansionQuestObjectiveAIEscortConfig] Load existing configuration file:$profile:ExpansionMod\Quests\Objectives\AIVIP\8-VIP - PilotCrash_1.json
 SCRIPT       : [ExpansionQuestObjectiveAIEscortConfig] Load existing configuration file:$profile:ExpansionMod\Quests\Objectives\AIVIP\9-VIP - PilotCrash_2.json
 SCRIPT       : [ExpansionQuestNPCData] Load existing configuration file:QuestNPC_1.json
 SCRIPT       : [ExpansionQuestNPCData] Load existing configuration file:QuestNPC_2.json
 SCRIPT       : [ExpansionQuestNPCData] Load existing configuration file:QuestNPC_3.json
 SCRIPT       : [ExpansionQuestNPCData] Load existing configuration file:QuestNPC_4000.json
 SCRIPT       : [ExpansionQuestNPCData] Load existing configuration file:QuestNPC_4001.json
 SCRIPT       : [ExpansionQuestNPCData] Load existing configuration file:QuestNPC_4003.json
 SCRIPT       : 08:02:24.743 [ExpansionQuestModule<0x000001BB4C1E89E0>] :: [INFO] :: [Expansion Quests] NPC with ID 4003 is set to inactive. Skip..
 SCRIPT       : [ExpansionQuestNPCData] Load existing configuration file:QuestNPC_4005.json
 SCRIPT       : [ExpansionQuestNPCData] Load existing configuration file:QuestNPC_4006.json
 SCRIPT       : [ExpansionQuestNPCData] Load existing configuration file:QuestNPC_9_SZ_HELI_PILOT.json
 SCRIPT       : [MissionServer] OnMissionStart - Server
 SCRIPT       : string dirtyName = 'Bullzed2'
 SCRIPT       : [ZEN|2026.05.26 08:02:24] [ZenModCore] OnMissionStart.
SCRIPT       : ExpansionMarketItem marketItem = ExpansionMarketItem<0x000001BD03FD1460>
SCRIPT       : int worth =   1
SCRIPT       : ExpansionZonePolygon<0x000001C1958663B0> position=<12015.854492, 0.000000, 12591.097656> radius=419.633
SCRIPT       : ExpansionZoneCircle<0x000001C1A22B9BC0> position=<1143.140015, 0.000000, 2423.270020> radius=700
SCRIPT       : ExpansionZoneCircle<0x000001C1A22BA1C0> position=<3728.270020, 0.000000, 6003.600098> radius=500
SCRIPT       : Found 3 zones!
SCRIPT       : Module: $profile:ExpansionMod\AI\FSM\Master.c; loaded 1x files; 153x classes; used 119/262 kB (45%) of static memory; defines: "DAYZ_1_29,SERVER_FOR_WINDOWS,SERVER,PLATFORM_WINDOWS,RELEASE,NO_GUI,NO_GUI_INGAME,BF_Define,DZ_Expansion_AI_Prel
SCRIPT       : 08:03:37.823 [ERROR] :: Unknown loadout requested ('Medic_Trader')
Function: 'Apply'
Stack trace:
DayZExpansion/Core/Scripts/4_World/dayzexpansion_core\classes\loadout\expansionloadout.c:3212
SCRIPT       : 08:03:37.955 [ERROR] :: Unknown loadout requested ('MMG_SNAFU_Atack')
Function: 'Apply'
Stack trace:
DayZExpansion/Core/Scripts/4_World/dayzexpansion_core\classes\loadout\expansionloadout.c:3212
SCRIPT       : m_LoginTimeMs: 16200
SCRIPT       : [ZEN|2026.05.26 08:04:23] [ZenObjectHookSpawner] No hook configs to dump positions of.
SCRIPT       : 08:08:53.326 [EXPANSION DEBUG]: [ExpansionMissionEventAirdrop] Adjusted container weights:
SCRIPT       : 08:08:53.326 [EXPANSION DEBUG]: ExpansionAirdropContainer 254
SCRIPT       : 08:08:53.326 [EXPANSION DEBUG]: ExpansionAirdropContainer_Medical 258
SCRIPT       : 08:08:53.326 [EXPANSION DEBUG]: ExpansionAirdropContainer_Basebuilding 253
SCRIPT       : 08:08:53.326 [EXPANSION DEBUG]: ExpansionAirdropContainer_Military 249
SCRIPT       : 08:08:53.326 [EXPANSION DEBUG]: ExpansionAirdropPlane::Expansion_GetSpawnPoint - drop position <5823.000000, 0.000000, 7764.000000> - map is chernarusplus - size 15360 - center <7100.000000, 300.000000, 7750.000000>
SCRIPT       : 08:08:53.326 [EXPANSION DEBUG]: ExpansionAirdropPlane::Expansion_GetSpawnPoint - selected spawn point <15360.000000, 450.711029, 6032.996582>
SCRIPT       : 08:15:22.943 [EXPANSION LOG]: ExpansionAirdropContainerBase_Server<0x000001C1BFC9F610> Expan Expansion_InitAirdrop - total weight (kg) 302.431 - nominal fall speed 4.50608 m/s, wind impact strength 0.149797
SCRIPT       : [ExpansionAirdropContainerManager] Container at <5794.449707, 317.829773, 7768.218262> was deleted
SCRIPT       : ~ExpansionAirdropContainerManager
SCRIPT       : 09:35:32.675 [EXPANSION DEBUG]: ExpansionAirdropPlane::Expansion_GetSpawnPoint - drop position <5823.000000, 0.000000, 7764.000000> - map is chernarusplus - size 15360 - center <7100.000000, 300.000000, 7750.000000>
SCRIPT       : 09:35:32.675 [EXPANSION DEBUG]: ExpansionAirdropPlane::Expansion_GetSpawnPoint - selected spawn point <0.000000, 769.270264, 9515.915039>
SCRIPT       : 09:39:33.330 [EXPANSION LOG]: ExpansionAirdropContainerBase_Server<0x000001C1FDCA50A0> Expan Expansion_InitAirdrop - total weight (kg) 306.035 - nominal fall speed 4.51509 m/s, wind impact strength 0.149497
 SCRIPT       : 09:56:37.637 [EXPANSION DEBUG]: ExpansionHardlineModule<0x000001BB164F5620> ::LoadPlayerData - Loaded player hardline data for player Juto[ANwBQqVVStKCILjNoABDu3SscjO3bFF-nGQjnjwyOUM=]
 SCRIPT       : [AYSA] [KNOCK KNOCK ZOMBIES] 
 SCRIPT       : [AYSA] ----- Sending cfg -----
 SCRIPT       : [AYSA] ----- Juto -----
 SCRIPT       : [BVP Doors] Sent full config to client: Juto
 SCRIPT       : 09:57:17.950 [EXPANSION DEBUG]: ExpansionPartyData<0x000001BFFED8B430>::OnJoin party Ratas de laboratiorio (ID 0) player Juto (ID ANwBQqVVStKCILjNoABDu3SscjO3bFF-nGQjnjwyOUM=)
 SCRIPT       : [ZEN|2026.05.26 09:57:18] [ZenModCore::ZenConfigRegister] Sent 3 config files to id=ANwBQqVVStKCILjNoABDu3SscjO3bFF-nGQjnjwyOUM=
 SCRIPT       : CustomMission<0x000001BF184B4FC0>::SyncBFConfig - Send Building
 SCRIPT       : [VPPAT] Player "Juto" (steamId=76561198119114852) connected to server!
 SCRIPT       : [PlayerListManager] AddReceiver ► added: PlayerIdentity<0x000001C1DFC023C0>
SCRIPT       : [ZenSleep::ZenSleepEffectHandlerServer] Initialized ANwBQqVVStKCILjNoABDu3SscjO3bFF-nGQjnjwyOUM=
SCRIPT       : 09:57:18.719 [EXPANSION DEBUG]: eAI_SurvivorF_Naomi<0x000001BFFEE14830> eAI_SurvivorF_Naomi:94 ---- PlayerBase::Expansion_OnEntityStorageLoad SUCCESS ----
SCRIPT       : 09:57:18.719 [ExpansionEntityStorage] HITCH: 67.4008ms
SCRIPT       : 09:57:18.788 [EXPANSION DEBUG]: eAI_SurvivorM_Indar<0x000001C1FBB26010> eAI_SurvivorM_Indar:94 ---- PlayerBase::Expansion_OnEntityStorageLoad SUCCESS ----
SCRIPT       : 09:57:18.788 [ExpansionEntityStorage] HITCH: 47.6303ms
SCRIPT       : 09:57:18.864 [EXPANSION DEBUG]: eAI_SurvivorM_Niki<0x000001C1FDC0E020> eAI_SurvivorM_Niki:9473 ---- PlayerBase::Expansion_OnEntityStorageLoad SUCCESS ----
SCRIPT       : 09:57:18.864 [ExpansionEntityStorage] HITCH: 53.8269ms
SCRIPT       : 09:57:18.944 [EXPANSION DEBUG]: eAI_SurvivorM_Cyril<0x000001C20782EFF0> eAI_SurvivorM_Cyril:94 ---- PlayerBase::Expansion_OnEntityStorageLoad SUCCESS ----
SCRIPT       : 09:57:18.945 [ExpansionEntityStorage] HITCH: 59.467ms
SCRIPT       : 09:57:19.046 [EXPANSION DEBUG]: eAI_SurvivorF_Maria<0x000001BEB3D19350> eAI_SurvivorF_Maria:94 ---- PlayerBase::Expansion_OnEntityStorageLoad SUCCESS ----
SCRIPT       : 09:57:19.046 [ExpansionEntityStorage] HITCH: 79.2698ms
SCRIPT       : 09:57:19.138 [EXPANSION DEBUG]: eAI_SurvivorM_Peter<0x000001C1D452D020> eAI_SurvivorM_Peter:94 ---- PlayerBase::Expansion_OnEntityStorageLoad SUCCESS ----
SCRIPT       : 09:57:19.139 [ExpansionEntityStorage] HITCH: 69.4967ms
SCRIPT       : 09:57:19.255 [EXPANSION DEBUG]: eAI_SurvivorF_Maria<0x000001C1E45F0020> eAI_SurvivorF_Maria:94 ---- PlayerBase::Expansion_OnEntityStorageLoad SUCCESS ----
SCRIPT       : 09:57:19.255 [ExpansionEntityStorage] HITCH: 34.2957ms
SCRIPT       : 09:57:19.360 [EXPANSION DEBUG]: eAI_SurvivorF_Maria<0x000001BD67661010> eAI_SurvivorF_Maria:94 ---- PlayerBase::Expansion_OnEntityStorageLoad SUCCESS ----
SCRIPT       : 09:57:19.360 [ExpansionEntityStorage] HITCH: 81.3139ms
SCRIPT       : 09:57:19.454 [EXPANSION DEBUG]: eAI_SurvivorM_Rolf<0x000001C2089B2FF0> eAI_SurvivorM_Rolf:9486 ---- PlayerBase::Expansion_OnEntityStorageLoad SUCCESS ----
SCRIPT       : 09:57:19.454 [ExpansionEntityStorage] HITCH: 73.2011ms
SCRIPT       : 09:57:37.913 [ExpansionEntityStorage] HITCH: 575.644ms
 SCRIPT       : [Permissions Manager] Admin (Juto) (76561198119114852) Successfully Logged in!
SCRIPT       : 09:58:06.300 [ExpansionEntityStorage] HITCH: 309.048ms
SCRIPT       : 09:58:35.120 [ExpansionEntityStorage] HITCH: 695.379ms
SCRIPT       : 09:59:03.689 [ExpansionEntityStorage] HITCH: 491.534ms
SCRIPT       : 09:59:33.254 [ExpansionEntityStorage] HITCH: 892.246ms
SCRIPT       : [ExpansionAirdropContainerManager] Container at <5620.064941, 315.054443, 7798.594727> was deleted
SCRIPT       : ~ExpansionAirdropContainerManager
SCRIPT       : 10:00:02.038 [ExpansionEntityStorage] HITCH: 685.89ms
SCRIPT       : 10:00:30.528 [ExpansionEntityStorage] HITCH: 327.859ms
SCRIPT       : 10:00:59.284 [ExpansionEntityStorage] HITCH: 694.409ms
SCRIPT       : 10:01:28.940 [ExpansionEntityStorage] HITCH: 1531.31ms
SCRIPT       : 10:01:58.521 [ExpansionEntityStorage] HITCH: 760.953ms
SCRIPT       : 10:02:27.180 [ExpansionEntityStorage] HITCH: 583.078ms
SCRIPT       : 10:02:55.637 [ExpansionEntityStorage] HITCH: 307.126ms
SCRIPT       : 10:03:24.014 [ExpansionEntityStorage] HITCH: 402.398ms
SCRIPT       : 10:03:52.524 [ExpansionEntityStorage] HITCH: 441.68ms
SCRIPT       : 10:04:25.912 [ExpansionEntityStorage] HITCH: 5289.01ms
SCRIPT       : 10:04:54.312 [ExpansionEntityStorage] HITCH: 326.376ms
SCRIPT       : 10:05:22.959 [ExpansionEntityStorage] HITCH: 380.496ms
SCRIPT       : 10:05:51.579 [ExpansionEntityStorage] HITCH: 592.066ms
SCRIPT       : 10:06:20.213 [ExpansionEntityStorage] HITCH: 683.365ms
SCRIPT       : 10:06:48.693 [ExpansionEntityStorage] HITCH: 505.777ms
SCRIPT       : 10:07:17.140 [ExpansionEntityStorage] HITCH: 376.808ms
SCRIPT       : 10:07:47.201 [ExpansionEntityStorage] HITCH: 1945.43ms
SCRIPT       : 10:08:15.751 [ExpansionEntityStorage] HITCH: 503.945ms
SCRIPT       : 10:08:46.384 [ExpansionEntityStorage] HITCH: 2525.75ms
SCRIPT       : 10:09:15.528 [ExpansionEntityStorage] HITCH: 887.702ms
SCRIPT       : 10:09:44.383 [ExpansionEntityStorage] HITCH: 324.509ms
SCRIPT       : 10:10:13.347 [ExpansionEntityStorage] HITCH: 910.04ms
SCRIPT       : 10:10:44.285 [ExpansionEntityStorage] HITCH: 2655.91ms
SCRIPT       : 10:10:45.748 [ExpansionEntityStorage] HITCH: 995.702ms
SCRIPT       : 10:11:14.332 [ExpansionEntityStorage] HITCH: 564.614ms
SCRIPT       : 10:11:44.998 [ExpansionEntityStorage] HITCH: 2568.49ms
SCRIPT       : 10:12:15.462 [ExpansionEntityStorage] HITCH: 538.269ms
SCRIPT       : 10:12:45.565 [ExpansionEntityStorage] HITCH: 719.468ms
SCRIPT       : 10:13:14.487 [ExpansionEntityStorage] HITCH: 728.963ms
SCRIPT       : 10:13:43.757 [ExpansionEntityStorage] HITCH: 1201.79ms
SCRIPT       : 10:14:12.298 [ExpansionEntityStorage] HITCH: 371.486ms
SCRIPT       : 10:14:41.348 [ExpansionEntityStorage] HITCH: 344.134ms
SCRIPT       : 10:15:11.694 [ExpansionEntityStorage] HITCH: 2242.36ms
SCRIPT       : 10:15:40.697 [ExpansionEntityStorage] HITCH: 686.818ms
SCRIPT       : 10:16:09.244 [ExpansionEntityStorage] HITCH: 503.215ms
SCRIPT       : 10:16:37.734 [ExpansionEntityStorage] HITCH: 465.034ms
SCRIPT       : 10:17:07.091 [ExpansionEntityStorage] HITCH: 899.415ms
SCRIPT       : 10:17:36.340 [ExpansionEntityStorage] HITCH: 1164.48ms
SCRIPT       : 10:18:05.472 [ExpansionEntityStorage] HITCH: 918.197ms
   SCRIPT       : ExpansionActionOpenTraderMenu::OnStartServer - Start
   SCRIPT       : ExpansionActionOpenTraderMenu::OnStartServer - Start
SCRIPT       : 10:18:34.306 [ExpansionEntityStorage] HITCH: 608.41ms
   SCRIPT       : ExpansionActionOpenTraderMenu::OnStartServer - Start
SCRIPT       : 10:19:02.821 [ExpansionEntityStorage] HITCH: 430.444ms
SCRIPT       : 10:19:31.323 [ExpansionEntityStorage] HITCH: 390.852ms
SCRIPT       : 10:20:01.347 [ExpansionEntityStorage] HITCH: 1974.75ms
SCRIPT       : 10:20:30.319 [ExpansionEntityStorage] HITCH: 761.542ms
SCRIPT       : 10:20:58.992 [ExpansionEntityStorage] HITCH: 584.43ms
SCRIPT       : 10:21:27.446 [ExpansionEntityStorage] HITCH: 417.596ms
   SCRIPT       : ExpansionActionOpenTraderMenu::OnStartServer - Start
SCRIPT       : 10:21:56.319 [ExpansionEntityStorage] HITCH: 705.051ms
SCRIPT       : 10:22:24.864 [ExpansionEntityStorage] HITCH: 470.559ms
SCRIPT       : 10:22:53.868 [ExpansionEntityStorage] HITCH: 845.026ms
SCRIPT       : 10:23:22.569 [ExpansionEntityStorage] HITCH: 601.77ms
   SCRIPT       : ExpansionActionOpenTraderMenu::OnStartServer - Start
SCRIPT       : 10:23:51.522 [ExpansionEntityStorage] HITCH: 561.165ms
SCRIPT       : 10:24:21.205 [ExpansionEntityStorage] HITCH: 1665.42ms
SCRIPT       : 10:24:24.301 [ExpansionEntityStorage] HITCH: 1522.12ms
SCRIPT       : 10:24:53.297 [ExpansionEntityStorage] HITCH: 1000.53ms
SCRIPT       : 10:25:23.712 [ExpansionEntityStorage] HITCH: 2215.76ms
SCRIPT       : 10:25:55.889 [ExpansionEntityStorage] HITCH: 3821.46ms
SCRIPT       : 10:25:56.814 [ExpansionEntityStorage] HITCH: 731.195ms
SCRIPT       : 10:26:25.361 [ExpansionEntityStorage] HITCH: 479.459ms
SCRIPT       : 10:26:54.836 [ExpansionEntityStorage] HITCH: 1361.54ms
SCRIPT       : 10:27:23.567 [ExpansionEntityStorage] HITCH: 681.057ms
SCRIPT       : 10:27:52.133 [ExpansionEntityStorage] HITCH: 622.316ms
SCRIPT       : 10:28:20.574 [ExpansionEntityStorage] HITCH: 391.728ms
SCRIPT       : 10:28:49.229 [ExpansionEntityStorage] HITCH: 685.381ms
SCRIPT       : 10:29:18.619 [ExpansionEntityStorage] HITCH: 815.601ms
SCRIPT       : 10:29:47.742 [ExpansionEntityStorage] HITCH: 1051.87ms
SCRIPT       : 10:30:16.414 [ExpansionEntityStorage] HITCH: 631.24ms
SCRIPT       : 10:30:45.002 [ExpansionEntityStorage] HITCH: 610.466ms
SCRIPT       : 10:31:13.669 [ExpansionEntityStorage] HITCH: 664.09ms
SCRIPT       : 10:31:42.953 [ExpansionEntityStorage] HITCH: 1195.88ms
SCRIPT       : 10:32:13.161 [ExpansionEntityStorage] HITCH: 1820.93ms
SCRIPT       : 10:32:44.414 [ExpansionEntityStorage] HITCH: 3140.3ms
SCRIPT       : 10:32:48.285 [ExpansionEntityStorage] HITCH: 1158.85ms
SCRIPT       : 10:33:17.763 [ExpansionEntityStorage] HITCH: 1474.54ms
SCRIPT       : 10:33:46.842 [ExpansionEntityStorage] HITCH: 678.392ms
SCRIPT       : 10:34:16.005 [ExpansionEntityStorage] HITCH: 968.818ms
SCRIPT       : 10:34:45.219 [ExpansionEntityStorage] HITCH: 971.58ms
SCRIPT       : 10:35:14.830 [ExpansionEntityStorage] HITCH: 1544.27ms
SCRIPT       : 10:35:43.314 [ExpansionEntityStorage] HITCH: 453.245ms
SCRIPT       : 10:36:12.646 [ExpansionEntityStorage] HITCH: 1275.47ms
SCRIPT       : 10:36:39.078 [EXPANSION DEBUG]: eAI_SurvivorM_Indar<0x000001C1FBB26010> eAI_SurvivorM_Indar:94 Ignoring melee weapon because it was recently dropped: WoodAxe<0x000001C20758D5F0> WoodAxe:96903 (type=WoodAxe health=129.252)
SCRIPT       : 10:36:41.578 [ExpansionEntityStorage] HITCH: 551.063ms
SCRIPT       : 10:37:11.668 [ExpansionEntityStorage] HITCH: 2005.33ms
SCRIPT       : 10:37:40.262 [ExpansionEntityStorage] HITCH: 512.328ms
SCRIPT       : 10:38:12.224 [ExpansionEntityStorage] HITCH: 3784.4ms
SCRIPT       : 10:38:19.371 [ExpansionEntityStorage] HITCH: 4645.43ms
SCRIPT       : 10:38:48.400 [ExpansionEntityStorage] HITCH: 731.405ms
SCRIPT       : 10:39:17.008 [ExpansionEntityStorage] HITCH: 614.695ms
SCRIPT       : 10:39:46.200 [ExpansionEntityStorage] HITCH: 473.293ms
SCRIPT       : 10:40:15.339 [ExpansionEntityStorage] HITCH: 1149.98ms
SCRIPT       : 10:40:44.774 [ExpansionEntityStorage] HITCH: 1280.22ms
SCRIPT       : 10:41:14.222 [ExpansionEntityStorage] HITCH: 1375.35ms
SCRIPT       : 10:41:45.384 [ExpansionEntityStorage] HITCH: 1943.59ms
SCRIPT       : 10:42:14.954 [ExpansionEntityStorage] HITCH: 883.049ms
SCRIPT       : 10:42:44.117 [ExpansionEntityStorage] HITCH: 892.941ms
SCRIPT       : 10:43:12.928 [ExpansionEntityStorage] HITCH: 615.253ms
SCRIPT       : 10:43:42.596 [ExpansionEntityStorage] HITCH: 787.245ms
SCRIPT       : 10:44:19.448 [ExpansionEntityStorage] HITCH: 687.059ms
SCRIPT       : 10:44:48.079 [ExpansionEntityStorage] HITCH: 518.713ms
SCRIPT       : 10:45:16.796 [ExpansionEntityStorage] HITCH: 716.63ms
SCRIPT       : 10:45:45.459 [ExpansionEntityStorage] HITCH: 548.774ms
SCRIPT       : 10:46:14.444 [ExpansionEntityStorage] HITCH: 692.264ms
SCRIPT       : 10:46:43.682 [ExpansionEntityStorage] HITCH: 1142.46ms
SCRIPT       : 10:47:12.892 [ExpansionEntityStorage] HITCH: 1177.35ms
 SCRIPT       : [Logout]: New player ANwBQqVVStKCILjNoABDu3SscjO3bFF-nGQjnjwyOUM= with logout time 0
 SCRIPT       : Player "Juto" (steamid=76561198119114852) initiated disconnect process...
SCRIPT       : 10:47:16.196 [EXPANSION DEBUG]: ExpansionPartyData<0x000001BFFED8B430>::OnLeave party Ratas de laboratiorio (ID 0) player Juto (ID ANwBQqVVStKCILjNoABDu3SscjO3bFF-nGQjnjwyOUM=)
SCRIPT       : 10:47:16.359 [EXPANSION DEBUG]: ExpansionQuestPersistentData<0x000001C208A0D560>~ExpansionQuestPersistentData (38)
SCRIPT       : [ZenSkills] Saving skill DB to file for player: ANwBQqVVStKCILjNoABDu3SscjO3bFF-nGQjnjwyOUM=
SCRIPT       : [Logout]: Player ANwBQqVVStKCILjNoABDu3SscjO3bFF-nGQjnjwyOUM= finished
SCRIPT       : Player "Juto" (steamid=76561198119114852) disconnected from server.
SCRIPT       : [PlayerListManager] SyncEntryToReceivers ► uid: ANwBQqVVStKCILjNoABDu3SscjO3bFF-nGQjnjwyOUM= isn't in the players list! sending a remove.
SCRIPT       : HandleOnPlayerDisconnected -> PlayerListManager.RemoveEntry ► ANwBQqVVStKCILjNoABDu3SscjO3bFF-nGQjnjwyOUM=
SCRIPT       : [ZEN|2026.05.26 10:47:16] [ZenSkillsHighscoresDB] Saving to file: $profile:Zenarchist\Skills\DB\\ZenSkillsHighscoresDB.json
SCRIPT       : 10:47:16.987 [ExpansionEntityStorage] HITCH: 603.04ms
SCRIPT       : 10:47:17.728 [ExpansionEntityStorage] HITCH: 556.232ms
SCRIPT       : 10:47:18.492 [ExpansionEntityStorage] HITCH: 574.311ms
SCRIPT       : 10:47:19.139 [ExpansionEntityStorage] HITCH: 461.265ms
SCRIPT       : 10:47:20.070 [ExpansionEntityStorage] HITCH: 732.088ms
SCRIPT       : 10:47:22.040 [ExpansionEntityStorage] HITCH: 1744.34ms
SCRIPT       : 10:47:22.864 [ExpansionEntityStorage] HITCH: 644.173ms
SCRIPT       : 10:47:23.508 [ExpansionEntityStorage] HITCH: 446.974ms
SCRIPT       : 10:47:24.398 [ExpansionEntityStorage] HITCH: 698.11ms
SCRIPT       : 10:47:25.155 [ExpansionEntityStorage] HITCH: 578.42ms
 SCRIPT       : [ZEN|2026.05.26 10:47:28] MissionBase::OnMissionFinish
 SCRIPT       : Clear up static fireplaces: 0
 SCRIPT       : 10:47:28.444 [EXPANSION DEBUG]: Clearing cached categories 67
 SCRIPT       : 10:47:28.446 [EXPANSION DEBUG]: Clearing cached traders 17
 SCRIPT       : [MissionServer] OnMissionFinish - Server
 SCRIPT       : [ZEN|2026.05.26 10:47:28] [ZenModCore] OnMissionFinish.
 SCRIPT       : [ZEN|2026.05.26 10:47:28] Server shutdown detected.
 SCRIPT       : [ZEN|2026.05.26 10:47:28] Saving all DBs.
 SCRIPT       : int m_AIUpdates_Current = 0
 SCRIPT       : float aiUpdatesMin = 3.40282e+38
 SCRIPT       : float aiUpdatesMax = -3.40282e+38
 SCRIPT       : float aiUpdatesAvg = 0
 SCRIPT       : float m_AIUpdates_DTCurrent = 0
 SCRIPT       : float aiUpdatesDTMin = 3.40282e+38
 SCRIPT       : float aiUpdatesDTMax = -3.40282e+38
 SCRIPT       : float aiUpdatesDTAvg = 0
 SCRIPT       : [ZEN|2026.05.26 10:47:28] ~MissionBase()
 SCRIPT       : [PluginZenSkills] :: OnDestroy.
 SCRIPT       : [ZEN|2026.05.26 10:47:28] [ZenAdminCommandHandler] Destroyed.
 SCRIPT       : [DayZ Expansion] ~DayZGame
 SCRIPT       : 10:47:28 [EXPANSION DEBUG]: ExpansionQuestPersistentData<0x000001C208A0D100>~ExpansionQuestPersistentData (1)
 SCRIPT       : ~DayZGame()
 SCRIPT       : Cleaning up script module globals 'Game'
  SCRIPT       : [ZEN|2026.05.26 10:47:35] [ZenConfig] Destroyed: ZenCoreConfig
  SCRIPT       : [ZEN|2026.05.26 10:47:35] [ZenConfig] Destroyed: ZenSkillsHighscoresDB
  SCRIPT       : [ZEN|2026.05.26 10:47:35] [ZenConfig] Destroyed: ZenSkillsClientConfig
  SCRIPT       : [ZEN|2026.05.26 10:47:35] [ZenConfig] Destroyed: ZenSkillsConfig
  SCRIPT       : [ZEN|2026.05.26 10:47:35] [ZenConfig] Destroyed: ZenSkillsEXP
  SCRIPT       : [ZEN|2026.05.26 10:47:35] [ZenConfig] Destroyed: ZenSleepConfig
  SCRIPT       : [ZEN|2026.05.26 10:47:35] [ZenConfig] Destroyed: ZenZombieDoorsConfig
