---------------------------------------------
Log C:\SERVICES\ni13121453_1_SHARE\ftproot\dayzstandalone\config\script_2026-05-27_11-19-08.log started at 27.05. 11:19:12

SCRIPT       : Module: GameLib; loaded 43x files; 29x classes; used 41/2097 kB (1%) of static memory; defines: "DAYZ_1_29,SERVER_FOR_WINDOWS,SERVER,PLATFORM_WINDOWS,RELEASE,NO_GUI,NO_GUI_INGAME,BF_Define,DZ_Expansion_AI_Preload,DZ_Expansion_BaseBuilding_P
SCRIPT       : Registered 418 temporary action enum(s), UAN==418
SCRIPT    (W): @"ZenRepairWells/scripts/3_game/zenwellsconfig.c,17": FIX-ME: Unexpected statement 'ref'
SCRIPT       : Initializing attributes 'Game'
 SCRIPT       : Registering faction type eAIFactionShamans ID -1484989417
 SCRIPT       : Registering faction type eAIFactionObservers ID -563736721
 SCRIPT       : Registering faction type eAIFactionInvincibleObservers ID -1227299746
 SCRIPT       : Registering faction type eAIFactionRaiders ID 1535276022
 SCRIPT       : Registering faction type eAIFactionYeetBrigade ID 1408543989
 SCRIPT       : Registering faction type eAIFactionWest ID 113880155
 SCRIPT       : Registering faction type eAIFactionInvincibleYeetBrigade ID -1118767876
 SCRIPT       : Registering faction type eAIFactionEast ID 90522109
 SCRIPT       : Registering faction type eAIFactionGuards ID 963933710
 SCRIPT       : Registering faction type eAIFactionMercenaries ID 1629891834
 SCRIPT       : Registering faction type eAIFactionBrawlers ID 1955753718
 SCRIPT       : Registering faction type eAIFactionCivilian ID 1096178351
 SCRIPT       : Registering faction type eAIFactionPassive ID -1159399789
 SCRIPT       : Registering faction type eAIFactionInvincibleGuards ID 782746017
SCRIPT       : Module: Game; loaded 1123x files; 3010x classes; used 8822/33554 kB (26%) of static memory; defines: "DAYZ_1_29,SERVER_FOR_WINDOWS,SERVER,PLATFORM_WINDOWS,RELEASE,NO_GUI,NO_GUI_INGAME,BF_Define,DZ_Expansion_AI_Preload,DZ_Expansion_BaseBuild
SCRIPT       : ... Backlit Effects Enabled
SCRIPT       : VPPNotificationManager()
SCRIPT       : [VPPAT] Internal VPPNotifications module loaded!
SCRIPT       : [DayZ Game]:: DayZGame(): Initializing V++ Admin Tools.
SCRIPT       : 11:19:31.000 [EXPANSION LOG]: DayZGame<0x000002E0F3696FD0> Start time (local time) 2026-05-27 11:18:51
SCRIPT       : 11:19:31.000 [EXPANSION LOG]: DayZGame<0x000002E0F3696FD0> Start time (UTC) 2026-05-27 10:18:51
SCRIPT       : 11:19:31.000 [EXPANSION LOG]: DayZGame<0x000002E0F3696FD0> Runtime since start (seconds) 40.314
SCRIPT    (W): @"Furniture/scripts/4_World/actions\srp_actiondemountfurniture.c,51": Missing ';' at the end of line
SCRIPT    (W): @"Furniture/scripts/4_World/actions\srp_actionremovegarbage.c,37": Missing ';' at the end of line
SCRIPT    (W): @"ACO_Core\Scripts\4_World/clothing\scarf.c,10": FIX-ME: Overriding function 'ShowSingleHiddenSelection' but not marked as 'override'
SCRIPT    (W): @"ACO_Core\Scripts\4_World/clothing\belts.c,10": FIX-ME: Overriding function 'ShowSingleHiddenSelection' but not marked as 'override'
SCRIPT    (W): @"ACO_Core\Scripts\4_World/clothing\tops.c,10": FIX-ME: Overriding function 'ShowSingleHiddenSelection' but not marked as 'override'
SCRIPT    (W): @"ACO_Core\Scripts\4_World/clothing\balaclava.c,37": FIX-ME: Overriding function 'ShowSingleHiddenSelection' but not marked as 'override'
SCRIPT    (W): @"ACO_Core\Scripts\4_World/clothing\coats.c,10": FIX-ME: Overriding function 'ShowSingleHiddenSelection' but not marked as 'override'
SCRIPT    (W): @"ACO_Core\Scripts\4_World/clothing\vests.c,30": FIX-ME: Overriding function 'ShowSingleHiddenSelection' but not marked as 'override'
SCRIPT    (W): @"ACO_Core\Scripts\4_World/clothing\helmets.c,11": FIX-ME: Overriding function 'ShowSingleHiddenSelection' but not marked as 'override'
SCRIPT    (W): @"Furniture/scripts/4_World/entities\srp_openablefurniturebase.c,168": FIX-ME: Overriding function 'GetPlaceSoundset' but not marked as 'override'
SCRIPT    (W): @"Furniture/scripts/4_World/entities\srp_openablefurniturebase.c,173": FIX-ME: Overriding function 'GetDeploySoundset' but not marked as 'override'
SCRIPT    (W): @"ACO_Core\Scripts\4_World/clothing\shemagh.c,10": FIX-ME: Overriding function 'ShowSingleHiddenSelection' but not marked as 'override'
SCRIPT    (W): @"ACO_Core\Scripts\4_World/clothing\balaclava.c,63": FIX-ME: Overriding function 'ShowSingleHiddenSelection' but not marked as 'override'
SCRIPT    (W): @"ACO_Core\Scripts\4_World/clothing\shawl.c,10": FIX-ME: Overriding function 'ShowSingleHiddenSelection' but not marked as 'override'
SCRIPT    (W): @"ACO_Core\Scripts\4_World/clothing\slings.c,10": FIX-ME: Overriding function 'ShowSingleHiddenSelection' but not marked as 'override'
SCRIPT    (W): @"ACO_Core\Scripts\4_World/clothing\balaclava.c,10": FIX-ME: Overriding function 'ShowSingleHiddenSelection' but not marked as 'override'
SCRIPT    (W): @"ACO_Core\Scripts\4_World/clothing\armband.c,10": FIX-ME: Overriding function 'ShowSingleHiddenSelection' but not marked as 'override'
SCRIPT    (W): @"ACO_Core\Scripts\4_World/clothing\vests.c,10": FIX-ME: Overriding function 'ShowSingleHiddenSelection' but not marked as 'override'
SCRIPT    (W): @"ACO_Core\Scripts\4_World/clothing\hats.c,11": FIX-ME: Overriding function 'ShowSingleHiddenSelection' but not marked as 'override'
SCRIPT    (W): @"ACO_Core\Scripts\4_World/clothing\belts.c,76": FIX-ME: Overriding function 'ShowSingleHiddenSelection' but not marked as 'override'
SCRIPT    (W): @"ACO_Core\Scripts\4_World/clothing\masks.c,10": FIX-ME: Overriding function 'ShowSingleHiddenSelection' but not marked as 'override'
SCRIPT    (W): @"ACO_Core\Scripts\4_World/clothing\shemagh.c,49": FIX-ME: Overriding function 'ShowSingleHiddenSelection' but not marked as 'override'
SCRIPT    (W): @"ACO_Core\Scripts\4_World/clothing\pants.c,10": FIX-ME: Overriding function 'ShowSingleHiddenSelection' but not marked as 'override'
SCRIPT    (W): @"ACO_Core\Scripts\4_World/clothing\goggles.c,11": FIX-ME: Overriding function 'ShowSingleHiddenSelection' but not marked as 'override'
SCRIPT    (W): @"KnockKnockZombies/scripts/4_World/player.c,66": FIX-ME: Unsafe down-casting, use 'PlayerBase.Cast' for safe down-casting
SCRIPT    (W): @"KnockKnockZombies/scripts/4_World/player.c,70": FIX-ME: Unsafe down-casting, use 'PlayerBase.Cast' for safe down-casting
SCRIPT    (W): @"KnockKnockZombies/scripts/4_World/player.c,74": FIX-ME: Unsafe down-casting, use 'PlayerBase.Cast' for safe down-casting
SCRIPT       : Initializing attributes 'World'
 SCRIPT       : Registering faction type eAIFactionLunatics ID 1167351711
 SCRIPT       : Registering faction type eAIFactionInfected ID 1371958374
SCRIPT       : Module: World; loaded 3801x files; 9209x classes; used 18181/33554 kB (54%) of static memory; defines: "DAYZ_1_29,SERVER_FOR_WINDOWS,SERVER,PLATFORM_WINDOWS,RELEASE,NO_GUI,NO_GUI_INGAME,BF_Define,DZ_Expansion_AI_Preload,DZ_Expansion_BaseBui
 SCRIPT       : Module: Mission; loaded 619x files; 1393x classes; used 6671/33554 kB (19%) of static memory; defines: "DAYZ_1_29,SERVER_FOR_WINDOWS,SERVER,PLATFORM_WINDOWS,RELEASE,NO_GUI,NO_GUI_INGAME,BF_Define,DZ_Expansion_AI_Preload,DZ_Expansion_BaseBu
 SCRIPT    (W): @"$CurrentDir:mpmissions\dayzOffline.chernarusplus\init.c,826": FIX-ME: Unsafe down-casting, use 'EntityAI.Cast' for safe down-casting
 SCRIPT       : Module: $CurrentDir:mpmissions\dayzOffline.chernarusplus\init.c; loaded 1x files; 7x classes; used 68/1048 kB (6%) of static memory; defines: "DAYZ_1_29,SERVER_FOR_WINDOWS,SERVER,PLATFORM_WINDOWS,RELEASE,NO_GUI,NO_GUI_INGAME,BF_Define,DZ_E
 SCRIPT       : [SERVER :: Vanilla++ AdminTools Plugins Registering]
 SCRIPT       : [ZEN|2026.05.27 11:20:52] [ZenConfig] Loading file: $profile:Zenarchist\Skills\ZenSkillsConfig.json
 SCRIPT       : [ZEN|2026.05.27 11:20:52] [ZenConfig] File loaded: ZenSkillsConfig.json version=1.29.1
 SCRIPT       : [PluginZenSkills] :: OnInit.
 SCRIPT       : [ZEN|2026.05.27 11:20:52] [ZenConfig] Loading file: $profile:Zenarchist\Skills\ZenSkillsEXP.json
 SCRIPT       : [ZEN|2026.05.27 11:20:52] [ZenConfig] File loaded: ZenSkillsEXP.json version=1.29.1
 SCRIPT       : [ZenZombieDoorsPlugin] :: OnInit
 SCRIPT       : [ZEN|2026.05.27 11:20:52] [ZenModCore] MissionBase()
 SCRIPT       : [ZenModCore] Listing CfgMods:
 SCRIPT       : #ifdef defaultAction
 SCRIPT       : #ifdef DayZ
 SCRIPT       : #ifdef BF_Define
 SCRIPT       : #ifdef DZ_Expansion_AI_Preload
 SCRIPT       : #ifdef DZ_Expansion_BaseBuilding_Preload
 SCRIPT       : #ifdef DZ_Expansion_Book_Preload
 SCRIPT       : #ifdef DZ_Expansion_Chat_Preload
 SCRIPT       : #ifdef DZ_Expansion_Core_Preload
 SCRIPT       : #ifdef DZ_Expansion_Garage_Preload
 SCRIPT       : #ifdef DZ_Expansion_Groups_Preload
 SCRIPT       : #ifdef DZ_Expansion_Hardline_Preload
 SCRIPT       : #ifdef DZ_Expansion_KillFeed_Preload
 SCRIPT       : #ifdef DZ_Expansion_MapAssets_Preload
 SCRIPT       : #ifdef DZ_Expansion_Market_Preload
 SCRIPT       : #ifdef DZ_Expansion_Missions_Preload
 SCRIPT       : #ifdef DZ_Expansion_ModStorage_Preload
 SCRIPT       : #ifdef DZ_Expansion_NameTags_Preload
 SCRIPT       : #ifdef DZ_Expansion_Navigation_Preload
 SCRIPT       : #ifdef DZ_Expansion_P2PMarket_Preload
 SCRIPT       : #ifdef DZ_Expansion_PersonalStorage_Preload
 SCRIPT       : #ifdef DZ_Expansion_Preload
 SCRIPT       : #ifdef DZ_Expansion_Quests_Preload
 SCRIPT       : #ifdef DZ_Expansion_SpawnSelection_Preload
 SCRIPT       : #ifdef DZ_Expansion_Vehicles_Preload
 SCRIPT       : #ifdef DZ_Expansion_Weapons_Preload
 SCRIPT       : #ifdef ALV_Better_Beards
 SCRIPT       : #ifdef BVP_DoorPeek
 SCRIPT       : #ifdef DabsFramework
 SCRIPT       : #ifdef DZ_Expansion_DefineTest
 SCRIPT       : #ifdef DZ_Expansion_MapAssets
 SCRIPT       : #ifdef sakhal
 SCRIPT       : #ifdef EditorLoader
 SCRIPT       : #ifdef JM_CommunityFramework
 SCRIPT       : #ifdef TTC_Optics
 SCRIPT       : #ifdef TTC_Pistols
 SCRIPT       : #ifdef TTC_Rifles
 SCRIPT       : #ifdef TTC_Shotguns
 SCRIPT       : #ifdef TTC_SMG
 SCRIPT       : #ifdef AVPPAdminTools
 SCRIPT       : #ifdef WindstrideClothing
 SCRIPT       : #ifdef ZenLazyAction
 SCRIPT       : #ifdef ZenModCore
 SCRIPT       : #ifdef ZenRepairWells
 SCRIPT       : #ifdef ZenSkills
 SCRIPT       : #ifdef ZenSleep
 SCRIPT       : #ifdef DZ_Expansion_ModStorage
 SCRIPT       : #ifdef earlywinter_scripts
 SCRIPT       : #ifdef ZenZombieDoors
 SCRIPT       : #ifdef BuildingFortifications
 SCRIPT       : #ifdef DZ_Expansion_Core
 SCRIPT       : #ifdef DZ_Expansion_Garage
 SCRIPT       : #ifdef DZ_Expansion_Groups
 SCRIPT       : #ifdef DZ_Expansion_Market
 SCRIPT       : #ifdef DZ_Expansion_Missions
 SCRIPT       : #ifdef DZ_Expansion_NameTags
 SCRIPT       : #ifdef DZ_Expansion_Navigation
 SCRIPT       : #ifdef DZ_Expansion_NotificationScheduler
 SCRIPT       : #ifdef DZ_Expansion_P2PMarket
 SCRIPT       : #ifdef DZ_Expansion_PersonalStorage
 SCRIPT       : #ifdef DZ_Expansion_PersonalStorageNew
 SCRIPT       : #ifdef DZ_Expansion_PlayerList
 SCRIPT       : #ifdef DZ_Expansion
 SCRIPT       : #ifdef DZ_Expansion_SpawnSelection
 SCRIPT       : #ifdef DZ_Expansion_VanillaFixes
 SCRIPT       : #ifdef DZ_Expansion_Vehicles
 SCRIPT       : #ifdef DZ_Expansion_Weapons
 SCRIPT       : #ifdef Furniture
 SCRIPT       : #ifdef KnockKnockZombies
 SCRIPT       : #ifdef QDLY_Melee_Weapons
 SCRIPT       : #ifdef ACO_Core
 SCRIPT       : #ifdef ACO_Headgear
 SCRIPT       : #ifdef ACO_Lower
 SCRIPT       : #ifdef ACO_Other
 SCRIPT       : #ifdef ACO_Upper
 SCRIPT       : #ifdef DZ_Expansion_AI
 SCRIPT       : #ifdef DZ_Expansion_BaseBuilding
 SCRIPT       : #ifdef DZ_Expansion_Book
 SCRIPT       : #ifdef DZ_Expansion_Chat
 SCRIPT       : #ifdef DZ_Expansion_Hardline
 SCRIPT       : #ifdef DZ_Expansion_Quests
 SCRIPT       : #ifdef DZ_Expansion_VirtualContainerStorage
 SCRIPT       : 11:20:52.746 [EXPANSION DEBUG]: [ExpansionCoreSettings] Load existing setting file:$profile:ExpansionMod\Settings\CoreSettings.json
 SCRIPT       : 11:20:52.757 [EXPANSION DEBUG]: [ExpansionLogSettings] Load existing setting file:$profile:ExpansionMod\Settings\LogsSettings.json
 SCRIPT       : 11:20:52.782 [EXPANSION DEBUG]: [ExpansionNotificationSettings] Load existing setting file:$profile:ExpansionMod\Settings\NotificationSettings.json
 SCRIPT       : 11:20:52.797 [EXPANSION DEBUG]: [ExpansionMonitoringSettings] Load existing setting file:$profile:ExpansionMod\Settings\MonitoringSettings.json
 SCRIPT       : 11:20:52.807 [EXPANSION DEBUG]: [ExpansionDamageSystemSettings] Load existing setting file:$profile:ExpansionMod\Settings\DamageSystemSettings.json
 SCRIPT       : 11:20:52.832 [EXPANSION DEBUG]: [ExpansionPartySettings] Load existing setting file:$profile:ExpansionMod\Settings\PartySettings.json
 SCRIPT       : 11:20:52.844 [EXPANSION DEBUG]: [ExpansionHardlineSettings] Load existing setting file:$mission:expansion\settings\HardlineSettings.json
 SCRIPT       : 11:20:52.879 [EXPANSION DEBUG]: [ExpansionMarketSettings] Load existing setting file:$mission:expansion\settings\MarketSettings.json
 SCRIPT       : ExpansionMarketSettings::LoadCategories - Adding category ID 1 (Exchange)
 SCRIPT       : ExpansionMarketSettings::LoadCategories - Adding category ID 2 (Ammo)
 SCRIPT       : ExpansionMarketSettings::LoadCategories - Adding category ID 3 (Ammo_Boxes)
 SCRIPT       : ExpansionMarketSettings::LoadCategories - Adding category ID 4 (Armbands)
 SCRIPT       : ExpansionMarketSettings::LoadCategories - Adding category ID 5 (Assault_Rifles)
 SCRIPT       : ExpansionMarketSettings::LoadCategories - Adding category ID 6 (Backpacks)
 SCRIPT       : ExpansionMarketSettings::LoadCategories - Adding category ID 7 (Bandanas)
 SCRIPT       : ExpansionMarketSettings::LoadCategories - Adding category ID 8 (Batteries)
 SCRIPT       : ExpansionMarketSettings::LoadCategories - Adding category ID 9 (Belts)
 SCRIPT       : ExpansionMarketSettings::LoadCategories - Adding category ID 10 (Blouses_And_Suits)
 SCRIPT       : ExpansionMarketSettings::LoadCategories - Adding category ID 11 (Boats)
 SCRIPT       : ExpansionMarketSettings::LoadCategories - Adding category ID 12 (Boots_And_Shoes)
 SCRIPT       : ExpansionMarketSettings::LoadCategories - Adding category ID 13 (Buttstocks)
 SCRIPT       : ExpansionMarketSettings::LoadCategories - Adding category ID 14 (Caps)
 SCRIPT       : ExpansionMarketSettings::LoadCategories - Adding category ID 15 (Cars)
 SCRIPT       : ExpansionMarketSettings::LoadCategories - Adding category ID 16 (Coats_And_Jackets)
 SCRIPT       : ExpansionMarketSettings::LoadCategories - Adding category ID 17 (Containers)
 SCRIPT       : ExpansionMarketSettings::LoadCategories - Adding category ID 18 (Drinks)
 SCRIPT       : ExpansionMarketSettings::LoadCategories - Adding category ID 19 (Electronics)
 SCRIPT       : ExpansionMarketSettings::LoadCategories - Adding category ID 20 (Submachine_Guns)
 SCRIPT       : ExpansionMarketSettings::LoadCategories - Adding category ID 21 (Explosives_And_Grenades)
 SCRIPT       : ExpansionMarketSettings::LoadCategories - Adding category ID 22 (Eyewear)
 SCRIPT       : ExpansionMarketSettings::LoadCategories - Adding category ID 23 (Fish)
 SCRIPT       : ExpansionMarketSettings::LoadCategories - Adding category ID 24 (Fishing)
 SCRIPT       : ExpansionMarketSettings::LoadCategories - Adding category ID 25 (Food)
 SCRIPT       : ExpansionMarketSettings::LoadCategories - Adding category ID 26 (Gardening)
 SCRIPT       : ExpansionMarketSettings::LoadCategories - Adding category ID 27 (Ghillies)
 SCRIPT       : ExpansionMarketSettings::LoadCategories - Adding category ID 28 (Gloves)
 SCRIPT       : ExpansionMarketSettings::LoadCategories - Adding category ID 29 (Handguards)
 SCRIPT       : ExpansionMarketSettings::LoadCategories - Adding category ID 30 (Hats_And_Hoods)
 SCRIPT       : ExpansionMarketSettings::LoadCategories - Adding category ID 31 (Holsters_And_Pouches)
 SCRIPT       : ExpansionMarketSettings::LoadCategories - Adding category ID 32 (Helicopters)
 SCRIPT       : ExpansionMarketSettings::LoadCategories - Adding category ID 33 (Helmets)
 SCRIPT       : ExpansionMarketSettings::LoadCategories - Adding category ID 34 (Kits)
 SCRIPT       : ExpansionMarketSettings::LoadCategories - Adding category ID 35 (Knifes)
 SCRIPT       : ExpansionMarketSettings::LoadCategories - Adding category ID 36 (Launchers)
 SCRIPT       : ExpansionMarketSettings::LoadCategories - Adding category ID 37 (Lights)
 SCRIPT       : ExpansionMarketSettings::LoadCategories - Adding category ID 38 (Liquids)
 SCRIPT       : ExpansionMarketSettings::LoadCategories - Adding category ID 39 (Locks)
 SCRIPT       : ExpansionMarketSettings::LoadCategories - Adding category ID 40 (Magazines)
 SCRIPT       : ExpansionMarketSettings::LoadCategories - Adding category ID 41 (Masks)
 SCRIPT       : ExpansionMarketSettings::LoadCategories - Adding category ID 42 (Meat)
 SCRIPT       : ExpansionMarketSettings::LoadCategories - Adding category ID 43 (Medical)
 SCRIPT       : ExpansionMarketSettings::LoadCategories - Adding category ID 44 (Melee_Weapons)
 SCRIPT       : ExpansionMarketSettings::LoadCategories - Adding category ID 45 (Muzzles)
 SCRIPT       : ExpansionMarketSettings::LoadCategories - Adding category ID 46 (Navigation)
 SCRIPT       : ExpansionMarketSettings::LoadCategories - Adding category ID 47 (Optics)
 SCRIPT       : ExpansionMarketSettings::LoadCategories - Adding category ID 48 (Pants_And_Shorts)
 SCRIPT       : ExpansionMarketSettings::LoadCategories - Adding category ID 49 (Pistols)
 SCRIPT       : ExpansionMarketSettings::LoadCategories - Adding category ID 50 (Rifles)
 SCRIPT       : ExpansionMarketSettings::LoadCategories - Adding category ID 51 (Shirts_And_TShirts)
 SCRIPT       : ExpansionMarketSettings::LoadCategories - Adding category ID 52 (Shotguns)
 SCRIPT       : ExpansionMarketSettings::LoadCategories - Adding category ID 53 (Skirts_And_Dresses)
 SCRIPT       : ExpansionMarketSettings::LoadCategories - Adding category ID 54 (Sniper_Rifles)
 SCRIPT       : ExpansionMarketSettings::LoadCategories - Adding category ID 55 (Supplies)
 SCRIPT       : ExpansionMarketSettings::LoadCategories - Adding category ID 56 (Sweaters_And_Hoodies)
 SCRIPT       : ExpansionMarketSettings::LoadCategories - Adding category ID 57 (Tents)
 SCRIPT       : ExpansionMarketSettings::LoadCategories - Adding category ID 58 (Tools)
 SCRIPT       : ExpansionMarketSettings::LoadCategories - Adding category ID 59 (Fruit_And_Vegetables)
 SCRIPT       : ExpansionMarketSettings::LoadCategories - Adding category ID 60 (Vehicle_Parts)
 SCRIPT       : ExpansionMarketSettings::LoadCategories - Adding category ID 61 (Vests)
 SCRIPT       : ExpansionMarketSettings::LoadCategories - Adding category ID 62 (Crossbows)
 SCRIPT       : ExpansionMarketSettings::LoadCategories - Adding category ID 63 (Event)
 SCRIPT       : ExpansionMarketSettings::LoadCategories - Adding category ID 64 (Spraycans)
 SCRIPT       : ExpansionMarketSettings::LoadCategories - Adding category ID 65 (Flags)
 SCRIPT       : ExpansionMarketSettings::LoadCategories - Adding category ID 66 (Bayonets)
 SCRIPT       : ExpansionMarketSettings::LoadCategories - Adding category ID 67 (Furnishings)
 SCRIPT       : 11:20:54.300 [EXPANSION DEBUG]: [ExpansionAirdropSettings] Load existing setting file:$profile:ExpansionMod\Settings\AirdropSettings.json
 SCRIPT       : 11:20:54.365 [EXPANSION DEBUG]: [ExpansionMissionSettings] Load existing setting file:$profile:ExpansionMod\Settings\MissionSettings.json
 SCRIPT       : 11:20:54.373 [EXPANSION DEBUG]: [ExpansionMapSettings] Load existing setting file:$mission:expansion\settings\MapSettings.json
 SCRIPT       : 11:20:54.414 [EXPANSION DEBUG]: [ExpansionPersonalStorageNewSettings] Load existing setting file:$profile:ExpansionMod\Settings\PersonalStorageNewSettings.json
 SCRIPT       : 11:20:54.417 [EXPANSION DEBUG]: [ExpansionGeneralSettings] Load existing setting file:$profile:ExpansionMod\Settings\GeneralSettings.json
 SCRIPT       : 11:20:54.422 [EXPANSION DEBUG]: [ExpansionPlayerListSettings] Load existing setting file:$profile:ExpansionMod\Settings\PlayerListSettings.json
 SCRIPT       : 11:20:54.425 [EXPANSION DEBUG]: [ExpansionSocialMediaSettings] Load existing setting file:$profile:ExpansionMod\Settings\SocialMediaSettings.json
 SCRIPT       : 11:20:54.430 [EXPANSION DEBUG]: [ExpansionSpawnSettings] Load existing setting file:$mission:expansion\settings\SpawnSettings.json
 SCRIPT       : 11:20:54.439 [EXPANSION DEBUG]: [ExpansionVehicleSettings] Load existing setting file:$profile:ExpansionMod\Settings\VehicleSettings.json
 SCRIPT       : 11:20:54.445 [EXPANSION DEBUG]: ExpansionAILocationSettings<0x000002E4AE9F0BF0> Load existing setting file:$mission:expansion\settings\AILocationSettings.json
 SCRIPT       : 11:20:54.722 [EXPANSION DEBUG]: [ExpansionAISettings] Load existing setting file:$profile:ExpansionMod\Settings\AISettings.json
 SCRIPT       : 11:20:54.727 [EXPANSION DEBUG]: [ExpansionAIPatrolSettings] Load existing setting file:$mission:expansion\settings\AIPatrolSettings.json
 SCRIPT       : 11:20:54.852 [EXPANSION DEBUG]: [ExpansionBaseBuildingSettings] Load existing setting file:$mission:expansion\settings\BaseBuildingSettings.json
 SCRIPT       : 11:20:54.860 [EXPANSION DEBUG]: [ExpansionRaidSettings] Load existing setting file:$profile:ExpansionMod\Settings\RaidSettings.json
 SCRIPT       : 11:20:54.864 [EXPANSION DEBUG]: [ExpansionTerritorySettings] Load existing setting file:$profile:ExpansionMod\Settings\TerritorySettings.json
 SCRIPT       : 11:20:54.889 [EXPANSION DEBUG]: [ExpansionChatSettings] Load existing setting file:$profile:ExpansionMod\Settings\ChatSettings.json
 SCRIPT       : Expansion version: 1.9.67
 SCRIPT       : [DefineTest] EXPANSIONMOD is defined
 SCRIPT       : [DefineTest] EXPANSIONMODAI is defined
 SCRIPT       : [DefineTest] EXPANSIONMODBASEBUILDING is defined
 SCRIPT       : [DefineTest] EXPANSIONMODBOOK is defined
 SCRIPT       : [DefineTest] EXPANSIONMODCHAT is defined
 SCRIPT       : [DefineTest] EXPANSIONMODCORE is defined
 SCRIPT       : [DefineTest] EXPANSIONMODGARAGE is defined
 SCRIPT       : [DefineTest] EXPANSIONMODGROUPS is defined
 SCRIPT       : [DefineTest] EXPANSIONMODHARDLINE is defined
 SCRIPT       : [DefineTest] EXPANSIONMODKILLFEED is defined
 SCRIPT       : [DefineTest] EXPANSIONMODMAPASSETS is defined
 SCRIPT       : [DefineTest] EXPANSIONMODMARKET is defined
 SCRIPT       : [DefineTest] EXPANSIONMODMISSIONS is defined
 SCRIPT       : [DefineTest] EXPANSIONMODNAMETAGS is defined
 SCRIPT       : [DefineTest] EXPANSIONMODNAVIGATION is defined
 SCRIPT       : [DefineTest] EXPANSIONMODP2PMARKET is defined
 SCRIPT       : [DefineTest] EXPANSIONMODPERSONALSTORAGE is defined
 SCRIPT       : [DefineTest] EXPANSIONMODQUESTS is defined
 SCRIPT       : [DefineTest] EXPANSIONMODSPAWNSELECTION is defined
 SCRIPT       : [DefineTest] EXPANSIONMODVEHICLE is defined
 SCRIPT       : [DefineTest] EXPANSIONMODWEAPONS is defined
 SCRIPT       : [DefineTest] CfgMods:
 SCRIPT       : defaultAction
 SCRIPT       : DayZ
 SCRIPT       : BF_Define
 SCRIPT       : DZ_Expansion_AI_Preload
 SCRIPT       : DZ_Expansion_BaseBuilding_Preload
 SCRIPT       : DZ_Expansion_Book_Preload
 SCRIPT       : DZ_Expansion_Chat_Preload
 SCRIPT       : DZ_Expansion_Core_Preload
 SCRIPT       : DZ_Expansion_Garage_Preload
 SCRIPT       : DZ_Expansion_Groups_Preload
 SCRIPT       : DZ_Expansion_Hardline_Preload
 SCRIPT       : DZ_Expansion_KillFeed_Preload
 SCRIPT       : DZ_Expansion_MapAssets_Preload
 SCRIPT       : DZ_Expansion_Market_Preload
 SCRIPT       : DZ_Expansion_Missions_Preload
 SCRIPT       : DZ_Expansion_ModStorage_Preload
 SCRIPT       : DZ_Expansion_NameTags_Preload
 SCRIPT       : DZ_Expansion_Navigation_Preload
 SCRIPT       : DZ_Expansion_P2PMarket_Preload
 SCRIPT       : DZ_Expansion_PersonalStorage_Preload
 SCRIPT       : DZ_Expansion_Preload
 SCRIPT       : DZ_Expansion_Quests_Preload
 SCRIPT       : DZ_Expansion_SpawnSelection_Preload
 SCRIPT       : DZ_Expansion_Vehicles_Preload
 SCRIPT       : DZ_Expansion_Weapons_Preload
 SCRIPT       : ALV_Better_Beards
 SCRIPT       : BVP_DoorPeek
 SCRIPT       : DabsFramework
 SCRIPT       : DZ_Expansion_DefineTest
 SCRIPT       : DZ_Expansion_MapAssets
 SCRIPT       : sakhal
 SCRIPT       : EditorLoader
 SCRIPT       : JM_CommunityFramework
 SCRIPT       : TTC_Optics
 SCRIPT       : TTC_Pistols
 SCRIPT       : TTC_Rifles
 SCRIPT       : TTC_Shotguns
 SCRIPT       : TTC_SMG
 SCRIPT       : AVPPAdminTools
 SCRIPT       : WindstrideClothing
 SCRIPT       : ZenLazyAction
 SCRIPT       : ZenModCore
 SCRIPT       : ZenRepairWells
 SCRIPT       : ZenSkills
 SCRIPT       : ZenSleep
 SCRIPT       : DZ_Expansion_ModStorage
 SCRIPT       : earlywinter_scripts
 SCRIPT       : ZenZombieDoors
 SCRIPT       : BuildingFortifications
 SCRIPT       : DZ_Expansion_Core
 SCRIPT       : DZ_Expansion_Garage
 SCRIPT       : DZ_Expansion_Groups
 SCRIPT       : DZ_Expansion_Market
 SCRIPT       : DZ_Expansion_Missions
 SCRIPT       : DZ_Expansion_NameTags
 SCRIPT       : DZ_Expansion_Navigation
 SCRIPT       : DZ_Expansion_NotificationScheduler
 SCRIPT       : DZ_Expansion_P2PMarket
 SCRIPT       : DZ_Expansion_PersonalStorage
 SCRIPT       : DZ_Expansion_PersonalStorageNew
 SCRIPT       : DZ_Expansion_PlayerList
 SCRIPT       : DZ_Expansion
 SCRIPT       : DZ_Expansion_SpawnSelection
 SCRIPT       : DZ_Expansion_VanillaFixes
 SCRIPT       : DZ_Expansion_Vehicles
 SCRIPT       : DZ_Expansion_Weapons
 SCRIPT       : Furniture
 SCRIPT       : KnockKnockZombies
 SCRIPT       : QDLY_Melee_Weapons
 SCRIPT       : ACO_Core
 SCRIPT       : ACO_Headgear
 SCRIPT       : ACO_Lower
 SCRIPT       : ACO_Other
 SCRIPT       : ACO_Upper
 SCRIPT       : DZ_Expansion_AI
 SCRIPT       : DZ_Expansion_BaseBuilding
 SCRIPT       : DZ_Expansion_Book
 SCRIPT       : DZ_Expansion_Chat
 SCRIPT       : DZ_Expansion_Hardline
 SCRIPT       : DZ_Expansion_Quests
 SCRIPT       : DZ_Expansion_VirtualContainerStorage
 SCRIPT       : [ZEN|2026.05.27 11:20:54] [ZenObjectHookSpawner] Init.
 SCRIPT       : [ZEN|2026.05.27 11:21:02] [ZenModCore] OnInit.
 SCRIPT       : [ZEN|2026.05.27 11:21:02] MissionBase::OnInit
 SCRIPT       : [ZEN|2026.05.27 11:21:02] [ZenModCore] Server session count: 11
 SCRIPT       : [ZEN|2026.05.27 11:21:02] [ZenModCore::ZenConfigRegister] Registering ZenConfigRegister RPCs.
 SCRIPT       : [ZEN|2026.05.27 11:21:02] [ZenConfig] Loading config files for map: chernarusplus
 SCRIPT       : [ZEN|2026.05.27 11:21:02] [ZenConfig] Loading file: $profile:Zenarchist\Core\ZenCoreConfig.json
 SCRIPT       : [ZEN|2026.05.27 11:21:02] [ZenConfig] File loaded: ZenCoreConfig.json version=1.29.3
 SCRIPT       : [ZEN|2026.05.27 11:21:02] [ZenConfig] Loading file: $profile:Zenarchist\Skills\DB\\ZenSkillsHighscoresDB.json
 SCRIPT       : [ZEN|2026.05.27 11:21:02] [ZenConfig] File loaded: ZenSkillsHighscoresDB.json version=1.29.1
 SCRIPT       : [ZEN|2026.05.27 11:21:02] [ZenConfig] Loading file: $profile:Zenarchist\ZenSleepConfig.json
 SCRIPT       : [ZEN|2026.05.27 11:21:02] [ZenConfig] File loaded: ZenSleepConfig.json version=1.29.1
 SCRIPT       : [ZEN|2026.05.27 11:21:02] [ZenConfig] Loading file: $profile:Zenarchist\ZenZombieDoorsConfig.json
 SCRIPT       : [ZEN|2026.05.27 11:21:02] [ZenConfig] File loaded: ZenZombieDoorsConfig.json version=1.29.1
 SCRIPT       : [ZEN|2026.05.27 11:21:02] [ZenAdminCommandHandler] Init RPCs.
 SCRIPT       : [ZEN|2026.05.27 11:21:02] Server session count: 11
 SCRIPT       : [MissionServer] OnInit - Server
 SCRIPT       : [ZenWellsConfig] Init
 SCRIPT       : [ZenRepairWells] OnInit - Loaded config successfully.
 SCRIPT       : [ZenSkills] MissionServer::OnInit
 SCRIPT       : [BuildingFortificationsConfig] Create Building Fortifications configuration instance..
 SCRIPT       : [BuildingFortificationsConfig] Loading existing Building Fortifications configuration file..
 SCRIPT       : [BuildingFortificationsConfig] Load existing Building Fortifications configuration file..
 SCRIPT       : [AYSA] [KNOCK KNOCK ZOMBIES] 
 SCRIPT       : [AYSA] ----- Loading cfg -----
 SCRIPT       : [AYSA] --------------
 SCRIPT       : [AYSA] [KNOCK KNOCK ZOMBIES] enabled
 SCRIPT       : [AYSA] --------------
 SCRIPT       : [ZEN|2026.05.27 11:21:02] MissionBase::OnMissionStart
 SCRIPT       : [BVP] Doors Config Loaded
 SCRIPT       : 11:21:06.546 [EXPANSION DEBUG]: LoadMissionTradersFile trader ExpansionTraderStaticBase<0x000002E4C412BFC0> ExpansionExchang fileName Exchange
 SCRIPT       : 11:21:06.569 [ERROR] :: MARKET CONFIGURATION ERROR: Trader does not exist: Exchange
 SCRIPT       : 11:21:10.961 [EXPANSION DEBUG]: LoadMissionTradersFile trader ExpansionTraderDenis<0x000002E4C43B1220> ExpansionTraderDenis: fileName Clothing
 SCRIPT       : 11:21:10.961 [EXPANSION DEBUG]: ExpansionTraderDenis<0x000002E4C43B1220> ExpansionTraderDenis:::SetTraderObject ExpansionTraderObjectBase<0x000002E5600C0AE0> <3688.447021, 401.872986, 5979.035156>
 SCRIPT       : 11:21:11.034 [EXPANSION DEBUG]: LoadMissionTradersFile trader ExpansionTraderMaria<0x000002E4C6836090> ExpansionTraderMaria: fileName Clothing_Accessories
 SCRIPT       : 11:21:11.035 [EXPANSION DEBUG]: ExpansionTraderMaria<0x000002E4C6836090> ExpansionTraderMaria:::SetTraderObject ExpansionTraderObjectBase<0x000002E5603538F0> <3685.804932, 401.872986, 5981.424805>
 SCRIPT       : 11:21:11.075 [EXPANSION DEBUG]: LoadMissionTradersFile trader ExpansionTraderQuinn<0x000002E538CCA020> ExpansionTraderQuinn: fileName Consumables
 SCRIPT       : 11:21:11.075 [EXPANSION DEBUG]: ExpansionTraderQuinn<0x000002E538CCA020> ExpansionTraderQuinn:::SetTraderObject ExpansionTraderObjectBase<0x000002E5604D8FB0> <3705.351074, 401.942993, 5974.619141>
 SCRIPT       : 11:21:11.129 [EXPANSION DEBUG]: LoadMissionTradersFile trader ExpansionTraderNaomi<0x000002E55F9FF770> ExpansionTraderNaomi: fileName Weapons
 SCRIPT       : 11:21:11.129 [EXPANSION DEBUG]: ExpansionTraderNaomi<0x000002E55F9FF770> ExpansionTraderNaomi:::SetTraderObject ExpansionTraderObjectBase<0x000002E5606EAA50> <3694.393066, 401.880005, 5977.171875>
 SCRIPT       : 11:21:11.177 [EXPANSION DEBUG]: LoadMissionTradersFile trader ExpansionTraderSeth<0x000002E55F9F5540> ExpansionTraderSeth:37 fileName Attachments
 SCRIPT       : 11:21:11.177 [EXPANSION DEBUG]: ExpansionTraderSeth<0x000002E55F9F5540> ExpansionTraderSeth:37::SetTraderObject ExpansionTraderObjectBase<0x000002E5608C0B00> <3694.135986, 402.023987, 5973.784180>
 SCRIPT       : 11:21:11.225 [EXPANSION DEBUG]: LoadMissionTradersFile trader ExpansionTraderRolf<0x000002E55FA02D80> ExpansionTraderRolf:37 fileName Vehicles
 SCRIPT       : 11:21:11.226 [EXPANSION DEBUG]: ExpansionTraderRolf<0x000002E55FA02D80> ExpansionTraderRolf:37::SetTraderObject ExpansionTraderObjectBase<0x000002E56A455D20> <3752.118896, 402.907013, 5993.716797>
 SCRIPT       : 11:21:11.271 [EXPANSION DEBUG]: LoadMissionTradersFile trader ExpansionTraderIndar<0x000002E55F9EB310> ExpansionTraderIndar: fileName Components
 SCRIPT       : 11:21:11.271 [EXPANSION DEBUG]: ExpansionTraderIndar<0x000002E55F9EB310> ExpansionTraderIndar:::SetTraderObject ExpansionTraderObjectBase<0x000002E56A45CBC0> <3705.658936, 401.880005, 5986.731934>
 SCRIPT       : 11:21:11.305 [EXPANSION DEBUG]: LoadMissionTradersFile trader ExpansionTraderJudy<0x000002E55F9F8B50> ExpansionTraderJudy:37 fileName Medicals
 SCRIPT       : 11:21:11.305 [EXPANSION DEBUG]: ExpansionTraderJudy<0x000002E55F9F8B50> ExpansionTraderJudy:37::SetTraderObject ExpansionTraderObjectBase<0x000002E56A5E1AE0> <3703.028076, 401.876007, 5980.686035>
 SCRIPT       : 11:21:11.313 [EXPANSION DEBUG]: LoadMissionTradersFile trader ExpansionTraderNaomi<0x000002E56A6AD4D0> ExpansionTraderNaomi: fileName Vehicle_Parts
 SCRIPT       : 11:21:11.313 [EXPANSION DEBUG]: ExpansionTraderNaomi<0x000002E56A6AD4D0> ExpansionTraderNaomi:::SetTraderObject ExpansionTraderObjectBase<0x000002E56A5E4B40> <3719.777100, 401.264008, 6008.973145>
 SCRIPT       : 11:21:11.345 [EXPANSION DEBUG]: LoadMissionTradersFile trader ExpansionTraderJose<0x000002E56A6B0AE0> ExpansionTraderJose:38 fileName Spraycans
 SCRIPT       : 11:21:11.345 [EXPANSION DEBUG]: ExpansionTraderJose<0x000002E56A6B0AE0> ExpansionTraderJose:38::SetTraderObject ExpansionTraderObjectBase<0x000002E4C45FB6C0> <3733.934082, 402.404999, 6018.082031>
 SCRIPT       : 11:21:11.374 [EXPANSION DEBUG]: LoadMissionTradersFile trader ExpansionTraderLinda<0x000002E56A69FC90> ExpansionTraderLinda: fileName Special
 SCRIPT       : 11:21:11.374 [EXPANSION DEBUG]: ExpansionTraderLinda<0x000002E56A69FC90> ExpansionTraderLinda:::SetTraderObject ExpansionTraderObjectBase<0x000002E56A92F110> <3736.435059, 402.381012, 6022.344238>
 SCRIPT       : 11:21:11.405 [EXPANSION DEBUG]: LoadMissionTradersFile trader ExpansionTraderNiki<0x000002E56A6A32A0> ExpansionTraderNiki:38 fileName BuildingSupplies
 SCRIPT       : 11:21:11.405 [EXPANSION DEBUG]: ExpansionTraderNiki<0x000002E56A6A32A0> ExpansionTraderNiki:38::SetTraderObject ExpansionTraderObjectBase<0x000002E56AA43BA0> <3742.210938, 402.346008, 6015.333984>
 SCRIPT       : [ExpansionQuestPersistentServerData] Load existing configuration file:$profile:ExpansionMod\Quests\PersistentServerData.json
 SCRIPT       : [ExpansionQuestPersistentServerData] Load existing configuration file:$profile:ExpansionMod\Quests\PersistentServerData.json
 SCRIPT       : [ExpansionQuestObjectiveTravelConfig] Load existing configuration file:$profile:ExpansionMod\Quests\Objectives\Travel\1-Travel-Canabal-1.json
 SCRIPT       : [ExpansionQuestObjectiveTravelConfig] Load existing configuration file:$profile:ExpansionMod\Quests\Objectives\Travel\10-Travel-HammerTime.json
 SCRIPT       : [ExpansionQuestObjectiveTravelConfig] Load existing configuration file:$profile:ExpansionMod\Quests\Objectives\Travel\2-Travel-Canabal-2.json
 SCRIPT       : [ExpansionQuestObjectiveTravelConfig] Load existing configuration file:$profile:ExpansionMod\Quests\Objectives\Travel\3-Travel-SafeZone.json
 SCRIPT       : [ExpansionQuestObjectiveTravelConfig] Load existing configuration file:$profile:ExpansionMod\Quests\Objectives\Travel\5-Travel-Police_5.json
 SCRIPT       : [ExpansionQuestObjectiveTravelConfig] Load existing configuration file:$profile:ExpansionMod\Quests\Objectives\Travel\6-Travel-SwampBandits_6.json
 SCRIPT       : [ExpansionQuestObjectiveTravelConfig] Load existing configuration file:$profile:ExpansionMod\Quests\Objectives\Travel\60-Travel-BelayaPoyana.json
 SCRIPT       : [ExpansionQuestObjectiveTravelConfig] Load existing configuration file:$profile:ExpansionMod\Quests\Objectives\Travel\7-Travel-Skalisty.json
 SCRIPT       : [ExpansionQuestObjectiveTravelConfig] Load existing configuration file:$profile:ExpansionMod\Quests\Objectives\Travel\70-Travel-Medical_Ambulance.json
 SCRIPT       : [ExpansionQuestObjectiveTravelConfig] Load existing configuration file:$profile:ExpansionMod\Quests\Objectives\Travel\71-Travel-School_Ambush.json
 SCRIPT       : [ExpansionQuestObjectiveTravelConfig] Load existing configuration file:$profile:ExpansionMod\Quests\Objectives\Travel\72-Travel-Lost_in_The_Sea.json
 SCRIPT       : [ExpansionQuestObjectiveTravelConfig] Load existing configuration file:$profile:ExpansionMod\Quests\Objectives\Travel\73-Travel-The_Lost_Survivor.json
 SCRIPT       : [ExpansionQuestObjectiveTravelConfig] Load existing configuration file:$profile:ExpansionMod\Quests\Objectives\Travel\74-Travel-PilotCrash.json
 SCRIPT       : [ExpansionQuestObjectiveTravelConfig] Load existing configuration file:$profile:ExpansionMod\Quests\Objectives\Travel\75-Travel-PilotCrash_1.json
 SCRIPT       : [ExpansionQuestObjectiveTravelConfig] Load existing configuration file:$profile:ExpansionMod\Quests\Objectives\Travel\76-Travel-PilotCrash_2.json
 SCRIPT       : [ExpansionQuestObjectiveTravelConfig] Load existing configuration file:$profile:ExpansionMod\Quests\Objectives\Travel\77-Travel-Medical_Ambulance_3.json
 SCRIPT       : [ExpansionQuestObjectiveTravelConfig] Load existing configuration file:$profile:ExpansionMod\Quests\Objectives\Travel\78-Travel-Medical_Ambulance_Speak_With_Doctor.json
 SCRIPT       : [ExpansionQuestObjectiveTravelConfig] Load existing configuration file:$profile:ExpansionMod\Quests\Objectives\Travel\79-Travel-Medical_Ambulance_2.json
 SCRIPT       : [ExpansionQuestObjectiveTravelConfig] Load existing configuration file:$profile:ExpansionMod\Quests\Objectives\Travel\8-Travel-T_8.json
 SCRIPT       : [ExpansionQuestObjectiveTravelConfig] Load existing configuration file:$profile:ExpansionMod\Quests\Objectives\Travel\9-Travel-PowerPlant_9.json
 SCRIPT       : [ExpansionQuestObjectiveTargetConfig] Load existing configuration file:$profile:ExpansionMod\Quests\Objectives\Target\1-Target-infected-1.json
 SCRIPT       : [ExpansionQuestObjectiveTargetConfig] Load existing configuration file:$profile:ExpansionMod\Quests\Objectives\Target\10-Target-zAnimals-10.json
 SCRIPT       : [ExpansionQuestObjectiveTargetConfig] Load existing configuration file:$profile:ExpansionMod\Quests\Objectives\Target\11-Target-zPatolAi-11.json
 SCRIPT       : [ExpansionQuestObjectiveTargetConfig] Load existing configuration file:$profile:ExpansionMod\Quests\Objectives\Target\12-Target-zPatolAi-12.json
 SCRIPT       : [ExpansionQuestObjectiveTargetConfig] Load existing configuration file:$profile:ExpansionMod\Quests\Objectives\Target\13-Target-zPatolAi-13.json
 SCRIPT       : [ExpansionQuestObjectiveTargetConfig] Load existing configuration file:$profile:ExpansionMod\Quests\Objectives\Target\14-The-Easter-Bunny-14.json
 SCRIPT       : [ExpansionQuestObjectiveTargetConfig] Load existing configuration file:$profile:ExpansionMod\Quests\Objectives\Target\15-Target-zSnakes-15.json
 SCRIPT       : [ExpansionQuestObjectiveTargetConfig] Load existing configuration file:$profile:ExpansionMod\Quests\Objectives\Target\2-Target-infected-2.json
 SCRIPT       : [ExpansionQuestObjectiveTargetConfig] Load existing configuration file:$profile:ExpansionMod\Quests\Objectives\Target\3-Target-infected-3.json
 SCRIPT       : [ExpansionQuestObjectiveTargetConfig] Load existing configuration file:$profile:ExpansionMod\Quests\Objectives\Target\32-Target-PowerPlant.json
 SCRIPT       : [ExpansionQuestObjectiveTargetConfig] Load existing configuration file:$profile:ExpansionMod\Quests\Objectives\Target\4-Target-infected-4.json
 SCRIPT       : [ExpansionQuestObjectiveTargetConfig] Load existing configuration file:$profile:ExpansionMod\Quests\Objectives\Target\5-Target-Mutants-5.json
 SCRIPT       : [ExpansionQuestObjectiveTargetConfig] Load existing configuration file:$profile:ExpansionMod\Quests\Objectives\Target\7-Target-zAnimals-07.json
 SCRIPT       : [ExpansionQuestObjectiveTargetConfig] Load existing configuration file:$profile:ExpansionMod\Quests\Objectives\Target\74-Target-PilotCrash.json
 SCRIPT       : [ExpansionQuestObjectiveTargetConfig] Load existing configuration file:$profile:ExpansionMod\Quests\Objectives\Target\75-Target-PilotCrash_1.json
 SCRIPT       : [ExpansionQuestObjectiveTargetConfig] Load existing configuration file:$profile:ExpansionMod\Quests\Objectives\Target\8-Target-zAnimals-08.json
 SCRIPT       : [ExpansionQuestObjectiveTargetConfig] Load existing configuration file:$profile:ExpansionMod\Quests\Objectives\Target\80-Target-Medical_Ambulance_2.json
 SCRIPT       : [ExpansionQuestObjectiveTargetConfig] Load existing configuration file:$profile:ExpansionMod\Quests\Objectives\Target\81-Target-Medical_Ambulance_3.json
 SCRIPT       : [ExpansionQuestObjectiveTargetConfig] Load existing configuration file:$profile:ExpansionMod\Quests\Objectives\Target\82-Target-FirstBlood.json
 SCRIPT       : [ExpansionQuestObjectiveTargetConfig] Load existing configuration file:$profile:ExpansionMod\Quests\Objectives\Target\83-Target-RealSurvivor.json
 SCRIPT       : [ExpansionQuestObjectiveTargetConfig] Load existing configuration file:$profile:ExpansionMod\Quests\Objectives\Target\84-Target-NoMercy.json
 SCRIPT       : [ExpansionQuestObjectiveTargetConfig] Load existing configuration file:$profile:ExpansionMod\Quests\Objectives\Target\85-Target-FirstKill-eAI.json
 SCRIPT       : [ExpansionQuestObjectiveTargetConfig] Load existing configuration file:$profile:ExpansionMod\Quests\Objectives\Target\86-Target-AIHunter-eAI.json
 SCRIPT       : [ExpansionQuestObjectiveTargetConfig] Load existing configuration file:$profile:ExpansionMod\Quests\Objectives\Target\87-Target-AISlayer-eAI.json
 SCRIPT       : [ExpansionQuestObjectiveTargetConfig] Load existing configuration file:$profile:ExpansionMod\Quests\Objectives\Target\88-Target-FirstWolf.json
 SCRIPT       : [ExpansionQuestObjectiveTargetConfig] Load existing configuration file:$profile:ExpansionMod\Quests\Objectives\Target\89-Target-WolfPack.json
 SCRIPT       : [ExpansionQuestObjectiveTargetConfig] Load existing configuration file:$profile:ExpansionMod\Quests\Objectives\Target\9-Target-Fox-09.json
 SCRIPT       : [ExpansionQuestObjectiveTargetConfig] Load existing configuration file:$profile:ExpansionMod\Quests\Objectives\Target\90-Target-WolfSlayer.json
 SCRIPT       : [ExpansionQuestObjectiveTargetConfig] Load existing configuration file:$profile:ExpansionMod\Quests\Objectives\Target\91-Target-FirstBear.json
 SCRIPT       : [ExpansionQuestObjectiveTargetConfig] Load existing configuration file:$profile:ExpansionMod\Quests\Objectives\Target\92-Target-BearHunter.json
 SCRIPT       : [ExpansionQuestObjectiveTargetConfig] Load existing configuration file:$profile:ExpansionMod\Quests\Objectives\Target\93-Target-BearSlayer.json
 SCRIPT       : [ExpansionQuestObjectiveDeliveryConfig] Load existing configuration file:$profile:ExpansionMod\Quests\Objectives\Delivery\1-Delivery-Steve-1.json
 SCRIPT       : [ExpansionQuestObjectiveDeliveryConfig] Load existing configuration file:$profile:ExpansionMod\Quests\Objectives\Delivery\2-Delivery-Peter-1.json
 SCRIPT       : [ExpansionQuestObjectiveDeliveryConfig] Load existing configuration file:$profile:ExpansionMod\Quests\Objectives\Delivery\5-Delivery-Note.json
 SCRIPT       : [ExpansionQuestObjectiveCollectionConfig] Load existing configuration file:$profile:ExpansionMod\Quests\Objectives\Collection\1-Collection-MetalWire.json
 SCRIPT       : [ExpansionQuestObjectiveCollectionConfig] Load existing configuration file:$profile:ExpansionMod\Quests\Objectives\Collection\10-Repair_Weapon.json
 SCRIPT       : [ExpansionQuestObjectiveCollectionConfig] Load existing configuration file:$profile:ExpansionMod\Quests\Objectives\Collection\12-Repair_Vest911.json
 SCRIPT       : [ExpansionQuestObjectiveCollectionConfig] Load existing configuration file:$profile:ExpansionMod\Quests\Objectives\Collection\13-Repair_ClothesBag912.json
 SCRIPT       : [ExpansionQuestObjectiveCollectionConfig] Load existing configuration file:$profile:ExpansionMod\Quests\Objectives\Collection\14-Medical_Heal913.json
 SCRIPT       : [ExpansionQuestObjectiveCollectionConfig] Load existing configuration file:$profile:ExpansionMod\Quests\Objectives\Collection\15-TP_1.json
 SCRIPT       : [ExpansionQuestObjectiveCollectionConfig] Load existing configuration file:$profile:ExpansionMod\Quests\Objectives\Collection\16-TP_2.json
 SCRIPT       : [ExpansionQuestObjectiveCollectionConfig] Load existing configuration file:$profile:ExpansionMod\Quests\Objectives\Collection\2-Collection-Mackerel.json
 SCRIPT       : [ExpansionQuestObjectiveCollectionConfig] Load existing configuration file:$profile:ExpansionMod\Quests\Objectives\Collection\3-Collection-Reindeer.json
 SCRIPT       : [ExpansionQuestObjectiveCollectionConfig] Load existing configuration file:$profile:ExpansionMod\Quests\Objectives\Collection\4-Collection-BearPelt.json
 SCRIPT       : [ExpansionQuestObjectiveCollectionConfig] Load existing configuration file:$profile:ExpansionMod\Quests\Objectives\Collection\5-Collection-DeerPelt.json
 SCRIPT       : [ExpansionQuestObjectiveCollectionConfig] Load existing configuration file:$profile:ExpansionMod\Quests\Objectives\Collection\6-Collection-Lock.json
 SCRIPT       : [ExpansionQuestObjectiveCollectionConfig] Load existing configuration file:$profile:ExpansionMod\Quests\Objectives\Collection\7-Collection-CrocodileSkin.json
 SCRIPT       : [ExpansionQuestObjectiveCollectionConfig] Load existing configuration file:$profile:ExpansionMod\Quests\Objectives\Collection\8-Fishing-Time.json
 SCRIPT       : [ExpansionQuestObjectiveCollectionConfig] Load existing configuration file:$profile:ExpansionMod\Quests\Objectives\Collection\9-Collection-Rat.json
 SCRIPT       : [ExpansionQuestObjectiveTreasureHuntConfig] Load existing configuration file:$profile:ExpansionMod\Quests\Objectives\TreasureHunt\1-TH_1.json
 SCRIPT       : [ExpansionQuestObjectiveTreasureHuntConfig] Load existing configuration file:$profile:ExpansionMod\Quests\Objectives\TreasureHunt\2-Thief of grave.json
 SCRIPT       : [ExpansionQuestObjectiveTreasureHuntConfig] Load existing configuration file:$profile:ExpansionMod\Quests\Objectives\TreasureHunt\3-Stolen-Ammunition.json
 SCRIPT       : [ExpansionQuestObjectiveActionConfig] Load existing configuration file:$profile:ExpansionMod\Quests\Objectives\Action\1-Medic.json
 SCRIPT       : [ExpansionQuestObjectiveActionConfig] Load existing configuration file:$profile:ExpansionMod\Quests\Objectives\Action\10-Medic.json
 SCRIPT       : [ExpansionQuestObjectiveActionConfig] Load existing configuration file:$profile:ExpansionMod\Quests\Objectives\Action\11-Medic.json
 SCRIPT       : [ExpansionQuestObjectiveActionConfig] Load existing configuration file:$profile:ExpansionMod\Quests\Objectives\Action\12-Medic.json
 SCRIPT       : [ExpansionQuestObjectiveActionConfig] Load existing configuration file:$profile:ExpansionMod\Quests\Objectives\Action\13-Medic.json
 SCRIPT       : [ExpansionQuestObjectiveActionConfig] Load existing configuration file:$profile:ExpansionMod\Quests\Objectives\Action\14-Medic.json
 SCRIPT       : [ExpansionQuestObjectiveActionConfig] Load existing configuration file:$profile:ExpansionMod\Quests\Objectives\Action\15-Medic.json
 SCRIPT       : [ExpansionQuestObjectiveActionConfig] Load existing configuration file:$profile:ExpansionMod\Quests\Objectives\Action\16-Medic.json
 SCRIPT       : [ExpansionQuestObjectiveActionConfig] Load existing configuration file:$profile:ExpansionMod\Quests\Objectives\Action\17-Medic.json
 SCRIPT       : [ExpansionQuestObjectiveActionConfig] Load existing configuration file:$profile:ExpansionMod\Quests\Objectives\Action\18-Horticulture.json
 SCRIPT       : [ExpansionQuestObjectiveActionConfig] Load existing configuration file:$profile:ExpansionMod\Quests\Objectives\Action\19-Horticulture.json
 SCRIPT       : [ExpansionQuestObjectiveActionConfig] Load existing configuration file:$profile:ExpansionMod\Quests\Objectives\Action\2-Medic.json
 SCRIPT       : [ExpansionQuestObjectiveActionConfig] Load existing configuration file:$profile:ExpansionMod\Quests\Objectives\Action\20-Horticulture.json
 SCRIPT       : [ExpansionQuestObjectiveActionConfig] Load existing configuration file:$profile:ExpansionMod\Quests\Objectives\Action\21-Horticulture.json
 SCRIPT       : [ExpansionQuestObjectiveActionConfig] Load existing configuration file:$profile:ExpansionMod\Quests\Objectives\Action\22-Horticulture.json
 SCRIPT       : [ExpansionQuestObjectiveActionConfig] Load existing configuration file:$profile:ExpansionMod\Quests\Objectives\Action\23-Horticulture.json
 SCRIPT       : [ExpansionQuestObjectiveActionConfig] Load existing configuration file:$profile:ExpansionMod\Quests\Objectives\Action\24-Horticulture.json
 SCRIPT       : [ExpansionQuestObjectiveActionConfig] Load existing configuration file:$profile:ExpansionMod\Quests\Objectives\Action\26-Vehicle_StartBoat.json
 SCRIPT       : [ExpansionQuestObjectiveActionConfig] Load existing configuration file:$profile:ExpansionMod\Quests\Objectives\Action\3-Medic.json
 SCRIPT       : [ExpansionQuestObjectiveActionConfig] Load existing configuration file:$profile:ExpansionMod\Quests\Objectives\Action\4-Medic.json
 SCRIPT       : [ExpansionQuestObjectiveActionConfig] Load existing configuration file:$profile:ExpansionMod\Quests\Objectives\Action\5-Medic.json
 SCRIPT       : [ExpansionQuestObjectiveActionConfig] Load existing configuration file:$profile:ExpansionMod\Quests\Objectives\Action\6-Medic.json
 SCRIPT       : [ExpansionQuestObjectiveActionConfig] Load existing configuration file:$profile:ExpansionMod\Quests\Objectives\Action\7-Medic.json
 SCRIPT       : [ExpansionQuestObjectiveActionConfig] Load existing configuration file:$profile:ExpansionMod\Quests\Objectives\Action\8-Medic.json
 SCRIPT       : [ExpansionQuestObjectiveActionConfig] Load existing configuration file:$profile:ExpansionMod\Quests\Objectives\Action\9-Medic.json
 SCRIPT       : [ExpansionQuestObjectiveCraftingConfig] Load existing configuration file:$profile:ExpansionMod\Quests\Objectives\Crafting\1-Crafting-FishingRod.json
 SCRIPT       : [ExpansionQuestObjectiveAIPatrolConfig] Load existing configuration file:$profile:ExpansionMod\Quests\Objectives\AIPatrol\1-AIpatrol.json
 SCRIPT       : [ExpansionQuestObjectiveAIPatrolConfig] Load existing configuration file:$profile:ExpansionMod\Quests\Objectives\AIPatrol\2-AIpatrol-PatrolSwamp_2.json
 SCRIPT       : [ExpansionQuestObjectiveAICampConfig] Load existing configuration file:$profile:ExpansionMod\Quests\Objectives\AICamp\1-AICamp-Canabal-1.json
 SCRIPT       : [ExpansionQuestObjectiveAICampConfig] Load existing configuration file:$profile:ExpansionMod\Quests\Objectives\AICamp\2-AICamp-Canabal-2.json
 SCRIPT       : [ExpansionQuestObjectiveAICampConfig] Load existing configuration file:$profile:ExpansionMod\Quests\Objectives\AICamp\3-AICamp-AIC_Example_3.json
 SCRIPT       : [ExpansionQuestObjectiveAICampConfig] Load existing configuration file:$profile:ExpansionMod\Quests\Objectives\AICamp\40-AICamp-AIC_Police_2.json
 SCRIPT       : [ExpansionQuestObjectiveAICampConfig] Load existing configuration file:$profile:ExpansionMod\Quests\Objectives\AICamp\5-AICamp-AIC_Plant_5.json
 SCRIPT       : [ExpansionQuestObjectiveAICampConfig] Load existing configuration file:$profile:ExpansionMod\Quests\Objectives\AICamp\50-AICamp-BelayaPolyana_1.json
 SCRIPT       : [ExpansionQuestObjectiveAICampConfig] Load existing configuration file:$profile:ExpansionMod\Quests\Objectives\AICamp\70-AICamp-Medical_Ambulance.json
 SCRIPT       : [ExpansionQuestObjectiveAICampConfig] Load existing configuration file:$profile:ExpansionMod\Quests\Objectives\AICamp\71-AICamp-School_Ambush.json
 SCRIPT       : [ExpansionQuestObjectiveAICampConfig] Load existing configuration file:$profile:ExpansionMod\Quests\Objectives\AICamp\72-AICamp-Medical_Ambulance_2.json
 SCRIPT       : [ExpansionQuestObjectiveAICampConfig] Load existing configuration file:$profile:ExpansionMod\Quests\Objectives\AICamp\73-AICamp-The_Lost_Survivor.json
 SCRIPT       : [ExpansionQuestObjectiveAICampConfig] Load existing configuration file:$profile:ExpansionMod\Quests\Objectives\AICamp\74-AICamp-AIPowerPlant_3.json
 SCRIPT       : [ExpansionQuestObjectiveAICampConfig] Load existing configuration file:$profile:ExpansionMod\Quests\Objectives\AICamp\75-AIPatrol-PatrolSwamp_2.json
 SCRIPT       : [ExpansionQuestObjectiveAICampConfig] Load existing configuration file:$profile:ExpansionMod\Quests\Objectives\AICamp\76-AICamp-PilotCrash_2.json
 SCRIPT       : [ExpansionQuestObjectiveAIEscortConfig] Load existing configuration file:$profile:ExpansionMod\Quests\Objectives\AIVIP\1-VIP.json
 SCRIPT       : [ExpansionQuestObjectiveAIEscortConfig] Load existing configuration file:$profile:ExpansionMod\Quests\Objectives\AIVIP\2-VIP.json
 SCRIPT       : [ExpansionQuestObjectiveAIEscortConfig] Load existing configuration file:$profile:ExpansionMod\Quests\Objectives\AIVIP\3-VIP - Medical_Ambulance.json
 SCRIPT       : [ExpansionQuestObjectiveAIEscortConfig] Load existing configuration file:$profile:ExpansionMod\Quests\Objectives\AIVIP\4-VIP.json
 SCRIPT       : [ExpansionQuestObjectiveAIEscortConfig] Load existing configuration file:$profile:ExpansionMod\Quests\Objectives\AIVIP\5-VIP.json
 SCRIPT       : [ExpansionQuestObjectiveAIEscortConfig] Load existing configuration file:$profile:ExpansionMod\Quests\Objectives\AIVIP\6-VIP - The_Lost_Survivor.json
 SCRIPT       : [ExpansionQuestObjectiveAIEscortConfig] Load existing configuration file:$profile:ExpansionMod\Quests\Objectives\AIVIP\7-VIP - PilotCrash.json
 SCRIPT       : [ExpansionQuestObjectiveAIEscortConfig] Load existing configuration file:$profile:ExpansionMod\Quests\Objectives\AIVIP\8-VIP - PilotCrash_1.json
 SCRIPT       : [ExpansionQuestObjectiveAIEscortConfig] Load existing configuration file:$profile:ExpansionMod\Quests\Objectives\AIVIP\9-VIP - PilotCrash_2.json
 SCRIPT       : [ExpansionQuestNPCData] Load existing configuration file:QuestNPC_1.json
 SCRIPT       : [ExpansionQuestNPCData] Load existing configuration file:QuestNPC_2.json
 SCRIPT       : [ExpansionQuestNPCData] Load existing configuration file:QuestNPC_3.json
 SCRIPT       : [ExpansionQuestNPCData] Load existing configuration file:QuestNPC_4000.json
 SCRIPT       : [ExpansionQuestNPCData] Load existing configuration file:QuestNPC_4001.json
 SCRIPT       : [ExpansionQuestNPCData] Load existing configuration file:QuestNPC_4003.json
 SCRIPT       : 11:21:25.705 [ExpansionQuestModule<0x000002E0895FE840>] :: [INFO] :: [Expansion Quests] NPC with ID 4003 is set to inactive. Skip..
 SCRIPT       : [ExpansionQuestNPCData] Load existing configuration file:QuestNPC_4005.json
 SCRIPT       : [ExpansionQuestNPCData] Load existing configuration file:QuestNPC_4006.json
 SCRIPT       : [MissionServer] OnMissionStart - Server
 SCRIPT       : string dirtyName = 'Bullzed-Test'
 SCRIPT       : [ZEN|2026.05.27 11:21:25] [ZenModCore] OnMissionStart.
SCRIPT       : ExpansionMarketItem marketItem = ExpansionMarketItem<0x000002E28608A510>
SCRIPT       : int worth =   1
SCRIPT       : ExpansionZonePolygon<0x000002E64DD4B650> position=<12015.854492, 0.000000, 12591.097656> radius=419.633
SCRIPT       : ExpansionZoneCircle<0x000002E7377BDC40> position=<1143.140015, 0.000000, 2423.270020> radius=700
SCRIPT       : ExpansionZoneCircle<0x000002E7377BCCE0> position=<3728.270020, 0.000000, 6003.600098> radius=500
SCRIPT       : Found 3 zones!
SCRIPT       : Module: $profile:ExpansionMod\AI\FSM\Master.c; loaded 1x files; 153x classes; used 119/262 kB (45%) of static memory; defines: "DAYZ_1_29,SERVER_FOR_WINDOWS,SERVER,PLATFORM_WINDOWS,RELEASE,NO_GUI,NO_GUI_INGAME,BF_Define,DZ_Expansion_AI_Prel
SCRIPT       : 11:22:31.975 [ERROR] :: Unknown loadout requested ('Medic_Trader')
Function: 'Apply'
Stack trace:
DayZExpansion/Core/Scripts/4_World/dayzexpansion_core\classes\loadout\expansionloadout.c:3212
SCRIPT       : 11:22:32.070 [ERROR] :: Unknown loadout requested ('MMG_SNAFU_Atack')
Function: 'Apply'
Stack trace:
DayZExpansion/Core/Scripts/4_World/dayzexpansion_core\classes\loadout\expansionloadout.c:3212
SCRIPT       : m_LoginTimeMs: 16200
SCRIPT       : [ZEN|2026.05.27 11:23:15] [ZenObjectHookSpawner] No hook configs to dump positions of.
SCRIPT       : 11:27:45.892 [EXPANSION DEBUG]: [ExpansionMissionEventAirdrop] Adjusted container weights:
SCRIPT       : 11:27:45.892 [EXPANSION DEBUG]: ExpansionAirdropContainer 194
SCRIPT       : 11:27:45.892 [EXPANSION DEBUG]: ExpansionAirdropContainer_Medical 198
SCRIPT       : 11:27:45.892 [EXPANSION DEBUG]: ExpansionAirdropContainer_Basebuilding 193
SCRIPT       : 11:27:45.892 [EXPANSION DEBUG]: ExpansionAirdropContainer_Military 189
SCRIPT       : 11:27:45.892 [EXPANSION DEBUG]: ExpansionAirdropPlane::Expansion_GetSpawnPoint - drop position <13452.000000, 0.000000, 3112.000000> - map is chernarusplus - size 15360 - center <7100.000000, 300.000000, 7750.000000>
SCRIPT       : 11:27:45.892 [EXPANSION DEBUG]: ExpansionAirdropPlane::Expansion_GetSpawnPoint - selected spawn point <0.000000, 904.369812, 15130.931641>
SCRIPT       : 11:39:47.773 [EXPANSION DEBUG]: ExpansionLootSpawner::Spawn - WARNING: Couldn't spawn BandageDressing on FirstAidKit<0x000002E753B232A0> FirstAidKit:87646
SCRIPT       : 11:39:47.774 [EXPANSION DEBUG]: ExpansionLootSpawner::Spawn - WARNING: Couldn't spawn PainkillerTablets on FirstAidKit<0x000002E753B232A0> FirstAidKit:87646
SCRIPT       : 11:39:47.776 [EXPANSION DEBUG]: ExpansionLootSpawner::Spawn - WARNING: Couldn't spawn BandageDressing on FirstAidKit<0x000002E753B23E30> FirstAidKit:87648
SCRIPT       : 11:39:47.776 [EXPANSION LOG]: ExpansionAirdropContainerBase_Server<0x000002E76728AB80> Expan Expansion_InitAirdrop - total weight (kg) 303.66 - nominal fall speed 4.50915 m/s, wind impact strength 0.149695
SCRIPT       : [ExpansionAirdropContainerManager] Container at <13551.234375, 21.031347, 2878.913330> was deleted
SCRIPT       : ~ExpansionAirdropContainerManager
SCRIPT       : 12:59:58.254 [EXPANSION DEBUG]: [ExpansionMissionEventAirdrop] Adjusted container weights:
SCRIPT       : 12:59:58.254 [EXPANSION DEBUG]: ExpansionAirdropContainer 214
SCRIPT       : 12:59:58.254 [EXPANSION DEBUG]: ExpansionAirdropContainer_Medical 218
SCRIPT       : 12:59:58.254 [EXPANSION DEBUG]: ExpansionAirdropContainer_Basebuilding 213
SCRIPT       : 12:59:58.254 [EXPANSION DEBUG]: ExpansionAirdropContainer_Military 209
SCRIPT       : 12:59:58.254 [EXPANSION DEBUG]: ExpansionAirdropPlane::Expansion_GetSpawnPoint - drop position <2700.000000, 0.000000, 6193.000000> - map is chernarusplus - size 15360 - center <7100.000000, 300.000000, 7750.000000>
SCRIPT       : 12:59:58.254 [EXPANSION DEBUG]: ExpansionAirdropPlane::Expansion_GetSpawnPoint - selected spawn point <15360.000000, 450.784546, 10272.969727>
SCRIPT       : 13:08:51.284 [EXPANSION LOG]: ExpansionAirdropContainerBase_Server<0x000002E7936C5A40> Expan Expansion_InitAirdrop - total weight (kg) 303.402 - nominal fall speed 4.5085 m/s, wind impact strength 0.149717
SCRIPT       : [ExpansionAirdropContainerManager] Container at <2740.388184, 312.994263, 6258.710449> was deleted
SCRIPT       : ~ExpansionAirdropContainerManager
SCRIPT       : 14:29:00.688 [EXPANSION DEBUG]: [ExpansionMissionEventAirdrop] Adjusted container weights:
SCRIPT       : 14:29:00.688 [EXPANSION DEBUG]: ExpansionAirdropContainer 54
SCRIPT       : 14:29:00.688 [EXPANSION DEBUG]: ExpansionAirdropContainer_Medical 58
SCRIPT       : 14:29:00.688 [EXPANSION DEBUG]: ExpansionAirdropContainer_Basebuilding 53
SCRIPT       : 14:29:00.688 [EXPANSION DEBUG]: ExpansionAirdropContainer_Military 49
SCRIPT       : 14:29:00.688 [EXPANSION DEBUG]: ExpansionAirdropPlane::Expansion_GetSpawnPoint - drop position <11464.000000, 0.000000, 8908.000000> - map is chernarusplus - size 15360 - center <7100.000000, 300.000000, 7750.000000>
SCRIPT       : 14:29:00.688 [EXPANSION DEBUG]: ExpansionAirdropPlane::Expansion_GetSpawnPoint - selected spawn point <0.000000, 702.168823, 6382.694824>
SCRIPT       : 14:36:52.156 [EXPANSION LOG]: ExpansionAirdropContainerBase_Server<0x000002E7936C5A40> Expan Expansion_InitAirdrop - total weight (kg) 306.48 - nominal fall speed 4.5162 m/s, wind impact strength 0.14946
 SCRIPT       : 14:40:01.776 [EXPANSION DEBUG]: ExpansionHardlineModule<0x000002E0FDC5AD00> ::LoadPlayerData - Loaded player hardline data for player Juts[ANwBQqVVStKCILjNoABDu3SscjO3bFF-nGQjnjwyOUM=]
 SCRIPT       : [AYSA] [KNOCK KNOCK ZOMBIES] 
 SCRIPT       : [AYSA] ----- Sending cfg -----
 SCRIPT       : [AYSA] ----- Juts -----
 SCRIPT       : ---- PlayerBase OnStoreLoad SUCCESS ----
 SCRIPT       : [BVP Doors] Sent full config to client: Juts
 SCRIPT       : 14:40:34.599 [EXPANSION DEBUG]: ExpansionPartyData<0x000002E5867B71B0>::OnJoin party Ratas de laboratiorio (ID 0) player Juts (ID ANwBQqVVStKCILjNoABDu3SscjO3bFF-nGQjnjwyOUM=)
 SCRIPT       : [ZEN|2026.05.27 14:40:34] [ZenModCore::ZenConfigRegister] Sent 3 config files to id=ANwBQqVVStKCILjNoABDu3SscjO3bFF-nGQjnjwyOUM=
 SCRIPT       : CustomMission<0x000002E4934D6E20>::SyncBFConfig - Send Building
 SCRIPT       : [VPPAT] Player "Juts" (steamId=76561198119114852) connected to server!
 SCRIPT       : [PlayerListManager] AddReceiver ► added: PlayerIdentity<0x000002E78A758FD0>
SCRIPT       : [ZenSleep::ZenSleepEffectHandlerServer] Initialized ANwBQqVVStKCILjNoABDu3SscjO3bFF-nGQjnjwyOUM=
SCRIPT       : 14:40:35.564 [EXPANSION DEBUG]: eAI_SurvivorF_Eva<0x000002E79FD3B970> eAI_SurvivorF_Eva:96057 ---- PlayerBase::Expansion_OnEntityStorageLoad SUCCESS ----
SCRIPT       : 14:40:35.564 [ExpansionEntityStorage] HITCH: 146.952ms
SCRIPT       : 14:40:35.661 [EXPANSION DEBUG]: eAI_SurvivorF_Frida<0x000002E481CEB010> eAI_SurvivorF_Frida:96 ---- PlayerBase::Expansion_OnEntityStorageLoad SUCCESS ----
SCRIPT       : 14:40:35.661 [ExpansionEntityStorage] HITCH: 74.5774ms
SCRIPT       : 14:40:35.747 [EXPANSION DEBUG]: eAI_SurvivorM_Seth<0x000002E7A2047FF0> eAI_SurvivorM_Seth:9611 ---- PlayerBase::Expansion_OnEntityStorageLoad SUCCESS ----
SCRIPT       : 14:40:35.747 [ExpansionEntityStorage] HITCH: 61.7833ms
SCRIPT       : 14:40:35.886 [EXPANSION DEBUG]: eAI_SurvivorM_Quinn<0x000002E7A01D4020> eAI_SurvivorM_Quinn:96 ---- PlayerBase::Expansion_OnEntityStorageLoad SUCCESS ----
SCRIPT       : 14:40:35.886 [ExpansionEntityStorage] HITCH: 75.9182ms
SCRIPT       : 14:40:35.982 [EXPANSION DEBUG]: eAI_SurvivorM_Hassan<0x000002E7A00D5020> eAI_SurvivorM_Hassan: ---- PlayerBase::Expansion_OnEntityStorageLoad SUCCESS ----
SCRIPT       : 14:40:35.982 [ExpansionEntityStorage] HITCH: 75.351ms
SCRIPT       : 14:40:36.061 [EXPANSION DEBUG]: eAI_SurvivorM_Oliver<0x000002E7A1FF2010> eAI_SurvivorM_Oliver: ---- PlayerBase::Expansion_OnEntityStorageLoad SUCCESS ----
SCRIPT       : 14:40:36.061 [ExpansionEntityStorage] HITCH: 55.2601ms
SCRIPT       : 14:40:36.132 [EXPANSION DEBUG]: eAI_SurvivorF_Keiko<0x000002E793C31010> eAI_SurvivorF_Keiko:96 ---- PlayerBase::Expansion_OnEntityStorageLoad SUCCESS ----
SCRIPT       : 14:40:36.132 [ExpansionEntityStorage] HITCH: 45.9802ms
SCRIPT       : 14:40:36.271 [EXPANSION DEBUG]: eAI_SurvivorF_Irena<0x000002E79F8BD010> eAI_SurvivorF_Irena:96 ---- PlayerBase::Expansion_OnEntityStorageLoad SUCCESS ----
SCRIPT       : 14:40:36.271 [ExpansionEntityStorage] HITCH: 117.025ms
SCRIPT       : 14:40:36.369 [EXPANSION DEBUG]: eAI_SurvivorM_Oliver<0x000002E793F62FF0> eAI_SurvivorM_Oliver: ---- PlayerBase::Expansion_OnEntityStorageLoad SUCCESS ----
SCRIPT       : 14:40:36.369 [ExpansionEntityStorage] HITCH: 72.2569ms
SCRIPT       : 14:40:36.455 [EXPANSION DEBUG]: eAI_SurvivorF_Keiko<0x000002E79F9AA020> eAI_SurvivorF_Keiko:96 ---- PlayerBase::Expansion_OnEntityStorageLoad SUCCESS ----
SCRIPT       : 14:40:36.456 [ExpansionEntityStorage] HITCH: 63.6033ms
SCRIPT       : 14:40:36.564 [EXPANSION DEBUG]: eAI_SurvivorF_Maria<0x000002E7A164C010> eAI_SurvivorF_Maria:96 ---- PlayerBase::Expansion_OnEntityStorageLoad SUCCESS ----
SCRIPT       : 14:40:36.564 [ExpansionEntityStorage] HITCH: 86.8493ms
SCRIPT       : 14:40:36.693 [EXPANSION DEBUG]: eAI_SurvivorF_Helga<0x000002E793112030> eAI_SurvivorF_Helga:96 ---- PlayerBase::Expansion_OnEntityStorageLoad SUCCESS ----
SCRIPT       : 14:40:36.693 [ExpansionEntityStorage] HITCH: 105.113ms
 SCRIPT       : [Permissions Manager] Admin (Juts) (76561198119114852) Successfully Logged in!
SCRIPT       : 14:41:00.578 [ExpansionEntityStorage] HITCH: 657.769ms
SCRIPT       : 14:41:30.792 [ExpansionEntityStorage] HITCH: 2148.05ms
SCRIPT       : 14:42:00.200 [ExpansionEntityStorage] HITCH: 1224.68ms
SCRIPT       : 14:42:28.504 [ExpansionEntityStorage] HITCH: 259.986ms
SCRIPT       : 14:42:58.195 [ExpansionEntityStorage] HITCH: 1671.89ms
SCRIPT       : 14:43:28.443 [ExpansionEntityStorage] HITCH: 1637.48ms
SCRIPT       : 14:43:56.977 [ExpansionEntityStorage] HITCH: 515.265ms
SCRIPT       : 14:44:25.328 [ExpansionEntityStorage] HITCH: 213.466ms
SCRIPT       : 14:44:55.170 [ExpansionEntityStorage] HITCH: 1861.45ms
SCRIPT       : 14:45:24.855 [ExpansionEntityStorage] HITCH: 1558.07ms
SCRIPT       : 14:45:53.733 [ExpansionEntityStorage] HITCH: 781.376ms
SCRIPT       : 14:46:22.750 [ExpansionEntityStorage] HITCH: 978.358ms
SCRIPT       : 14:46:52.141 [ExpansionEntityStorage] HITCH: 1165.36ms
SCRIPT       : 14:47:20.868 [ExpansionEntityStorage] HITCH: 690.253ms
SCRIPT       : 14:47:51.506 [ExpansionEntityStorage] HITCH: 807.604ms
SCRIPT       : 14:48:21.322 [ExpansionEntityStorage] HITCH: 531.646ms
SCRIPT       : 14:48:50.033 [ExpansionEntityStorage] HITCH: 532.425ms
SCRIPT       : 14:49:18.695 [ExpansionEntityStorage] HITCH: 412.775ms
SCRIPT       : 14:49:47.846 [ExpansionEntityStorage] HITCH: 959.334ms
SCRIPT       : 14:50:16.560 [ExpansionEntityStorage] HITCH: 450.875ms
SCRIPT       : 14:50:48.060 [ExpansionEntityStorage] HITCH: 2477.36ms
SCRIPT       : 14:50:53.394 [ExpansionEntityStorage] HITCH: 2779.09ms
SCRIPT       : 14:51:24.915 [ExpansionEntityStorage] HITCH: 910.396ms
SCRIPT       : 14:51:54.806 [ExpansionEntityStorage] HITCH: 1834.11ms
SCRIPT       : 14:52:23.796 [ExpansionEntityStorage] HITCH: 1015.45ms
SCRIPT       : 14:52:54.094 [ExpansionEntityStorage] HITCH: 2146.23ms
SCRIPT       : 14:53:22.807 [ExpansionEntityStorage] HITCH: 771.792ms
SCRIPT       : 14:53:51.448 [ExpansionEntityStorage] HITCH: 622.67ms
SCRIPT       : 14:54:20.386 [ExpansionEntityStorage] HITCH: 894.019ms
SCRIPT       : 14:54:49.001 [ExpansionEntityStorage] HITCH: 482.962ms
SCRIPT       : 14:55:17.804 [ExpansionEntityStorage] HITCH: 825.883ms
SCRIPT       : 14:55:46.288 [ExpansionEntityStorage] HITCH: 494.999ms
SCRIPT       : 14:56:14.524 [ExpansionEntityStorage] HITCH: 238.72ms
SCRIPT       : 14:56:43.470 [ExpansionEntityStorage] HITCH: 862.43ms
SCRIPT       : 14:57:12.385 [ExpansionEntityStorage] HITCH: 933.424ms
SCRIPT       : 14:57:41.157 [ExpansionEntityStorage] HITCH: 802.932ms
SCRIPT       : [ExpansionAirdropContainerManager] Container at <11628.707031, 140.822220, 8688.662109> was deleted
SCRIPT       : ~ExpansionAirdropContainerManager
SCRIPT       : 14:58:17.063 [ExpansionEntityStorage] HITCH: 7813.6ms
SCRIPT       : 14:58:23.362 [ExpansionEntityStorage] HITCH: 4964.29ms
SCRIPT       : 14:58:52.162 [ExpansionEntityStorage] HITCH: 793.846ms
SCRIPT       : 14:59:20.921 [ExpansionEntityStorage] HITCH: 625.991ms
SCRIPT       : 14:59:50.138 [ExpansionEntityStorage] HITCH: 523.664ms
SCRIPT       : 15:00:19.361 [ExpansionEntityStorage] HITCH: 548.389ms
SCRIPT       : 15:00:48.427 [ExpansionEntityStorage] HITCH: 903.016ms
SCRIPT       : 15:01:17.414 [ExpansionEntityStorage] HITCH: 993.971ms
SCRIPT       : 15:01:45.808 [ExpansionEntityStorage] HITCH: 220.465ms
 SCRIPT       : [Logout]: New player ANwBQqVVStKCILjNoABDu3SscjO3bFF-nGQjnjwyOUM= with logout time 15
 SCRIPT       : Player "Juts" (steamid=76561198119114852) initiated disconnect process...
SCRIPT       : 15:02:17.326 [ExpansionEntityStorage] HITCH: 2815.27ms
 SCRIPT       : Player "Juts" (steamid=76561198119114852) disconnected early from server (EXIT NOW).
SCRIPT       : 15:02:29.180 [EXPANSION DEBUG]: ExpansionPartyData<0x000002E5867B71B0>::OnLeave party Ratas de laboratiorio (ID 0) player Juts (ID ANwBQqVVStKCILjNoABDu3SscjO3bFF-nGQjnjwyOUM=)
SCRIPT       : 15:02:29.653 [EXPANSION DEBUG]: ExpansionQuestPersistentData<0x000002E7217F71B0>~ExpansionQuestPersistentData (13)
SCRIPT       : [ZenSkills] Saving skill DB to file for player: ANwBQqVVStKCILjNoABDu3SscjO3bFF-nGQjnjwyOUM=
SCRIPT       : [Logout]: Player ANwBQqVVStKCILjNoABDu3SscjO3bFF-nGQjnjwyOUM= finished
SCRIPT       : Player "Juts" (steamid=76561198119114852) disconnected from server.
SCRIPT       : [PlayerListManager] SyncEntryToReceivers ► uid: ANwBQqVVStKCILjNoABDu3SscjO3bFF-nGQjnjwyOUM= isn't in the players list! sending a remove.
SCRIPT       : HandleOnPlayerDisconnected -> PlayerListManager.RemoveEntry ► ANwBQqVVStKCILjNoABDu3SscjO3bFF-nGQjnjwyOUM=
SCRIPT       : [ZEN|2026.05.27 15:02:29] [ZenSkillsHighscoresDB] Saving to file: $profile:Zenarchist\Skills\DB\\ZenSkillsHighscoresDB.json
SCRIPT       : 15:02:31.285 [ExpansionEntityStorage] HITCH: 1357.71ms
SCRIPT       : 15:02:32.934 [ExpansionEntityStorage] HITCH: 1461.17ms
SCRIPT       : 15:02:34.174 [ExpansionEntityStorage] HITCH: 967.688ms
SCRIPT       : 15:02:35.965 [ExpansionEntityStorage] HITCH: 1464.45ms
SCRIPT       : 15:02:38.757 [ExpansionEntityStorage] HITCH: 2039.9ms
SCRIPT       : 15:02:39.910 [ExpansionEntityStorage] HITCH: 886.115ms
SCRIPT       : 15:02:40.723 [ExpansionEntityStorage] HITCH: 588.123ms
SCRIPT       : 15:02:41.196 [ExpansionEntityStorage] HITCH: 218.203ms
SCRIPT       : 15:02:42.457 [ExpansionEntityStorage] HITCH: 1021.88ms
SCRIPT       : 15:02:45.032 [ExpansionEntityStorage] HITCH: 2378.75ms
SCRIPT       : 15:02:46.559 [ExpansionEntityStorage] HITCH: 1320.77ms
SCRIPT       : 15:02:47.516 [ExpansionEntityStorage] HITCH: 781.99ms
SCRIPT       : 15:02:48.858 [ExpansionEntityStorage] HITCH: 1137.9ms
SCRIPT       : 15:03:05.878 [ExpansionEntityStorage] HITCH: 619.569ms
SCRIPT       : 15:03:06.765 [ExpansionEntityStorage] HITCH: 716.372ms
SCRIPT       : 15:03:07.522 [ExpansionEntityStorage] HITCH: 579.49ms
SCRIPT       : 15:03:08.225 [ExpansionEntityStorage] HITCH: 488.287ms
SCRIPT       : 15:03:09.318 [ExpansionEntityStorage] HITCH: 879.154ms
SCRIPT       : 15:03:10.080 [ExpansionEntityStorage] HITCH: 555.252ms
SCRIPT       : 15:03:10.491 [ExpansionEntityStorage] HITCH: 178.722ms
SCRIPT       : 15:03:11.659 [ExpansionEntityStorage] HITCH: 945.731ms
SCRIPT       : 15:03:12.813 [ExpansionEntityStorage] HITCH: 962.44ms
SCRIPT       : 15:03:13.807 [ExpansionEntityStorage] HITCH: 804.955ms
SCRIPT       : 15:03:15.095 [ExpansionEntityStorage] HITCH: 1093.57ms
SCRIPT       : 15:03:15.759 [ExpansionEntityStorage] HITCH: 480.86ms
SCRIPT       : 15:03:16.864 [ExpansionEntityStorage] HITCH: 893.303ms
SCRIPT       : 15:03:17.154 [EXPRINT] eAI_SurvivorM_Oliver<0x000002E7A1FF2010> eAI_SurvivorM_Oliver: Action failed for eAI_SurvivorM_Oliver:96184 (pos=<13717.3, 37.52, 13506.3>) - TakeItemToInventory(NULL) - timeout - item in hands Ruger1022:96185<0x00000
 SCRIPT       : 15:03:17.159 [EXPRINT] eAI_SurvivorM_Oliver<0x000002E7A1FF2010> eAI_SurvivorM_Oliver: Applying SMACK OF GOD (='-')-o )'~')
SCRIPT       : 15:03:45.621 [ExpansionEntityStorage] HITCH: 701.647ms
SCRIPT       : 15:03:46.598 [ExpansionEntityStorage] HITCH: 795.277ms
SCRIPT       : 15:03:47.655 [ExpansionEntityStorage] HITCH: 844.817ms
SCRIPT       : 15:03:48.511 [ExpansionEntityStorage] HITCH: 563.206ms
SCRIPT       : 15:03:50.377 [ExpansionEntityStorage] HITCH: 1623.5ms
SCRIPT       : 15:03:51.235 [ExpansionEntityStorage] HITCH: 639.486ms
SCRIPT       : 15:03:51.740 [ExpansionEntityStorage] HITCH: 238.02ms
SCRIPT       : 15:03:52.869 [ExpansionEntityStorage] HITCH: 897.21ms
SCRIPT       : 15:03:53.848 [ExpansionEntityStorage] HITCH: 796.127ms
SCRIPT       : 15:03:54.809 [ExpansionEntityStorage] HITCH: 791.287ms
SCRIPT       : 15:03:56.080 [ExpansionEntityStorage] HITCH: 1078.17ms
SCRIPT       : 15:03:56.723 [ExpansionEntityStorage] HITCH: 452.112ms
SCRIPT       : 15:03:57.821 [ExpansionEntityStorage] HITCH: 891.854ms
SCRIPT       : 15:04:26.552 [ExpansionEntityStorage] HITCH: 695.941ms
SCRIPT       : 15:04:27.487 [ExpansionEntityStorage] HITCH: 752.577ms
SCRIPT       : 15:04:28.293 [ExpansionEntityStorage] HITCH: 618.665ms
SCRIPT       : 15:04:29.046 [ExpansionEntityStorage] HITCH: 528.798ms
SCRIPT       : 15:04:30.095 [ExpansionEntityStorage] HITCH: 825.594ms
SCRIPT       : 15:04:30.830 [ExpansionEntityStorage] HITCH: 543.404ms
SCRIPT       : 15:04:31.226 [ExpansionEntityStorage] HITCH: 175.094ms
SCRIPT       : 15:04:32.330 [ExpansionEntityStorage] HITCH: 884.02ms
SCRIPT       : 15:04:33.268 [ExpansionEntityStorage] HITCH: 765.385ms
SCRIPT       : 15:04:34.261 [ExpansionEntityStorage] HITCH: 821.541ms
SCRIPT       : 15:04:35.530 [ExpansionEntityStorage] HITCH: 1076.37ms
SCRIPT       : 15:04:36.212 [ExpansionEntityStorage] HITCH: 489.916ms
SCRIPT       : 15:04:37.276 [ExpansionEntityStorage] HITCH: 867.481ms
SCRIPT       : 15:04:47.479 [ExpansionEntityStorage] HITCH: 651.045ms
SCRIPT       : 15:04:48.406 [ExpansionEntityStorage] HITCH: 754.129ms
SCRIPT       : 15:04:49.201 [ExpansionEntityStorage] HITCH: 613.965ms
SCRIPT       : 15:04:49.971 [ExpansionEntityStorage] HITCH: 550.212ms
SCRIPT       : 15:04:50.977 [ExpansionEntityStorage] HITCH: 782.913ms
SCRIPT       : 15:04:51.695 [ExpansionEntityStorage] HITCH: 514.45ms
SCRIPT       : 15:04:52.103 [ExpansionEntityStorage] HITCH: 191.502ms
SCRIPT       : 15:04:53.261 [ExpansionEntityStorage] HITCH: 931.185ms
SCRIPT       : 15:04:54.251 [ExpansionEntityStorage] HITCH: 798.61ms
SCRIPT       : 15:04:55.390 [ExpansionEntityStorage] HITCH: 948.788ms
SCRIPT       : 15:04:56.648 [ExpansionEntityStorage] HITCH: 1059.61ms
SCRIPT       : 15:04:57.336 [ExpansionEntityStorage] HITCH: 491.72ms
SCRIPT       : 15:04:58.454 [ExpansionEntityStorage] HITCH: 900.462ms
SCRIPT       : 15:05:04.669 [ExpansionEntityStorage] HITCH: 960.093ms
SCRIPT       : 15:05:05.790 [ExpansionEntityStorage] HITCH: 836.902ms
SCRIPT       : 15:05:06.664 [ExpansionEntityStorage] HITCH: 660.073ms
SCRIPT       : 15:05:07.477 [ExpansionEntityStorage] HITCH: 574.802ms
SCRIPT       : 15:05:08.614 [ExpansionEntityStorage] HITCH: 896.221ms
SCRIPT       : 15:05:10.132 [ExpansionEntityStorage] HITCH: 504.294ms
SCRIPT       : 15:05:10.552 [ExpansionEntityStorage] HITCH: 160.466ms
SCRIPT       : 15:05:12.282 [ExpansionEntityStorage] HITCH: 1513.27ms
SCRIPT       : 15:05:13.649 [ExpansionEntityStorage] HITCH: 1172.71ms
SCRIPT       : 15:05:15.204 [ExpansionEntityStorage] HITCH: 889.209ms
SCRIPT       : 15:05:16.595 [ExpansionEntityStorage] HITCH: 1195.98ms
SCRIPT       : 15:05:17.258 [ExpansionEntityStorage] HITCH: 449.243ms
SCRIPT       : 15:05:18.266 [ExpansionEntityStorage] HITCH: 816.695ms
SCRIPT       : 15:05:24.881 [ExpansionEntityStorage] HITCH: 1415.46ms
SCRIPT       : 15:05:29.179 [ExpansionEntityStorage] HITCH: 4078.62ms
SCRIPT       : 15:05:30.282 [ExpansionEntityStorage] HITCH: 909.164ms
SCRIPT       : 15:05:31.332 [ExpansionEntityStorage] HITCH: 680.68ms
SCRIPT       : 15:05:32.483 [ExpansionEntityStorage] HITCH: 870.776ms
SCRIPT       : 15:05:33.355 [ExpansionEntityStorage] HITCH: 656.304ms
SCRIPT       : 15:05:33.846 [ExpansionEntityStorage] HITCH: 221.343ms
SCRIPT       : 15:05:35.222 [ExpansionEntityStorage] HITCH: 1071.79ms
SCRIPT       : 15:05:36.559 [ExpansionEntityStorage] HITCH: 1109.34ms
SCRIPT       : 15:05:38.643 [ExpansionEntityStorage] HITCH: 954.275ms
SCRIPT       : 15:05:41.364 [ExpansionEntityStorage] HITCH: 1613.2ms
SCRIPT       : 15:05:42.019 [ExpansionEntityStorage] HITCH: 472.811ms
SCRIPT       : 15:05:43.166 [ExpansionEntityStorage] HITCH: 933.491ms
SCRIPT       : 15:05:49.237 [ExpansionEntityStorage] HITCH: 847.171ms
SCRIPT       : 15:05:50.424 [ExpansionEntityStorage] HITCH: 953.559ms
SCRIPT       : 15:05:51.377 [ExpansionEntityStorage] HITCH: 724.388ms
SCRIPT       : 15:05:53.723 [ExpansionEntityStorage] HITCH: 1158ms
SCRIPT       : 15:05:54.950 [ExpansionEntityStorage] HITCH: 924.062ms
SCRIPT       : 15:05:55.702 [ExpansionEntityStorage] HITCH: 533.324ms
SCRIPT       : 15:05:56.699 [ExpansionEntityStorage] HITCH: 493.337ms
SCRIPT       : 15:05:58.154 [ExpansionEntityStorage] HITCH: 1015.65ms
SCRIPT       : 15:05:59.096 [ExpansionEntityStorage] HITCH: 775.686ms
SCRIPT       : 15:06:00.066 [ExpansionEntityStorage] HITCH: 798.011ms
SCRIPT       : 15:06:01.391 [ExpansionEntityStorage] HITCH: 1140.86ms
SCRIPT       : 15:06:02.056 [ExpansionEntityStorage] HITCH: 483.456ms
SCRIPT       : 15:06:03.143 [ExpansionEntityStorage] HITCH: 887.786ms
SCRIPT       : 15:06:09.039 [ExpansionEntityStorage] HITCH: 698.886ms
SCRIPT       : 15:06:10.009 [ExpansionEntityStorage] HITCH: 755.891ms
SCRIPT       : 15:06:11.129 [ExpansionEntityStorage] HITCH: 928.693ms
SCRIPT       : 15:06:12.650 [ExpansionEntityStorage] HITCH: 976.697ms
SCRIPT       : 15:06:14.423 [ExpansionEntityStorage] HITCH: 1568.73ms
SCRIPT       : 15:06:15.235 [ExpansionEntityStorage] HITCH: 506.002ms
SCRIPT       : 15:06:15.601 [ExpansionEntityStorage] HITCH: 156.233ms
SCRIPT       : 15:06:16.620 [ExpansionEntityStorage] HITCH: 821.791ms
SCRIPT       : 15:06:17.630 [ExpansionEntityStorage] HITCH: 824.1ms
SCRIPT       : 15:06:18.683 [ExpansionEntityStorage] HITCH: 837.91ms
SCRIPT       : 15:06:20.799 [ExpansionEntityStorage] HITCH: 1932.24ms
SCRIPT       : 15:06:21.498 [ExpansionEntityStorage] HITCH: 503.326ms
SCRIPT       : 15:06:22.956 [ExpansionEntityStorage] HITCH: 1254.8ms
SCRIPT       : 15:06:34.007 [ExpansionEntityStorage] HITCH: 4125.02ms
SCRIPT       : 15:06:35.798 [ExpansionEntityStorage] HITCH: 987.214ms
SCRIPT       : 15:06:36.805 [ExpansionEntityStorage] HITCH: 782.635ms
SCRIPT       : 15:06:41.708 [ExpansionEntityStorage] HITCH: 4203.01ms
SCRIPT       : 15:06:48.759 [ExpansionEntityStorage] HITCH: 4580.48ms
SCRIPT       : 15:06:51.001 [ExpansionEntityStorage] HITCH: 1928.8ms
SCRIPT       : 15:06:51.700 [ExpansionEntityStorage] HITCH: 435.783ms
SCRIPT       : 15:06:53.742 [ExpansionEntityStorage] HITCH: 1524.37ms
SCRIPT       : 15:06:55.477 [ExpansionEntityStorage] HITCH: 1546.86ms
SCRIPT       : 15:06:56.690 [ExpansionEntityStorage] HITCH: 1014.12ms
SCRIPT       : 15:06:58.253 [ExpansionEntityStorage] HITCH: 1325.46ms
SCRIPT       : 15:06:59.070 [ExpansionEntityStorage] HITCH: 589.777ms
SCRIPT       : 15:07:00.414 [ExpansionEntityStorage] HITCH: 1080.57ms
SCRIPT       : 15:07:06.486 [ExpansionEntityStorage] HITCH: 808.16ms
SCRIPT       : 15:07:07.735 [ExpansionEntityStorage] HITCH: 1005.34ms
SCRIPT       : 15:07:08.863 [ExpansionEntityStorage] HITCH: 852.129ms
SCRIPT       : 15:07:09.826 [ExpansionEntityStorage] HITCH: 660.19ms
SCRIPT       : 15:07:12.356 [ExpansionEntityStorage] HITCH: 2247.86ms
SCRIPT       : 15:07:13.182 [ExpansionEntityStorage] HITCH: 603.747ms
SCRIPT       : 15:07:13.628 [ExpansionEntityStorage] HITCH: 194.478ms
SCRIPT       : 15:07:14.910 [ExpansionEntityStorage] HITCH: 1015.14ms
SCRIPT       : 15:07:15.891 [ExpansionEntityStorage] HITCH: 796.825ms
SCRIPT       : 15:07:16.944 [ExpansionEntityStorage] HITCH: 858.975ms
SCRIPT       : 15:07:19.216 [ExpansionEntityStorage] HITCH: 2071.2ms
SCRIPT       : 15:07:19.986 [ExpansionEntityStorage] HITCH: 542.607ms
SCRIPT       : 15:07:22.029 [ExpansionEntityStorage] HITCH: 1813.41ms
SCRIPT       : 15:07:28.703 [ExpansionEntityStorage] HITCH: 1372.06ms
SCRIPT       : 15:07:29.896 [ExpansionEntityStorage] HITCH: 992.703ms
SCRIPT       : 15:07:30.957 [ExpansionEntityStorage] HITCH: 828.592ms
SCRIPT       : 15:07:31.824 [ExpansionEntityStorage] HITCH: 624.945ms
SCRIPT       : 15:07:33.137 [ExpansionEntityStorage] HITCH: 1068.4ms
SCRIPT       : 15:07:35.085 [ExpansionEntityStorage] HITCH: 1519.09ms
SCRIPT       : 15:07:35.867 [ExpansionEntityStorage] HITCH: 232.044ms
SCRIPT       : 15:07:37.138 [ExpansionEntityStorage] HITCH: 950.024ms
SCRIPT       : 15:07:38.039 [ExpansionEntityStorage] HITCH: 733.641ms
SCRIPT       : 15:07:39.041 [ExpansionEntityStorage] HITCH: 819.692ms
SCRIPT       : 15:07:40.291 [ExpansionEntityStorage] HITCH: 1056.56ms
SCRIPT       : 15:07:40.972 [ExpansionEntityStorage] HITCH: 486.523ms
SCRIPT       : 15:07:42.858 [ExpansionEntityStorage] HITCH: 1659.42ms
SCRIPT       : 15:07:48.770 [ExpansionEntityStorage] HITCH: 660.206ms
SCRIPT       : 15:07:50.256 [ExpansionEntityStorage] HITCH: 835.897ms
SCRIPT       : 15:07:51.989 [ExpansionEntityStorage] HITCH: 768.402ms
SCRIPT       : 15:07:52.883 [ExpansionEntityStorage] HITCH: 644.517ms
SCRIPT       : 15:07:54.268 [ExpansionEntityStorage] HITCH: 1141.34ms
SCRIPT       : 15:07:55.038 [ExpansionEntityStorage] HITCH: 555.961ms
SCRIPT       : 15:07:55.475 [ExpansionEntityStorage] HITCH: 207.04ms
SCRIPT       : 15:07:56.590 [ExpansionEntityStorage] HITCH: 883.298ms
SCRIPT       : 15:07:57.495 [ExpansionEntityStorage] HITCH: 738.151ms
SCRIPT       : 15:07:58.698 [ExpansionEntityStorage] HITCH: 1025.52ms
SCRIPT       : 15:08:00.193 [ExpansionEntityStorage] HITCH: 1239.85ms
SCRIPT       : 15:08:00.870 [ExpansionEntityStorage] HITCH: 489.074ms
SCRIPT       : 15:08:02.004 [ExpansionEntityStorage] HITCH: 919.869ms
SCRIPT       : 15:08:08.287 [ExpansionEntityStorage] HITCH: 1040.95ms
SCRIPT       : 15:08:09.444 [ExpansionEntityStorage] HITCH: 980.274ms
SCRIPT       : 15:08:10.689 [ExpansionEntityStorage] HITCH: 959.567ms
SCRIPT       : 15:08:11.712 [ExpansionEntityStorage] HITCH: 704.433ms
SCRIPT       : 15:08:12.979 [ExpansionEntityStorage] HITCH: 1013.63ms
SCRIPT       : 15:08:13.701 [ExpansionEntityStorage] HITCH: 527.976ms
SCRIPT       : 15:08:14.123 [ExpansionEntityStorage] HITCH: 193.093ms
SCRIPT       : 15:08:15.529 [ExpansionEntityStorage] HITCH: 1192.26ms
SCRIPT       : 15:08:16.724 [ExpansionEntityStorage] HITCH: 950.942ms
SCRIPT       : 15:08:23.109 [ExpansionEntityStorage] HITCH: 6000.02ms
SCRIPT       : 15:08:26.020 [ExpansionEntityStorage] HITCH: 2022.98ms
SCRIPT       : 15:08:26.702 [ExpansionEntityStorage] HITCH: 486.336ms
SCRIPT       : 15:08:28.120 [ExpansionEntityStorage] HITCH: 1213.28ms
SCRIPT       : 15:08:34.047 [ExpansionEntityStorage] HITCH: 729.402ms
SCRIPT       : 15:08:35.711 [ExpansionEntityStorage] HITCH: 924.732ms
SCRIPT       : 15:08:36.649 [ExpansionEntityStorage] HITCH: 742.802ms
SCRIPT       : 15:08:37.495 [ExpansionEntityStorage] HITCH: 623.204ms
SCRIPT       : 15:08:38.655 [ExpansionEntityStorage] HITCH: 922.885ms
SCRIPT       : 15:08:39.514 [ExpansionEntityStorage] HITCH: 618.807ms
SCRIPT       : 15:08:40.034 [ExpansionEntityStorage] HITCH: 246.246ms
SCRIPT       : 15:08:41.405 [ExpansionEntityStorage] HITCH: 1098.24ms
SCRIPT       : 15:08:42.673 [ExpansionEntityStorage] HITCH: 1045.8ms
SCRIPT       : 15:08:43.935 [ExpansionEntityStorage] HITCH: 1024.72ms
SCRIPT       : 15:08:45.452 [ExpansionEntityStorage] HITCH: 1263.69ms
SCRIPT       : 15:08:46.234 [ExpansionEntityStorage] HITCH: 561.17ms
SCRIPT       : 15:08:48.341 [ExpansionEntityStorage] HITCH: 1870.45ms
SCRIPT       : 15:08:54.213 [ExpansionEntityStorage] HITCH: 682.301ms
SCRIPT       : 15:09:01.361 [ExpansionEntityStorage] HITCH: 6968.11ms
SCRIPT       : 15:09:03.347 [ExpansionEntityStorage] HITCH: 1284.34ms
SCRIPT       : 15:09:07.022 [ExpansionEntityStorage] HITCH: 3318.09ms
SCRIPT       : 15:09:09.004 [ExpansionEntityStorage] HITCH: 1176.31ms
SCRIPT       : 15:09:09.721 [ExpansionEntityStorage] HITCH: 517.005ms
SCRIPT       : 15:09:10.105 [ExpansionEntityStorage] HITCH: 171.639ms
SCRIPT       : 15:09:11.238 [ExpansionEntityStorage] HITCH: 913.034ms
SCRIPT       : 15:09:12.202 [ExpansionEntityStorage] HITCH: 779.823ms
SCRIPT       : 15:09:13.167 [ExpansionEntityStorage] HITCH: 793.708ms
SCRIPT       : 15:09:15.024 [ExpansionEntityStorage] HITCH: 1667.44ms
SCRIPT       : 15:09:15.666 [ExpansionEntityStorage] HITCH: 445.859ms
SCRIPT       : 15:09:16.691 [ExpansionEntityStorage] HITCH: 837.871ms
SCRIPT       : 15:09:22.601 [ExpansionEntityStorage] HITCH: 674.465ms
SCRIPT       : 15:09:23.715 [ExpansionEntityStorage] HITCH: 928.405ms
SCRIPT       : 15:09:24.583 [ExpansionEntityStorage] HITCH: 684.188ms
SCRIPT       : 15:09:25.560 [ExpansionEntityStorage] HITCH: 742.102ms
SCRIPT       : 15:09:26.691 [ExpansionEntityStorage] HITCH: 837.493ms
SCRIPT       : 15:09:27.400 [ExpansionEntityStorage] HITCH: 519.158ms
SCRIPT       : 15:09:27.774 [ExpansionEntityStorage] HITCH: 171.536ms
SCRIPT       : 15:09:28.876 [ExpansionEntityStorage] HITCH: 883.067ms
SCRIPT       : 15:09:29.803 [ExpansionEntityStorage] HITCH: 749.436ms
SCRIPT       : 15:09:30.751 [ExpansionEntityStorage] HITCH: 790.135ms
SCRIPT       : 15:09:32.047 [ExpansionEntityStorage] HITCH: 1102.22ms
SCRIPT       : 15:09:32.745 [ExpansionEntityStorage] HITCH: 507.449ms
SCRIPT       : 15:09:33.830 [ExpansionEntityStorage] HITCH: 864.927ms
SCRIPT       : 15:09:41.485 [ExpansionEntityStorage] HITCH: 2441.24ms
SCRIPT       : 15:09:43.065 [ExpansionEntityStorage] HITCH: 1059.19ms
SCRIPT       : 15:09:45.464 [ExpansionEntityStorage] HITCH: 2153.58ms
SCRIPT       : 15:09:46.404 [ExpansionEntityStorage] HITCH: 635.043ms
SCRIPT       : 15:09:47.708 [ExpansionEntityStorage] HITCH: 1036.63ms
SCRIPT       : 15:09:48.525 [ExpansionEntityStorage] HITCH: 630.88ms
SCRIPT       : 15:09:49.038 [ExpansionEntityStorage] HITCH: 223.031ms
SCRIPT       : 15:09:50.355 [ExpansionEntityStorage] HITCH: 1025.77ms
SCRIPT       : 15:09:51.336 [ExpansionEntityStorage] HITCH: 797.794ms
SCRIPT       : 15:09:52.369 [ExpansionEntityStorage] HITCH: 843.722ms
SCRIPT       : 15:09:55.035 [ExpansionEntityStorage] HITCH: 2236.28ms
SCRIPT       : 15:09:55.743 [ExpansionEntityStorage] HITCH: 498.7ms
SCRIPT       : 15:09:56.778 [ExpansionEntityStorage] HITCH: 822.984ms
SCRIPT       : 15:10:02.605 [ExpansionEntityStorage] HITCH: 644.495ms
SCRIPT       : 15:10:03.740 [ExpansionEntityStorage] HITCH: 953.255ms
SCRIPT       : 15:10:04.751 [ExpansionEntityStorage] HITCH: 803.519ms
SCRIPT       : 15:10:05.570 [ExpansionEntityStorage] HITCH: 568.568ms
SCRIPT       : 15:10:06.690 [ExpansionEntityStorage] HITCH: 904.345ms
SCRIPT       : 15:10:07.439 [ExpansionEntityStorage] HITCH: 522.658ms
SCRIPT       : 15:10:08.037 [ExpansionEntityStorage] HITCH: 271.744ms
SCRIPT       : 15:10:09.356 [ExpansionEntityStorage] HITCH: 980.234ms
SCRIPT       : 15:10:10.283 [ExpansionEntityStorage] HITCH: 760.017ms
SCRIPT       : 15:10:11.295 [ExpansionEntityStorage] HITCH: 836.441ms
SCRIPT       : 15:10:13.577 [ExpansionEntityStorage] HITCH: 2085.04ms
SCRIPT       : 15:10:14.249 [ExpansionEntityStorage] HITCH: 491.725ms
SCRIPT       : 15:10:15.330 [ExpansionEntityStorage] HITCH: 877.063ms
SCRIPT       : 15:10:21.572 [ExpansionEntityStorage] HITCH: 1036.53ms
SCRIPT       : 15:10:22.988 [ExpansionEntityStorage] HITCH: 1147.95ms
SCRIPT       : 15:10:23.845 [ExpansionEntityStorage] HITCH: 656.84ms
SCRIPT       : 15:10:24.599 [ExpansionEntityStorage] HITCH: 545.594ms
SCRIPT       : 15:10:25.643 [ExpansionEntityStorage] HITCH: 817.578ms
SCRIPT       : 15:10:26.409 [ExpansionEntityStorage] HITCH: 561.433ms
SCRIPT       : 15:10:26.814 [ExpansionEntityStorage] HITCH: 176.907ms
SCRIPT       : 15:10:27.996 [ExpansionEntityStorage] HITCH: 954.023ms
SCRIPT       : 15:10:29.260 [ExpansionEntityStorage] HITCH: 1021.8ms
SCRIPT       : 15:10:30.241 [ExpansionEntityStorage] HITCH: 805.479ms
SCRIPT       : 15:10:31.477 [ExpansionEntityStorage] HITCH: 1049.02ms
SCRIPT       : 15:10:32.188 [ExpansionEntityStorage] HITCH: 525.167ms
SCRIPT       : 15:10:33.298 [ExpansionEntityStorage] HITCH: 895.723ms
SCRIPT       : 15:10:39.220 [ExpansionEntityStorage] HITCH: 713.853ms
SCRIPT       : 15:10:40.950 [ExpansionEntityStorage] HITCH: 1544.95ms
SCRIPT       : 15:10:42.685 [ExpansionEntityStorage] HITCH: 694.392ms
SCRIPT       : 15:10:44.450 [ExpansionEntityStorage] HITCH: 1552.32ms
SCRIPT       : 15:10:45.490 [ExpansionEntityStorage] HITCH: 827.432ms
SCRIPT       : 15:10:46.205 [ExpansionEntityStorage] HITCH: 518.687ms
SCRIPT       : 15:10:46.601 [ExpansionEntityStorage] HITCH: 170.001ms
SCRIPT       : 15:10:47.741 [ExpansionEntityStorage] HITCH: 887.602ms
SCRIPT       : 15:10:49.430 [ExpansionEntityStorage] HITCH: 1502.13ms
SCRIPT       : 15:10:51.184 [ExpansionEntityStorage] HITCH: 1560.56ms
SCRIPT       : 15:10:52.454 [ExpansionEntityStorage] HITCH: 1064.14ms
SCRIPT       : 15:10:53.137 [ExpansionEntityStorage] HITCH: 502.837ms
SCRIPT       : 15:10:55.077 [ExpansionEntityStorage] HITCH: 1723.84ms
 SCRIPT       : [ZEN|2026.05.27 15:10:58] MissionBase::OnMissionFinish
 SCRIPT       : Clear up static fireplaces: 0
 SCRIPT       : 15:10:58.048 [EXPANSION DEBUG]: Clearing cached categories 67
 SCRIPT       : 15:10:58.049 [EXPANSION DEBUG]: Clearing cached traders 14
 SCRIPT       : [MissionServer] OnMissionFinish - Server
 SCRIPT       : [ZEN|2026.05.27 15:10:58] [ZenModCore] OnMissionFinish.
 SCRIPT       : [ZEN|2026.05.27 15:10:58] Server shutdown detected.
 SCRIPT       : [ZEN|2026.05.27 15:10:58] Saving all DBs.
 SCRIPT       : int m_AIUpdates_Current = 0
 SCRIPT       : float aiUpdatesMin = 3.40282e+38
 SCRIPT       : float aiUpdatesMax = -3.40282e+38
 SCRIPT       : float aiUpdatesAvg = 0
 SCRIPT       : float m_AIUpdates_DTCurrent = 0
 SCRIPT       : float aiUpdatesDTMin = 3.40282e+38
 SCRIPT       : float aiUpdatesDTMax = -3.40282e+38
 SCRIPT       : float aiUpdatesDTAvg = 0
 SCRIPT       : [ZEN|2026.05.27 15:10:58] ~MissionBase()
 SCRIPT       : [PluginZenSkills] :: OnDestroy.
 SCRIPT       : [ZEN|2026.05.27 15:10:58] [ZenAdminCommandHandler] Destroyed.
 SCRIPT       : [DayZ Expansion] ~DayZGame
 SCRIPT       : 15:10:58 [EXPANSION DEBUG]: ExpansionQuestPersistentData<0x000002E7217F77F0>~ExpansionQuestPersistentData (1)
 SCRIPT       : ~DayZGame()
 SCRIPT       : Cleaning up script module globals 'Game'
  SCRIPT       : [ZEN|2026.05.27 15:11:04] [ZenConfig] Destroyed: ZenCoreConfig
  SCRIPT       : [ZEN|2026.05.27 15:11:04] [ZenConfig] Destroyed: ZenSkillsHighscoresDB
  SCRIPT       : [ZEN|2026.05.27 15:11:04] [ZenConfig] Destroyed: ZenSkillsClientConfig
  SCRIPT       : [ZEN|2026.05.27 15:11:04] [ZenConfig] Destroyed: ZenSkillsConfig
  SCRIPT       : [ZEN|2026.05.27 15:11:04] [ZenConfig] Destroyed: ZenSkillsEXP
  SCRIPT       : [ZEN|2026.05.27 15:11:04] [ZenConfig] Destroyed: ZenSleepConfig
  SCRIPT       : [ZEN|2026.05.27 15:11:04] [ZenConfig] Destroyed: ZenZombieDoorsConfig
