03:58:35.236 [Expansion Quests] Quest configuration with ID=133 is set to inactive. Skip adding config to quest system..
03:58:35.307 [Expansion Quests] Quest configuration with ID=310 is set to inactive. Skip adding config to quest system..
03:58:35.540 [Expansion Quests] Quest configuration with ID=800 is set to inactive. Skip adding config to quest system..
04:00:15.672 [VehicleDestroyed] ExpansionMerlin_President (id=4B8B2CF1DE4BDAA951F3598FBCCFC8D7 pos=<4672.91, 343.84, 10360.1>)
04:00:17.257 [VehicleDeleted] ExpansionMerlin_President (id=8A40566345411D31921F6B80A49D5906 pos=<4672.91, 343.84, 10360.1> lifetime=-1)
04:03:53.877 [Party] Player "Juts" (id=ANwBQqVVStKCILjNoABDu3SscjO3bFF-nGQjnjwyOUM=) joined the party "Ratas de laboratiorio" (id=0 ownerUID=ANwBQqVVStKCILjNoABDu3SscjO3bFF-nGQjnjwyOUM= ownerName=Juto)
04:03:53.884 [Expansion Quests] Initialize quest system on the connected client with UID=ANwBQqVVStKCILjNoABDu3SscjO3bFF-nGQjnjwyOUM=
04:03:53.901 [Expansion Quests] Loaded existing player quest data for player with UID=ANwBQqVVStKCILjNoABDu3SscjO3bFF-nGQjnjwyOUM=
04:03:53.908 [Expansion Quests] Loaded existing group quest data for group with ID=0
04:03:53.914 [Expansion Quests] Check quest initialization for quest with ID=14 | State=COMPLETED | Player UID=ANwBQqVVStKCILjNoABDu3SscjO3bFF-nGQjnjwyOUM=
04:03:53.918 [Expansion Quests] Check quest initialization for quest with ID=50 | State=COMPLETED | Player UID=ANwBQqVVStKCILjNoABDu3SscjO3bFF-nGQjnjwyOUM=
04:03:53.923 [Expansion Quests] Check quest initialization for quest with ID=51 | State=STARTED | Player UID=ANwBQqVVStKCILjNoABDu3SscjO3bFF-nGQjnjwyOUM=
04:03:53.927 [Expansion Quests] Create new quest instance for quest with ID=51 | Player UID=ANwBQqVVStKCILjNoABDu3SscjO3bFF-nGQjnjwyOUM=
04:03:53.934 [Expansion Quests] Check quest initialization for quest with ID=52 | State=STARTED | Player UID=ANwBQqVVStKCILjNoABDu3SscjO3bFF-nGQjnjwyOUM=
04:03:53.939 [Expansion Quests] Create new quest instance for quest with ID=52 | Player UID=ANwBQqVVStKCILjNoABDu3SscjO3bFF-nGQjnjwyOUM=
04:03:53.945 [Expansion Quests] Check quest initialization for quest with ID=53 | State=COMPLETED | Player UID=ANwBQqVVStKCILjNoABDu3SscjO3bFF-nGQjnjwyOUM=
04:03:53.951 [Expansion Quests] Check quest initialization for quest with ID=54 | State=STARTED | Player UID=ANwBQqVVStKCILjNoABDu3SscjO3bFF-nGQjnjwyOUM=
04:03:53.956 [Expansion Quests] Create new quest instance for quest with ID=54 | Player UID=ANwBQqVVStKCILjNoABDu3SscjO3bFF-nGQjnjwyOUM=
04:03:53.962 [Expansion Quests] Check quest initialization for quest with ID=55 | State=STARTED | Player UID=ANwBQqVVStKCILjNoABDu3SscjO3bFF-nGQjnjwyOUM=
04:03:53.967 [Expansion Quests] Create new quest instance for quest with ID=55 | Player UID=ANwBQqVVStKCILjNoABDu3SscjO3bFF-nGQjnjwyOUM=
04:03:53.974 [Expansion Quests] Check quest initialization for quest with ID=56 | State=STARTED | Player UID=ANwBQqVVStKCILjNoABDu3SscjO3bFF-nGQjnjwyOUM=
04:03:53.981 [Expansion Quests] Create new quest instance for quest with ID=56 | Player UID=ANwBQqVVStKCILjNoABDu3SscjO3bFF-nGQjnjwyOUM=
04:03:53.988 [Expansion Quests] Check quest initialization for quest with ID=57 | State=STARTED | Player UID=ANwBQqVVStKCILjNoABDu3SscjO3bFF-nGQjnjwyOUM=
04:03:53.994 [Expansion Quests] Create new quest instance for quest with ID=57 | Player UID=ANwBQqVVStKCILjNoABDu3SscjO3bFF-nGQjnjwyOUM=
04:03:53.999 [Expansion Quests] Check quest initialization for quest with ID=58 | State=STARTED | Player UID=ANwBQqVVStKCILjNoABDu3SscjO3bFF-nGQjnjwyOUM=
04:03:54.005 [Expansion Quests] Create new quest instance for quest with ID=58 | Player UID=ANwBQqVVStKCILjNoABDu3SscjO3bFF-nGQjnjwyOUM=
04:03:54.010 [Expansion Quests] Check quest initialization for quest with ID=59 | State=STARTED | Player UID=ANwBQqVVStKCILjNoABDu3SscjO3bFF-nGQjnjwyOUM=
04:03:54.015 [Expansion Quests] Create new quest instance for quest with ID=59 | Player UID=ANwBQqVVStKCILjNoABDu3SscjO3bFF-nGQjnjwyOUM=
04:03:54.021 [Expansion Quests] Check quest initialization for quest with ID=60 | State=STARTED | Player UID=ANwBQqVVStKCILjNoABDu3SscjO3bFF-nGQjnjwyOUM=
04:03:54.026 [Expansion Quests] Create new quest instance for quest with ID=60 | Player UID=ANwBQqVVStKCILjNoABDu3SscjO3bFF-nGQjnjwyOUM=
04:03:54.032 [Expansion Quests] Check quest initialization for quest with ID=61 | State=STARTED | Player UID=ANwBQqVVStKCILjNoABDu3SscjO3bFF-nGQjnjwyOUM=
04:03:54.038 [Expansion Quests] Create new quest instance for quest with ID=61 | Player UID=ANwBQqVVStKCILjNoABDu3SscjO3bFF-nGQjnjwyOUM=
04:03:54.174 [Expansion Quests] Sending ANwBQqVVStKCILjNoABDu3SscjO3bFF-nGQjnjwyOUM= quest configs to client for player with UID=ANwBQqVVStKCILjNoABDu3SscjO3bFF-nGQjnjwyOUM=
04:03:54.183 [Expansion Quests] Sending player quest data for 13 quests to player with UID=ANwBQqVVStKCILjNoABDu3SscjO3bFF-nGQjnjwyOUM=
04:03:54.449 [AI Patrol 00016] Loaded 1 persistent Solnechny (Shamans) bots at <13512.728516, 3.175033, 6371.406738>
04:03:54.465 [AI Patrol 00016] Global patrol count: 1
04:03:54.474 [AI Patrol 00016] Global Expansion AI count: 7 alive, 0 deceased
04:03:54.482 [AI Patrol 00016] Survivor category patrol count: 1
04:03:54.635 [AI Patrol 00024] Loaded 1 persistent Chernogorsk (Infected) bots at <11188.013672, 77.305618, 6592.124512>
04:03:54.642 [AI Patrol 00024] Global patrol count: 2
04:03:54.649 [AI Patrol 00024] Global Expansion AI count: 8 alive, 0 deceased
04:03:54.654 [AI Patrol 00024] Survivor category patrol count: 2
04:03:54.733 [AI Patrol 00021] Loaded 1 persistent Elektrozavodsk West (Guards) bots at <7687.090820, 415.939087, 8707.056641>
04:03:54.739 [AI Patrol 00021] Global patrol count: 3
04:03:54.745 [AI Patrol 00021] Global Expansion AI count: 9 alive, 0 deceased
04:03:54.750 [AI Patrol 00021] Survivor category patrol count: 3
04:03:54.863 [AI Patrol 00022] Loaded 1 persistent Chernogorsk East (Raiders) bots at <11505.134766, 177.809509, 4787.937500>
04:03:54.870 [AI Patrol 00022] Global patrol count: 4
04:03:54.875 [AI Patrol 00022] Global Expansion AI count: 10 alive, 0 deceased
04:03:54.881 [AI Patrol 00022] Survivor category patrol count: 4
04:03:55.000 [AI Patrol 00014] Loaded 1 persistent Berezino South-East (Mercenaries) bots at <11965.920898, 56.633541, 9043.138672>
04:03:55.008 [AI Patrol 00014] Global patrol count: 5
04:03:55.021 [AI Patrol 00014] Global Expansion AI count: 11 alive, 0 deceased
04:03:55.028 [AI Patrol 00014] Survivor category patrol count: 5
04:03:55.165 [AI Patrol 00012] Loaded 1 persistent Berezino North-East (Lunatics) bots at <12854.363281, 6.424440, 10039.762695>
04:03:55.177 [AI Patrol 00012] Global patrol count: 6
04:03:55.186 [AI Patrol 00012] Global Expansion AI count: 12 alive, 0 deceased
04:03:55.192 [AI Patrol 00012] Survivor category patrol count: 6
04:03:55.325 [AI Patrol 00020] Loaded 1 persistent Elektrozavodsk North-West (Guards) bots at <7302.677246, 378.254242, 8976.382813>
04:03:55.332 [AI Patrol 00020] Global patrol count: 7
04:03:55.344 [AI Patrol 00020] Global Expansion AI count: 13 alive, 0 deceased
04:03:55.352 [AI Patrol 00020] Survivor category patrol count: 7
04:03:55.473 [AI Patrol 00023] Loaded 1 persistent Prigorodki South-East (Civilian) bots at <4420.244629, 232.171341, 4636.133789>
04:03:55.478 [AI Patrol 00023] Global patrol count: 8
04:03:55.483 [AI Patrol 00023] Global Expansion AI count: 14 alive, 0 deceased
04:03:55.488 [AI Patrol 00023] Survivor category patrol count: 8
04:03:55.684 [AI Patrol 00018] Loaded 1 persistent Kamyshovo (Shamans) bots at <7563.486328, 216.122711, 5109.303223>
04:03:55.690 [AI Patrol 00018] Global patrol count: 9
04:03:55.696 [AI Patrol 00018] Global Expansion AI count: 15 alive, 0 deceased
04:03:55.702 [AI Patrol 00018] Survivor category patrol count: 9
04:03:55.823 [AI Patrol 00015] Loaded 1 persistent Nizhneye North-East (Shamans) bots at <8029.883789, 242.105408, 10920.689453>
04:03:55.829 [AI Patrol 00015] Global patrol count: 10
04:03:55.835 [AI Patrol 00015] Global Expansion AI count: 16 alive, 0 deceased
04:03:55.841 [AI Patrol 00015] Survivor category patrol count: 10
04:03:56.018 [AI Patrol 00011] Loaded 1 persistent Svetloyarsk South-East (Lunatics) bots at <7148.254883, 311.263763, 14199.107422>
04:03:56.042 [AI Patrol 00011] Global patrol count: 11
04:03:56.070 [AI Patrol 00011] Global Expansion AI count: 17 alive, 0 deceased
04:03:56.082 [AI Patrol 00011] Survivor category patrol count: 11
04:03:56.207 [AI Patrol 00019] Loaded 1 persistent Elektrozavodsk North-East (Lunatics) bots at <11288.722656, 252.254990, 5459.957520>
04:03:56.212 [AI Patrol 00019] Global patrol count: 12
04:03:56.217 [AI Patrol 00019] Global Expansion AI count: 18 alive, 0 deceased
04:03:56.222 [AI Patrol 00019] Survivor category patrol count: 12
04:03:56.346 [AI Patrol 00013] Loaded 1 persistent Berezino North (East) bots at <13685.329102, 23.672815, 13297.446289>
04:03:56.351 [AI Patrol 00013] Global patrol count: 13
04:03:56.356 [AI Patrol 00013] Global Expansion AI count: 19 alive, 0 deceased
04:03:56.360 [AI Patrol 00013] Survivor category patrol count: 13
04:03:56.659 [AI Patrol 00017] Loaded 1 persistent Solnechny South (Shamans) bots at <7103.718262, 298.114746, 7660.254883>
04:03:56.664 [AI Patrol 00017] Global patrol count: 14
04:03:56.669 [AI Patrol 00017] Global Expansion AI count: 20 alive, 0 deceased
04:03:56.674 [AI Patrol 00017] Survivor category patrol count: 14
04:03:57.312 [Expansion Quests] - LoadGroupQuestData - Got cached group quest data for group with ID=0
04:05:19.080 [Party] Player "Juts" (id=ANwBQqVVStKCILjNoABDu3SscjO3bFF-nGQjnjwyOUM=) left the party "Ratas de laboratiorio" (id=0 ownerUID=ANwBQqVVStKCILjNoABDu3SscjO3bFF-nGQjnjwyOUM= ownerName=Juto)
04:05:19.101 [Expansion Quests] Deleted quest with ID=51 is a of player with UID=ANwBQqVVStKCILjNoABDu3SscjO3bFF-nGQjnjwyOUM=.
04:05:19.127 [Expansion Quests] Deleted quest with ID=52 is a of player with UID=ANwBQqVVStKCILjNoABDu3SscjO3bFF-nGQjnjwyOUM=.
04:05:19.138 [Expansion Quests] Deleted quest with ID=54 is a of player with UID=ANwBQqVVStKCILjNoABDu3SscjO3bFF-nGQjnjwyOUM=.
04:05:19.157 [Expansion Quests] Deleted quest with ID=55 is a of player with UID=ANwBQqVVStKCILjNoABDu3SscjO3bFF-nGQjnjwyOUM=.
04:05:19.192 [Expansion Quests] Deleted quest with ID=56 is a of player with UID=ANwBQqVVStKCILjNoABDu3SscjO3bFF-nGQjnjwyOUM=.
04:05:19.209 [Expansion Quests] Deleted quest with ID=57 is a of player with UID=ANwBQqVVStKCILjNoABDu3SscjO3bFF-nGQjnjwyOUM=.
04:05:19.223 [Expansion Quests] Deleted quest with ID=58 is a of player with UID=ANwBQqVVStKCILjNoABDu3SscjO3bFF-nGQjnjwyOUM=.
04:05:19.236 [Expansion Quests] Deleted quest with ID=59 is a of player with UID=ANwBQqVVStKCILjNoABDu3SscjO3bFF-nGQjnjwyOUM=.
04:05:19.251 [Expansion Quests] Deleted quest with ID=60 is a of player with UID=ANwBQqVVStKCILjNoABDu3SscjO3bFF-nGQjnjwyOUM=.
04:05:19.268 [Expansion Quests] Deleted quest with ID=61 is a of player with UID=ANwBQqVVStKCILjNoABDu3SscjO3bFF-nGQjnjwyOUM=.
04:09:23.235 [VehicleDestroyed] ExpansionMerlin_Wave (id=3C5B2D90B64F7CA22E09608329F89FF9 pos=<4673.35, 344.1, 10361.3>)
04:12:28.325 [MissionAirdrop] An airdrop is heading towards "Sosnovka" (pos=<2700.000000, 0.000000, 6193.000000> type=Random_Sosnovka) with a ExpansionAirdropContainer_Medical
