11:03:41.946 [Expansion Quests] Quest configuration with ID=133 is set to inactive. Skip adding config to quest system..
11:03:42.061 [Expansion Quests] Quest configuration with ID=310 is set to inactive. Skip adding config to quest system..
11:03:42.201 [Expansion Quests] Quest configuration with ID=800 is set to inactive. Skip adding config to quest system..
11:05:39.817 [Party] Player "Juts" (id=ANwBQqVVStKCILjNoABDu3SscjO3bFF-nGQjnjwyOUM=) joined the party "Ratas de laboratiorio" (id=0 ownerUID=ANwBQqVVStKCILjNoABDu3SscjO3bFF-nGQjnjwyOUM= ownerName=Juto)
11:05:39.822 [Expansion Quests] Initialize quest system on the connected client with UID=ANwBQqVVStKCILjNoABDu3SscjO3bFF-nGQjnjwyOUM=
11:05:39.844 [Expansion Quests] Loaded existing player quest data for player with UID=ANwBQqVVStKCILjNoABDu3SscjO3bFF-nGQjnjwyOUM=
11:05:39.851 [Expansion Quests] Loaded existing group quest data for group with ID=0
11:05:39.857 [Expansion Quests] Check quest initialization for quest with ID=14 | State=COMPLETED | Player UID=ANwBQqVVStKCILjNoABDu3SscjO3bFF-nGQjnjwyOUM=
11:05:39.862 [Expansion Quests] Check quest initialization for quest with ID=50 | State=COMPLETED | Player UID=ANwBQqVVStKCILjNoABDu3SscjO3bFF-nGQjnjwyOUM=
11:05:39.867 [Expansion Quests] Check quest initialization for quest with ID=51 | State=STARTED | Player UID=ANwBQqVVStKCILjNoABDu3SscjO3bFF-nGQjnjwyOUM=
11:05:39.872 [Expansion Quests] Create new quest instance for quest with ID=51 | Player UID=ANwBQqVVStKCILjNoABDu3SscjO3bFF-nGQjnjwyOUM=
11:05:39.877 [Expansion Quests] Check quest initialization for quest with ID=52 | State=STARTED | Player UID=ANwBQqVVStKCILjNoABDu3SscjO3bFF-nGQjnjwyOUM=
11:05:39.882 [Expansion Quests] Create new quest instance for quest with ID=52 | Player UID=ANwBQqVVStKCILjNoABDu3SscjO3bFF-nGQjnjwyOUM=
11:05:39.887 [Expansion Quests] Check quest initialization for quest with ID=53 | State=STARTED | Player UID=ANwBQqVVStKCILjNoABDu3SscjO3bFF-nGQjnjwyOUM=
11:05:39.892 [Expansion Quests] Create new quest instance for quest with ID=53 | Player UID=ANwBQqVVStKCILjNoABDu3SscjO3bFF-nGQjnjwyOUM=
11:05:39.898 [Expansion Quests] Check quest initialization for quest with ID=54 | State=STARTED | Player UID=ANwBQqVVStKCILjNoABDu3SscjO3bFF-nGQjnjwyOUM=
11:05:39.903 [Expansion Quests] Create new quest instance for quest with ID=54 | Player UID=ANwBQqVVStKCILjNoABDu3SscjO3bFF-nGQjnjwyOUM=
11:05:39.908 [Expansion Quests] Check quest initialization for quest with ID=55 | State=STARTED | Player UID=ANwBQqVVStKCILjNoABDu3SscjO3bFF-nGQjnjwyOUM=
11:05:39.914 [Expansion Quests] Create new quest instance for quest with ID=55 | Player UID=ANwBQqVVStKCILjNoABDu3SscjO3bFF-nGQjnjwyOUM=
11:05:39.919 [Expansion Quests] Check quest initialization for quest with ID=56 | State=STARTED | Player UID=ANwBQqVVStKCILjNoABDu3SscjO3bFF-nGQjnjwyOUM=
11:05:39.924 [Expansion Quests] Create new quest instance for quest with ID=56 | Player UID=ANwBQqVVStKCILjNoABDu3SscjO3bFF-nGQjnjwyOUM=
11:05:39.930 [Expansion Quests] Check quest initialization for quest with ID=57 | State=STARTED | Player UID=ANwBQqVVStKCILjNoABDu3SscjO3bFF-nGQjnjwyOUM=
11:05:39.935 [Expansion Quests] Create new quest instance for quest with ID=57 | Player UID=ANwBQqVVStKCILjNoABDu3SscjO3bFF-nGQjnjwyOUM=
11:05:39.940 [Expansion Quests] Check quest initialization for quest with ID=58 | State=STARTED | Player UID=ANwBQqVVStKCILjNoABDu3SscjO3bFF-nGQjnjwyOUM=
11:05:39.945 [Expansion Quests] Create new quest instance for quest with ID=58 | Player UID=ANwBQqVVStKCILjNoABDu3SscjO3bFF-nGQjnjwyOUM=
11:05:39.951 [Expansion Quests] Check quest initialization for quest with ID=59 | State=STARTED | Player UID=ANwBQqVVStKCILjNoABDu3SscjO3bFF-nGQjnjwyOUM=
11:05:39.956 [Expansion Quests] Create new quest instance for quest with ID=59 | Player UID=ANwBQqVVStKCILjNoABDu3SscjO3bFF-nGQjnjwyOUM=
11:05:39.961 [Expansion Quests] Check quest initialization for quest with ID=60 | State=STARTED | Player UID=ANwBQqVVStKCILjNoABDu3SscjO3bFF-nGQjnjwyOUM=
11:05:39.965 [Expansion Quests] Create new quest instance for quest with ID=60 | Player UID=ANwBQqVVStKCILjNoABDu3SscjO3bFF-nGQjnjwyOUM=
11:05:39.971 [Expansion Quests] Check quest initialization for quest with ID=61 | State=STARTED | Player UID=ANwBQqVVStKCILjNoABDu3SscjO3bFF-nGQjnjwyOUM=
11:05:39.976 [Expansion Quests] Create new quest instance for quest with ID=61 | Player UID=ANwBQqVVStKCILjNoABDu3SscjO3bFF-nGQjnjwyOUM=
11:05:40.087 [Expansion Quests] Sending ANwBQqVVStKCILjNoABDu3SscjO3bFF-nGQjnjwyOUM= quest configs to client for player with UID=ANwBQqVVStKCILjNoABDu3SscjO3bFF-nGQjnjwyOUM=
11:05:40.095 [Expansion Quests] Sending player quest data for 13 quests to player with UID=ANwBQqVVStKCILjNoABDu3SscjO3bFF-nGQjnjwyOUM=
11:05:40.114 [AI Patrol 00019] Spawning 1 Solnechny North (Guards) bots at <13112.019531, 6.004272, 7386.629883>
11:05:40.173 [AI Patrol 00019] Global patrol count: 1
11:05:40.178 [AI Patrol 00019] Global Expansion AI count: 7 alive, 0 deceased
11:05:40.183 [AI Patrol 00019] Survivor category patrol count: 1
11:05:40.188 [AI Patrol 00024] Spawning 1 Kamyshovo (Guards) bots at <11961.211914, 4.442376, 3419.867676>
11:05:40.234 [AI Patrol 00024] Global patrol count: 2
11:05:40.238 [AI Patrol 00024] Global Expansion AI count: 8 alive, 0 deceased
11:05:40.243 [AI Patrol 00024] Survivor category patrol count: 2
11:05:40.407 [AI Patrol 00023] Loaded 1 persistent Solnechny South (Infected) bots at <7685.636230, 186.294861, 13336.733398>
11:05:40.411 [AI Patrol 00023] Global patrol count: 3
11:05:40.416 [AI Patrol 00023] Global Expansion AI count: 9 alive, 0 deceased
11:05:40.421 [AI Patrol 00023] Survivor category patrol count: 3
11:05:40.524 [AI Patrol 00017] Loaded 1 persistent Berezino North-East (Guards) bots at <14008.343750, 12.890300, 13170.328125>
11:05:40.530 [AI Patrol 00017] Global patrol count: 4
11:05:40.534 [AI Patrol 00017] Global Expansion AI count: 10 alive, 0 deceased
11:05:40.540 [AI Patrol 00017] Survivor category patrol count: 4
11:05:40.699 [AI Patrol 00020] Loaded 1 persistent Berezino South-East (Lunatics) bots at <10154.569336, 258.969788, 5784.634766>
11:05:40.703 [AI Patrol 00020] Global patrol count: 5
11:05:40.708 [AI Patrol 00020] Global Expansion AI count: 11 alive, 0 deceased
11:05:40.712 [AI Patrol 00020] Survivor category patrol count: 5
11:05:40.717 [AI Patrol 00018] Spawning 1 Berezino North (Lunatics) bots at <12592.173828, 37.214073, 10401.323242>
11:05:40.742 [AI Patrol 00018] Global patrol count: 6
11:05:40.747 [AI Patrol 00018] Global Expansion AI count: 12 alive, 0 deceased
11:05:40.752 [AI Patrol 00018] Survivor category patrol count: 6
11:05:40.757 [AI Patrol 00022] Spawning 1 Solnechny (Civilian) bots at <13461.267578, 4.204414, 6486.883301>
11:05:40.797 [AI Patrol 00022] Global patrol count: 7
11:05:40.801 [AI Patrol 00022] Global Expansion AI count: 13 alive, 0 deceased
11:05:40.806 [AI Patrol 00022] Survivor category patrol count: 7
11:05:40.895 [AI Patrol 00025] Loaded 1 persistent Elektrozavodsk North-East (West) bots at <13526.154297, -0.741330, 3747.960693>
11:05:40.900 [AI Patrol 00025] Global patrol count: 8
11:05:40.905 [AI Patrol 00025] Global Expansion AI count: 14 alive, 0 deceased
11:05:40.909 [AI Patrol 00025] Survivor category patrol count: 8
11:05:41.005 [AI Patrol 00028] Loaded 1 persistent Chernogorsk East (Raiders) bots at <2231.404053, 108.588608, 3505.883545>
11:05:41.009 [AI Patrol 00028] Global patrol count: 9
11:05:41.014 [AI Patrol 00028] Global Expansion AI count: 15 alive, 0 deceased
11:05:41.019 [AI Patrol 00028] Survivor category patrol count: 9
11:05:41.024 [AI Patrol 00026] Spawning 1 Elektrozavodsk North-West (Shamans) bots at <9821.274414, 24.832726, 2194.003662>
11:05:41.064 [AI Patrol 00026] Global patrol count: 10
11:05:41.069 [AI Patrol 00026] Global Expansion AI count: 16 alive, 0 deceased
11:05:41.074 [AI Patrol 00026] Survivor category patrol count: 10
11:05:41.079 [AI Patrol 00029] Spawning 1 Prigorodki South-East (Infected) bots at <8380.115234, 6.934391, 3034.180664>
11:05:41.120 [AI Patrol 00029] Global patrol count: 11
11:05:41.125 [AI Patrol 00029] Global Expansion AI count: 17 alive, 0 deceased
11:05:41.130 [AI Patrol 00029] Survivor category patrol count: 11
11:05:41.206 [AI Patrol 00021] Loaded 1 persistent Nizhneye North-East (Guards) bots at <9778.101563, 289.559998, 8781.582031>
11:05:41.212 [AI Patrol 00021] Global patrol count: 12
11:05:41.217 [AI Patrol 00021] Global Expansion AI count: 18 alive, 0 deceased
11:05:41.222 [AI Patrol 00021] Survivor category patrol count: 12
11:05:41.228 [AI Patrol 00016] Spawning 1 Svetloyarsk South-East (Mercenaries) bots at <14286.206055, 4.740000, 13009.315430>
11:05:41.272 [AI Patrol 00016] Global patrol count: 13
11:05:41.278 [AI Patrol 00016] Global Expansion AI count: 19 alive, 0 deceased
11:05:41.282 [AI Patrol 00016] Survivor category patrol count: 13
11:05:41.390 [AI Patrol 00027] Loaded 1 persistent Elektrozavodsk West (East) bots at <12297.371094, 90.226349, 5564.752930>
11:05:41.395 [AI Patrol 00027] Global patrol count: 14
11:05:41.400 [AI Patrol 00027] Global Expansion AI count: 20 alive, 0 deceased
11:05:41.404 [AI Patrol 00027] Survivor category patrol count: 14
11:05:41.872 [Expansion Quests] - LoadGroupQuestData - Got cached group quest data for group with ID=0
11:08:26.506 [AI Patrol 00019] Despawning Solnechny North (Guards) patrol (spawn position <13112.019531, 6.004272, 7386.629883>)
11:08:26.513 [AI Patrol 00019] Global patrol count: 13
11:08:26.517 [AI Patrol 00019] Global Expansion AI count: 6 alive, 0 deceased
11:08:26.522 [AI Patrol 00019] Survivor category patrol count: 13
11:08:26.530 [AI Patrol 00024] Despawning Kamyshovo (Guards) patrol (spawn position <11961.211914, 4.442376, 3419.867676>)
11:08:26.535 [AI Patrol 00024] Global patrol count: 12
11:08:26.539 [AI Patrol 00024] Global Expansion AI count: 6 alive, 0 deceased
11:08:26.544 [AI Patrol 00024] Survivor category patrol count: 12
11:08:26.576 [AI Patrol 00023] Despawning Solnechny South (Infected) patrol (spawn position <7685.636230, 186.294861, 13336.733398>)
11:08:26.581 [AI Patrol 00023] Global patrol count: 11
11:08:26.586 [AI Patrol 00023] Global Expansion AI count: 6 alive, 0 deceased
11:08:26.591 [AI Patrol 00023] Survivor category patrol count: 11
11:08:26.662 [AI Patrol 00017] Despawning Berezino North-East (Guards) patrol (spawn position <14008.343750, 12.890300, 13170.328125>)
11:08:26.668 [AI Patrol 00017] Global patrol count: 10
11:08:26.674 [AI Patrol 00017] Global Expansion AI count: 6 alive, 0 deceased
11:08:26.679 [AI Patrol 00017] Survivor category patrol count: 10
11:08:26.761 [AI Patrol 00020] Despawning Berezino South-East (Lunatics) patrol (spawn position <10154.569336, 258.969788, 5784.634766>)
11:08:26.767 [AI Patrol 00020] Global patrol count: 9
11:08:26.772 [AI Patrol 00020] Global Expansion AI count: 6 alive, 0 deceased
11:08:26.777 [AI Patrol 00020] Survivor category patrol count: 9
11:08:26.960 [AI Patrol 00018] Despawning Berezino North (Lunatics) patrol (spawn position <12592.173828, 37.214073, 10401.323242>)
11:08:26.966 [AI Patrol 00018] Global patrol count: 8
11:08:26.972 [AI Patrol 00018] Global Expansion AI count: 6 alive, 0 deceased
11:08:26.977 [AI Patrol 00018] Survivor category patrol count: 8
11:08:26.985 [AI Patrol 00025] Despawning Elektrozavodsk North-East (West) patrol (spawn position <13526.154297, -0.741330, 3747.960693>)
11:08:26.990 [AI Patrol 00025] Global patrol count: 7
11:08:26.996 [AI Patrol 00025] Global Expansion AI count: 6 alive, 0 deceased
11:08:27.001 [AI Patrol 00025] Survivor category patrol count: 7
11:08:27.007 [AI Patrol 00022] Despawning Solnechny (Civilian) patrol (spawn position <13461.267578, 4.204414, 6486.883301>)
11:08:27.012 [AI Patrol 00022] Global patrol count: 6
11:08:27.017 [AI Patrol 00022] Global Expansion AI count: 6 alive, 0 deceased
11:08:27.022 [AI Patrol 00022] Survivor category patrol count: 6
11:08:27.033 [AI Patrol 00028] Despawning Chernogorsk East (Raiders) patrol (spawn position <2231.404053, 108.588608, 3505.883545>)
11:08:27.039 [AI Patrol 00028] Global patrol count: 5
11:08:27.044 [AI Patrol 00028] Global Expansion AI count: 6 alive, 0 deceased
11:08:27.048 [AI Patrol 00028] Survivor category patrol count: 5
11:08:27.092 [AI Patrol 00026] Despawning Elektrozavodsk North-West (Shamans) patrol (spawn position <9821.274414, 24.832726, 2194.003662>)
11:08:27.098 [AI Patrol 00026] Global patrol count: 4
11:08:27.103 [AI Patrol 00026] Global Expansion AI count: 6 alive, 0 deceased
11:08:27.109 [AI Patrol 00026] Survivor category patrol count: 4
11:08:27.116 [AI Patrol 00029] Despawning Prigorodki South-East (Infected) patrol (spawn position <8380.115234, 6.934391, 3034.180664>)
11:08:27.121 [AI Patrol 00029] Global patrol count: 3
11:08:27.126 [AI Patrol 00029] Global Expansion AI count: 6 alive, 0 deceased
11:08:27.132 [AI Patrol 00029] Survivor category patrol count: 3
11:08:27.286 [AI Patrol 00016] Despawning Svetloyarsk South-East (Mercenaries) patrol (spawn position <14286.206055, 4.740000, 13009.315430>)
11:08:27.291 [AI Patrol 00016] Global patrol count: 2
11:08:27.296 [AI Patrol 00016] Global Expansion AI count: 6 alive, 0 deceased
11:08:27.300 [AI Patrol 00016] Survivor category patrol count: 2
11:08:27.305 [AI Patrol 00021] Despawning Nizhneye North-East (Guards) patrol (spawn position <9778.101563, 289.559998, 8781.582031>)
11:08:27.309 [AI Patrol 00021] Global patrol count: 1
11:08:27.314 [AI Patrol 00021] Global Expansion AI count: 6 alive, 0 deceased
11:08:27.318 [AI Patrol 00021] Survivor category patrol count: 1
11:08:27.369 [AI Patrol 00027] Despawning Elektrozavodsk West (East) patrol (spawn position <12297.371094, 90.226349, 5564.752930>)
11:08:27.374 [AI Patrol 00027] Global patrol count: 0
11:08:27.379 [AI Patrol 00027] Global Expansion AI count: 6 alive, 0 deceased
11:08:27.384 [AI Patrol 00027] Survivor category patrol count: 0
11:08:43.576 [Expansion Quests] Added new objective data for type=TARGET | Key=ANwBQqVVStKCILjNoABDu3SscjO3bFF-nGQjnjwyOUM= | ID=88
11:08:43.658 [Expansion Quests] Updated and saved persistent player quest data for player with UID=ANwBQqVVStKCILjNoABDu3SscjO3bFF-nGQjnjwyOUM= | Quest ID=56
11:08:43.665 [Expansion Quests] Player with UID=ANwBQqVVStKCILjNoABDu3SscjO3bFF-nGQjnjwyOUM= has completed quest with ID=56
11:08:43.762 [Expansion Quests] Updated and saved persistent player quest data for player with UID=ANwBQqVVStKCILjNoABDu3SscjO3bFF-nGQjnjwyOUM= | Quest ID=56
11:08:43.768 [Expansion Quests] Added new objective data for type=TARGET | Key=ANwBQqVVStKCILjNoABDu3SscjO3bFF-nGQjnjwyOUM= | ID=89
11:08:43.860 [Expansion Quests] Updated and saved persistent player quest data for player with UID=ANwBQqVVStKCILjNoABDu3SscjO3bFF-nGQjnjwyOUM= | Quest ID=57
11:08:43.867 [Expansion Quests] Added new objective data for type=TARGET | Key=ANwBQqVVStKCILjNoABDu3SscjO3bFF-nGQjnjwyOUM= | ID=90
11:08:43.952 [Expansion Quests] Updated and saved persistent player quest data for player with UID=ANwBQqVVStKCILjNoABDu3SscjO3bFF-nGQjnjwyOUM= | Quest ID=58
11:08:48.074 [Expansion Quests] Added new objective data for type=TARGET | Key=ANwBQqVVStKCILjNoABDu3SscjO3bFF-nGQjnjwyOUM= | ID=83
11:08:48.325 [Expansion Quests] Updated and saved persistent player quest data for player with UID=ANwBQqVVStKCILjNoABDu3SscjO3bFF-nGQjnjwyOUM= | Quest ID=51
11:08:48.335 [Expansion Quests] Added new objective data for type=TARGET | Key=ANwBQqVVStKCILjNoABDu3SscjO3bFF-nGQjnjwyOUM= | ID=84
11:08:48.546 [Expansion Quests] Updated and saved persistent player quest data for player with UID=ANwBQqVVStKCILjNoABDu3SscjO3bFF-nGQjnjwyOUM= | Quest ID=52
11:08:50.422 [Expansion Quests] Added new objective data for type=TARGET | Key=ANwBQqVVStKCILjNoABDu3SscjO3bFF-nGQjnjwyOUM= | ID=83
11:08:51.079 [Expansion Quests] Updated and saved persistent player quest data for player with UID=ANwBQqVVStKCILjNoABDu3SscjO3bFF-nGQjnjwyOUM= | Quest ID=51
11:08:51.085 [Expansion Quests] Added new objective data for type=TARGET | Key=ANwBQqVVStKCILjNoABDu3SscjO3bFF-nGQjnjwyOUM= | ID=84
11:08:51.189 [Expansion Quests] Updated and saved persistent player quest data for player with UID=ANwBQqVVStKCILjNoABDu3SscjO3bFF-nGQjnjwyOUM= | Quest ID=52
11:08:52.709 [Expansion Quests] Added new objective data for type=TARGET | Key=ANwBQqVVStKCILjNoABDu3SscjO3bFF-nGQjnjwyOUM= | ID=85
11:08:53.095 [Expansion Quests] Updated and saved persistent player quest data for player with UID=ANwBQqVVStKCILjNoABDu3SscjO3bFF-nGQjnjwyOUM= | Quest ID=53
11:08:53.103 [Expansion Quests] Player with UID=ANwBQqVVStKCILjNoABDu3SscjO3bFF-nGQjnjwyOUM= has completed quest with ID=53
11:08:54.099 [Expansion Quests] Updated and saved persistent player quest data for player with UID=ANwBQqVVStKCILjNoABDu3SscjO3bFF-nGQjnjwyOUM= | Quest ID=53
11:08:54.116 [Expansion Quests] Added new objective data for type=TARGET | Key=ANwBQqVVStKCILjNoABDu3SscjO3bFF-nGQjnjwyOUM= | ID=87
11:08:54.330 [Expansion Quests] Updated and saved persistent player quest data for player with UID=ANwBQqVVStKCILjNoABDu3SscjO3bFF-nGQjnjwyOUM= | Quest ID=55
11:08:54.342 [Expansion Quests] Added new objective data for type=TARGET | Key=ANwBQqVVStKCILjNoABDu3SscjO3bFF-nGQjnjwyOUM= | ID=86
11:08:54.456 [Expansion Quests] Updated and saved persistent player quest data for player with UID=ANwBQqVVStKCILjNoABDu3SscjO3bFF-nGQjnjwyOUM= | Quest ID=54
11:08:56.554 [Expansion Quests] Added new objective data for type=TARGET | Key=ANwBQqVVStKCILjNoABDu3SscjO3bFF-nGQjnjwyOUM= | ID=87
11:08:56.796 [Expansion Quests] Updated and saved persistent player quest data for player with UID=ANwBQqVVStKCILjNoABDu3SscjO3bFF-nGQjnjwyOUM= | Quest ID=55
11:08:56.807 [Expansion Quests] Added new objective data for type=TARGET | Key=ANwBQqVVStKCILjNoABDu3SscjO3bFF-nGQjnjwyOUM= | ID=86
11:08:57.373 [Expansion Quests] Updated and saved persistent player quest data for player with UID=ANwBQqVVStKCILjNoABDu3SscjO3bFF-nGQjnjwyOUM= | Quest ID=54
11:08:57.864 [Expansion Quests] Added new objective data for type=TARGET | Key=ANwBQqVVStKCILjNoABDu3SscjO3bFF-nGQjnjwyOUM= | ID=87
11:08:58.628 [Expansion Quests] Updated and saved persistent player quest data for player with UID=ANwBQqVVStKCILjNoABDu3SscjO3bFF-nGQjnjwyOUM= | Quest ID=55
11:08:58.657 [Expansion Quests] Added new objective data for type=TARGET | Key=ANwBQqVVStKCILjNoABDu3SscjO3bFF-nGQjnjwyOUM= | ID=86
11:08:59.494 [Expansion Quests] Updated and saved persistent player quest data for player with UID=ANwBQqVVStKCILjNoABDu3SscjO3bFF-nGQjnjwyOUM= | Quest ID=54
11:09:03.176 [Expansion Quests] Added new objective data for type=TARGET | Key=ANwBQqVVStKCILjNoABDu3SscjO3bFF-nGQjnjwyOUM= | ID=87
11:09:04.047 [Expansion Quests] Updated and saved persistent player quest data for player with UID=ANwBQqVVStKCILjNoABDu3SscjO3bFF-nGQjnjwyOUM= | Quest ID=55
11:09:04.079 [Expansion Quests] Added new objective data for type=TARGET | Key=ANwBQqVVStKCILjNoABDu3SscjO3bFF-nGQjnjwyOUM= | ID=86
11:09:04.718 [Expansion Quests] Updated and saved persistent player quest data for player with UID=ANwBQqVVStKCILjNoABDu3SscjO3bFF-nGQjnjwyOUM= | Quest ID=54
11:09:06.370 [Expansion Quests] Added new objective data for type=TARGET | Key=ANwBQqVVStKCILjNoABDu3SscjO3bFF-nGQjnjwyOUM= | ID=87
11:09:07.319 [Expansion Quests] Updated and saved persistent player quest data for player with UID=ANwBQqVVStKCILjNoABDu3SscjO3bFF-nGQjnjwyOUM= | Quest ID=55
11:09:07.356 [Expansion Quests] Added new objective data for type=TARGET | Key=ANwBQqVVStKCILjNoABDu3SscjO3bFF-nGQjnjwyOUM= | ID=86
11:09:07.919 [Expansion Quests] Updated and saved persistent player quest data for player with UID=ANwBQqVVStKCILjNoABDu3SscjO3bFF-nGQjnjwyOUM= | Quest ID=54
11:09:19.193 [Expansion Quests] Added new objective data for type=TARGET | Key=ANwBQqVVStKCILjNoABDu3SscjO3bFF-nGQjnjwyOUM= | ID=89
11:09:19.312 [Expansion Quests] Updated and saved persistent player quest data for player with UID=ANwBQqVVStKCILjNoABDu3SscjO3bFF-nGQjnjwyOUM= | Quest ID=57
11:09:19.317 [Expansion Quests] Added new objective data for type=TARGET | Key=ANwBQqVVStKCILjNoABDu3SscjO3bFF-nGQjnjwyOUM= | ID=90
11:09:19.413 [Expansion Quests] Updated and saved persistent player quest data for player with UID=ANwBQqVVStKCILjNoABDu3SscjO3bFF-nGQjnjwyOUM= | Quest ID=58
11:09:21.255 [Expansion Quests] Added new objective data for type=TARGET | Key=ANwBQqVVStKCILjNoABDu3SscjO3bFF-nGQjnjwyOUM= | ID=83
11:09:21.368 [Expansion Quests] Updated and saved persistent player quest data for player with UID=ANwBQqVVStKCILjNoABDu3SscjO3bFF-nGQjnjwyOUM= | Quest ID=51
11:09:21.378 [Expansion Quests] Added new objective data for type=TARGET | Key=ANwBQqVVStKCILjNoABDu3SscjO3bFF-nGQjnjwyOUM= | ID=84
11:09:21.498 [Expansion Quests] Updated and saved persistent player quest data for player with UID=ANwBQqVVStKCILjNoABDu3SscjO3bFF-nGQjnjwyOUM= | Quest ID=52
11:09:26.423 [Expansion Quests] Added new objective data for type=TARGET | Key=ANwBQqVVStKCILjNoABDu3SscjO3bFF-nGQjnjwyOUM= | ID=83
11:09:26.594 [Expansion Quests] Updated and saved persistent player quest data for player with UID=ANwBQqVVStKCILjNoABDu3SscjO3bFF-nGQjnjwyOUM= | Quest ID=51
11:09:26.613 [Expansion Quests] Added new objective data for type=TARGET | Key=ANwBQqVVStKCILjNoABDu3SscjO3bFF-nGQjnjwyOUM= | ID=84
11:09:26.971 [Expansion Quests] Updated and saved persistent player quest data for player with UID=ANwBQqVVStKCILjNoABDu3SscjO3bFF-nGQjnjwyOUM= | Quest ID=52
11:09:29.064 [Expansion Quests] Added new objective data for type=TARGET | Key=ANwBQqVVStKCILjNoABDu3SscjO3bFF-nGQjnjwyOUM= | ID=83
11:09:29.925 [Expansion Quests] Updated and saved persistent player quest data for player with UID=ANwBQqVVStKCILjNoABDu3SscjO3bFF-nGQjnjwyOUM= | Quest ID=51
11:09:29.932 [Expansion Quests] Added new objective data for type=TARGET | Key=ANwBQqVVStKCILjNoABDu3SscjO3bFF-nGQjnjwyOUM= | ID=84
11:09:30.015 [Expansion Quests] Updated and saved persistent player quest data for player with UID=ANwBQqVVStKCILjNoABDu3SscjO3bFF-nGQjnjwyOUM= | Quest ID=52
11:09:32.526 [Expansion Quests] Added new objective data for type=TARGET | Key=ANwBQqVVStKCILjNoABDu3SscjO3bFF-nGQjnjwyOUM= | ID=83
11:09:32.675 [Expansion Quests] Updated and saved persistent player quest data for player with UID=ANwBQqVVStKCILjNoABDu3SscjO3bFF-nGQjnjwyOUM= | Quest ID=51
11:09:32.687 [Expansion Quests] Added new objective data for type=TARGET | Key=ANwBQqVVStKCILjNoABDu3SscjO3bFF-nGQjnjwyOUM= | ID=84
11:09:32.770 [Expansion Quests] Updated and saved persistent player quest data for player with UID=ANwBQqVVStKCILjNoABDu3SscjO3bFF-nGQjnjwyOUM= | Quest ID=52
11:09:39.263 [Expansion Quests] Added new objective data for type=TARGET | Key=ANwBQqVVStKCILjNoABDu3SscjO3bFF-nGQjnjwyOUM= | ID=83
11:09:39.348 [Expansion Quests] Updated and saved persistent player quest data for player with UID=ANwBQqVVStKCILjNoABDu3SscjO3bFF-nGQjnjwyOUM= | Quest ID=51
11:09:39.355 [Expansion Quests] Added new objective data for type=TARGET | Key=ANwBQqVVStKCILjNoABDu3SscjO3bFF-nGQjnjwyOUM= | ID=84
11:09:39.434 [Expansion Quests] Updated and saved persistent player quest data for player with UID=ANwBQqVVStKCILjNoABDu3SscjO3bFF-nGQjnjwyOUM= | Quest ID=52
11:09:46.869 [Expansion Quests] Added new objective data for type=TARGET | Key=ANwBQqVVStKCILjNoABDu3SscjO3bFF-nGQjnjwyOUM= | ID=87
11:09:46.948 [Expansion Quests] Updated and saved persistent player quest data for player with UID=ANwBQqVVStKCILjNoABDu3SscjO3bFF-nGQjnjwyOUM= | Quest ID=55
11:09:46.953 [Expansion Quests] Added new objective data for type=TARGET | Key=ANwBQqVVStKCILjNoABDu3SscjO3bFF-nGQjnjwyOUM= | ID=86
11:09:47.035 [Expansion Quests] Updated and saved persistent player quest data for player with UID=ANwBQqVVStKCILjNoABDu3SscjO3bFF-nGQjnjwyOUM= | Quest ID=54
11:09:55.925 [Expansion Quests] Added new objective data for type=TARGET | Key=ANwBQqVVStKCILjNoABDu3SscjO3bFF-nGQjnjwyOUM= | ID=83
11:09:56.400 [Expansion Quests] Updated and saved persistent player quest data for player with UID=ANwBQqVVStKCILjNoABDu3SscjO3bFF-nGQjnjwyOUM= | Quest ID=51
11:09:56.420 [Expansion Quests] Added new objective data for type=TARGET | Key=ANwBQqVVStKCILjNoABDu3SscjO3bFF-nGQjnjwyOUM= | ID=84
11:09:57.006 [Expansion Quests] Updated and saved persistent player quest data for player with UID=ANwBQqVVStKCILjNoABDu3SscjO3bFF-nGQjnjwyOUM= | Quest ID=52
11:10:16.611 [MissionAirdrop] An airdrop is heading towards "Novodmitrovsk" (pos=<11125.000000, 0.000000, 14040.000000> type=Random_Novodmitrovsk) with a ExpansionAirdropContainer
11:10:29.878 [Expansion Quests] Added new objective data for type=TARGET | Key=ANwBQqVVStKCILjNoABDu3SscjO3bFF-nGQjnjwyOUM= | ID=87
11:10:29.978 [Expansion Quests] Updated and saved persistent player quest data for player with UID=ANwBQqVVStKCILjNoABDu3SscjO3bFF-nGQjnjwyOUM= | Quest ID=55
11:10:29.983 [Expansion Quests] Added new objective data for type=TARGET | Key=ANwBQqVVStKCILjNoABDu3SscjO3bFF-nGQjnjwyOUM= | ID=86
11:10:30.090 [Expansion Quests] Updated and saved persistent player quest data for player with UID=ANwBQqVVStKCILjNoABDu3SscjO3bFF-nGQjnjwyOUM= | Quest ID=54
11:18:31.810 [AI Patrol 00019] Loaded 1 persistent Solnechny North (Guards) bots at <13112.019531, 6.004272, 7386.629883>
11:18:31.815 [AI Patrol 00019] Global patrol count: 1
11:18:31.821 [AI Patrol 00019] Global Expansion AI count: 8 alive, 10 deceased
11:18:31.826 [AI Patrol 00019] Survivor category patrol count: 1
11:18:31.878 [AI Patrol 00024] Loaded 1 persistent Kamyshovo (Guards) bots at <11961.211914, 4.442376, 3419.867676>
11:18:31.884 [AI Patrol 00024] Global patrol count: 2
11:18:31.888 [AI Patrol 00024] Global Expansion AI count: 9 alive, 10 deceased
11:18:31.893 [AI Patrol 00024] Survivor category patrol count: 2
11:18:32.074 [AI Patrol 00023] Loaded 1 persistent Solnechny South (Infected) bots at <7685.636230, 186.294861, 13336.733398>
11:18:32.112 [AI Patrol 00023] Global patrol count: 3
11:18:32.135 [AI Patrol 00023] Global Expansion AI count: 10 alive, 10 deceased
11:18:32.187 [AI Patrol 00023] Survivor category patrol count: 3
11:18:32.632 [AI Patrol 00017] Loaded 1 persistent Berezino North-East (Guards) bots at <14008.343750, 12.890300, 13170.328125>
11:18:32.681 [AI Patrol 00017] Global patrol count: 4
11:18:32.706 [AI Patrol 00017] Global Expansion AI count: 11 alive, 10 deceased
11:18:32.726 [AI Patrol 00017] Survivor category patrol count: 4
11:18:32.907 [AI Patrol 00025] Loaded 1 persistent Elektrozavodsk North-East (West) bots at <13526.154297, -0.741330, 3747.960693>
11:18:32.911 [AI Patrol 00025] Global patrol count: 5
11:18:32.917 [AI Patrol 00025] Global Expansion AI count: 12 alive, 10 deceased
11:18:32.921 [AI Patrol 00025] Survivor category patrol count: 5
11:18:32.927 [AI Patrol 00022] Spawning 1 Solnechny (East) bots at <13461.267578, 4.204414, 6486.883301>
11:18:32.957 [AI Patrol 00022] Global patrol count: 6
11:18:32.961 [AI Patrol 00022] Global Expansion AI count: 13 alive, 10 deceased
11:18:32.967 [AI Patrol 00022] Survivor category patrol count: 6
11:18:32.975 [AI Patrol 00018] Spawning 1 Berezino North (West) bots at <12592.173828, 37.214073, 10401.323242>
11:18:33.012 [AI Patrol 00018] Global patrol count: 7
11:18:33.017 [AI Patrol 00018] Global Expansion AI count: 14 alive, 10 deceased
11:18:33.021 [AI Patrol 00018] Survivor category patrol count: 7
11:18:33.107 [AI Patrol 00020] Loaded 1 persistent Berezino South-East (Lunatics) bots at <10154.569336, 258.969788, 5784.634766>
11:18:33.112 [AI Patrol 00020] Global patrol count: 8
11:18:33.117 [AI Patrol 00020] Global Expansion AI count: 15 alive, 10 deceased
11:18:33.122 [AI Patrol 00020] Survivor category patrol count: 8
11:18:33.197 [AI Patrol 00016] Spawning 1 Svetloyarsk South-East (Civilian) bots at <14286.206055, 4.740000, 13009.315430>
11:18:33.238 [AI Patrol 00016] Global patrol count: 9
11:18:33.243 [AI Patrol 00016] Global Expansion AI count: 16 alive, 10 deceased
11:18:33.248 [AI Patrol 00016] Survivor category patrol count: 9
11:18:33.326 [AI Patrol 00021] Loaded 1 persistent Nizhneye North-East (Guards) bots at <9778.101563, 289.559998, 8781.582031>
11:18:33.331 [AI Patrol 00021] Global patrol count: 10
11:18:33.336 [AI Patrol 00021] Global Expansion AI count: 17 alive, 10 deceased
11:18:33.341 [AI Patrol 00021] Survivor category patrol count: 10
11:18:33.346 [AI Patrol 00029] Spawning 1 Prigorodki South-East (Civilian) bots at <8380.115234, 6.934391, 3034.180664>
11:18:33.377 [AI Patrol 00029] Global patrol count: 11
11:18:33.381 [AI Patrol 00029] Global Expansion AI count: 18 alive, 10 deceased
11:18:33.385 [AI Patrol 00029] Survivor category patrol count: 11
11:18:33.390 [AI Patrol 00026] Spawning 1 Elektrozavodsk North-West (Guards) bots at <9821.274414, 24.832726, 2194.003662>
11:18:33.411 [AI Patrol 00026] Global patrol count: 12
11:18:33.415 [AI Patrol 00026] Global Expansion AI count: 19 alive, 10 deceased
11:18:33.419 [AI Patrol 00026] Survivor category patrol count: 12
11:18:33.489 [AI Patrol 00028] Loaded 1 persistent Chernogorsk East (Raiders) bots at <2231.404053, 108.588608, 3505.883545>
11:18:33.493 [AI Patrol 00028] Global patrol count: 13
11:18:33.498 [AI Patrol 00028] Global Expansion AI count: 20 alive, 10 deceased
11:18:33.502 [AI Patrol 00028] Survivor category patrol count: 13
11:18:33.674 [AI Patrol 00027] Loaded 1 persistent Elektrozavodsk West (East) bots at <12297.371094, 90.226349, 5564.752930>
11:18:33.679 [AI Patrol 00027] Global patrol count: 14
11:18:33.684 [AI Patrol 00027] Global Expansion AI count: 21 alive, 10 deceased
11:18:33.689 [AI Patrol 00027] Survivor category patrol count: 14
11:22:57.596 [Party] Player "Juts" (id=ANwBQqVVStKCILjNoABDu3SscjO3bFF-nGQjnjwyOUM=) left the party "Ratas de laboratiorio" (id=0 ownerUID=ANwBQqVVStKCILjNoABDu3SscjO3bFF-nGQjnjwyOUM= ownerName=Juto)
11:22:57.604 [Expansion Quests] Deleted quest with ID=51 is a of player with UID=ANwBQqVVStKCILjNoABDu3SscjO3bFF-nGQjnjwyOUM=.
11:22:57.609 [Expansion Quests] Deleted quest with ID=52 is a of player with UID=ANwBQqVVStKCILjNoABDu3SscjO3bFF-nGQjnjwyOUM=.
11:22:57.614 [Expansion Quests] Deleted quest with ID=54 is a of player with UID=ANwBQqVVStKCILjNoABDu3SscjO3bFF-nGQjnjwyOUM=.
11:22:57.620 [Expansion Quests] Deleted quest with ID=55 is a of player with UID=ANwBQqVVStKCILjNoABDu3SscjO3bFF-nGQjnjwyOUM=.
11:22:57.625 [Expansion Quests] Deleted quest with ID=57 is a of player with UID=ANwBQqVVStKCILjNoABDu3SscjO3bFF-nGQjnjwyOUM=.
11:22:57.633 [Expansion Quests] Deleted quest with ID=58 is a of player with UID=ANwBQqVVStKCILjNoABDu3SscjO3bFF-nGQjnjwyOUM=.
11:22:57.638 [Expansion Quests] Deleted quest with ID=59 is a of player with UID=ANwBQqVVStKCILjNoABDu3SscjO3bFF-nGQjnjwyOUM=.
11:22:57.644 [Expansion Quests] Deleted quest with ID=60 is a of player with UID=ANwBQqVVStKCILjNoABDu3SscjO3bFF-nGQjnjwyOUM=.
11:22:57.649 [Expansion Quests] Deleted quest with ID=61 is a of player with UID=ANwBQqVVStKCILjNoABDu3SscjO3bFF-nGQjnjwyOUM=.
