22:55:19.199 [Expansion Quests] Quest configuration with ID=133 is set to inactive. Skip adding config to quest system..
22:55:19.271 [Expansion Quests] Quest configuration with ID=310 is set to inactive. Skip adding config to quest system..
22:55:19.431 [Expansion Quests] Quest configuration with ID=800 is set to inactive. Skip adding config to quest system..
22:57:22.665 [Party] Player "Juto" (id=ANwBQqVVStKCILjNoABDu3SscjO3bFF-nGQjnjwyOUM=) joined the party "Ratas de laboratiorio" (id=0 ownerUID=ANwBQqVVStKCILjNoABDu3SscjO3bFF-nGQjnjwyOUM= ownerName=Juto)
22:57:22.670 [Expansion Quests] Initialize quest system on the connected client with UID=ANwBQqVVStKCILjNoABDu3SscjO3bFF-nGQjnjwyOUM=
22:57:22.707 [Expansion Quests] Loaded existing player quest data for player with UID=ANwBQqVVStKCILjNoABDu3SscjO3bFF-nGQjnjwyOUM=
22:57:22.714 [Expansion Quests] Loaded existing group quest data for group with ID=0
22:57:22.720 [Expansion Quests] Check quest initialization for quest with ID=14 | State=COMPLETED | Player UID=ANwBQqVVStKCILjNoABDu3SscjO3bFF-nGQjnjwyOUM=
22:57:22.724 [Expansion Quests] Check quest initialization for quest with ID=50 | State=COMPLETED | Player UID=ANwBQqVVStKCILjNoABDu3SscjO3bFF-nGQjnjwyOUM=
22:57:22.729 [Expansion Quests] Check quest initialization for quest with ID=51 | State=STARTED | Player UID=ANwBQqVVStKCILjNoABDu3SscjO3bFF-nGQjnjwyOUM=
22:57:22.734 [Expansion Quests] Create new quest instance for quest with ID=51 | Player UID=ANwBQqVVStKCILjNoABDu3SscjO3bFF-nGQjnjwyOUM=
22:57:22.739 [Expansion Quests] Check quest initialization for quest with ID=52 | State=STARTED | Player UID=ANwBQqVVStKCILjNoABDu3SscjO3bFF-nGQjnjwyOUM=
22:57:22.744 [Expansion Quests] Create new quest instance for quest with ID=52 | Player UID=ANwBQqVVStKCILjNoABDu3SscjO3bFF-nGQjnjwyOUM=
22:57:22.749 [Expansion Quests] Check quest initialization for quest with ID=53 | State=STARTED | Player UID=ANwBQqVVStKCILjNoABDu3SscjO3bFF-nGQjnjwyOUM=
22:57:22.754 [Expansion Quests] Create new quest instance for quest with ID=53 | Player UID=ANwBQqVVStKCILjNoABDu3SscjO3bFF-nGQjnjwyOUM=
22:57:22.759 [Expansion Quests] Check quest initialization for quest with ID=54 | State=STARTED | Player UID=ANwBQqVVStKCILjNoABDu3SscjO3bFF-nGQjnjwyOUM=
22:57:22.763 [Expansion Quests] Create new quest instance for quest with ID=54 | Player UID=ANwBQqVVStKCILjNoABDu3SscjO3bFF-nGQjnjwyOUM=
22:57:22.768 [Expansion Quests] Check quest initialization for quest with ID=55 | State=STARTED | Player UID=ANwBQqVVStKCILjNoABDu3SscjO3bFF-nGQjnjwyOUM=
22:57:22.773 [Expansion Quests] Create new quest instance for quest with ID=55 | Player UID=ANwBQqVVStKCILjNoABDu3SscjO3bFF-nGQjnjwyOUM=
22:57:22.778 [Expansion Quests] Check quest initialization for quest with ID=56 | State=STARTED | Player UID=ANwBQqVVStKCILjNoABDu3SscjO3bFF-nGQjnjwyOUM=
22:57:22.782 [Expansion Quests] Create new quest instance for quest with ID=56 | Player UID=ANwBQqVVStKCILjNoABDu3SscjO3bFF-nGQjnjwyOUM=
22:57:22.787 [Expansion Quests] Check quest initialization for quest with ID=57 | State=STARTED | Player UID=ANwBQqVVStKCILjNoABDu3SscjO3bFF-nGQjnjwyOUM=
22:57:22.792 [Expansion Quests] Create new quest instance for quest with ID=57 | Player UID=ANwBQqVVStKCILjNoABDu3SscjO3bFF-nGQjnjwyOUM=
22:57:22.797 [Expansion Quests] Check quest initialization for quest with ID=58 | State=STARTED | Player UID=ANwBQqVVStKCILjNoABDu3SscjO3bFF-nGQjnjwyOUM=
22:57:22.801 [Expansion Quests] Create new quest instance for quest with ID=58 | Player UID=ANwBQqVVStKCILjNoABDu3SscjO3bFF-nGQjnjwyOUM=
22:57:22.806 [Expansion Quests] Check quest initialization for quest with ID=59 | State=STARTED | Player UID=ANwBQqVVStKCILjNoABDu3SscjO3bFF-nGQjnjwyOUM=
22:57:22.811 [Expansion Quests] Create new quest instance for quest with ID=59 | Player UID=ANwBQqVVStKCILjNoABDu3SscjO3bFF-nGQjnjwyOUM=
22:57:22.816 [Expansion Quests] Check quest initialization for quest with ID=60 | State=STARTED | Player UID=ANwBQqVVStKCILjNoABDu3SscjO3bFF-nGQjnjwyOUM=
22:57:22.822 [Expansion Quests] Create new quest instance for quest with ID=60 | Player UID=ANwBQqVVStKCILjNoABDu3SscjO3bFF-nGQjnjwyOUM=
22:57:22.827 [Expansion Quests] Check quest initialization for quest with ID=61 | State=STARTED | Player UID=ANwBQqVVStKCILjNoABDu3SscjO3bFF-nGQjnjwyOUM=
22:57:22.831 [Expansion Quests] Create new quest instance for quest with ID=61 | Player UID=ANwBQqVVStKCILjNoABDu3SscjO3bFF-nGQjnjwyOUM=
22:57:22.836 [Expansion Quests] Check quest initialization for quest with ID=200 | State=STARTED | Player UID=ANwBQqVVStKCILjNoABDu3SscjO3bFF-nGQjnjwyOUM=
22:57:22.842 [Expansion Quests] Used quest state from persistent group data for quest with ID=200 | State=STARTED | Group ID=0
22:57:22.847 [Expansion Quests] Create new quest instance for quest with ID=200 | Player UID=ANwBQqVVStKCILjNoABDu3SscjO3bFF-nGQjnjwyOUM=
22:57:22.852 [Expansion Quests] Player is member of group with ID=0. Set group ID for quest with ID=200. Owner UID=ANwBQqVVStKCILjNoABDu3SscjO3bFF-nGQjnjwyOUM=
22:57:22.860 [Expansion Quests] Check quest initialization for quest with ID=100 | State=STARTED | Player UID=ANwBQqVVStKCILjNoABDu3SscjO3bFF-nGQjnjwyOUM=
22:57:22.865 [Expansion Quests] Create new quest instance for quest with ID=100 | Player UID=ANwBQqVVStKCILjNoABDu3SscjO3bFF-nGQjnjwyOUM=
22:57:22.869 [Expansion Quests] Check quest initialization for quest with ID=101 | State=STARTED | Player UID=ANwBQqVVStKCILjNoABDu3SscjO3bFF-nGQjnjwyOUM=
22:57:22.874 [Expansion Quests] Create new quest instance for quest with ID=101 | Player UID=ANwBQqVVStKCILjNoABDu3SscjO3bFF-nGQjnjwyOUM=
22:57:22.879 [Expansion Quests] Check quest initialization for quest with ID=103 | State=STARTED | Player UID=ANwBQqVVStKCILjNoABDu3SscjO3bFF-nGQjnjwyOUM=
22:57:22.884 [Expansion Quests] Create new quest instance for quest with ID=103 | Player UID=ANwBQqVVStKCILjNoABDu3SscjO3bFF-nGQjnjwyOUM=
22:57:22.889 [Expansion Quests] Check quest initialization for quest with ID=104 | State=STARTED | Player UID=ANwBQqVVStKCILjNoABDu3SscjO3bFF-nGQjnjwyOUM=
22:57:22.894 [Expansion Quests] Create new quest instance for quest with ID=104 | Player UID=ANwBQqVVStKCILjNoABDu3SscjO3bFF-nGQjnjwyOUM=
22:57:22.899 [Expansion Quests] Check quest initialization for quest with ID=105 | State=STARTED | Player UID=ANwBQqVVStKCILjNoABDu3SscjO3bFF-nGQjnjwyOUM=
22:57:22.904 [Expansion Quests] Create new quest instance for quest with ID=105 | Player UID=ANwBQqVVStKCILjNoABDu3SscjO3bFF-nGQjnjwyOUM=
22:57:22.908 [Expansion Quests] Check quest initialization for quest with ID=106 | State=STARTED | Player UID=ANwBQqVVStKCILjNoABDu3SscjO3bFF-nGQjnjwyOUM=
22:57:22.913 [Expansion Quests] Create new quest instance for quest with ID=106 | Player UID=ANwBQqVVStKCILjNoABDu3SscjO3bFF-nGQjnjwyOUM=
22:57:22.918 [Expansion Quests] Check quest initialization for quest with ID=107 | State=STARTED | Player UID=ANwBQqVVStKCILjNoABDu3SscjO3bFF-nGQjnjwyOUM=
22:57:22.923 [Expansion Quests] Create new quest instance for quest with ID=107 | Player UID=ANwBQqVVStKCILjNoABDu3SscjO3bFF-nGQjnjwyOUM=
22:57:22.928 [Expansion Quests] Check quest initialization for quest with ID=108 | State=STARTED | Player UID=ANwBQqVVStKCILjNoABDu3SscjO3bFF-nGQjnjwyOUM=
22:57:22.933 [Expansion Quests] Create new quest instance for quest with ID=108 | Player UID=ANwBQqVVStKCILjNoABDu3SscjO3bFF-nGQjnjwyOUM=
22:57:22.938 [Expansion Quests] Check quest initialization for quest with ID=109 | State=STARTED | Player UID=ANwBQqVVStKCILjNoABDu3SscjO3bFF-nGQjnjwyOUM=
22:57:22.943 [Expansion Quests] Create new quest instance for quest with ID=109 | Player UID=ANwBQqVVStKCILjNoABDu3SscjO3bFF-nGQjnjwyOUM=
22:57:22.948 [Expansion Quests] Check quest initialization for quest with ID=110 | State=STARTED | Player UID=ANwBQqVVStKCILjNoABDu3SscjO3bFF-nGQjnjwyOUM=
22:57:22.953 [Expansion Quests] Create new quest instance for quest with ID=110 | Player UID=ANwBQqVVStKCILjNoABDu3SscjO3bFF-nGQjnjwyOUM=
22:57:22.957 [Expansion Quests] Check quest initialization for quest with ID=111 | State=STARTED | Player UID=ANwBQqVVStKCILjNoABDu3SscjO3bFF-nGQjnjwyOUM=
22:57:22.961 [Expansion Quests] Create new quest instance for quest with ID=111 | Player UID=ANwBQqVVStKCILjNoABDu3SscjO3bFF-nGQjnjwyOUM=
22:57:22.966 [Expansion Quests] Check quest initialization for quest with ID=112 | State=STARTED | Player UID=ANwBQqVVStKCILjNoABDu3SscjO3bFF-nGQjnjwyOUM=
22:57:22.970 [Expansion Quests] Create new quest instance for quest with ID=112 | Player UID=ANwBQqVVStKCILjNoABDu3SscjO3bFF-nGQjnjwyOUM=
22:57:22.975 [Expansion Quests] Check quest initialization for quest with ID=113 | State=STARTED | Player UID=ANwBQqVVStKCILjNoABDu3SscjO3bFF-nGQjnjwyOUM=
22:57:22.980 [Expansion Quests] Create new quest instance for quest with ID=113 | Player UID=ANwBQqVVStKCILjNoABDu3SscjO3bFF-nGQjnjwyOUM=
22:57:22.985 [Expansion Quests] Check quest initialization for quest with ID=114 | State=STARTED | Player UID=ANwBQqVVStKCILjNoABDu3SscjO3bFF-nGQjnjwyOUM=
22:57:22.989 [Expansion Quests] Create new quest instance for quest with ID=114 | Player UID=ANwBQqVVStKCILjNoABDu3SscjO3bFF-nGQjnjwyOUM=
22:57:22.994 [Expansion Quests] Check quest initialization for quest with ID=115 | State=STARTED | Player UID=ANwBQqVVStKCILjNoABDu3SscjO3bFF-nGQjnjwyOUM=
22:57:22.999 [Expansion Quests] Create new quest instance for quest with ID=115 | Player UID=ANwBQqVVStKCILjNoABDu3SscjO3bFF-nGQjnjwyOUM=
22:57:23.005 [Expansion Quests] Check quest initialization for quest with ID=116 | State=STARTED | Player UID=ANwBQqVVStKCILjNoABDu3SscjO3bFF-nGQjnjwyOUM=
22:57:23.009 [Expansion Quests] Create new quest instance for quest with ID=116 | Player UID=ANwBQqVVStKCILjNoABDu3SscjO3bFF-nGQjnjwyOUM=
22:57:23.015 [Expansion Quests] Check quest initialization for quest with ID=117 | State=STARTED | Player UID=ANwBQqVVStKCILjNoABDu3SscjO3bFF-nGQjnjwyOUM=
22:57:23.019 [Expansion Quests] Create new quest instance for quest with ID=117 | Player UID=ANwBQqVVStKCILjNoABDu3SscjO3bFF-nGQjnjwyOUM=
22:57:23.024 [Expansion Quests] Check quest initialization for quest with ID=118 | State=STARTED | Player UID=ANwBQqVVStKCILjNoABDu3SscjO3bFF-nGQjnjwyOUM=
22:57:23.029 [Expansion Quests] Create new quest instance for quest with ID=118 | Player UID=ANwBQqVVStKCILjNoABDu3SscjO3bFF-nGQjnjwyOUM=
22:57:23.033 [Expansion Quests] Check quest initialization for quest with ID=119 | State=STARTED | Player UID=ANwBQqVVStKCILjNoABDu3SscjO3bFF-nGQjnjwyOUM=
22:57:23.037 [Expansion Quests] Create new quest instance for quest with ID=119 | Player UID=ANwBQqVVStKCILjNoABDu3SscjO3bFF-nGQjnjwyOUM=
22:57:23.042 [Expansion Quests] Check quest initialization for quest with ID=120 | State=STARTED | Player UID=ANwBQqVVStKCILjNoABDu3SscjO3bFF-nGQjnjwyOUM=
22:57:23.046 [Expansion Quests] Create new quest instance for quest with ID=120 | Player UID=ANwBQqVVStKCILjNoABDu3SscjO3bFF-nGQjnjwyOUM=
22:57:23.050 [Expansion Quests] Check quest initialization for quest with ID=121 | State=STARTED | Player UID=ANwBQqVVStKCILjNoABDu3SscjO3bFF-nGQjnjwyOUM=
22:57:23.055 [Expansion Quests] Create new quest instance for quest with ID=121 | Player UID=ANwBQqVVStKCILjNoABDu3SscjO3bFF-nGQjnjwyOUM=
22:57:23.059 [Expansion Quests] Check quest initialization for quest with ID=122 | State=STARTED | Player UID=ANwBQqVVStKCILjNoABDu3SscjO3bFF-nGQjnjwyOUM=
22:57:23.063 [Expansion Quests] Create new quest instance for quest with ID=122 | Player UID=ANwBQqVVStKCILjNoABDu3SscjO3bFF-nGQjnjwyOUM=
22:57:23.068 [Expansion Quests] Check quest initialization for quest with ID=123 | State=STARTED | Player UID=ANwBQqVVStKCILjNoABDu3SscjO3bFF-nGQjnjwyOUM=
22:57:23.072 [Expansion Quests] Create new quest instance for quest with ID=123 | Player UID=ANwBQqVVStKCILjNoABDu3SscjO3bFF-nGQjnjwyOUM=
22:57:23.077 [Expansion Quests] Check quest initialization for quest with ID=124 | State=STARTED | Player UID=ANwBQqVVStKCILjNoABDu3SscjO3bFF-nGQjnjwyOUM=
22:57:23.081 [Expansion Quests] Create new quest instance for quest with ID=124 | Player UID=ANwBQqVVStKCILjNoABDu3SscjO3bFF-nGQjnjwyOUM=
22:57:23.306 [Expansion Quests] Sending ANwBQqVVStKCILjNoABDu3SscjO3bFF-nGQjnjwyOUM= quest configs to client for player with UID=ANwBQqVVStKCILjNoABDu3SscjO3bFF-nGQjnjwyOUM=
22:57:23.312 [Expansion Quests] Sending player quest data for 38 quests to player with UID=ANwBQqVVStKCILjNoABDu3SscjO3bFF-nGQjnjwyOUM=
22:57:23.323 [AI Patrol 00032] Spawning 1 Elektrozavodsk North-West (Lunatics) bots at <9821.274414, 24.832726, 2194.003662>
22:57:23.354 [AI Patrol 00032] Global patrol count: 1
22:57:23.358 [AI Patrol 00032] Global Expansion AI count: 9 alive, 0 deceased
22:57:23.363 [AI Patrol 00032] Survivor category patrol count: 1
22:57:23.369 [AI Patrol 00035] Spawning 1 Chernogorsk (Civilian) bots at <6063.018555, 7.998339, 1931.907227>
22:57:23.406 [AI Patrol 00035] Global patrol count: 2
22:57:23.411 [AI Patrol 00035] Global Expansion AI count: 10 alive, 0 deceased
22:57:23.415 [AI Patrol 00035] Survivor category patrol count: 2
22:57:23.421 [AI Patrol 00028] Spawning 1 Solnechny (East) bots at <13417.739258, 4.195276, 6596.556152>
22:57:23.460 [AI Patrol 00028] Global patrol count: 3
22:57:23.464 [AI Patrol 00028] Global Expansion AI count: 11 alive, 0 deceased
22:57:23.469 [AI Patrol 00028] Survivor category patrol count: 3
22:57:23.475 [AI Patrol 00027] Spawning 1 Nizhneye North-East (West) bots at <13032.474609, 5.755975, 8110.518066>
22:57:23.514 [AI Patrol 00027] Global patrol count: 4
22:57:23.518 [AI Patrol 00027] Global Expansion AI count: 12 alive, 0 deceased
22:57:23.523 [AI Patrol 00027] Survivor category patrol count: 4
22:57:23.528 [AI Patrol 00034] Spawning 1 Prigorodki South-East (Civilian) bots at <8207.115234, 6.090119, 3115.650635>
22:57:23.567 [AI Patrol 00034] Global patrol count: 5
22:57:23.572 [AI Patrol 00034] Global Expansion AI count: 13 alive, 0 deceased
22:57:23.577 [AI Patrol 00034] Survivor category patrol count: 5
22:57:23.583 [AI Patrol 00033] Spawning 1 Chernogorsk East (Shamans) bots at <8747.670898, 6.937114, 2357.187012>
22:57:23.615 [AI Patrol 00033] Global patrol count: 6
22:57:23.620 [AI Patrol 00033] Global Expansion AI count: 14 alive, 0 deceased
22:57:23.625 [AI Patrol 00033] Survivor category patrol count: 6
22:57:23.630 [AI Patrol 00024] Spawning 1 Berezino North (Infected) bots at <12592.173828, 37.214073, 10401.323242>
22:57:23.671 [AI Patrol 00024] Global patrol count: 7
22:57:23.676 [AI Patrol 00024] Global Expansion AI count: 15 alive, 0 deceased
22:57:23.680 [AI Patrol 00024] Survivor category patrol count: 7
22:57:23.685 [AI Patrol 00030] Spawning 1 Kamyshovo (West) bots at <11830.744141, 4.614420, 3400.428955>
22:57:23.723 [AI Patrol 00030] Global patrol count: 8
22:57:23.728 [AI Patrol 00030] Global Expansion AI count: 16 alive, 0 deceased
22:57:23.732 [AI Patrol 00030] Survivor category patrol count: 8
22:57:23.737 [AI Patrol 00025] Spawning 1 Solnechny North (Mercenaries) bots at <13229.572266, 6.913518, 6980.329102>
22:57:23.769 [AI Patrol 00025] Global patrol count: 9
22:57:23.774 [AI Patrol 00025] Global Expansion AI count: 17 alive, 0 deceased
22:57:23.779 [AI Patrol 00025] Survivor category patrol count: 9
22:57:23.784 [AI Patrol 00031] Spawning 1 Elektrozavodsk North-East (Civilian) bots at <10984.605469, 6.000000, 2750.329102>
22:57:23.810 [AI Patrol 00031] Global patrol count: 10
22:57:23.815 [AI Patrol 00031] Global Expansion AI count: 18 alive, 0 deceased
22:57:23.819 [AI Patrol 00031] Survivor category patrol count: 10
22:57:23.824 [AI Patrol 00026] Spawning 1 Berezino South-East (Shamans) bots at <12640.781250, 6.000000, 9450.762695>
22:57:23.852 [AI Patrol 00026] Global patrol count: 11
22:57:23.856 [AI Patrol 00026] Global Expansion AI count: 19 alive, 0 deceased
22:57:23.861 [AI Patrol 00026] Survivor category patrol count: 11
22:57:23.921 [Expansion Quests] Added new objective data for type=TRAVEL | Key=0 | ID=1
22:57:23.926 [Expansion Quests] Added new objective data for type=AICAMP | Key=0 | ID=1
22:57:23.945 [Expansion Quests] Updated and saved persistent quest data for group with ID=0 | Quest ID=200
22:57:23.950 [Expansion Quests] Added new objective data for type=TRAVEL | Key=ANwBQqVVStKCILjNoABDu3SscjO3bFF-nGQjnjwyOUM= | ID=1
22:57:23.954 [Expansion Quests] Added new objective data for type=AICAMP | Key=ANwBQqVVStKCILjNoABDu3SscjO3bFF-nGQjnjwyOUM= | ID=1
22:57:24.184 [Expansion Quests] Updated and saved persistent player quest data for group member with UID=ANwBQqVVStKCILjNoABDu3SscjO3bFF-nGQjnjwyOUM= | Group ID=ANwBQqVVStKCILjNoABDu3SscjO3bFF-nGQjnjwyOUM= | Quest ID=200
22:57:24.343 [Expansion Quests] - LoadGroupQuestData - Got cached group quest data for group with ID=0
22:57:24.349 [Expansion Quests] Added new objective data for type=TRAVEL | Key=ANwBQqVVStKCILjNoABDu3SscjO3bFF-nGQjnjwyOUM= | ID=1
22:57:24.354 [Expansion Quests] Added new objective data for type=AICAMP | Key=ANwBQqVVStKCILjNoABDu3SscjO3bFF-nGQjnjwyOUM= | ID=1
22:57:34.104 [SpawnSelection] Player "Juto" (id=ANwBQqVVStKCILjNoABDu3SscjO3bFF-nGQjnjwyOUM=) spawned at <11099.068359, 2.297676, 2735.562500>
22:57:34.963 [AI Patrol 00029] Spawning 1 Solnechny South (Guards) bots at <13481.660156, 4.971791, 6116.072266>
22:57:34.991 [AI Patrol 00029] Global patrol count: 12
22:57:34.995 [AI Patrol 00029] Global Expansion AI count: 20 alive, 0 deceased
22:57:35.000 [AI Patrol 00029] Survivor category patrol count: 12
22:59:23.454 [Expansion Quests] Initialize quest system on the connected client with UID=RtfYOYlH1-UQIr5-dCP4WXazcchC6u6wDXef5qFUQ1g=
22:59:23.675 [Expansion Quests] Loaded existing player quest data for player with UID=RtfYOYlH1-UQIr5-dCP4WXazcchC6u6wDXef5qFUQ1g=
22:59:23.680 [Expansion Quests] Check quest initialization for quest with ID=14 | State=STARTED | Player UID=RtfYOYlH1-UQIr5-dCP4WXazcchC6u6wDXef5qFUQ1g=
22:59:23.685 [Expansion Quests] Create new quest instance for quest with ID=14 | Player UID=RtfYOYlH1-UQIr5-dCP4WXazcchC6u6wDXef5qFUQ1g=
22:59:23.690 [Expansion Quests] Check quest initialization for quest with ID=50 | State=COMPLETED | Player UID=RtfYOYlH1-UQIr5-dCP4WXazcchC6u6wDXef5qFUQ1g=
22:59:23.695 [Expansion Quests] Check quest initialization for quest with ID=51 | State=STARTED | Player UID=RtfYOYlH1-UQIr5-dCP4WXazcchC6u6wDXef5qFUQ1g=
22:59:23.699 [Expansion Quests] Create new quest instance for quest with ID=51 | Player UID=RtfYOYlH1-UQIr5-dCP4WXazcchC6u6wDXef5qFUQ1g=
22:59:23.704 [Expansion Quests] Check quest initialization for quest with ID=52 | State=STARTED | Player UID=RtfYOYlH1-UQIr5-dCP4WXazcchC6u6wDXef5qFUQ1g=
22:59:23.709 [Expansion Quests] Create new quest instance for quest with ID=52 | Player UID=RtfYOYlH1-UQIr5-dCP4WXazcchC6u6wDXef5qFUQ1g=
22:59:23.714 [Expansion Quests] Check quest initialization for quest with ID=53 | State=STARTED | Player UID=RtfYOYlH1-UQIr5-dCP4WXazcchC6u6wDXef5qFUQ1g=
22:59:23.718 [Expansion Quests] Create new quest instance for quest with ID=53 | Player UID=RtfYOYlH1-UQIr5-dCP4WXazcchC6u6wDXef5qFUQ1g=
22:59:23.723 [Expansion Quests] Check quest initialization for quest with ID=54 | State=STARTED | Player UID=RtfYOYlH1-UQIr5-dCP4WXazcchC6u6wDXef5qFUQ1g=
22:59:23.727 [Expansion Quests] Create new quest instance for quest with ID=54 | Player UID=RtfYOYlH1-UQIr5-dCP4WXazcchC6u6wDXef5qFUQ1g=
22:59:23.732 [Expansion Quests] Check quest initialization for quest with ID=55 | State=STARTED | Player UID=RtfYOYlH1-UQIr5-dCP4WXazcchC6u6wDXef5qFUQ1g=
22:59:23.736 [Expansion Quests] Create new quest instance for quest with ID=55 | Player UID=RtfYOYlH1-UQIr5-dCP4WXazcchC6u6wDXef5qFUQ1g=
22:59:23.741 [Expansion Quests] Check quest initialization for quest with ID=56 | State=STARTED | Player UID=RtfYOYlH1-UQIr5-dCP4WXazcchC6u6wDXef5qFUQ1g=
22:59:23.745 [Expansion Quests] Create new quest instance for quest with ID=56 | Player UID=RtfYOYlH1-UQIr5-dCP4WXazcchC6u6wDXef5qFUQ1g=
22:59:23.750 [Expansion Quests] Check quest initialization for quest with ID=57 | State=STARTED | Player UID=RtfYOYlH1-UQIr5-dCP4WXazcchC6u6wDXef5qFUQ1g=
22:59:23.755 [Expansion Quests] Create new quest instance for quest with ID=57 | Player UID=RtfYOYlH1-UQIr5-dCP4WXazcchC6u6wDXef5qFUQ1g=
22:59:23.759 [Expansion Quests] Check quest initialization for quest with ID=58 | State=STARTED | Player UID=RtfYOYlH1-UQIr5-dCP4WXazcchC6u6wDXef5qFUQ1g=
22:59:23.764 [Expansion Quests] Create new quest instance for quest with ID=58 | Player UID=RtfYOYlH1-UQIr5-dCP4WXazcchC6u6wDXef5qFUQ1g=
22:59:23.769 [Expansion Quests] Check quest initialization for quest with ID=59 | State=STARTED | Player UID=RtfYOYlH1-UQIr5-dCP4WXazcchC6u6wDXef5qFUQ1g=
22:59:23.774 [Expansion Quests] Create new quest instance for quest with ID=59 | Player UID=RtfYOYlH1-UQIr5-dCP4WXazcchC6u6wDXef5qFUQ1g=
22:59:23.778 [Expansion Quests] Check quest initialization for quest with ID=60 | State=STARTED | Player UID=RtfYOYlH1-UQIr5-dCP4WXazcchC6u6wDXef5qFUQ1g=
22:59:23.783 [Expansion Quests] Create new quest instance for quest with ID=60 | Player UID=RtfYOYlH1-UQIr5-dCP4WXazcchC6u6wDXef5qFUQ1g=
22:59:23.787 [Expansion Quests] Check quest initialization for quest with ID=61 | State=STARTED | Player UID=RtfYOYlH1-UQIr5-dCP4WXazcchC6u6wDXef5qFUQ1g=
22:59:23.792 [Expansion Quests] Create new quest instance for quest with ID=61 | Player UID=RtfYOYlH1-UQIr5-dCP4WXazcchC6u6wDXef5qFUQ1g=
22:59:23.797 [Expansion Quests] Check quest initialization for quest with ID=100 | State=STARTED | Player UID=RtfYOYlH1-UQIr5-dCP4WXazcchC6u6wDXef5qFUQ1g=
22:59:23.801 [Expansion Quests] Create new quest instance for quest with ID=100 | Player UID=RtfYOYlH1-UQIr5-dCP4WXazcchC6u6wDXef5qFUQ1g=
22:59:23.806 [Expansion Quests] Check quest initialization for quest with ID=101 | State=STARTED | Player UID=RtfYOYlH1-UQIr5-dCP4WXazcchC6u6wDXef5qFUQ1g=
22:59:23.810 [Expansion Quests] Create new quest instance for quest with ID=101 | Player UID=RtfYOYlH1-UQIr5-dCP4WXazcchC6u6wDXef5qFUQ1g=
22:59:23.815 [Expansion Quests] Check quest initialization for quest with ID=103 | State=STARTED | Player UID=RtfYOYlH1-UQIr5-dCP4WXazcchC6u6wDXef5qFUQ1g=
22:59:23.819 [Expansion Quests] Create new quest instance for quest with ID=103 | Player UID=RtfYOYlH1-UQIr5-dCP4WXazcchC6u6wDXef5qFUQ1g=
22:59:23.823 [Expansion Quests] Check quest initialization for quest with ID=104 | State=STARTED | Player UID=RtfYOYlH1-UQIr5-dCP4WXazcchC6u6wDXef5qFUQ1g=
22:59:23.828 [Expansion Quests] Create new quest instance for quest with ID=104 | Player UID=RtfYOYlH1-UQIr5-dCP4WXazcchC6u6wDXef5qFUQ1g=
22:59:23.832 [Expansion Quests] Check quest initialization for quest with ID=105 | State=STARTED | Player UID=RtfYOYlH1-UQIr5-dCP4WXazcchC6u6wDXef5qFUQ1g=
22:59:23.836 [Expansion Quests] Create new quest instance for quest with ID=105 | Player UID=RtfYOYlH1-UQIr5-dCP4WXazcchC6u6wDXef5qFUQ1g=
22:59:23.841 [Expansion Quests] Check quest initialization for quest with ID=106 | State=STARTED | Player UID=RtfYOYlH1-UQIr5-dCP4WXazcchC6u6wDXef5qFUQ1g=
22:59:23.846 [Expansion Quests] Create new quest instance for quest with ID=106 | Player UID=RtfYOYlH1-UQIr5-dCP4WXazcchC6u6wDXef5qFUQ1g=
22:59:23.851 [Expansion Quests] Check quest initialization for quest with ID=107 | State=STARTED | Player UID=RtfYOYlH1-UQIr5-dCP4WXazcchC6u6wDXef5qFUQ1g=
22:59:23.855 [Expansion Quests] Create new quest instance for quest with ID=107 | Player UID=RtfYOYlH1-UQIr5-dCP4WXazcchC6u6wDXef5qFUQ1g=
22:59:23.859 [Expansion Quests] Check quest initialization for quest with ID=108 | State=STARTED | Player UID=RtfYOYlH1-UQIr5-dCP4WXazcchC6u6wDXef5qFUQ1g=
22:59:23.864 [Expansion Quests] Create new quest instance for quest with ID=108 | Player UID=RtfYOYlH1-UQIr5-dCP4WXazcchC6u6wDXef5qFUQ1g=
22:59:23.869 [Expansion Quests] Check quest initialization for quest with ID=109 | State=STARTED | Player UID=RtfYOYlH1-UQIr5-dCP4WXazcchC6u6wDXef5qFUQ1g=
22:59:23.873 [Expansion Quests] Create new quest instance for quest with ID=109 | Player UID=RtfYOYlH1-UQIr5-dCP4WXazcchC6u6wDXef5qFUQ1g=
22:59:23.878 [Expansion Quests] Check quest initialization for quest with ID=110 | State=STARTED | Player UID=RtfYOYlH1-UQIr5-dCP4WXazcchC6u6wDXef5qFUQ1g=
22:59:23.882 [Expansion Quests] Create new quest instance for quest with ID=110 | Player UID=RtfYOYlH1-UQIr5-dCP4WXazcchC6u6wDXef5qFUQ1g=
22:59:23.886 [Expansion Quests] Check quest initialization for quest with ID=111 | State=STARTED | Player UID=RtfYOYlH1-UQIr5-dCP4WXazcchC6u6wDXef5qFUQ1g=
22:59:23.890 [Expansion Quests] Create new quest instance for quest with ID=111 | Player UID=RtfYOYlH1-UQIr5-dCP4WXazcchC6u6wDXef5qFUQ1g=
22:59:23.895 [Expansion Quests] Check quest initialization for quest with ID=112 | State=STARTED | Player UID=RtfYOYlH1-UQIr5-dCP4WXazcchC6u6wDXef5qFUQ1g=
22:59:23.900 [Expansion Quests] Create new quest instance for quest with ID=112 | Player UID=RtfYOYlH1-UQIr5-dCP4WXazcchC6u6wDXef5qFUQ1g=
22:59:23.907 [Expansion Quests] Check quest initialization for quest with ID=113 | State=STARTED | Player UID=RtfYOYlH1-UQIr5-dCP4WXazcchC6u6wDXef5qFUQ1g=
22:59:23.911 [Expansion Quests] Create new quest instance for quest with ID=113 | Player UID=RtfYOYlH1-UQIr5-dCP4WXazcchC6u6wDXef5qFUQ1g=
22:59:23.916 [Expansion Quests] Check quest initialization for quest with ID=114 | State=STARTED | Player UID=RtfYOYlH1-UQIr5-dCP4WXazcchC6u6wDXef5qFUQ1g=
22:59:23.920 [Expansion Quests] Create new quest instance for quest with ID=114 | Player UID=RtfYOYlH1-UQIr5-dCP4WXazcchC6u6wDXef5qFUQ1g=
22:59:23.925 [Expansion Quests] Check quest initialization for quest with ID=115 | State=STARTED | Player UID=RtfYOYlH1-UQIr5-dCP4WXazcchC6u6wDXef5qFUQ1g=
22:59:23.929 [Expansion Quests] Create new quest instance for quest with ID=115 | Player UID=RtfYOYlH1-UQIr5-dCP4WXazcchC6u6wDXef5qFUQ1g=
22:59:23.934 [Expansion Quests] Check quest initialization for quest with ID=116 | State=STARTED | Player UID=RtfYOYlH1-UQIr5-dCP4WXazcchC6u6wDXef5qFUQ1g=
22:59:23.939 [Expansion Quests] Create new quest instance for quest with ID=116 | Player UID=RtfYOYlH1-UQIr5-dCP4WXazcchC6u6wDXef5qFUQ1g=
22:59:23.943 [Expansion Quests] Check quest initialization for quest with ID=117 | State=STARTED | Player UID=RtfYOYlH1-UQIr5-dCP4WXazcchC6u6wDXef5qFUQ1g=
22:59:23.948 [Expansion Quests] Create new quest instance for quest with ID=117 | Player UID=RtfYOYlH1-UQIr5-dCP4WXazcchC6u6wDXef5qFUQ1g=
22:59:23.953 [Expansion Quests] Check quest initialization for quest with ID=118 | State=STARTED | Player UID=RtfYOYlH1-UQIr5-dCP4WXazcchC6u6wDXef5qFUQ1g=
22:59:23.957 [Expansion Quests] Create new quest instance for quest with ID=118 | Player UID=RtfYOYlH1-UQIr5-dCP4WXazcchC6u6wDXef5qFUQ1g=
22:59:23.962 [Expansion Quests] Check quest initialization for quest with ID=119 | State=STARTED | Player UID=RtfYOYlH1-UQIr5-dCP4WXazcchC6u6wDXef5qFUQ1g=
22:59:23.966 [Expansion Quests] Create new quest instance for quest with ID=119 | Player UID=RtfYOYlH1-UQIr5-dCP4WXazcchC6u6wDXef5qFUQ1g=
22:59:23.971 [Expansion Quests] Check quest initialization for quest with ID=120 | State=STARTED | Player UID=RtfYOYlH1-UQIr5-dCP4WXazcchC6u6wDXef5qFUQ1g=
22:59:23.976 [Expansion Quests] Create new quest instance for quest with ID=120 | Player UID=RtfYOYlH1-UQIr5-dCP4WXazcchC6u6wDXef5qFUQ1g=
22:59:23.980 [Expansion Quests] Check quest initialization for quest with ID=121 | State=STARTED | Player UID=RtfYOYlH1-UQIr5-dCP4WXazcchC6u6wDXef5qFUQ1g=
22:59:23.985 [Expansion Quests] Create new quest instance for quest with ID=121 | Player UID=RtfYOYlH1-UQIr5-dCP4WXazcchC6u6wDXef5qFUQ1g=
22:59:23.989 [Expansion Quests] Check quest initialization for quest with ID=122 | State=STARTED | Player UID=RtfYOYlH1-UQIr5-dCP4WXazcchC6u6wDXef5qFUQ1g=
22:59:23.993 [Expansion Quests] Create new quest instance for quest with ID=122 | Player UID=RtfYOYlH1-UQIr5-dCP4WXazcchC6u6wDXef5qFUQ1g=
22:59:23.998 [Expansion Quests] Check quest initialization for quest with ID=123 | State=STARTED | Player UID=RtfYOYlH1-UQIr5-dCP4WXazcchC6u6wDXef5qFUQ1g=
22:59:24.002 [Expansion Quests] Create new quest instance for quest with ID=123 | Player UID=RtfYOYlH1-UQIr5-dCP4WXazcchC6u6wDXef5qFUQ1g=
22:59:24.008 [Expansion Quests] Check quest initialization for quest with ID=124 | State=STARTED | Player UID=RtfYOYlH1-UQIr5-dCP4WXazcchC6u6wDXef5qFUQ1g=
22:59:24.012 [Expansion Quests] Create new quest instance for quest with ID=124 | Player UID=RtfYOYlH1-UQIr5-dCP4WXazcchC6u6wDXef5qFUQ1g=
22:59:24.214 [Expansion Quests] Sending RtfYOYlH1-UQIr5-dCP4WXazcchC6u6wDXef5qFUQ1g= quest configs to client for player with UID=RtfYOYlH1-UQIr5-dCP4WXazcchC6u6wDXef5qFUQ1g=
22:59:24.220 [Expansion Quests] Sending player quest data for 37 quests to player with UID=RtfYOYlH1-UQIr5-dCP4WXazcchC6u6wDXef5qFUQ1g=
22:59:24.458 [Expansion Quests] Added new objective data for type=TRAVEL | Key=RtfYOYlH1-UQIr5-dCP4WXazcchC6u6wDXef5qFUQ1g= | ID=3
22:59:26.220 [Expansion Quests] Updated and saved persistent player quest data for player with UID=RtfYOYlH1-UQIr5-dCP4WXazcchC6u6wDXef5qFUQ1g= | Quest ID=14
22:59:30.883 [SpawnSelection] Player "Survivor" (id=RtfYOYlH1-UQIr5-dCP4WXazcchC6u6wDXef5qFUQ1g=) spawned at <4543.990723, 1.901639, 2198.166260>
23:00:43.634 [Expansion Quests] Added new objective data for type=TARGET | Key=ANwBQqVVStKCILjNoABDu3SscjO3bFF-nGQjnjwyOUM= | ID=83
23:00:43.894 [Expansion Quests] Updated and saved persistent player quest data for player with UID=ANwBQqVVStKCILjNoABDu3SscjO3bFF-nGQjnjwyOUM= | Quest ID=51
23:00:43.901 [Expansion Quests] Added new objective data for type=TARGET | Key=ANwBQqVVStKCILjNoABDu3SscjO3bFF-nGQjnjwyOUM= | ID=84
23:00:44.163 [Expansion Quests] Updated and saved persistent player quest data for player with UID=ANwBQqVVStKCILjNoABDu3SscjO3bFF-nGQjnjwyOUM= | Quest ID=52
23:01:09.071 [Expansion Quests] Added new objective data for type=TARGET | Key=ANwBQqVVStKCILjNoABDu3SscjO3bFF-nGQjnjwyOUM= | ID=83
23:01:09.289 [Expansion Quests] Updated and saved persistent player quest data for player with UID=ANwBQqVVStKCILjNoABDu3SscjO3bFF-nGQjnjwyOUM= | Quest ID=51
23:01:09.296 [Expansion Quests] Added new objective data for type=TARGET | Key=ANwBQqVVStKCILjNoABDu3SscjO3bFF-nGQjnjwyOUM= | ID=84
23:01:09.523 [Expansion Quests] Updated and saved persistent player quest data for player with UID=ANwBQqVVStKCILjNoABDu3SscjO3bFF-nGQjnjwyOUM= | Quest ID=52
23:01:17.931 [Expansion Quests] Added new objective data for type=TARGET | Key=RtfYOYlH1-UQIr5-dCP4WXazcchC6u6wDXef5qFUQ1g= | ID=83
23:01:18.160 [Expansion Quests] Updated and saved persistent player quest data for player with UID=RtfYOYlH1-UQIr5-dCP4WXazcchC6u6wDXef5qFUQ1g= | Quest ID=51
23:01:18.166 [Expansion Quests] Added new objective data for type=TARGET | Key=RtfYOYlH1-UQIr5-dCP4WXazcchC6u6wDXef5qFUQ1g= | ID=84
23:01:18.395 [Expansion Quests] Updated and saved persistent player quest data for player with UID=RtfYOYlH1-UQIr5-dCP4WXazcchC6u6wDXef5qFUQ1g= | Quest ID=52
23:01:32.153 [Expansion Quests] Added new objective data for type=TARGET | Key=RtfYOYlH1-UQIr5-dCP4WXazcchC6u6wDXef5qFUQ1g= | ID=83
23:01:32.382 [Expansion Quests] Updated and saved persistent player quest data for player with UID=RtfYOYlH1-UQIr5-dCP4WXazcchC6u6wDXef5qFUQ1g= | Quest ID=51
23:01:32.388 [Expansion Quests] Added new objective data for type=TARGET | Key=RtfYOYlH1-UQIr5-dCP4WXazcchC6u6wDXef5qFUQ1g= | ID=84
23:01:32.673 [Expansion Quests] Updated and saved persistent player quest data for player with UID=RtfYOYlH1-UQIr5-dCP4WXazcchC6u6wDXef5qFUQ1g= | Quest ID=52
23:01:33.878 [Expansion Quests] Added new objective data for type=TARGET | Key=ANwBQqVVStKCILjNoABDu3SscjO3bFF-nGQjnjwyOUM= | ID=83
23:01:34.137 [Expansion Quests] Updated and saved persistent player quest data for player with UID=ANwBQqVVStKCILjNoABDu3SscjO3bFF-nGQjnjwyOUM= | Quest ID=51
23:01:34.144 [Expansion Quests] Added new objective data for type=TARGET | Key=ANwBQqVVStKCILjNoABDu3SscjO3bFF-nGQjnjwyOUM= | ID=84
23:01:34.394 [Expansion Quests] Updated and saved persistent player quest data for player with UID=ANwBQqVVStKCILjNoABDu3SscjO3bFF-nGQjnjwyOUM= | Quest ID=52
23:01:41.526 [Expansion Quests] Added new objective data for type=TARGET | Key=ANwBQqVVStKCILjNoABDu3SscjO3bFF-nGQjnjwyOUM= | ID=83
23:01:41.857 [Expansion Quests] Updated and saved persistent player quest data for player with UID=ANwBQqVVStKCILjNoABDu3SscjO3bFF-nGQjnjwyOUM= | Quest ID=51
23:01:41.869 [Expansion Quests] Added new objective data for type=TARGET | Key=ANwBQqVVStKCILjNoABDu3SscjO3bFF-nGQjnjwyOUM= | ID=84
23:01:42.249 [Expansion Quests] Updated and saved persistent player quest data for player with UID=ANwBQqVVStKCILjNoABDu3SscjO3bFF-nGQjnjwyOUM= | Quest ID=52
23:01:58.494 [MissionAirdrop] An airdrop is heading towards "Novy Sobor" (pos=<7436.000000, 0.000000, 7720.000000> type=Random_Novy Sobor) with a ExpansionAirdropContainer_Basebuilding
23:02:07.228 [Expansion Quests] Added new objective data for type=TARGET | Key=RtfYOYlH1-UQIr5-dCP4WXazcchC6u6wDXef5qFUQ1g= | ID=83
23:02:07.558 [Expansion Quests] Updated and saved persistent player quest data for player with UID=RtfYOYlH1-UQIr5-dCP4WXazcchC6u6wDXef5qFUQ1g= | Quest ID=51
23:02:07.566 [Expansion Quests] Added new objective data for type=TARGET | Key=RtfYOYlH1-UQIr5-dCP4WXazcchC6u6wDXef5qFUQ1g= | ID=84
23:02:07.873 [Expansion Quests] Updated and saved persistent player quest data for player with UID=RtfYOYlH1-UQIr5-dCP4WXazcchC6u6wDXef5qFUQ1g= | Quest ID=52
23:02:14.327 [Expansion Quests] Added new objective data for type=TARGET | Key=RtfYOYlH1-UQIr5-dCP4WXazcchC6u6wDXef5qFUQ1g= | ID=83
23:02:14.652 [Expansion Quests] Updated and saved persistent player quest data for player with UID=RtfYOYlH1-UQIr5-dCP4WXazcchC6u6wDXef5qFUQ1g= | Quest ID=51
23:02:14.660 [Expansion Quests] Added new objective data for type=TARGET | Key=RtfYOYlH1-UQIr5-dCP4WXazcchC6u6wDXef5qFUQ1g= | ID=84
23:02:15.039 [Expansion Quests] Updated and saved persistent player quest data for player with UID=RtfYOYlH1-UQIr5-dCP4WXazcchC6u6wDXef5qFUQ1g= | Quest ID=52
23:02:26.206 [Expansion Quests] Added new objective data for type=TARGET | Key=ANwBQqVVStKCILjNoABDu3SscjO3bFF-nGQjnjwyOUM= | ID=83
23:02:26.559 [Expansion Quests] Updated and saved persistent player quest data for player with UID=ANwBQqVVStKCILjNoABDu3SscjO3bFF-nGQjnjwyOUM= | Quest ID=51
23:02:26.566 [Expansion Quests] Added new objective data for type=TARGET | Key=ANwBQqVVStKCILjNoABDu3SscjO3bFF-nGQjnjwyOUM= | ID=84
23:02:26.912 [Expansion Quests] Updated and saved persistent player quest data for player with UID=ANwBQqVVStKCILjNoABDu3SscjO3bFF-nGQjnjwyOUM= | Quest ID=52
23:02:57.648 [Expansion Quests] Added new objective data for type=TARGET | Key=RtfYOYlH1-UQIr5-dCP4WXazcchC6u6wDXef5qFUQ1g= | ID=83
23:02:57.873 [Expansion Quests] Updated and saved persistent player quest data for player with UID=RtfYOYlH1-UQIr5-dCP4WXazcchC6u6wDXef5qFUQ1g= | Quest ID=51
23:02:57.879 [Expansion Quests] Added new objective data for type=TARGET | Key=RtfYOYlH1-UQIr5-dCP4WXazcchC6u6wDXef5qFUQ1g= | ID=84
23:02:58.192 [Expansion Quests] Updated and saved persistent player quest data for player with UID=RtfYOYlH1-UQIr5-dCP4WXazcchC6u6wDXef5qFUQ1g= | Quest ID=52
23:03:24.510 [AI Patrol 00032] Elektrozavodsk North-West (Lunatics) bots were wiped out (spawn position <9821.274414, 24.832726, 2194.003662>, 1/1 deceased)
23:03:24.517 [AI Patrol 00032] Global patrol count: 11
23:03:24.522 [AI Patrol 00032] Global Expansion AI count: 19 alive, 1 deceased
23:03:24.526 [AI Patrol 00032] Survivor category patrol count: 11
23:05:50.946 [Expansion Quests] Added new objective data for type=TARGET | Key=RtfYOYlH1-UQIr5-dCP4WXazcchC6u6wDXef5qFUQ1g= | ID=83
23:05:51.717 [Expansion Quests] Updated and saved persistent player quest data for player with UID=RtfYOYlH1-UQIr5-dCP4WXazcchC6u6wDXef5qFUQ1g= | Quest ID=51
23:05:51.724 [Expansion Quests] Added new objective data for type=TARGET | Key=RtfYOYlH1-UQIr5-dCP4WXazcchC6u6wDXef5qFUQ1g= | ID=84
23:05:52.013 [Expansion Quests] Updated and saved persistent player quest data for player with UID=RtfYOYlH1-UQIr5-dCP4WXazcchC6u6wDXef5qFUQ1g= | Quest ID=52
23:05:52.645 [Expansion Quests] Added new objective data for type=TARGET | Key=RtfYOYlH1-UQIr5-dCP4WXazcchC6u6wDXef5qFUQ1g= | ID=83
23:05:53.119 [Expansion Quests] Updated and saved persistent player quest data for player with UID=RtfYOYlH1-UQIr5-dCP4WXazcchC6u6wDXef5qFUQ1g= | Quest ID=51
23:05:53.129 [Expansion Quests] Added new objective data for type=TARGET | Key=RtfYOYlH1-UQIr5-dCP4WXazcchC6u6wDXef5qFUQ1g= | ID=84
23:05:53.623 [Expansion Quests] Updated and saved persistent player quest data for player with UID=RtfYOYlH1-UQIr5-dCP4WXazcchC6u6wDXef5qFUQ1g= | Quest ID=52
23:06:14.348 [Expansion Quests] Added new objective data for type=TARGET | Key=RtfYOYlH1-UQIr5-dCP4WXazcchC6u6wDXef5qFUQ1g= | ID=83
23:06:14.577 [Expansion Quests] Updated and saved persistent player quest data for player with UID=RtfYOYlH1-UQIr5-dCP4WXazcchC6u6wDXef5qFUQ1g= | Quest ID=51
23:06:14.584 [Expansion Quests] Added new objective data for type=TARGET | Key=RtfYOYlH1-UQIr5-dCP4WXazcchC6u6wDXef5qFUQ1g= | ID=84
23:06:14.826 [Expansion Quests] Updated and saved persistent player quest data for player with UID=RtfYOYlH1-UQIr5-dCP4WXazcchC6u6wDXef5qFUQ1g= | Quest ID=52
23:06:22.797 [Party] Player "Juto" (id=ANwBQqVVStKCILjNoABDu3SscjO3bFF-nGQjnjwyOUM=) left the party "Ratas de laboratiorio" (id=0 ownerUID=ANwBQqVVStKCILjNoABDu3SscjO3bFF-nGQjnjwyOUM= ownerName=Juto)
23:06:22.830 [Expansion Quests] Deleted quest with ID=51 is a of player with UID=ANwBQqVVStKCILjNoABDu3SscjO3bFF-nGQjnjwyOUM=.
23:06:22.872 [Expansion Quests] Deleted quest with ID=52 is a of player with UID=ANwBQqVVStKCILjNoABDu3SscjO3bFF-nGQjnjwyOUM=.
23:06:22.899 [Expansion Quests] Deleted quest with ID=53 is a of player with UID=ANwBQqVVStKCILjNoABDu3SscjO3bFF-nGQjnjwyOUM=.
23:06:22.938 [Expansion Quests] Deleted quest with ID=54 is a of player with UID=ANwBQqVVStKCILjNoABDu3SscjO3bFF-nGQjnjwyOUM=.
23:06:22.961 [Expansion Quests] Deleted quest with ID=55 is a of player with UID=ANwBQqVVStKCILjNoABDu3SscjO3bFF-nGQjnjwyOUM=.
23:06:23.007 [Expansion Quests] Deleted quest with ID=56 is a of player with UID=ANwBQqVVStKCILjNoABDu3SscjO3bFF-nGQjnjwyOUM=.
23:06:23.051 [Expansion Quests] Deleted quest with ID=57 is a of player with UID=ANwBQqVVStKCILjNoABDu3SscjO3bFF-nGQjnjwyOUM=.
23:06:23.084 [Expansion Quests] Deleted quest with ID=58 is a of player with UID=ANwBQqVVStKCILjNoABDu3SscjO3bFF-nGQjnjwyOUM=.
23:06:23.110 [Expansion Quests] Deleted quest with ID=59 is a of player with UID=ANwBQqVVStKCILjNoABDu3SscjO3bFF-nGQjnjwyOUM=.
23:06:23.151 [Expansion Quests] Deleted quest with ID=60 is a of player with UID=ANwBQqVVStKCILjNoABDu3SscjO3bFF-nGQjnjwyOUM=.
23:06:23.195 [Expansion Quests] Deleted quest with ID=61 is a of player with UID=ANwBQqVVStKCILjNoABDu3SscjO3bFF-nGQjnjwyOUM=.
23:06:23.235 [Expansion Quests] Deleted quest with ID=100 is a of player with UID=ANwBQqVVStKCILjNoABDu3SscjO3bFF-nGQjnjwyOUM=.
23:06:23.276 [Expansion Quests] Deleted quest with ID=101 is a of player with UID=ANwBQqVVStKCILjNoABDu3SscjO3bFF-nGQjnjwyOUM=.
23:06:23.317 [Expansion Quests] Deleted quest with ID=103 is a of player with UID=ANwBQqVVStKCILjNoABDu3SscjO3bFF-nGQjnjwyOUM=.
23:06:23.370 [Expansion Quests] Deleted quest with ID=104 is a of player with UID=ANwBQqVVStKCILjNoABDu3SscjO3bFF-nGQjnjwyOUM=.
23:06:23.413 [Expansion Quests] Deleted quest with ID=105 is a of player with UID=ANwBQqVVStKCILjNoABDu3SscjO3bFF-nGQjnjwyOUM=.
23:06:23.457 [Expansion Quests] Deleted quest with ID=106 is a of player with UID=ANwBQqVVStKCILjNoABDu3SscjO3bFF-nGQjnjwyOUM=.
23:06:23.502 [Expansion Quests] Deleted quest with ID=107 is a of player with UID=ANwBQqVVStKCILjNoABDu3SscjO3bFF-nGQjnjwyOUM=.
23:06:23.547 [Expansion Quests] Deleted quest with ID=108 is a of player with UID=ANwBQqVVStKCILjNoABDu3SscjO3bFF-nGQjnjwyOUM=.
23:06:23.594 [Expansion Quests] Deleted quest with ID=109 is a of player with UID=ANwBQqVVStKCILjNoABDu3SscjO3bFF-nGQjnjwyOUM=.
23:06:23.641 [Expansion Quests] Deleted quest with ID=110 is a of player with UID=ANwBQqVVStKCILjNoABDu3SscjO3bFF-nGQjnjwyOUM=.
23:06:23.690 [Expansion Quests] Deleted quest with ID=111 is a of player with UID=ANwBQqVVStKCILjNoABDu3SscjO3bFF-nGQjnjwyOUM=.
23:06:23.742 [Expansion Quests] Deleted quest with ID=112 is a of player with UID=ANwBQqVVStKCILjNoABDu3SscjO3bFF-nGQjnjwyOUM=.
23:06:23.794 [Expansion Quests] Deleted quest with ID=113 is a of player with UID=ANwBQqVVStKCILjNoABDu3SscjO3bFF-nGQjnjwyOUM=.
23:06:23.847 [Expansion Quests] Deleted quest with ID=114 is a of player with UID=ANwBQqVVStKCILjNoABDu3SscjO3bFF-nGQjnjwyOUM=.
23:06:23.900 [Expansion Quests] Deleted quest with ID=115 is a of player with UID=ANwBQqVVStKCILjNoABDu3SscjO3bFF-nGQjnjwyOUM=.
23:06:23.955 [Expansion Quests] Deleted quest with ID=116 is a of player with UID=ANwBQqVVStKCILjNoABDu3SscjO3bFF-nGQjnjwyOUM=.
23:06:24.012 [Expansion Quests] Deleted quest with ID=117 is a of player with UID=ANwBQqVVStKCILjNoABDu3SscjO3bFF-nGQjnjwyOUM=.
23:06:24.063 [Expansion Quests] Deleted quest with ID=118 is a of player with UID=ANwBQqVVStKCILjNoABDu3SscjO3bFF-nGQjnjwyOUM=.
23:06:24.117 [Expansion Quests] Deleted quest with ID=119 is a of player with UID=ANwBQqVVStKCILjNoABDu3SscjO3bFF-nGQjnjwyOUM=.
23:06:24.168 [Expansion Quests] Deleted quest with ID=120 is a of player with UID=ANwBQqVVStKCILjNoABDu3SscjO3bFF-nGQjnjwyOUM=.
23:06:24.173 [Expansion Quests] Deleted quest with ID=121 is a of player with UID=ANwBQqVVStKCILjNoABDu3SscjO3bFF-nGQjnjwyOUM=.
23:06:24.178 [Expansion Quests] Deleted quest with ID=122 is a of player with UID=ANwBQqVVStKCILjNoABDu3SscjO3bFF-nGQjnjwyOUM=.
23:06:24.183 [Expansion Quests] Deleted quest with ID=123 is a of player with UID=ANwBQqVVStKCILjNoABDu3SscjO3bFF-nGQjnjwyOUM=.
23:06:24.189 [Expansion Quests] Deleted quest with ID=124 is a of player with UID=ANwBQqVVStKCILjNoABDu3SscjO3bFF-nGQjnjwyOUM=.
23:06:24.197 [Expansion Quests] Deleted quest with ID=14 is a of player with UID=RtfYOYlH1-UQIr5-dCP4WXazcchC6u6wDXef5qFUQ1g=.
23:06:24.202 [Expansion Quests] Deleted quest with ID=51 is a of player with UID=RtfYOYlH1-UQIr5-dCP4WXazcchC6u6wDXef5qFUQ1g=.
23:06:24.207 [Expansion Quests] Deleted quest with ID=52 is a of player with UID=RtfYOYlH1-UQIr5-dCP4WXazcchC6u6wDXef5qFUQ1g=.
23:06:24.212 [Expansion Quests] Deleted quest with ID=53 is a of player with UID=RtfYOYlH1-UQIr5-dCP4WXazcchC6u6wDXef5qFUQ1g=.
23:06:24.218 [Expansion Quests] Deleted quest with ID=54 is a of player with UID=RtfYOYlH1-UQIr5-dCP4WXazcchC6u6wDXef5qFUQ1g=.
23:06:24.223 [Expansion Quests] Deleted quest with ID=55 is a of player with UID=RtfYOYlH1-UQIr5-dCP4WXazcchC6u6wDXef5qFUQ1g=.
23:06:24.229 [Expansion Quests] Deleted quest with ID=56 is a of player with UID=RtfYOYlH1-UQIr5-dCP4WXazcchC6u6wDXef5qFUQ1g=.
23:06:24.233 [Expansion Quests] Deleted quest with ID=57 is a of player with UID=RtfYOYlH1-UQIr5-dCP4WXazcchC6u6wDXef5qFUQ1g=.
23:06:24.238 [Expansion Quests] Deleted quest with ID=58 is a of player with UID=RtfYOYlH1-UQIr5-dCP4WXazcchC6u6wDXef5qFUQ1g=.
23:06:24.243 [Expansion Quests] Deleted quest with ID=59 is a of player with UID=RtfYOYlH1-UQIr5-dCP4WXazcchC6u6wDXef5qFUQ1g=.
23:06:24.248 [Expansion Quests] Deleted quest with ID=60 is a of player with UID=RtfYOYlH1-UQIr5-dCP4WXazcchC6u6wDXef5qFUQ1g=.
23:06:24.253 [Expansion Quests] Deleted quest with ID=61 is a of player with UID=RtfYOYlH1-UQIr5-dCP4WXazcchC6u6wDXef5qFUQ1g=.
23:06:24.258 [Expansion Quests] Deleted quest with ID=100 is a of player with UID=RtfYOYlH1-UQIr5-dCP4WXazcchC6u6wDXef5qFUQ1g=.
23:06:24.263 [Expansion Quests] Deleted quest with ID=101 is a of player with UID=RtfYOYlH1-UQIr5-dCP4WXazcchC6u6wDXef5qFUQ1g=.
23:06:24.268 [Expansion Quests] Deleted quest with ID=103 is a of player with UID=RtfYOYlH1-UQIr5-dCP4WXazcchC6u6wDXef5qFUQ1g=.
23:06:24.272 [Expansion Quests] Deleted quest with ID=104 is a of player with UID=RtfYOYlH1-UQIr5-dCP4WXazcchC6u6wDXef5qFUQ1g=.
23:06:24.277 [Expansion Quests] Deleted quest with ID=105 is a of player with UID=RtfYOYlH1-UQIr5-dCP4WXazcchC6u6wDXef5qFUQ1g=.
23:06:24.281 [Expansion Quests] Deleted quest with ID=106 is a of player with UID=RtfYOYlH1-UQIr5-dCP4WXazcchC6u6wDXef5qFUQ1g=.
23:06:24.286 [Expansion Quests] Deleted quest with ID=107 is a of player with UID=RtfYOYlH1-UQIr5-dCP4WXazcchC6u6wDXef5qFUQ1g=.
23:06:24.291 [Expansion Quests] Deleted quest with ID=108 is a of player with UID=RtfYOYlH1-UQIr5-dCP4WXazcchC6u6wDXef5qFUQ1g=.
23:06:24.296 [Expansion Quests] Deleted quest with ID=109 is a of player with UID=RtfYOYlH1-UQIr5-dCP4WXazcchC6u6wDXef5qFUQ1g=.
23:06:24.301 [Expansion Quests] Deleted quest with ID=110 is a of player with UID=RtfYOYlH1-UQIr5-dCP4WXazcchC6u6wDXef5qFUQ1g=.
23:06:24.307 [Expansion Quests] Deleted quest with ID=111 is a of player with UID=RtfYOYlH1-UQIr5-dCP4WXazcchC6u6wDXef5qFUQ1g=.
23:06:24.312 [Expansion Quests] Deleted quest with ID=112 is a of player with UID=RtfYOYlH1-UQIr5-dCP4WXazcchC6u6wDXef5qFUQ1g=.
23:06:24.316 [Expansion Quests] Deleted quest with ID=113 is a of player with UID=RtfYOYlH1-UQIr5-dCP4WXazcchC6u6wDXef5qFUQ1g=.
23:06:24.322 [Expansion Quests] Deleted quest with ID=114 is a of player with UID=RtfYOYlH1-UQIr5-dCP4WXazcchC6u6wDXef5qFUQ1g=.
23:06:24.327 [Expansion Quests] Deleted quest with ID=115 is a of player with UID=RtfYOYlH1-UQIr5-dCP4WXazcchC6u6wDXef5qFUQ1g=.
23:06:24.332 [Expansion Quests] Deleted quest with ID=116 is a of player with UID=RtfYOYlH1-UQIr5-dCP4WXazcchC6u6wDXef5qFUQ1g=.
23:06:24.337 [Expansion Quests] Deleted quest with ID=117 is a of player with UID=RtfYOYlH1-UQIr5-dCP4WXazcchC6u6wDXef5qFUQ1g=.
23:06:24.342 [Expansion Quests] Deleted quest with ID=118 is a of player with UID=RtfYOYlH1-UQIr5-dCP4WXazcchC6u6wDXef5qFUQ1g=.
23:06:24.347 [Expansion Quests] Deleted quest with ID=119 is a of player with UID=RtfYOYlH1-UQIr5-dCP4WXazcchC6u6wDXef5qFUQ1g=.
23:06:24.352 [Expansion Quests] Deleted quest with ID=120 is a of player with UID=RtfYOYlH1-UQIr5-dCP4WXazcchC6u6wDXef5qFUQ1g=.
23:06:24.357 [Expansion Quests] Deleted quest with ID=121 is a of player with UID=RtfYOYlH1-UQIr5-dCP4WXazcchC6u6wDXef5qFUQ1g=.
23:06:24.362 [Expansion Quests] Deleted quest with ID=122 is a of player with UID=RtfYOYlH1-UQIr5-dCP4WXazcchC6u6wDXef5qFUQ1g=.
23:06:24.366 [Expansion Quests] Deleted quest with ID=123 is a of player with UID=RtfYOYlH1-UQIr5-dCP4WXazcchC6u6wDXef5qFUQ1g=.
23:06:24.372 [Expansion Quests] Deleted quest with ID=124 is a of player with UID=RtfYOYlH1-UQIr5-dCP4WXazcchC6u6wDXef5qFUQ1g=.
23:06:36.646 [Expansion Quests] Added new objective data for type=TRAVEL | Key=0 | ID=1
23:06:36.653 [Expansion Quests] Added new objective data for type=AICAMP | Key=0 | ID=1
23:06:36.673 [Expansion Quests] Updated and saved persistent quest data for group with ID=0 | Quest ID=200
23:06:36.678 [Expansion Quests] Could not get persistent quest data for group member with UID=ANwBQqVVStKCILjNoABDu3SscjO3bFF-nGQjnjwyOUM=. Member offline?!
