13:56:13.365 [Expansion Quests] Quest configuration with ID=133 is set to inactive. Skip adding config to quest system..
13:56:13.415 [Expansion Quests] Quest configuration with ID=310 is set to inactive. Skip adding config to quest system..
13:56:13.554 [Expansion Quests] Quest configuration with ID=800 is set to inactive. Skip adding config to quest system..
14:02:36.188 [MissionAirdrop] An airdrop is heading towards "Novy Sobor" (pos=<7436.000000, 0.000000, 7720.000000> type=Random_Novy Sobor) with a ExpansionAirdropContainer_Basebuilding
15:10:48.745 [Party] Player "Juts" (id=ANwBQqVVStKCILjNoABDu3SscjO3bFF-nGQjnjwyOUM=) joined the party "Ratas de laboratiorio" (id=0 ownerUID=ANwBQqVVStKCILjNoABDu3SscjO3bFF-nGQjnjwyOUM= ownerName=Juto)
15:10:48.751 [Expansion Quests] Initialize quest system on the connected client with UID=ANwBQqVVStKCILjNoABDu3SscjO3bFF-nGQjnjwyOUM=
15:10:48.770 [Expansion Quests] Loaded existing player quest data for player with UID=ANwBQqVVStKCILjNoABDu3SscjO3bFF-nGQjnjwyOUM=
15:10:48.777 [Expansion Quests] Loaded existing group quest data for group with ID=0
15:10:48.783 [Expansion Quests] Check quest initialization for quest with ID=14 | State=COMPLETED | Player UID=ANwBQqVVStKCILjNoABDu3SscjO3bFF-nGQjnjwyOUM=
15:10:48.787 [Expansion Quests] Check quest initialization for quest with ID=50 | State=COMPLETED | Player UID=ANwBQqVVStKCILjNoABDu3SscjO3bFF-nGQjnjwyOUM=
15:10:48.792 [Expansion Quests] Check quest initialization for quest with ID=51 | State=STARTED | Player UID=ANwBQqVVStKCILjNoABDu3SscjO3bFF-nGQjnjwyOUM=
15:10:48.797 [Expansion Quests] Create new quest instance for quest with ID=51 | Player UID=ANwBQqVVStKCILjNoABDu3SscjO3bFF-nGQjnjwyOUM=
15:10:48.802 [Expansion Quests] Check quest initialization for quest with ID=52 | State=STARTED | Player UID=ANwBQqVVStKCILjNoABDu3SscjO3bFF-nGQjnjwyOUM=
15:10:48.807 [Expansion Quests] Create new quest instance for quest with ID=52 | Player UID=ANwBQqVVStKCILjNoABDu3SscjO3bFF-nGQjnjwyOUM=
15:10:48.812 [Expansion Quests] Check quest initialization for quest with ID=53 | State=STARTED | Player UID=ANwBQqVVStKCILjNoABDu3SscjO3bFF-nGQjnjwyOUM=
15:10:48.817 [Expansion Quests] Create new quest instance for quest with ID=53 | Player UID=ANwBQqVVStKCILjNoABDu3SscjO3bFF-nGQjnjwyOUM=
15:10:48.822 [Expansion Quests] Check quest initialization for quest with ID=54 | State=STARTED | Player UID=ANwBQqVVStKCILjNoABDu3SscjO3bFF-nGQjnjwyOUM=
15:10:48.827 [Expansion Quests] Create new quest instance for quest with ID=54 | Player UID=ANwBQqVVStKCILjNoABDu3SscjO3bFF-nGQjnjwyOUM=
15:10:48.832 [Expansion Quests] Check quest initialization for quest with ID=55 | State=STARTED | Player UID=ANwBQqVVStKCILjNoABDu3SscjO3bFF-nGQjnjwyOUM=
15:10:48.837 [Expansion Quests] Create new quest instance for quest with ID=55 | Player UID=ANwBQqVVStKCILjNoABDu3SscjO3bFF-nGQjnjwyOUM=
15:10:48.842 [Expansion Quests] Check quest initialization for quest with ID=56 | State=STARTED | Player UID=ANwBQqVVStKCILjNoABDu3SscjO3bFF-nGQjnjwyOUM=
15:10:48.848 [Expansion Quests] Create new quest instance for quest with ID=56 | Player UID=ANwBQqVVStKCILjNoABDu3SscjO3bFF-nGQjnjwyOUM=
15:10:48.853 [Expansion Quests] Check quest initialization for quest with ID=57 | State=STARTED | Player UID=ANwBQqVVStKCILjNoABDu3SscjO3bFF-nGQjnjwyOUM=
15:10:48.858 [Expansion Quests] Create new quest instance for quest with ID=57 | Player UID=ANwBQqVVStKCILjNoABDu3SscjO3bFF-nGQjnjwyOUM=
15:10:48.864 [Expansion Quests] Check quest initialization for quest with ID=58 | State=STARTED | Player UID=ANwBQqVVStKCILjNoABDu3SscjO3bFF-nGQjnjwyOUM=
15:10:48.870 [Expansion Quests] Create new quest instance for quest with ID=58 | Player UID=ANwBQqVVStKCILjNoABDu3SscjO3bFF-nGQjnjwyOUM=
15:10:48.876 [Expansion Quests] Check quest initialization for quest with ID=59 | State=STARTED | Player UID=ANwBQqVVStKCILjNoABDu3SscjO3bFF-nGQjnjwyOUM=
15:10:48.885 [Expansion Quests] Create new quest instance for quest with ID=59 | Player UID=ANwBQqVVStKCILjNoABDu3SscjO3bFF-nGQjnjwyOUM=
15:10:48.893 [Expansion Quests] Check quest initialization for quest with ID=60 | State=STARTED | Player UID=ANwBQqVVStKCILjNoABDu3SscjO3bFF-nGQjnjwyOUM=
15:10:48.900 [Expansion Quests] Create new quest instance for quest with ID=60 | Player UID=ANwBQqVVStKCILjNoABDu3SscjO3bFF-nGQjnjwyOUM=
15:10:48.905 [Expansion Quests] Check quest initialization for quest with ID=61 | State=STARTED | Player UID=ANwBQqVVStKCILjNoABDu3SscjO3bFF-nGQjnjwyOUM=
15:10:48.910 [Expansion Quests] Create new quest instance for quest with ID=61 | Player UID=ANwBQqVVStKCILjNoABDu3SscjO3bFF-nGQjnjwyOUM=
15:10:48.915 [Expansion Quests] Check quest initialization for quest with ID=200 | State=STARTED | Player UID=ANwBQqVVStKCILjNoABDu3SscjO3bFF-nGQjnjwyOUM=
15:10:48.920 [Expansion Quests] Used quest state from persistent group data for quest with ID=200 | State=STARTED | Group ID=0
15:10:48.925 [Expansion Quests] Create new quest instance for quest with ID=200 | Player UID=ANwBQqVVStKCILjNoABDu3SscjO3bFF-nGQjnjwyOUM=
15:10:48.930 [Expansion Quests] Player is member of group with ID=0. Set group ID for quest with ID=200. Owner UID=ANwBQqVVStKCILjNoABDu3SscjO3bFF-nGQjnjwyOUM=
15:10:48.936 [Expansion Quests] Check quest initialization for quest with ID=100 | State=STARTED | Player UID=ANwBQqVVStKCILjNoABDu3SscjO3bFF-nGQjnjwyOUM=
15:10:48.942 [Expansion Quests] Create new quest instance for quest with ID=100 | Player UID=ANwBQqVVStKCILjNoABDu3SscjO3bFF-nGQjnjwyOUM=
15:10:48.947 [Expansion Quests] Check quest initialization for quest with ID=101 | State=STARTED | Player UID=ANwBQqVVStKCILjNoABDu3SscjO3bFF-nGQjnjwyOUM=
15:10:48.953 [Expansion Quests] Create new quest instance for quest with ID=101 | Player UID=ANwBQqVVStKCILjNoABDu3SscjO3bFF-nGQjnjwyOUM=
15:10:48.958 [Expansion Quests] Check quest initialization for quest with ID=103 | State=STARTED | Player UID=ANwBQqVVStKCILjNoABDu3SscjO3bFF-nGQjnjwyOUM=
15:10:48.963 [Expansion Quests] Create new quest instance for quest with ID=103 | Player UID=ANwBQqVVStKCILjNoABDu3SscjO3bFF-nGQjnjwyOUM=
15:10:48.968 [Expansion Quests] Check quest initialization for quest with ID=104 | State=STARTED | Player UID=ANwBQqVVStKCILjNoABDu3SscjO3bFF-nGQjnjwyOUM=
15:10:48.973 [Expansion Quests] Create new quest instance for quest with ID=104 | Player UID=ANwBQqVVStKCILjNoABDu3SscjO3bFF-nGQjnjwyOUM=
15:10:48.979 [Expansion Quests] Check quest initialization for quest with ID=105 | State=STARTED | Player UID=ANwBQqVVStKCILjNoABDu3SscjO3bFF-nGQjnjwyOUM=
15:10:48.984 [Expansion Quests] Create new quest instance for quest with ID=105 | Player UID=ANwBQqVVStKCILjNoABDu3SscjO3bFF-nGQjnjwyOUM=
15:10:48.989 [Expansion Quests] Check quest initialization for quest with ID=106 | State=STARTED | Player UID=ANwBQqVVStKCILjNoABDu3SscjO3bFF-nGQjnjwyOUM=
15:10:48.994 [Expansion Quests] Create new quest instance for quest with ID=106 | Player UID=ANwBQqVVStKCILjNoABDu3SscjO3bFF-nGQjnjwyOUM=
15:10:48.999 [Expansion Quests] Check quest initialization for quest with ID=107 | State=STARTED | Player UID=ANwBQqVVStKCILjNoABDu3SscjO3bFF-nGQjnjwyOUM=
15:10:49.003 [Expansion Quests] Create new quest instance for quest with ID=107 | Player UID=ANwBQqVVStKCILjNoABDu3SscjO3bFF-nGQjnjwyOUM=
15:10:49.008 [Expansion Quests] Check quest initialization for quest with ID=108 | State=STARTED | Player UID=ANwBQqVVStKCILjNoABDu3SscjO3bFF-nGQjnjwyOUM=
15:10:49.013 [Expansion Quests] Create new quest instance for quest with ID=108 | Player UID=ANwBQqVVStKCILjNoABDu3SscjO3bFF-nGQjnjwyOUM=
15:10:49.019 [Expansion Quests] Check quest initialization for quest with ID=109 | State=STARTED | Player UID=ANwBQqVVStKCILjNoABDu3SscjO3bFF-nGQjnjwyOUM=
15:10:49.024 [Expansion Quests] Create new quest instance for quest with ID=109 | Player UID=ANwBQqVVStKCILjNoABDu3SscjO3bFF-nGQjnjwyOUM=
15:10:49.030 [Expansion Quests] Check quest initialization for quest with ID=110 | State=STARTED | Player UID=ANwBQqVVStKCILjNoABDu3SscjO3bFF-nGQjnjwyOUM=
15:10:49.035 [Expansion Quests] Create new quest instance for quest with ID=110 | Player UID=ANwBQqVVStKCILjNoABDu3SscjO3bFF-nGQjnjwyOUM=
15:10:49.039 [Expansion Quests] Check quest initialization for quest with ID=111 | State=STARTED | Player UID=ANwBQqVVStKCILjNoABDu3SscjO3bFF-nGQjnjwyOUM=
15:10:49.044 [Expansion Quests] Create new quest instance for quest with ID=111 | Player UID=ANwBQqVVStKCILjNoABDu3SscjO3bFF-nGQjnjwyOUM=
15:10:49.049 [Expansion Quests] Check quest initialization for quest with ID=112 | State=STARTED | Player UID=ANwBQqVVStKCILjNoABDu3SscjO3bFF-nGQjnjwyOUM=
15:10:49.054 [Expansion Quests] Create new quest instance for quest with ID=112 | Player UID=ANwBQqVVStKCILjNoABDu3SscjO3bFF-nGQjnjwyOUM=
15:10:49.059 [Expansion Quests] Check quest initialization for quest with ID=113 | State=STARTED | Player UID=ANwBQqVVStKCILjNoABDu3SscjO3bFF-nGQjnjwyOUM=
15:10:49.064 [Expansion Quests] Create new quest instance for quest with ID=113 | Player UID=ANwBQqVVStKCILjNoABDu3SscjO3bFF-nGQjnjwyOUM=
15:10:49.069 [Expansion Quests] Check quest initialization for quest with ID=114 | State=STARTED | Player UID=ANwBQqVVStKCILjNoABDu3SscjO3bFF-nGQjnjwyOUM=
15:10:49.075 [Expansion Quests] Create new quest instance for quest with ID=114 | Player UID=ANwBQqVVStKCILjNoABDu3SscjO3bFF-nGQjnjwyOUM=
15:10:49.080 [Expansion Quests] Check quest initialization for quest with ID=115 | State=STARTED | Player UID=ANwBQqVVStKCILjNoABDu3SscjO3bFF-nGQjnjwyOUM=
15:10:49.084 [Expansion Quests] Create new quest instance for quest with ID=115 | Player UID=ANwBQqVVStKCILjNoABDu3SscjO3bFF-nGQjnjwyOUM=
15:10:49.089 [Expansion Quests] Check quest initialization for quest with ID=116 | State=STARTED | Player UID=ANwBQqVVStKCILjNoABDu3SscjO3bFF-nGQjnjwyOUM=
15:10:49.094 [Expansion Quests] Create new quest instance for quest with ID=116 | Player UID=ANwBQqVVStKCILjNoABDu3SscjO3bFF-nGQjnjwyOUM=
15:10:49.099 [Expansion Quests] Check quest initialization for quest with ID=117 | State=STARTED | Player UID=ANwBQqVVStKCILjNoABDu3SscjO3bFF-nGQjnjwyOUM=
15:10:49.104 [Expansion Quests] Create new quest instance for quest with ID=117 | Player UID=ANwBQqVVStKCILjNoABDu3SscjO3bFF-nGQjnjwyOUM=
15:10:49.109 [Expansion Quests] Check quest initialization for quest with ID=118 | State=STARTED | Player UID=ANwBQqVVStKCILjNoABDu3SscjO3bFF-nGQjnjwyOUM=
15:10:49.114 [Expansion Quests] Create new quest instance for quest with ID=118 | Player UID=ANwBQqVVStKCILjNoABDu3SscjO3bFF-nGQjnjwyOUM=
15:10:49.119 [Expansion Quests] Check quest initialization for quest with ID=119 | State=STARTED | Player UID=ANwBQqVVStKCILjNoABDu3SscjO3bFF-nGQjnjwyOUM=
15:10:49.124 [Expansion Quests] Create new quest instance for quest with ID=119 | Player UID=ANwBQqVVStKCILjNoABDu3SscjO3bFF-nGQjnjwyOUM=
15:10:49.129 [Expansion Quests] Check quest initialization for quest with ID=120 | State=STARTED | Player UID=ANwBQqVVStKCILjNoABDu3SscjO3bFF-nGQjnjwyOUM=
15:10:49.134 [Expansion Quests] Create new quest instance for quest with ID=120 | Player UID=ANwBQqVVStKCILjNoABDu3SscjO3bFF-nGQjnjwyOUM=
15:10:49.139 [Expansion Quests] Check quest initialization for quest with ID=121 | State=STARTED | Player UID=ANwBQqVVStKCILjNoABDu3SscjO3bFF-nGQjnjwyOUM=
15:10:49.145 [Expansion Quests] Create new quest instance for quest with ID=121 | Player UID=ANwBQqVVStKCILjNoABDu3SscjO3bFF-nGQjnjwyOUM=
15:10:49.150 [Expansion Quests] Check quest initialization for quest with ID=122 | State=STARTED | Player UID=ANwBQqVVStKCILjNoABDu3SscjO3bFF-nGQjnjwyOUM=
15:10:49.156 [Expansion Quests] Create new quest instance for quest with ID=122 | Player UID=ANwBQqVVStKCILjNoABDu3SscjO3bFF-nGQjnjwyOUM=
15:10:49.161 [Expansion Quests] Check quest initialization for quest with ID=123 | State=STARTED | Player UID=ANwBQqVVStKCILjNoABDu3SscjO3bFF-nGQjnjwyOUM=
15:10:49.167 [Expansion Quests] Create new quest instance for quest with ID=123 | Player UID=ANwBQqVVStKCILjNoABDu3SscjO3bFF-nGQjnjwyOUM=
15:10:49.172 [Expansion Quests] Check quest initialization for quest with ID=124 | State=STARTED | Player UID=ANwBQqVVStKCILjNoABDu3SscjO3bFF-nGQjnjwyOUM=
15:10:49.177 [Expansion Quests] Create new quest instance for quest with ID=124 | Player UID=ANwBQqVVStKCILjNoABDu3SscjO3bFF-nGQjnjwyOUM=
15:10:49.417 [Expansion Quests] Sending ANwBQqVVStKCILjNoABDu3SscjO3bFF-nGQjnjwyOUM= quest configs to client for player with UID=ANwBQqVVStKCILjNoABDu3SscjO3bFF-nGQjnjwyOUM=
15:10:49.424 [Expansion Quests] Sending player quest data for 38 quests to player with UID=ANwBQqVVStKCILjNoABDu3SscjO3bFF-nGQjnjwyOUM=
15:10:49.433 [AI Patrol 00017] Spawning 1 Berezino North (West) bots at <12592.173828, 37.214073, 10401.323242>
15:10:49.470 [AI Patrol 00017] Global patrol count: 1
15:10:49.475 [AI Patrol 00017] Global Expansion AI count: 7 alive, 0 deceased
15:10:49.479 [AI Patrol 00017] Survivor category patrol count: 1
15:10:49.484 [AI Patrol 00016] Spawning 1 Berezino North-East (Lunatics) bots at <12948.619141, 13.877937, 10340.148438>
15:10:49.519 [AI Patrol 00016] Global patrol count: 2
15:10:49.524 [AI Patrol 00016] Global Expansion AI count: 8 alive, 0 deceased
15:10:49.529 [AI Patrol 00016] Survivor category patrol count: 2
15:10:49.534 [AI Patrol 00022] Spawning 1 Kamyshovo (Mercenaries) bots at <11930.805664, 6.292960, 3484.882324>
15:10:49.557 [AI Patrol 00022] Global patrol count: 3
15:10:49.561 [AI Patrol 00022] Global Expansion AI count: 9 alive, 0 deceased
15:10:49.565 [AI Patrol 00022] Survivor category patrol count: 3
15:10:49.570 [AI Patrol 00018] Spawning 1 Berezhki (Mercenaries) bots at <15162.078125, 8.258595, 13835.192383>
15:10:49.605 [AI Patrol 00018] Global patrol count: 4
15:10:49.611 [AI Patrol 00018] Global Expansion AI count: 10 alive, 0 deceased
15:10:49.617 [AI Patrol 00018] Survivor category patrol count: 4
15:10:49.624 [AI Patrol 00019] Spawning 1 Nizhneye North-East (Guards) bots at <12942.525391, 4.589160, 8523.649414>
15:10:49.659 [AI Patrol 00019] Global patrol count: 5
15:10:49.663 [AI Patrol 00019] Global Expansion AI count: 11 alive, 0 deceased
15:10:49.668 [AI Patrol 00019] Survivor category patrol count: 5
15:10:49.673 [AI Patrol 00027] Spawning 1 Prigorodki South-East (Mercenaries) bots at <8040.858398, 6.322562, 3332.236328>
15:10:49.704 [AI Patrol 00027] Global patrol count: 6
15:10:49.709 [AI Patrol 00027] Global Expansion AI count: 12 alive, 0 deceased
15:10:49.713 [AI Patrol 00027] Survivor category patrol count: 6
15:10:49.718 [AI Patrol 00021] Spawning 1 Solnechny South (Shamans) bots at <13552.565430, 0.529457, 5955.893066>
15:10:49.740 [AI Patrol 00021] Global patrol count: 7
15:10:49.744 [AI Patrol 00021] Global Expansion AI count: 13 alive, 0 deceased
15:10:49.749 [AI Patrol 00021] Survivor category patrol count: 7
15:10:49.754 [AI Patrol 00026] Spawning 1 Chernogorsk East (Shamans) bots at <8747.670898, 6.937114, 2357.187012>
15:10:49.787 [AI Patrol 00026] Global patrol count: 8
15:10:49.792 [AI Patrol 00026] Global Expansion AI count: 14 alive, 0 deceased
15:10:49.796 [AI Patrol 00026] Survivor category patrol count: 8
15:10:49.801 [AI Patrol 00025] Spawning 1 Elektrozavodsk West (Civilian) bots at <9363.653320, 6.000000, 2017.953613>
15:10:49.824 [AI Patrol 00025] Global patrol count: 9
15:10:49.829 [AI Patrol 00025] Global Expansion AI count: 15 alive, 0 deceased
15:10:49.833 [AI Patrol 00025] Survivor category patrol count: 9
15:10:49.838 [AI Patrol 00024] Spawning 1 Elektrozavodsk North-West (Mercenaries) bots at <9821.274414, 24.832726, 2194.003662>
15:10:49.871 [AI Patrol 00024] Global patrol count: 10
15:10:49.875 [AI Patrol 00024] Global Expansion AI count: 16 alive, 0 deceased
15:10:49.880 [AI Patrol 00024] Survivor category patrol count: 10
15:10:49.884 [AI Patrol 00020] Spawning 1 Solnechny (Shamans) bots at <13417.739258, 4.195276, 6596.556152>
15:10:49.913 [AI Patrol 00020] Global patrol count: 11
15:10:49.918 [AI Patrol 00020] Global Expansion AI count: 17 alive, 0 deceased
15:10:49.923 [AI Patrol 00020] Survivor category patrol count: 11
15:10:49.928 [AI Patrol 00023] Spawning 1 Elektrozavodsk North-East (Raiders) bots at <10797.137695, 6.000000, 2538.306152>
15:10:49.960 [AI Patrol 00023] Global patrol count: 12
15:10:49.965 [AI Patrol 00023] Global Expansion AI count: 18 alive, 0 deceased
15:10:49.970 [AI Patrol 00023] Survivor category patrol count: 12
15:10:50.017 [Expansion Quests] Added new objective data for type=TRAVEL | Key=0 | ID=1
15:10:50.022 [Expansion Quests] Added new objective data for type=AICAMP | Key=0 | ID=1
15:10:50.039 [Expansion Quests] Updated and saved persistent quest data for group with ID=0 | Quest ID=200
15:10:50.044 [Expansion Quests] Added new objective data for type=TRAVEL | Key=ANwBQqVVStKCILjNoABDu3SscjO3bFF-nGQjnjwyOUM= | ID=1
15:10:50.049 [Expansion Quests] Added new objective data for type=AICAMP | Key=ANwBQqVVStKCILjNoABDu3SscjO3bFF-nGQjnjwyOUM= | ID=1
15:10:50.254 [Expansion Quests] Updated and saved persistent player quest data for group member with UID=ANwBQqVVStKCILjNoABDu3SscjO3bFF-nGQjnjwyOUM= | Group ID=ANwBQqVVStKCILjNoABDu3SscjO3bFF-nGQjnjwyOUM= | Quest ID=200
15:10:50.404 [Expansion Quests] - LoadGroupQuestData - Got cached group quest data for group with ID=0
15:10:50.410 [Expansion Quests] Added new objective data for type=TRAVEL | Key=ANwBQqVVStKCILjNoABDu3SscjO3bFF-nGQjnjwyOUM= | ID=1
15:10:50.415 [Expansion Quests] Added new objective data for type=AICAMP | Key=ANwBQqVVStKCILjNoABDu3SscjO3bFF-nGQjnjwyOUM= | ID=1
15:11:23.972 [SpawnSelection] Player "Juts" (id=ANwBQqVVStKCILjNoABDu3SscjO3bFF-nGQjnjwyOUM=) spawned at <13529.530273, 2.251228, 6455.612793>
15:11:24.954 [AI Patrol 00028] Spawning 1 Chernogorsk (Infected) bots at <5933.964844, 10.063051, 2171.072998>
15:11:24.984 [AI Patrol 00028] Global patrol count: 13
15:11:24.990 [AI Patrol 00028] Global Expansion AI count: 19 alive, 0 deceased
15:11:24.995 [AI Patrol 00028] Survivor category patrol count: 13
15:22:47.103 [AI Object Patrol 00005] Spawning 1 West bots at <4941.502441, 338.511414, 10381.585938>
15:22:47.141 [AI Object Patrol 00005] Global patrol count: 14
15:22:47.146 [AI Object Patrol 00005] Global Expansion AI count: 20 alive, 0 deceased
15:22:47.150 [AI Object Patrol 00005] MilitaryStatic category patrol count: 1
15:22:47.155 [AI Object Patrol 00004] Spawning 2 West bots at <4629.746094, 338.869171, 10386.112305>
15:22:47.186 [AI Object Patrol 00004] Global patrol count: 15
15:22:47.191 [AI Object Patrol 00004] Global Expansion AI count: 21 alive, 0 deceased
15:22:47.196 [AI Object Patrol 00004] MilitaryRoaming category patrol count: 1
15:23:17.585 [AI Patrol 00025] Elektrozavodsk West (Civilian) bots were wiped out (spawn position <9363.653320, 6.000000, 2017.953613>, 1/1 deceased)
15:23:17.591 [AI Patrol 00025] Global patrol count: 14
15:23:17.596 [AI Patrol 00025] Global Expansion AI count: 21 alive, 1 deceased
15:23:17.601 [AI Patrol 00025] Survivor category patrol count: 12
15:23:19.048 [AI Object Patrol 00001] Spawning 2 West bots at <5379.369141, 309.389862, 10567.251953>
15:23:19.088 [AI Object Patrol 00001] Global patrol count: 15
15:23:19.094 [AI Object Patrol 00001] Global Expansion AI count: 22 alive, 1 deceased
15:23:19.099 [AI Object Patrol 00001] HelicopterWreck category patrol count: 1
15:26:35.345 [AI Patrol 00017] Berezino North (West) bots were wiped out (spawn position <12592.173828, 37.214073, 10401.323242>, 1/1 deceased)
15:26:35.390 [AI Patrol 00017] Global patrol count: 14
15:26:35.440 [AI Patrol 00017] Global Expansion AI count: 22 alive, 2 deceased
15:26:35.489 [AI Patrol 00017] Survivor category patrol count: 11
15:26:35.584 [AI Object Patrol 00031] Spawning 1 West bots at <4446.657227, 305.817963, 11453.633789>
15:26:35.633 [AI Object Patrol 00031] Global patrol count: 15
15:26:35.647 [AI Object Patrol 00031] Global Expansion AI count: 23 alive, 2 deceased
15:26:35.666 [AI Object Patrol 00031] MilitaryStatic category patrol count: 2
15:28:36.414 [MissionAirdrop] An airdrop is heading towards "Sosnovka" (pos=<2700.000000, 0.000000, 6193.000000> type=Random_Sosnovka) with a ExpansionAirdropContainer_Medical
15:36:57.717 [AI Object Patrol 00004] Despawning 2 West bots (spawn position <4629.746094, 338.869171, 10386.112305>, 0/2 deceased)
15:36:57.722 [AI Object Patrol 00004] Global patrol count: 14
15:36:57.726 [AI Object Patrol 00004] Global Expansion AI count: 21 alive, 2 deceased
15:36:57.731 [AI Object Patrol 00004] MilitaryRoaming category patrol count: 0
15:36:58.928 [AI Object Patrol 00031] Despawning 1 West bots (spawn position <4446.657227, 305.817963, 11453.633789>, 0/1 deceased)
15:36:58.933 [AI Object Patrol 00031] Global patrol count: 13
15:36:58.938 [AI Object Patrol 00031] Global Expansion AI count: 20 alive, 2 deceased
15:36:58.943 [AI Object Patrol 00031] MilitaryStatic category patrol count: 1
15:37:01.851 [AI Object Patrol 00001] Despawning 2 West bots (spawn position <5379.369141, 309.389862, 10567.251953>, 0/2 deceased)
15:37:01.857 [AI Object Patrol 00001] Global patrol count: 12
15:37:01.862 [AI Object Patrol 00001] Global Expansion AI count: 18 alive, 2 deceased
15:37:01.867 [AI Object Patrol 00001] HelicopterWreck category patrol count: 0
15:37:02.112 [AI Object Patrol 00005] Despawning 1 West bots (spawn position <4941.502441, 338.511414, 10381.585938>, 0/1 deceased)
15:37:02.118 [AI Object Patrol 00005] Global patrol count: 11
15:37:02.124 [AI Object Patrol 00005] Global Expansion AI count: 17 alive, 2 deceased
15:37:02.129 [AI Object Patrol 00005] MilitaryStatic category patrol count: 0
15:42:40.597 [Party] Player "Juts" (id=ANwBQqVVStKCILjNoABDu3SscjO3bFF-nGQjnjwyOUM=) left the party "Ratas de laboratiorio" (id=0 ownerUID=ANwBQqVVStKCILjNoABDu3SscjO3bFF-nGQjnjwyOUM= ownerName=Juto)
15:42:40.602 [Expansion Quests] Deleted quest with ID=51 is a of player with UID=ANwBQqVVStKCILjNoABDu3SscjO3bFF-nGQjnjwyOUM=.
15:42:40.607 [Expansion Quests] Deleted quest with ID=52 is a of player with UID=ANwBQqVVStKCILjNoABDu3SscjO3bFF-nGQjnjwyOUM=.
15:42:40.613 [Expansion Quests] Deleted quest with ID=53 is a of player with UID=ANwBQqVVStKCILjNoABDu3SscjO3bFF-nGQjnjwyOUM=.
15:42:40.618 [Expansion Quests] Deleted quest with ID=54 is a of player with UID=ANwBQqVVStKCILjNoABDu3SscjO3bFF-nGQjnjwyOUM=.
15:42:40.624 [Expansion Quests] Deleted quest with ID=55 is a of player with UID=ANwBQqVVStKCILjNoABDu3SscjO3bFF-nGQjnjwyOUM=.
15:42:40.629 [Expansion Quests] Deleted quest with ID=56 is a of player with UID=ANwBQqVVStKCILjNoABDu3SscjO3bFF-nGQjnjwyOUM=.
15:42:40.634 [Expansion Quests] Deleted quest with ID=57 is a of player with UID=ANwBQqVVStKCILjNoABDu3SscjO3bFF-nGQjnjwyOUM=.
15:42:40.640 [Expansion Quests] Deleted quest with ID=58 is a of player with UID=ANwBQqVVStKCILjNoABDu3SscjO3bFF-nGQjnjwyOUM=.
15:42:40.645 [Expansion Quests] Deleted quest with ID=59 is a of player with UID=ANwBQqVVStKCILjNoABDu3SscjO3bFF-nGQjnjwyOUM=.
15:42:40.650 [Expansion Quests] Deleted quest with ID=60 is a of player with UID=ANwBQqVVStKCILjNoABDu3SscjO3bFF-nGQjnjwyOUM=.
15:42:40.656 [Expansion Quests] Deleted quest with ID=61 is a of player with UID=ANwBQqVVStKCILjNoABDu3SscjO3bFF-nGQjnjwyOUM=.
15:42:40.662 [Expansion Quests] Deleted quest with ID=100 is a of player with UID=ANwBQqVVStKCILjNoABDu3SscjO3bFF-nGQjnjwyOUM=.
15:42:40.667 [Expansion Quests] Deleted quest with ID=101 is a of player with UID=ANwBQqVVStKCILjNoABDu3SscjO3bFF-nGQjnjwyOUM=.
15:42:40.673 [Expansion Quests] Deleted quest with ID=103 is a of player with UID=ANwBQqVVStKCILjNoABDu3SscjO3bFF-nGQjnjwyOUM=.
15:42:40.678 [Expansion Quests] Deleted quest with ID=104 is a of player with UID=ANwBQqVVStKCILjNoABDu3SscjO3bFF-nGQjnjwyOUM=.
15:42:40.684 [Expansion Quests] Deleted quest with ID=105 is a of player with UID=ANwBQqVVStKCILjNoABDu3SscjO3bFF-nGQjnjwyOUM=.
15:42:40.690 [Expansion Quests] Deleted quest with ID=106 is a of player with UID=ANwBQqVVStKCILjNoABDu3SscjO3bFF-nGQjnjwyOUM=.
15:42:40.695 [Expansion Quests] Deleted quest with ID=107 is a of player with UID=ANwBQqVVStKCILjNoABDu3SscjO3bFF-nGQjnjwyOUM=.
15:42:40.700 [Expansion Quests] Deleted quest with ID=108 is a of player with UID=ANwBQqVVStKCILjNoABDu3SscjO3bFF-nGQjnjwyOUM=.
15:42:40.706 [Expansion Quests] Deleted quest with ID=109 is a of player with UID=ANwBQqVVStKCILjNoABDu3SscjO3bFF-nGQjnjwyOUM=.
15:42:40.711 [Expansion Quests] Deleted quest with ID=110 is a of player with UID=ANwBQqVVStKCILjNoABDu3SscjO3bFF-nGQjnjwyOUM=.
15:42:40.716 [Expansion Quests] Deleted quest with ID=111 is a of player with UID=ANwBQqVVStKCILjNoABDu3SscjO3bFF-nGQjnjwyOUM=.
15:42:40.721 [Expansion Quests] Deleted quest with ID=112 is a of player with UID=ANwBQqVVStKCILjNoABDu3SscjO3bFF-nGQjnjwyOUM=.
15:42:40.727 [Expansion Quests] Deleted quest with ID=113 is a of player with UID=ANwBQqVVStKCILjNoABDu3SscjO3bFF-nGQjnjwyOUM=.
15:42:40.732 [Expansion Quests] Deleted quest with ID=114 is a of player with UID=ANwBQqVVStKCILjNoABDu3SscjO3bFF-nGQjnjwyOUM=.
15:42:40.738 [Expansion Quests] Deleted quest with ID=115 is a of player with UID=ANwBQqVVStKCILjNoABDu3SscjO3bFF-nGQjnjwyOUM=.
15:42:40.743 [Expansion Quests] Deleted quest with ID=116 is a of player with UID=ANwBQqVVStKCILjNoABDu3SscjO3bFF-nGQjnjwyOUM=.
15:42:40.749 [Expansion Quests] Deleted quest with ID=117 is a of player with UID=ANwBQqVVStKCILjNoABDu3SscjO3bFF-nGQjnjwyOUM=.
15:42:40.754 [Expansion Quests] Deleted quest with ID=118 is a of player with UID=ANwBQqVVStKCILjNoABDu3SscjO3bFF-nGQjnjwyOUM=.
15:42:40.759 [Expansion Quests] Deleted quest with ID=119 is a of player with UID=ANwBQqVVStKCILjNoABDu3SscjO3bFF-nGQjnjwyOUM=.
15:42:40.764 [Expansion Quests] Deleted quest with ID=120 is a of player with UID=ANwBQqVVStKCILjNoABDu3SscjO3bFF-nGQjnjwyOUM=.
15:42:40.769 [Expansion Quests] Deleted quest with ID=121 is a of player with UID=ANwBQqVVStKCILjNoABDu3SscjO3bFF-nGQjnjwyOUM=.
15:42:40.774 [Expansion Quests] Deleted quest with ID=122 is a of player with UID=ANwBQqVVStKCILjNoABDu3SscjO3bFF-nGQjnjwyOUM=.
15:42:40.779 [Expansion Quests] Deleted quest with ID=123 is a of player with UID=ANwBQqVVStKCILjNoABDu3SscjO3bFF-nGQjnjwyOUM=.
15:42:40.784 [Expansion Quests] Deleted quest with ID=124 is a of player with UID=ANwBQqVVStKCILjNoABDu3SscjO3bFF-nGQjnjwyOUM=.
15:42:50.857 [AI Patrol 00017] Despawning 0 Berezino North (West) bots (spawn position <12592.173828, 37.214073, 10401.323242>, 1/1 deceased)
15:43:03.829 [AI Patrol 00025] Despawning 0 Elektrozavodsk West (Civilian) bots (spawn position <9675.221680, 5.562127, 1817.324585>, 1/1 deceased)
16:10:10.244 [AI Patrol 00022] Despawning 1 Kamyshovo (Mercenaries) bots (spawn position <11930.805664, 6.292960, 3484.882324>, 0/1 deceased)
16:10:11.120 [AI Patrol 00022] Global patrol count: 10
16:10:11.125 [AI Patrol 00022] Global Expansion AI count: 16 alive, 0 deceased
16:10:11.130 [AI Patrol 00022] Survivor category patrol count: 10
16:10:11.134 [AI Patrol 00016] Despawning 1 Berezino North-East (Lunatics) bots (spawn position <12948.619141, 13.877937, 10340.148438>, 0/1 deceased)
16:10:12.038 [AI Patrol 00016] Global patrol count: 9
16:10:12.043 [AI Patrol 00016] Global Expansion AI count: 15 alive, 0 deceased
16:10:12.048 [AI Patrol 00016] Survivor category patrol count: 9
16:10:12.079 [AI Patrol 00018] Despawning 1 Berezhki (Mercenaries) bots (spawn position <15162.078125, 8.258595, 13835.192383>, 0/1 deceased)
16:10:14.301 [AI Patrol 00018] Global patrol count: 8
16:10:14.306 [AI Patrol 00018] Global Expansion AI count: 14 alive, 0 deceased
16:10:14.311 [AI Patrol 00018] Survivor category patrol count: 8
16:10:14.349 [AI Patrol 00026] Despawning 1 Chernogorsk East (Shamans) bots (spawn position <8747.670898, 6.937114, 2357.187012>, 0/1 deceased)
16:10:15.063 [AI Patrol 00026] Global patrol count: 7
16:10:15.068 [AI Patrol 00026] Global Expansion AI count: 13 alive, 0 deceased
16:10:15.073 [AI Patrol 00026] Survivor category patrol count: 7
16:10:15.078 [AI Patrol 00021] Despawning 1 Solnechny South (Shamans) bots (spawn position <13552.565430, 0.529457, 5955.893066>, 0/1 deceased)
16:10:15.984 [AI Patrol 00021] Global patrol count: 6
16:10:15.989 [AI Patrol 00021] Global Expansion AI count: 12 alive, 0 deceased
16:10:15.994 [AI Patrol 00021] Survivor category patrol count: 6
16:10:15.999 [AI Patrol 00027] Despawning 1 Prigorodki South-East (Mercenaries) bots (spawn position <8040.858398, 6.322562, 3332.236328>, 0/1 deceased)
16:10:16.898 [AI Patrol 00027] Global patrol count: 5
16:10:16.903 [AI Patrol 00027] Global Expansion AI count: 11 alive, 0 deceased
16:10:16.908 [AI Patrol 00027] Survivor category patrol count: 5
16:10:16.912 [AI Patrol 00019] Despawning 1 Nizhneye North-East (Guards) bots (spawn position <12942.525391, 4.589160, 8523.649414>, 0/1 deceased)
16:10:17.765 [AI Patrol 00019] Global patrol count: 4
16:10:17.770 [AI Patrol 00019] Global Expansion AI count: 10 alive, 0 deceased
16:10:17.775 [AI Patrol 00019] Survivor category patrol count: 4
16:10:17.826 [AI Patrol 00023] Despawning 1 Elektrozavodsk North-East (Raiders) bots (spawn position <10797.137695, 6.000000, 2538.306152>, 0/1 deceased)
16:10:18.559 [AI Patrol 00023] Global patrol count: 3
16:10:18.564 [AI Patrol 00023] Global Expansion AI count: 9 alive, 0 deceased
16:10:18.569 [AI Patrol 00023] Survivor category patrol count: 3
16:10:18.573 [AI Patrol 00020] Despawning 1 Solnechny (Shamans) bots (spawn position <13417.739258, 4.195276, 6596.556152>, 0/1 deceased)
16:10:19.712 [AI Patrol 00020] Global patrol count: 2
16:10:19.717 [AI Patrol 00020] Global Expansion AI count: 8 alive, 0 deceased
16:10:19.721 [AI Patrol 00020] Survivor category patrol count: 2
16:10:19.726 [AI Patrol 00028] Despawning 1 Chernogorsk (Infected) bots (spawn position <5933.964844, 10.063051, 2171.072998>, 0/1 deceased)
16:10:20.520 [AI Patrol 00028] Global patrol count: 1
16:10:20.525 [AI Patrol 00028] Global Expansion AI count: 7 alive, 0 deceased
16:10:20.528 [AI Patrol 00028] Survivor category patrol count: 1
16:10:20.533 [AI Patrol 00024] Despawning 1 Elektrozavodsk North-West (Mercenaries) bots (spawn position <9821.274414, 24.832726, 2194.003662>, 0/1 deceased)
16:10:21.077 [AI Patrol 00024] Global patrol count: 0
16:10:21.081 [AI Patrol 00024] Global Expansion AI count: 6 alive, 0 deceased
16:10:21.086 [AI Patrol 00024] Survivor category patrol count: 0
16:48:43.213 [Expansion Quests] Added new objective data for type=TRAVEL | Key=0 | ID=1
16:48:43.220 [Expansion Quests] Added new objective data for type=AICAMP | Key=0 | ID=1
16:48:43.243 [Expansion Quests] Updated and saved persistent quest data for group with ID=0 | Quest ID=200
16:48:43.249 [Expansion Quests] Could not get persistent quest data for group member with UID=ANwBQqVVStKCILjNoABDu3SscjO3bFF-nGQjnjwyOUM=. Member offline?!
