08:03:03.955 [Expansion Quests] Quest configuration with ID=133 is set to inactive. Skip adding config to quest system..
08:03:04.025 [Expansion Quests] Quest configuration with ID=310 is set to inactive. Skip adding config to quest system..
08:03:04.223 [Expansion Quests] Quest configuration with ID=800 is set to inactive. Skip adding config to quest system..
08:09:37.950 [MissionAirdrop] An airdrop is heading towards "Novodmitrovsk" (pos=<11125.000000, 0.000000, 14040.000000> type=Random_Novodmitrovsk) with a ExpansionAirdropContainer_Military
09:40:33.179 [MissionAirdrop] An airdrop is heading towards "Chernogorsk" (pos=<6128.000000, 0.000000, 2497.000000> type=Random_Chernogorsk) with a ExpansionAirdropContainer_Medical
11:09:29.965 [MissionAirdrop] An airdrop is heading towards "Chernogorsk" (pos=<6128.000000, 0.000000, 2497.000000> type=Random_Chernogorsk) with a ExpansionAirdropContainer_Medical
11:09:43.208 [Party] Player "Juts" (id=ANwBQqVVStKCILjNoABDu3SscjO3bFF-nGQjnjwyOUM=) joined the party "Ratas de laboratiorio" (id=0 ownerUID=ANwBQqVVStKCILjNoABDu3SscjO3bFF-nGQjnjwyOUM= ownerName=Juto)
11:09:43.214 [Expansion Quests] Initialize quest system on the connected client with UID=ANwBQqVVStKCILjNoABDu3SscjO3bFF-nGQjnjwyOUM=
11:09:43.233 [Expansion Quests] Loaded existing player quest data for player with UID=ANwBQqVVStKCILjNoABDu3SscjO3bFF-nGQjnjwyOUM=
11:09:43.240 [Expansion Quests] Loaded existing group quest data for group with ID=0
11:09:43.247 [Expansion Quests] Check quest initialization for quest with ID=14 | State=COMPLETED | Player UID=ANwBQqVVStKCILjNoABDu3SscjO3bFF-nGQjnjwyOUM=
11:09:43.252 [Expansion Quests] Check quest initialization for quest with ID=50 | State=COMPLETED | Player UID=ANwBQqVVStKCILjNoABDu3SscjO3bFF-nGQjnjwyOUM=
11:09:43.257 [Expansion Quests] Check quest initialization for quest with ID=51 | State=STARTED | Player UID=ANwBQqVVStKCILjNoABDu3SscjO3bFF-nGQjnjwyOUM=
11:09:43.262 [Expansion Quests] Create new quest instance for quest with ID=51 | Player UID=ANwBQqVVStKCILjNoABDu3SscjO3bFF-nGQjnjwyOUM=
11:09:43.268 [Expansion Quests] Check quest initialization for quest with ID=52 | State=STARTED | Player UID=ANwBQqVVStKCILjNoABDu3SscjO3bFF-nGQjnjwyOUM=
11:09:43.272 [Expansion Quests] Create new quest instance for quest with ID=52 | Player UID=ANwBQqVVStKCILjNoABDu3SscjO3bFF-nGQjnjwyOUM=
11:09:43.278 [Expansion Quests] Check quest initialization for quest with ID=53 | State=COMPLETED | Player UID=ANwBQqVVStKCILjNoABDu3SscjO3bFF-nGQjnjwyOUM=
11:09:43.282 [Expansion Quests] Check quest initialization for quest with ID=54 | State=STARTED | Player UID=ANwBQqVVStKCILjNoABDu3SscjO3bFF-nGQjnjwyOUM=
11:09:43.287 [Expansion Quests] Create new quest instance for quest with ID=54 | Player UID=ANwBQqVVStKCILjNoABDu3SscjO3bFF-nGQjnjwyOUM=
11:09:43.293 [Expansion Quests] Check quest initialization for quest with ID=55 | State=STARTED | Player UID=ANwBQqVVStKCILjNoABDu3SscjO3bFF-nGQjnjwyOUM=
11:09:43.298 [Expansion Quests] Create new quest instance for quest with ID=55 | Player UID=ANwBQqVVStKCILjNoABDu3SscjO3bFF-nGQjnjwyOUM=
11:09:43.304 [Expansion Quests] Check quest initialization for quest with ID=56 | State=STARTED | Player UID=ANwBQqVVStKCILjNoABDu3SscjO3bFF-nGQjnjwyOUM=
11:09:43.308 [Expansion Quests] Create new quest instance for quest with ID=56 | Player UID=ANwBQqVVStKCILjNoABDu3SscjO3bFF-nGQjnjwyOUM=
11:09:43.314 [Expansion Quests] Check quest initialization for quest with ID=57 | State=STARTED | Player UID=ANwBQqVVStKCILjNoABDu3SscjO3bFF-nGQjnjwyOUM=
11:09:43.319 [Expansion Quests] Create new quest instance for quest with ID=57 | Player UID=ANwBQqVVStKCILjNoABDu3SscjO3bFF-nGQjnjwyOUM=
11:09:43.324 [Expansion Quests] Check quest initialization for quest with ID=58 | State=STARTED | Player UID=ANwBQqVVStKCILjNoABDu3SscjO3bFF-nGQjnjwyOUM=
11:09:43.329 [Expansion Quests] Create new quest instance for quest with ID=58 | Player UID=ANwBQqVVStKCILjNoABDu3SscjO3bFF-nGQjnjwyOUM=
11:09:43.334 [Expansion Quests] Check quest initialization for quest with ID=59 | State=STARTED | Player UID=ANwBQqVVStKCILjNoABDu3SscjO3bFF-nGQjnjwyOUM=
11:09:43.340 [Expansion Quests] Create new quest instance for quest with ID=59 | Player UID=ANwBQqVVStKCILjNoABDu3SscjO3bFF-nGQjnjwyOUM=
11:09:43.345 [Expansion Quests] Check quest initialization for quest with ID=60 | State=STARTED | Player UID=ANwBQqVVStKCILjNoABDu3SscjO3bFF-nGQjnjwyOUM=
11:09:43.350 [Expansion Quests] Create new quest instance for quest with ID=60 | Player UID=ANwBQqVVStKCILjNoABDu3SscjO3bFF-nGQjnjwyOUM=
11:09:43.356 [Expansion Quests] Check quest initialization for quest with ID=61 | State=STARTED | Player UID=ANwBQqVVStKCILjNoABDu3SscjO3bFF-nGQjnjwyOUM=
11:09:43.361 [Expansion Quests] Create new quest instance for quest with ID=61 | Player UID=ANwBQqVVStKCILjNoABDu3SscjO3bFF-nGQjnjwyOUM=
11:09:43.460 [Expansion Quests] Sending ANwBQqVVStKCILjNoABDu3SscjO3bFF-nGQjnjwyOUM= quest configs to client for player with UID=ANwBQqVVStKCILjNoABDu3SscjO3bFF-nGQjnjwyOUM=
11:09:43.467 [Expansion Quests] Sending player quest data for 13 quests to player with UID=ANwBQqVVStKCILjNoABDu3SscjO3bFF-nGQjnjwyOUM=
11:09:43.590 [AI Patrol 00020] Loaded 1 persistent Berezino South-East (Mercenaries) bots at <12045.549805, 54.264175, 9011.305664>
11:09:43.595 [AI Patrol 00020] Global patrol count: 1
11:09:43.600 [AI Patrol 00020] Global Expansion AI count: 7 alive, 0 deceased
11:09:43.605 [AI Patrol 00020] Survivor category patrol count: 1
11:09:43.750 [AI Patrol 00016] Loaded 1 persistent Svetloyarsk South-East (Lunatics) bots at <7855.783691, 240.211670, 14046.804688>
11:09:43.756 [AI Patrol 00016] Global patrol count: 2
11:09:43.762 [AI Patrol 00016] Global Expansion AI count: 8 alive, 0 deceased
11:09:43.767 [AI Patrol 00016] Survivor category patrol count: 2
11:09:43.888 [AI Patrol 00027] Loaded 1 persistent Prigorodki South-East (Civilian) bots at <4504.233887, 234.639526, 4621.615723>
11:09:43.894 [AI Patrol 00027] Global patrol count: 3
11:09:43.899 [AI Patrol 00027] Global Expansion AI count: 9 alive, 0 deceased
11:09:43.906 [AI Patrol 00027] Survivor category patrol count: 3
11:09:44.036 [AI Patrol 00023] Loaded 1 persistent Kamyshovo (Shamans) bots at <7607.896973, 214.124420, 5168.290527>
11:09:44.041 [AI Patrol 00023] Global patrol count: 4
11:09:44.046 [AI Patrol 00023] Global Expansion AI count: 10 alive, 0 deceased
11:09:44.051 [AI Patrol 00023] Survivor category patrol count: 4
11:09:44.131 [AI Patrol 00017] Loaded 1 persistent Berezino North-East (Lunatics) bots at <12845.685547, 6.213584, 10009.174805>
11:09:44.136 [AI Patrol 00017] Global patrol count: 5
11:09:44.141 [AI Patrol 00017] Global Expansion AI count: 11 alive, 0 deceased
11:09:44.148 [AI Patrol 00017] Survivor category patrol count: 5
11:09:44.207 [AI Patrol 00015] Loaded 1 persistent Svetloyarsk (Infected) bots at <13973.780273, 15.908394, 13162.580078>
11:09:44.212 [AI Patrol 00015] Global patrol count: 6
11:09:44.219 [AI Patrol 00015] Global Expansion AI count: 12 alive, 0 deceased
11:09:44.224 [AI Patrol 00015] Survivor category patrol count: 6
11:09:44.312 [AI Patrol 00026] Loaded 1 persistent Chernogorsk East (Raiders) bots at <12198.466797, 202.101440, 4574.531250>
11:09:44.318 [AI Patrol 00026] Global patrol count: 7
11:09:44.324 [AI Patrol 00026] Global Expansion AI count: 13 alive, 0 deceased
11:09:44.329 [AI Patrol 00026] Survivor category patrol count: 7
11:09:44.433 [AI Patrol 00025] Loaded 1 persistent Elektrozavodsk North-West (Guards) bots at <6538.402832, 375.205292, 8506.009766>
11:09:44.439 [AI Patrol 00025] Global patrol count: 8
11:09:44.446 [AI Patrol 00025] Global Expansion AI count: 14 alive, 0 deceased
11:09:44.452 [AI Patrol 00025] Survivor category patrol count: 8
11:09:44.559 [AI Patrol 00019] Loaded 1 persistent Berezhki (Mercenaries) bots at <2727.305176, 332.481262, 14203.608398>
11:09:44.564 [AI Patrol 00019] Global patrol count: 9
11:09:44.569 [AI Patrol 00019] Global Expansion AI count: 15 alive, 0 deceased
11:09:44.577 [AI Patrol 00019] Survivor category patrol count: 9
11:09:44.686 [AI Patrol 00022] Loaded 1 persistent Solnechny South (Shamans) bots at <7112.547852, 292.485870, 7637.270508>
11:09:44.691 [AI Patrol 00022] Global patrol count: 10
11:09:44.696 [AI Patrol 00022] Global Expansion AI count: 16 alive, 0 deceased
11:09:44.701 [AI Patrol 00022] Survivor category patrol count: 10
11:09:44.798 [AI Patrol 00021] Loaded 1 persistent Nizhneye North-East (Shamans) bots at <7629.373535, 282.701569, 11641.535156>
11:09:44.803 [AI Patrol 00021] Global patrol count: 11
11:09:44.808 [AI Patrol 00021] Global Expansion AI count: 17 alive, 0 deceased
11:09:44.813 [AI Patrol 00021] Survivor category patrol count: 11
11:09:44.924 [AI Patrol 00028] Loaded 1 persistent Chernogorsk (Infected) bots at <11171.352539, 76.131721, 6563.737793>
11:09:44.930 [AI Patrol 00028] Global patrol count: 12
11:09:44.935 [AI Patrol 00028] Global Expansion AI count: 18 alive, 0 deceased
11:09:44.940 [AI Patrol 00028] Survivor category patrol count: 12
11:09:45.010 [AI Patrol 00024] Loaded 1 persistent Elektrozavodsk North-East (Lunatics) bots at <11313.905273, 254.322098, 5502.231934>
11:09:45.016 [AI Patrol 00024] Global patrol count: 13
11:09:45.026 [AI Patrol 00024] Global Expansion AI count: 18 alive, 1 deceased
11:09:45.032 [AI Patrol 00024] Survivor category patrol count: 13
11:09:45.153 [AI Patrol 00018] Loaded 1 persistent Berezino North (East) bots at <13786.213867, 20.297611, 13343.187500>
11:09:45.158 [AI Patrol 00018] Global patrol count: 14
11:09:45.163 [AI Patrol 00018] Global Expansion AI count: 19 alive, 1 deceased
11:09:45.168 [AI Patrol 00018] Survivor category patrol count: 14
11:09:45.775 [Expansion Quests] - LoadGroupQuestData - Got cached group quest data for group with ID=0
11:09:46.129 [AI Patrol 00024] Elektrozavodsk North-East (Lunatics) bots were wiped out (spawn position <11313.905273, 254.322098, 5502.231934>, 1/1 deceased)
11:09:46.141 [AI Patrol 00024] Global patrol count: 13
11:09:46.155 [AI Patrol 00024] Global Expansion AI count: 19 alive, 1 deceased
11:09:46.171 [AI Patrol 00024] Survivor category patrol count: 13
11:11:16.142 [VehicleDestroyed] ExpansionMerlin_Dahoman (id=C534A779ED4A09DD07A45C964BB14A7E pos=<4673.36, 344.09, 10361.3>)
11:12:39.824 [Party] Player "Juts" (id=ANwBQqVVStKCILjNoABDu3SscjO3bFF-nGQjnjwyOUM=) left the party "Ratas de laboratiorio" (id=0 ownerUID=ANwBQqVVStKCILjNoABDu3SscjO3bFF-nGQjnjwyOUM= ownerName=Juto)
11:12:39.830 [Expansion Quests] Deleted quest with ID=51 is a of player with UID=ANwBQqVVStKCILjNoABDu3SscjO3bFF-nGQjnjwyOUM=.
11:12:39.835 [Expansion Quests] Deleted quest with ID=52 is a of player with UID=ANwBQqVVStKCILjNoABDu3SscjO3bFF-nGQjnjwyOUM=.
11:12:39.840 [Expansion Quests] Deleted quest with ID=54 is a of player with UID=ANwBQqVVStKCILjNoABDu3SscjO3bFF-nGQjnjwyOUM=.
11:12:39.844 [Expansion Quests] Deleted quest with ID=55 is a of player with UID=ANwBQqVVStKCILjNoABDu3SscjO3bFF-nGQjnjwyOUM=.
11:12:39.849 [Expansion Quests] Deleted quest with ID=56 is a of player with UID=ANwBQqVVStKCILjNoABDu3SscjO3bFF-nGQjnjwyOUM=.
11:12:39.854 [Expansion Quests] Deleted quest with ID=57 is a of player with UID=ANwBQqVVStKCILjNoABDu3SscjO3bFF-nGQjnjwyOUM=.
11:12:39.860 [Expansion Quests] Deleted quest with ID=58 is a of player with UID=ANwBQqVVStKCILjNoABDu3SscjO3bFF-nGQjnjwyOUM=.
11:12:39.864 [Expansion Quests] Deleted quest with ID=59 is a of player with UID=ANwBQqVVStKCILjNoABDu3SscjO3bFF-nGQjnjwyOUM=.
11:12:39.869 [Expansion Quests] Deleted quest with ID=60 is a of player with UID=ANwBQqVVStKCILjNoABDu3SscjO3bFF-nGQjnjwyOUM=.
11:12:39.874 [Expansion Quests] Deleted quest with ID=61 is a of player with UID=ANwBQqVVStKCILjNoABDu3SscjO3bFF-nGQjnjwyOUM=.
