11:21:25.401 [Expansion Quests] Quest configuration with ID=133 is set to inactive. Skip adding config to quest system..
11:21:25.454 [Expansion Quests] Quest configuration with ID=310 is set to inactive. Skip adding config to quest system..
11:21:25.597 [Expansion Quests] Quest configuration with ID=800 is set to inactive. Skip adding config to quest system..
11:22:28.520 [VehicleDestroyed] ExpansionMerlin_Dahoman (id=EF093F3DFA4707901C2FC2916AF622EB pos=<4672.88, 343.79, 10360.1>)
11:22:29.486 [VehicleDeleted] ExpansionMerlin_Dahoman (id=C534A779ED4A09DD07A45C964BB14A7E pos=<4672.88, 343.79, 10360.1> lifetime=-1)
11:27:45.898 [MissionAirdrop] An airdrop is heading towards "Skalisty Island" (pos=<13452.000000, 0.000000, 3112.000000> type=Random_Skalisty Island) with a ExpansionAirdropContainer_Medical
12:59:58.256 [MissionAirdrop] An airdrop is heading towards "Sosnovka" (pos=<2700.000000, 0.000000, 6193.000000> type=Random_Sosnovka) with a ExpansionAirdropContainer
14:29:00.696 [MissionAirdrop] An airdrop is heading towards "Berezino" (pos=<11464.000000, 0.000000, 8908.000000> type=Random_Berezino) with a ExpansionAirdropContainer_Basebuilding
14:40:34.600 [Party] Player "Juts" (id=ANwBQqVVStKCILjNoABDu3SscjO3bFF-nGQjnjwyOUM=) joined the party "Ratas de laboratiorio" (id=0 ownerUID=ANwBQqVVStKCILjNoABDu3SscjO3bFF-nGQjnjwyOUM= ownerName=Juto)
14:40:34.606 [Expansion Quests] Initialize quest system on the connected client with UID=ANwBQqVVStKCILjNoABDu3SscjO3bFF-nGQjnjwyOUM=
14:40:34.622 [Expansion Quests] Loaded existing player quest data for player with UID=ANwBQqVVStKCILjNoABDu3SscjO3bFF-nGQjnjwyOUM=
14:40:34.628 [Expansion Quests] Loaded existing group quest data for group with ID=0
14:40:34.633 [Expansion Quests] Check quest initialization for quest with ID=14 | State=COMPLETED | Player UID=ANwBQqVVStKCILjNoABDu3SscjO3bFF-nGQjnjwyOUM=
14:40:34.637 [Expansion Quests] Check quest initialization for quest with ID=50 | State=COMPLETED | Player UID=ANwBQqVVStKCILjNoABDu3SscjO3bFF-nGQjnjwyOUM=
14:40:34.643 [Expansion Quests] Check quest initialization for quest with ID=51 | State=STARTED | Player UID=ANwBQqVVStKCILjNoABDu3SscjO3bFF-nGQjnjwyOUM=
14:40:34.647 [Expansion Quests] Create new quest instance for quest with ID=51 | Player UID=ANwBQqVVStKCILjNoABDu3SscjO3bFF-nGQjnjwyOUM=
14:40:34.652 [Expansion Quests] Check quest initialization for quest with ID=52 | State=STARTED | Player UID=ANwBQqVVStKCILjNoABDu3SscjO3bFF-nGQjnjwyOUM=
14:40:34.658 [Expansion Quests] Create new quest instance for quest with ID=52 | Player UID=ANwBQqVVStKCILjNoABDu3SscjO3bFF-nGQjnjwyOUM=
14:40:34.665 [Expansion Quests] Check quest initialization for quest with ID=53 | State=COMPLETED | Player UID=ANwBQqVVStKCILjNoABDu3SscjO3bFF-nGQjnjwyOUM=
14:40:34.675 [Expansion Quests] Check quest initialization for quest with ID=54 | State=STARTED | Player UID=ANwBQqVVStKCILjNoABDu3SscjO3bFF-nGQjnjwyOUM=
14:40:34.697 [Expansion Quests] Create new quest instance for quest with ID=54 | Player UID=ANwBQqVVStKCILjNoABDu3SscjO3bFF-nGQjnjwyOUM=
14:40:34.723 [Expansion Quests] Check quest initialization for quest with ID=55 | State=STARTED | Player UID=ANwBQqVVStKCILjNoABDu3SscjO3bFF-nGQjnjwyOUM=
14:40:34.753 [Expansion Quests] Create new quest instance for quest with ID=55 | Player UID=ANwBQqVVStKCILjNoABDu3SscjO3bFF-nGQjnjwyOUM=
14:40:34.786 [Expansion Quests] Check quest initialization for quest with ID=56 | State=STARTED | Player UID=ANwBQqVVStKCILjNoABDu3SscjO3bFF-nGQjnjwyOUM=
14:40:34.824 [Expansion Quests] Create new quest instance for quest with ID=56 | Player UID=ANwBQqVVStKCILjNoABDu3SscjO3bFF-nGQjnjwyOUM=
14:40:34.867 [Expansion Quests] Check quest initialization for quest with ID=57 | State=STARTED | Player UID=ANwBQqVVStKCILjNoABDu3SscjO3bFF-nGQjnjwyOUM=
14:40:34.910 [Expansion Quests] Create new quest instance for quest with ID=57 | Player UID=ANwBQqVVStKCILjNoABDu3SscjO3bFF-nGQjnjwyOUM=
14:40:34.953 [Expansion Quests] Check quest initialization for quest with ID=58 | State=STARTED | Player UID=ANwBQqVVStKCILjNoABDu3SscjO3bFF-nGQjnjwyOUM=
14:40:34.958 [Expansion Quests] Create new quest instance for quest with ID=58 | Player UID=ANwBQqVVStKCILjNoABDu3SscjO3bFF-nGQjnjwyOUM=
14:40:34.963 [Expansion Quests] Check quest initialization for quest with ID=59 | State=STARTED | Player UID=ANwBQqVVStKCILjNoABDu3SscjO3bFF-nGQjnjwyOUM=
14:40:34.968 [Expansion Quests] Create new quest instance for quest with ID=59 | Player UID=ANwBQqVVStKCILjNoABDu3SscjO3bFF-nGQjnjwyOUM=
14:40:34.973 [Expansion Quests] Check quest initialization for quest with ID=60 | State=STARTED | Player UID=ANwBQqVVStKCILjNoABDu3SscjO3bFF-nGQjnjwyOUM=
14:40:34.977 [Expansion Quests] Create new quest instance for quest with ID=60 | Player UID=ANwBQqVVStKCILjNoABDu3SscjO3bFF-nGQjnjwyOUM=
14:40:34.983 [Expansion Quests] Check quest initialization for quest with ID=61 | State=STARTED | Player UID=ANwBQqVVStKCILjNoABDu3SscjO3bFF-nGQjnjwyOUM=
14:40:34.989 [Expansion Quests] Create new quest instance for quest with ID=61 | Player UID=ANwBQqVVStKCILjNoABDu3SscjO3bFF-nGQjnjwyOUM=
14:40:35.348 [Expansion Quests] Sending ANwBQqVVStKCILjNoABDu3SscjO3bFF-nGQjnjwyOUM= quest configs to client for player with UID=ANwBQqVVStKCILjNoABDu3SscjO3bFF-nGQjnjwyOUM=
14:40:35.368 [Expansion Quests] Sending player quest data for 13 quests to player with UID=ANwBQqVVStKCILjNoABDu3SscjO3bFF-nGQjnjwyOUM=
14:40:35.566 [AI Patrol 00022] Loaded 1 persistent Elektrozavodsk North-West (Guards) bots at <7231.220215, 295.974945, 7711.156250>
14:40:35.570 [AI Patrol 00022] Global patrol count: 1
14:40:35.575 [AI Patrol 00022] Global Expansion AI count: 7 alive, 0 deceased
14:40:35.579 [AI Patrol 00022] Survivor category patrol count: 1
14:40:35.663 [AI Patrol 00017] Loaded 1 persistent Nizhneye North-East (Shamans) bots at <7277.268555, 156.103561, 12489.156250>
14:40:35.667 [AI Patrol 00017] Global patrol count: 2
14:40:35.673 [AI Patrol 00017] Global Expansion AI count: 8 alive, 0 deceased
14:40:35.678 [AI Patrol 00017] Survivor category patrol count: 2
14:40:35.749 [AI Patrol 00015] Loaded 1 persistent Berezino North-East (Lunatics) bots at <12323.861328, 11.449074, 9715.745117>
14:40:35.753 [AI Patrol 00015] Global patrol count: 3
14:40:35.758 [AI Patrol 00015] Global Expansion AI count: 9 alive, 0 deceased
14:40:35.762 [AI Patrol 00015] Survivor category patrol count: 3
14:40:35.767 [AI Patrol 00021] Spawning 1 Elektrozavodsk North-East (Civilian) bots at <10797.137695, 6.000000, 2538.306152>
14:40:35.793 [AI Patrol 00021] Global patrol count: 4
14:40:35.798 [AI Patrol 00021] Global Expansion AI count: 10 alive, 0 deceased
14:40:35.803 [AI Patrol 00021] Survivor category patrol count: 4
14:40:35.887 [AI Patrol 00023] Loaded 1 persistent Elektrozavodsk West (Guards) bots at <6991.714355, 367.853729, 9004.191406>
14:40:35.892 [AI Patrol 00023] Global patrol count: 5
14:40:35.897 [AI Patrol 00023] Global Expansion AI count: 11 alive, 0 deceased
14:40:35.901 [AI Patrol 00023] Survivor category patrol count: 5
14:40:35.984 [AI Patrol 00025] Loaded 1 persistent Chernogorsk (Infected) bots at <11254.822266, 75.587097, 6574.886230>
14:40:35.990 [AI Patrol 00025] Global patrol count: 6
14:40:35.995 [AI Patrol 00025] Global Expansion AI count: 12 alive, 0 deceased
14:40:35.999 [AI Patrol 00025] Survivor category patrol count: 6
14:40:36.063 [AI Patrol 00013] Loaded 1 persistent Svetloyarsk (Infected) bots at <13913.651367, 18.820173, 13285.597656>
14:40:36.068 [AI Patrol 00013] Global patrol count: 7
14:40:36.073 [AI Patrol 00013] Global Expansion AI count: 13 alive, 0 deceased
14:40:36.078 [AI Patrol 00013] Survivor category patrol count: 7
14:40:36.133 [AI Patrol 00018] Loaded 1 persistent Solnechny (Shamans) bots at <13512.676758, 3.175033, 6371.584473>
14:40:36.138 [AI Patrol 00018] Global patrol count: 8
14:40:36.143 [AI Patrol 00018] Global Expansion AI count: 14 alive, 0 deceased
14:40:36.147 [AI Patrol 00018] Survivor category patrol count: 8
14:40:36.273 [AI Patrol 00020] Loaded 1 persistent Kamyshovo (Shamans) bots at <7492.529785, 214.486191, 5112.451172>
14:40:36.277 [AI Patrol 00020] Global patrol count: 9
14:40:36.282 [AI Patrol 00020] Global Expansion AI count: 15 alive, 0 deceased
14:40:36.286 [AI Patrol 00020] Survivor category patrol count: 9
14:40:36.371 [AI Patrol 00024] Loaded 1 persistent Prigorodki South-East (Civilian) bots at <4340.790039, 231.968140, 4638.452637>
14:40:36.375 [AI Patrol 00024] Global patrol count: 10
14:40:36.380 [AI Patrol 00024] Global Expansion AI count: 16 alive, 0 deceased
14:40:36.385 [AI Patrol 00024] Survivor category patrol count: 10
14:40:36.457 [AI Patrol 00019] Loaded 1 persistent Solnechny South (Shamans) bots at <7113.517578, 294.464996, 7734.160156>
14:40:36.462 [AI Patrol 00019] Global patrol count: 11
14:40:36.467 [AI Patrol 00019] Global Expansion AI count: 17 alive, 0 deceased
14:40:36.471 [AI Patrol 00019] Survivor category patrol count: 11
14:40:36.567 [AI Patrol 00016] Loaded 1 persistent Berezino North (East) bots at <13847.716797, 20.924561, 13219.431641>
14:40:36.572 [AI Patrol 00016] Global patrol count: 12
14:40:36.577 [AI Patrol 00016] Global Expansion AI count: 18 alive, 0 deceased
14:40:36.581 [AI Patrol 00016] Survivor category patrol count: 12
14:40:36.695 [AI Patrol 00014] Loaded 1 persistent Svetloyarsk South-East (Lunatics) bots at <8674.102539, 230.509567, 14241.317383>
14:40:36.699 [AI Patrol 00014] Global patrol count: 13
14:40:36.704 [AI Patrol 00014] Global Expansion AI count: 19 alive, 0 deceased
14:40:36.708 [AI Patrol 00014] Survivor category patrol count: 13
14:40:37.159 [Expansion Quests] - LoadGroupQuestData - Got cached group quest data for group with ID=0
14:42:04.901 [VehicleDestroyed] ExpansionMerlin_Ion (id=C5D4E307F44B3D9254C1AA8FEEE5BF22 pos=<4673.34, 344.11, 10361.3>)
14:48:53.803 [VehicleDeleted] ExpansionMerlin_Ion (id=C5D4E307F44B3D9254C1AA8FEEE5BF22 pos=<4673.05, 343.73, 10360.2> lifetime=-1)
14:50:58.893 [VehicleDestroyed] ExpansionMerlin_Vrana (id=527E0D24DC45717428C341B99E818ECB pos=<4673.36, 344.08, 10361.3>)
14:57:16.056 [VehicleDeleted] ExpansionMerlin_Vrana (id=527E0D24DC45717428C341B99E818ECB pos=<4673.12, 343.62, 10360.2> lifetime=-1)
14:59:53.007 [VehicleDestroyed] ExpansionMerlin_Ion (id=5112BBF7C44AFC46A6AFC3B2EFFA4CF7 pos=<4673.32, 344.11, 10361.2>)
15:02:29.188 [Party] Player "Juts" (id=ANwBQqVVStKCILjNoABDu3SscjO3bFF-nGQjnjwyOUM=) left the party "Ratas de laboratiorio" (id=0 ownerUID=ANwBQqVVStKCILjNoABDu3SscjO3bFF-nGQjnjwyOUM= ownerName=Juto)
15:02:29.229 [Expansion Quests] Deleted quest with ID=51 is a of player with UID=ANwBQqVVStKCILjNoABDu3SscjO3bFF-nGQjnjwyOUM=.
15:02:29.271 [Expansion Quests] Deleted quest with ID=52 is a of player with UID=ANwBQqVVStKCILjNoABDu3SscjO3bFF-nGQjnjwyOUM=.
15:02:29.312 [Expansion Quests] Deleted quest with ID=54 is a of player with UID=ANwBQqVVStKCILjNoABDu3SscjO3bFF-nGQjnjwyOUM=.
15:02:29.351 [Expansion Quests] Deleted quest with ID=55 is a of player with UID=ANwBQqVVStKCILjNoABDu3SscjO3bFF-nGQjnjwyOUM=.
15:02:29.391 [Expansion Quests] Deleted quest with ID=56 is a of player with UID=ANwBQqVVStKCILjNoABDu3SscjO3bFF-nGQjnjwyOUM=.
15:02:29.435 [Expansion Quests] Deleted quest with ID=57 is a of player with UID=ANwBQqVVStKCILjNoABDu3SscjO3bFF-nGQjnjwyOUM=.
15:02:29.479 [Expansion Quests] Deleted quest with ID=58 is a of player with UID=ANwBQqVVStKCILjNoABDu3SscjO3bFF-nGQjnjwyOUM=.
15:02:29.523 [Expansion Quests] Deleted quest with ID=59 is a of player with UID=ANwBQqVVStKCILjNoABDu3SscjO3bFF-nGQjnjwyOUM=.
15:02:29.569 [Expansion Quests] Deleted quest with ID=60 is a of player with UID=ANwBQqVVStKCILjNoABDu3SscjO3bFF-nGQjnjwyOUM=.
15:02:29.615 [Expansion Quests] Deleted quest with ID=61 is a of player with UID=ANwBQqVVStKCILjNoABDu3SscjO3bFF-nGQjnjwyOUM=.
